{
  "input": {
    "message": "{\n  \"user_data\": {},\n  \"@timestamp\": \"2023-05-16T08:45:22.407186Z\",\n  \"process_id\": 0,\n  \"@event_create_date\": \"2023-05-16T08:46:54.000Z\",\n  \"type\": \"wineventlog\",\n  \"source_name\": \"Windows Error Reporting\",\n  \"thread_id\": 0,\n  \"event\": {\n    \"original\": \"{\\\"computer_name\\\":\\\"SARTE03.example.org\\\",\\\"event_date\\\":\\\"2023/05/16 08:46:54.000\\\",\\\"event_id\\\":1001,\\\"keywords\\\":[\\\"EventlogClassic\\\"],\\\"level\\\":\\\"INFORMATION\\\",\\\"log_name\\\":\\\"Application\\\",\\\"log_type\\\":\\\"eventlog\\\",\\\"type\\\":\\\"wineventlog\\\",\\\"user\\\":{\\\"domain\\\":\\\"\\\",\\\"identifier\\\":\\\"\\\",\\\"name\\\":\\\"\\\",\\\"type\\\":\\\"unknown\\\"},\\\"event_data\\\":{\\\"param7\\\":\\\"00000000-0000-0000-0000-000000000000\\\",\\\"param10\\\":\\\"0\\\",\\\"param12\\\":\\\"AutomaticUpdates\\\",\\\"param0\\\":\\\"\\\",\\\"param16\\\":\\\"\\\",\\\"param4\\\":\\\"0\\\",\\\"param8\\\":\\\"Scan\\\",\\\"param13\\\":\\\"{581473F3-A4DC-4D00-8245-D203EAA9B5A9}\\\",\\\"param15\\\":\\\"C:\\\\\\\\Windows\\\\\\\\WindowsUpdate.log\\\\r\\\\nC:\\\\\\\\Windows\\\\\\\\SoftwareDistribution\\\\\\\\ReportingEvents.log\\\",\\\"param9\\\":\\\"0\\\",\\\"param11\\\":\\\"8024500b\\\",\\\"param20\\\":\\\"262144\\\",\\\"param6\\\":\\\"80072ee2\\\",\\\"param2\\\":\\\"WindowsUpdateFailure3\\\",\\\"param3\\\":\\\"Non disponible\\\",\\\"param21\\\":\\\"\\\",\\\"param1\\\":\\\"0\\\",\\\"param17\\\":\\\"\\\",\\\"param18\\\":\\\"0\\\",\\\"param14\\\":\\\"0\\\",\\\"param5\\\":\\\"7.9.9600.19915\\\",\\\"param19\\\":\\\"3e7b694e-4cf1-45cc-93ff-f30da6e8f683\\\"},\\\"process_id\\\":0,\\\"record_number\\\":26500965,\\\"source_name\\\":\\\"Windows Error Reporting\\\",\\\"thread_id\\\":0,\\\"user_data\\\":{},\\\"groups\\\":[{\\\"id\\\":\\\"bced64f1-9d22-4001-9425-604e45a14d66\\\",\\\"name\\\":\\\"Group 1\\\"}],\\\"destination\\\":\\\"syslog\\\",\\\"agent\\\":{\\\"agentid\\\":\\\"adbd57f0-3bf7-4b33-9845-eb489b1b0eea\\\",\\\"hostname\\\":\\\"SARTE03\\\",\\\"domain\\\":null,\\\"domainname\\\":\\\"EXA_0342\\\",\\\"dnsdomainname\\\":\\\"ipline.ovh\\\",\\\"ostype\\\":\\\"windows\\\",\\\"osversion\\\":\\\"6.3.9600\\\",\\\"distroid\\\":null,\\\"osproducttype\\\":\\\"Windows Server 2012 R2 Standard\\\",\\\"version\\\":\\\"2.25.13-post0\\\",\\\"additional_info\\\":null}}\"\n  },\n  \"event_data\": {\n    \"param11\": \"8024500b\",\n    \"param8\": \"Scan\",\n    \"param7\": \"00000000-0000-0000-0000-000000000000\",\n    \"param12\": \"AutomaticUpdates\",\n    \"param13\": \"{581473F3-A4DC-4D00-8245-D203EAA9B5A9}\",\n    \"param18\": \"0\",\n    \"param16\": \"\",\n    \"param1\": \"0\",\n    \"param17\": \"\",\n    \"param0\": \"\",\n    \"param4\": \"0\",\n    \"param10\": \"0\",\n    \"param19\": \"3e7b694e-4cf1-45cc-93ff-f30da6e8f683\",\n    \"param15\": \"C:\\\\Windows\\\\WindowsUpdate.log\\r\\nC:\\\\Windows\\\\SoftwareDistribution\\\\ReportingEvents.log\",\n    \"param20\": \"262144\",\n    \"param2\": \"WindowsUpdateFailure3\",\n    \"param21\": \"\",\n    \"param14\": \"0\",\n    \"param5\": \"7.9.9600.19915\",\n    \"param9\": \"0\",\n    \"param6\": \"80072ee2\",\n    \"param3\": \"Non disponible\"\n  },\n  \"@version\": \"1\",\n  \"keywords\": [\n    \"EventlogClassic\"\n  ],\n  \"destination\": \"syslog\",\n  \"log_name\": \"Application\",\n  \"log_type\": \"eventlog\",\n  \"user\": {\n    \"name\": \"\",\n    \"domain\": \"\",\n    \"identifier\": \"\",\n    \"type\": \"unknown\"\n  },\n  \"agent\": {\n    \"agentid\": \"adbd57f0-3bf7-4b33-9845-eb489b1b0eea\",\n    \"hostname\": \"SARTE03\",\n    \"osversion\": \"6.3.9600\",\n    \"additional_info\": null,\n    \"osproducttype\": \"Windows Server 2012 R2 Standard\",\n    \"domain\": null,\n    \"version\": \"2.25.13-post0\",\n    \"dnsdomainname\": \"example.org\",\n    \"ostype\": \"windows\",\n    \"distroid\": null,\n    \"domainname\": \"EXA_0342\"\n  },\n  \"level\": \"INFORMATION\",\n  \"event_id\": 1001,\n  \"groups\": [\n    {\n      \"id\": \"bced64f1-9d22-4001-9425-604e45a14d66\",\n      \"name\": \"Group 1\"\n    }\n  ],\n  \"tenant\": \"8029547657723b01\",\n  \"computer_name\": \"SARTE03.example.org\",\n  \"record_number\": 26500965\n}"
  },
  "expected": {
    "message": "{\n  \"user_data\": {},\n  \"@timestamp\": \"2023-05-16T08:45:22.407186Z\",\n  \"process_id\": 0,\n  \"@event_create_date\": \"2023-05-16T08:46:54.000Z\",\n  \"type\": \"wineventlog\",\n  \"source_name\": \"Windows Error Reporting\",\n  \"thread_id\": 0,\n  \"event\": {\n    \"original\": \"{\\\"computer_name\\\":\\\"SARTE03.example.org\\\",\\\"event_date\\\":\\\"2023/05/16 08:46:54.000\\\",\\\"event_id\\\":1001,\\\"keywords\\\":[\\\"EventlogClassic\\\"],\\\"level\\\":\\\"INFORMATION\\\",\\\"log_name\\\":\\\"Application\\\",\\\"log_type\\\":\\\"eventlog\\\",\\\"type\\\":\\\"wineventlog\\\",\\\"user\\\":{\\\"domain\\\":\\\"\\\",\\\"identifier\\\":\\\"\\\",\\\"name\\\":\\\"\\\",\\\"type\\\":\\\"unknown\\\"},\\\"event_data\\\":{\\\"param7\\\":\\\"00000000-0000-0000-0000-000000000000\\\",\\\"param10\\\":\\\"0\\\",\\\"param12\\\":\\\"AutomaticUpdates\\\",\\\"param0\\\":\\\"\\\",\\\"param16\\\":\\\"\\\",\\\"param4\\\":\\\"0\\\",\\\"param8\\\":\\\"Scan\\\",\\\"param13\\\":\\\"{581473F3-A4DC-4D00-8245-D203EAA9B5A9}\\\",\\\"param15\\\":\\\"C:\\\\\\\\Windows\\\\\\\\WindowsUpdate.log\\\\r\\\\nC:\\\\\\\\Windows\\\\\\\\SoftwareDistribution\\\\\\\\ReportingEvents.log\\\",\\\"param9\\\":\\\"0\\\",\\\"param11\\\":\\\"8024500b\\\",\\\"param20\\\":\\\"262144\\\",\\\"param6\\\":\\\"80072ee2\\\",\\\"param2\\\":\\\"WindowsUpdateFailure3\\\",\\\"param3\\\":\\\"Non disponible\\\",\\\"param21\\\":\\\"\\\",\\\"param1\\\":\\\"0\\\",\\\"param17\\\":\\\"\\\",\\\"param18\\\":\\\"0\\\",\\\"param14\\\":\\\"0\\\",\\\"param5\\\":\\\"7.9.9600.19915\\\",\\\"param19\\\":\\\"3e7b694e-4cf1-45cc-93ff-f30da6e8f683\\\"},\\\"process_id\\\":0,\\\"record_number\\\":26500965,\\\"source_name\\\":\\\"Windows Error Reporting\\\",\\\"thread_id\\\":0,\\\"user_data\\\":{},\\\"groups\\\":[{\\\"id\\\":\\\"bced64f1-9d22-4001-9425-604e45a14d66\\\",\\\"name\\\":\\\"Group 1\\\"}],\\\"destination\\\":\\\"syslog\\\",\\\"agent\\\":{\\\"agentid\\\":\\\"adbd57f0-3bf7-4b33-9845-eb489b1b0eea\\\",\\\"hostname\\\":\\\"SARTE03\\\",\\\"domain\\\":null,\\\"domainname\\\":\\\"EXA_0342\\\",\\\"dnsdomainname\\\":\\\"ipline.ovh\\\",\\\"ostype\\\":\\\"windows\\\",\\\"osversion\\\":\\\"6.3.9600\\\",\\\"distroid\\\":null,\\\"osproducttype\\\":\\\"Windows Server 2012 R2 Standard\\\",\\\"version\\\":\\\"2.25.13-post0\\\",\\\"additional_info\\\":null}}\"\n  },\n  \"event_data\": {\n    \"param11\": \"8024500b\",\n    \"param8\": \"Scan\",\n    \"param7\": \"00000000-0000-0000-0000-000000000000\",\n    \"param12\": \"AutomaticUpdates\",\n    \"param13\": \"{581473F3-A4DC-4D00-8245-D203EAA9B5A9}\",\n    \"param18\": \"0\",\n    \"param16\": \"\",\n    \"param1\": \"0\",\n    \"param17\": \"\",\n    \"param0\": \"\",\n    \"param4\": \"0\",\n    \"param10\": \"0\",\n    \"param19\": \"3e7b694e-4cf1-45cc-93ff-f30da6e8f683\",\n    \"param15\": \"C:\\\\Windows\\\\WindowsUpdate.log\\r\\nC:\\\\Windows\\\\SoftwareDistribution\\\\ReportingEvents.log\",\n    \"param20\": \"262144\",\n    \"param2\": \"WindowsUpdateFailure3\",\n    \"param21\": \"\",\n    \"param14\": \"0\",\n    \"param5\": \"7.9.9600.19915\",\n    \"param9\": \"0\",\n    \"param6\": \"80072ee2\",\n    \"param3\": \"Non disponible\"\n  },\n  \"@version\": \"1\",\n  \"keywords\": [\n    \"EventlogClassic\"\n  ],\n  \"destination\": \"syslog\",\n  \"log_name\": \"Application\",\n  \"log_type\": \"eventlog\",\n  \"user\": {\n    \"name\": \"\",\n    \"domain\": \"\",\n    \"identifier\": \"\",\n    \"type\": \"unknown\"\n  },\n  \"agent\": {\n    \"agentid\": \"adbd57f0-3bf7-4b33-9845-eb489b1b0eea\",\n    \"hostname\": \"SARTE03\",\n    \"osversion\": \"6.3.9600\",\n    \"additional_info\": null,\n    \"osproducttype\": \"Windows Server 2012 R2 Standard\",\n    \"domain\": null,\n    \"version\": \"2.25.13-post0\",\n    \"dnsdomainname\": \"example.org\",\n    \"ostype\": \"windows\",\n    \"distroid\": null,\n    \"domainname\": \"EXA_0342\"\n  },\n  \"level\": \"INFORMATION\",\n  \"event_id\": 1001,\n  \"groups\": [\n    {\n      \"id\": \"bced64f1-9d22-4001-9425-604e45a14d66\",\n      \"name\": \"Group 1\"\n    }\n  ],\n  \"tenant\": \"8029547657723b01\",\n  \"computer_name\": \"SARTE03.example.org\",\n  \"record_number\": 26500965\n}",
    "event": {
      "code": "1001",
      "dataset": "eventlog",
      "provider": "Windows Error Reporting",
      "type": [
        "info"
      ]
    },
    "@timestamp": "2023-05-16T08:46:54Z",
    "action": {
      "id": 1001,
      "properties": {
        "param1": "0",
        "param10": "0",
        "param11": "8024500b",
        "param12": "AutomaticUpdates",
        "param13": "{581473F3-A4DC-4D00-8245-D203EAA9B5A9}",
        "param14": "0",
        "param15": "C:\\Windows\\WindowsUpdate.log\r\nC:\\Windows\\SoftwareDistribution\\ReportingEvents.log",
        "param18": "0",
        "param19": "3e7b694e-4cf1-45cc-93ff-f30da6e8f683",
        "param2": "WindowsUpdateFailure3",
        "param20": "262144",
        "param3": "Non disponible",
        "param4": "0",
        "param5": "7.9.9600.19915",
        "param6": "80072ee2",
        "param7": "00000000-0000-0000-0000-000000000000",
        "param8": "Scan",
        "param9": "0"
      }
    },
    "agent": {
      "id": "adbd57f0-3bf7-4b33-9845-eb489b1b0eea",
      "name": "harfanglab"
    },
    "harfanglab": {
      "groups": [
        "{\"id\":\"bced64f1-9d22-4001-9425-604e45a14d66\",\"name\":\"Group 1\"}"
      ]
    },
    "host": {
      "domain": "EXA_0342",
      "hostname": "SARTE03",
      "name": "SARTE03",
      "os": {
        "full": "Windows Server 2012 R2 Standard",
        "version": "6.3.9600"
      }
    },
    "log": {
      "hostname": "SARTE03"
    },
    "organization": {
      "id": "8029547657723b01"
    },
    "related": {
      "hosts": [
        "SARTE03"
      ]
    },
    "user": {
      "roles": "Group1"
    }
  }
}