{
  "input": {
    "message": "{\n  \"level\": \"LOG_ALWAYS\",\n  \"@Version\": \"1\",\n  \"@event_create_date\": \"2023-04-20T14:48:59.809Z\",\n  \"groups\": [\n    {\n      \"name\": \"Group 1\",\n      \"id\": \"954bc41c-bfae-4d24-9606-add4e1ab4280\"\n    },\n    {\n      \"name\": \"Group 2\",\n      \"id\": \"a9458e5a-fbd1-466a-8e0a-d25c2948aa61\"\n    }\n  ],\n  \"source_name\": \"Microsoft-Windows-Security-Auditing\",\n  \"log_type\": \"eventlog\",\n  \"event_data\": {\n    \"IpPort\": \"17780\",\n    \"ProcessName\": \"-\",\n    \"SubjectDomainName\": \"-\",\n    \"TargetUserSid\": \"S-1-5-21-11111111111-111111111111-11111111-111\",\n    \"LogonProcessName\": \"Kerbe\",\n    \"RestrictedAdminMode\": \"-\",\n    \"LogonType\": \"3\",\n    \"ElevatedToken\": \"%%1842\",\n    \"TargetOutboundDomainName\": \"-\",\n    \"SubjectUserName\": \"-\",\n    \"AuthenticationPackageName\": \"Kerberos\",\n    \"VirtualAccount\": \"%%1843\",\n    \"WorkstationName\": \"-\",\n    \"IpAddress\": \"1.2.3.4\",\n    \"LogonGuid\": \"{7B5ACC17-5CED-4A2D-ABCB-BECAE6799395}\",\n    \"TargetLinkedLogonId\": \"0x0\",\n    \"SubjectLogonId\": \"0x0\",\n    \"TransmittedServices\": \"-\",\n    \"TargetLogonId\": \"0x6accabcc3\",\n    \"TargetDomainName\": \"example.org\",\n    \"TargetOutboundUserName\": \"-\",\n    \"LmPackageName\": \"-\",\n    \"TargetUserName\": \"john.doe$\",\n    \"ProcessId\": \"0x0\",\n    \"ImpersonationLevel\": \"%%1833\",\n    \"KeyLength\": \"0\",\n    \"SubjectUserSid\": \"S-1-0-0\"\n  },\n  \"@timestamp\": \"2023-04-20T14:49:02.914471Z\",\n  \"thread_id\": 11111,\n  \"provider_guid\": \"4d8dc5df-a605-4c76-b699-bc72464a8114\",\n  \"event\": {\n    \"original\": \"{\\\"computer_name\\\":\\\"sfreort.gosis.lan\\\",\\\"event_date\\\":\\\"2023/04/20 14:48:59.809\\\",\\\"event_id\\\":4624,\\\"keywords\\\":[\\\"AuditSuccess\\\",\\\"ReservedKeyword63\\\"],\\\"level\\\":\\\"LOG_ALWAYS\\\",\\\"log_name\\\":\\\"Security\\\",\\\"log_type\\\":\\\"eventlog\\\",\\\"type\\\":\\\"wineventlog\\\",\\\"user\\\":{\\\"domain\\\":\\\"\\\",\\\"identifier\\\":\\\"\\\",\\\"name\\\":\\\"\\\",\\\"type\\\":\\\"unknown\\\"},\\\"event_data\\\":{\\\"TargetLinkedLogonId\\\":\\\"0x0\\\",\\\"LogonType\\\":\\\"3\\\",\\\"SubjectUserSid\\\":\\\"S-1-0-0\\\",\\\"ProcessId\\\":\\\"0x0\\\",\\\"TargetLogonId\\\":\\\"0x6accabcc3\\\",\\\"TargetOutboundDomainName\\\":\\\"-\\\",\\\"LogonProcessName\\\":\\\"Kerberos\\\",\\\"SubjectLogonId\\\":\\\"0x0\\\",\\\"LmPackageName\\\":\\\"-\\\",\\\"RestrictedAdminMode\\\":\\\"-\\\",\\\"KeyLength\\\":\\\"0\\\",\\\"ImpersonationLevel\\\":\\\"%%1833\\\",\\\"SubjectDomainName\\\":\\\"-\\\",\\\"AuthenticationPackageName\\\":\\\"Kerbes\\\",\\\"WorkstationName\\\":\\\"-\\\",\\\"VirtualAccount\\\":\\\"%%1843\\\",\\\"IpAddress\\\":\\\"1.2.3.4\\\",\\\"LogonGuid\\\":\\\"{7B5ACC17-5CED-4A2D-ABCB-BECAE6799395}\\\",\\\"TargetOutboundUserName\\\":\\\"-\\\",\\\"TargetUserSid\\\":\\\"S-1-5-21-11111111111-111111111111-11111111-111\\\",\\\"TargetDomainName\\\":\\\"example.org\\\",\\\"SubjectUserName\\\":\\\"-\\\",\\\"TransmittedServices\\\":\\\"-\\\",\\\"ElevatedToken\\\":\\\"%%1842\\\",\\\"IpPort\\\":\\\"17780\\\",\\\"TargetUserName\\\":\\\"john.doe$\\\",\\\"ProcessName\\\":\\\"-\\\"},\\\"process_id\\\":772,\\\"provider_guid\\\":\\\"54849625-5478-4994-a5ba-3e3b0328c30d\\\",\\\"record_number\\\":1069291078,\\\"source_name\\\":\\\"Microsoft-Windows-Security-Auditing\\\",\\\"thread_id\\\":29956,\\\"user_data\\\":{},\\\"groups\\\":[{\\\"id\\\":\\\"2dccd722-6db5-4727-88d2-042b0d8655c3\\\",\\\"name\\\":\\\"Group 1\\\"},{\\\"id\\\":\\\"a9458e5a-fbd1-466a-8e0a-d25c2955aa61\\\",\\\"name\\\":\\\"Group 2\\\"}],\\\"destination\\\":\\\"sys\\\",\\\"agent\\\":{\\\"agentid\\\":\\\"ef3cd644-1867-4917-ac79-148c2ccd55d5\\\",\\\"hostname\\\":\\\"sfreart\\\",\\\"domain\\\":null,\\\"domainname\\\":\\\"EXAMPLE\\\",\\\"dnsdomainname\\\":\\\"example.org\\\",\\\"ostype\\\":\\\"windows\\\",\\\"osversion\\\":\\\"10.0.14393\\\",\\\"distroid\\\":null,\\\"osproducttype\\\":\\\"Windows Server 2016 Standard\\\",\\\"version\\\":\\\"2.25.4-post0\\\",\\\"additional_info\\\":null}}\"\n  },\n  \"type\": \"wineventlog\",\n  \"keywords\": [\n    \"AuditSuccess\",\n    \"ReservedKeyword63\"\n  ],\n  \"tenant\": \"2222222222222222\",\n  \"destination\": \"sys\",\n  \"agent\": {\n    \"hostname\": \"sfreort\",\n    \"osversion\": \"10.0.14393\",\n    \"version\": \"2.25.4-post0\",\n    \"domainname\": \"EXAMPLE\",\n    \"distroid\": null,\n    \"additional_info\": null,\n    \"agentid\": \"3f17a3fe-3490-4b8f-8de4-9dcdf92c68b0\",\n    \"osproducttype\": \"Windows Server 2016 Standard\",\n    \"dnsdomainname\": \"example.org\",\n    \"ostype\": \"windows\",\n    \"domain\": null\n  },\n  \"log_name\": \"Security\",\n  \"event_id\": 4624,\n  \"user\": {\n    \"name\": \"\",\n    \"identifier\": \"\",\n    \"domain\": \"\",\n    \"type\": \"unknown\"\n  },\n  \"user_data\": {},\n  \"computer_name\": \"sfreort.example.org\",\n  \"process_id\": 772,\n  \"record_number\": 1069291078\n}"
  },
  "expected": {
    "message": "{\n  \"level\": \"LOG_ALWAYS\",\n  \"@Version\": \"1\",\n  \"@event_create_date\": \"2023-04-20T14:48:59.809Z\",\n  \"groups\": [\n    {\n      \"name\": \"Group 1\",\n      \"id\": \"954bc41c-bfae-4d24-9606-add4e1ab4280\"\n    },\n    {\n      \"name\": \"Group 2\",\n      \"id\": \"a9458e5a-fbd1-466a-8e0a-d25c2948aa61\"\n    }\n  ],\n  \"source_name\": \"Microsoft-Windows-Security-Auditing\",\n  \"log_type\": \"eventlog\",\n  \"event_data\": {\n    \"IpPort\": \"17780\",\n    \"ProcessName\": \"-\",\n    \"SubjectDomainName\": \"-\",\n    \"TargetUserSid\": \"S-1-5-21-11111111111-111111111111-11111111-111\",\n    \"LogonProcessName\": \"Kerbe\",\n    \"RestrictedAdminMode\": \"-\",\n    \"LogonType\": \"3\",\n    \"ElevatedToken\": \"%%1842\",\n    \"TargetOutboundDomainName\": \"-\",\n    \"SubjectUserName\": \"-\",\n    \"AuthenticationPackageName\": \"Kerberos\",\n    \"VirtualAccount\": \"%%1843\",\n    \"WorkstationName\": \"-\",\n    \"IpAddress\": \"1.2.3.4\",\n    \"LogonGuid\": \"{7B5ACC17-5CED-4A2D-ABCB-BECAE6799395}\",\n    \"TargetLinkedLogonId\": \"0x0\",\n    \"SubjectLogonId\": \"0x0\",\n    \"TransmittedServices\": \"-\",\n    \"TargetLogonId\": \"0x6accabcc3\",\n    \"TargetDomainName\": \"example.org\",\n    \"TargetOutboundUserName\": \"-\",\n    \"LmPackageName\": \"-\",\n    \"TargetUserName\": \"john.doe$\",\n    \"ProcessId\": \"0x0\",\n    \"ImpersonationLevel\": \"%%1833\",\n    \"KeyLength\": \"0\",\n    \"SubjectUserSid\": \"S-1-0-0\"\n  },\n  \"@timestamp\": \"2023-04-20T14:49:02.914471Z\",\n  \"thread_id\": 11111,\n  \"provider_guid\": \"4d8dc5df-a605-4c76-b699-bc72464a8114\",\n  \"event\": {\n    \"original\": \"{\\\"computer_name\\\":\\\"sfreort.gosis.lan\\\",\\\"event_date\\\":\\\"2023/04/20 14:48:59.809\\\",\\\"event_id\\\":4624,\\\"keywords\\\":[\\\"AuditSuccess\\\",\\\"ReservedKeyword63\\\"],\\\"level\\\":\\\"LOG_ALWAYS\\\",\\\"log_name\\\":\\\"Security\\\",\\\"log_type\\\":\\\"eventlog\\\",\\\"type\\\":\\\"wineventlog\\\",\\\"user\\\":{\\\"domain\\\":\\\"\\\",\\\"identifier\\\":\\\"\\\",\\\"name\\\":\\\"\\\",\\\"type\\\":\\\"unknown\\\"},\\\"event_data\\\":{\\\"TargetLinkedLogonId\\\":\\\"0x0\\\",\\\"LogonType\\\":\\\"3\\\",\\\"SubjectUserSid\\\":\\\"S-1-0-0\\\",\\\"ProcessId\\\":\\\"0x0\\\",\\\"TargetLogonId\\\":\\\"0x6accabcc3\\\",\\\"TargetOutboundDomainName\\\":\\\"-\\\",\\\"LogonProcessName\\\":\\\"Kerberos\\\",\\\"SubjectLogonId\\\":\\\"0x0\\\",\\\"LmPackageName\\\":\\\"-\\\",\\\"RestrictedAdminMode\\\":\\\"-\\\",\\\"KeyLength\\\":\\\"0\\\",\\\"ImpersonationLevel\\\":\\\"%%1833\\\",\\\"SubjectDomainName\\\":\\\"-\\\",\\\"AuthenticationPackageName\\\":\\\"Kerbes\\\",\\\"WorkstationName\\\":\\\"-\\\",\\\"VirtualAccount\\\":\\\"%%1843\\\",\\\"IpAddress\\\":\\\"1.2.3.4\\\",\\\"LogonGuid\\\":\\\"{7B5ACC17-5CED-4A2D-ABCB-BECAE6799395}\\\",\\\"TargetOutboundUserName\\\":\\\"-\\\",\\\"TargetUserSid\\\":\\\"S-1-5-21-11111111111-111111111111-11111111-111\\\",\\\"TargetDomainName\\\":\\\"example.org\\\",\\\"SubjectUserName\\\":\\\"-\\\",\\\"TransmittedServices\\\":\\\"-\\\",\\\"ElevatedToken\\\":\\\"%%1842\\\",\\\"IpPort\\\":\\\"17780\\\",\\\"TargetUserName\\\":\\\"john.doe$\\\",\\\"ProcessName\\\":\\\"-\\\"},\\\"process_id\\\":772,\\\"provider_guid\\\":\\\"54849625-5478-4994-a5ba-3e3b0328c30d\\\",\\\"record_number\\\":1069291078,\\\"source_name\\\":\\\"Microsoft-Windows-Security-Auditing\\\",\\\"thread_id\\\":29956,\\\"user_data\\\":{},\\\"groups\\\":[{\\\"id\\\":\\\"2dccd722-6db5-4727-88d2-042b0d8655c3\\\",\\\"name\\\":\\\"Group 1\\\"},{\\\"id\\\":\\\"a9458e5a-fbd1-466a-8e0a-d25c2955aa61\\\",\\\"name\\\":\\\"Group 2\\\"}],\\\"destination\\\":\\\"sys\\\",\\\"agent\\\":{\\\"agentid\\\":\\\"ef3cd644-1867-4917-ac79-148c2ccd55d5\\\",\\\"hostname\\\":\\\"sfreart\\\",\\\"domain\\\":null,\\\"domainname\\\":\\\"EXAMPLE\\\",\\\"dnsdomainname\\\":\\\"example.org\\\",\\\"ostype\\\":\\\"windows\\\",\\\"osversion\\\":\\\"10.0.14393\\\",\\\"distroid\\\":null,\\\"osproducttype\\\":\\\"Windows Server 2016 Standard\\\",\\\"version\\\":\\\"2.25.4-post0\\\",\\\"additional_info\\\":null}}\"\n  },\n  \"type\": \"wineventlog\",\n  \"keywords\": [\n    \"AuditSuccess\",\n    \"ReservedKeyword63\"\n  ],\n  \"tenant\": \"2222222222222222\",\n  \"destination\": \"sys\",\n  \"agent\": {\n    \"hostname\": \"sfreort\",\n    \"osversion\": \"10.0.14393\",\n    \"version\": \"2.25.4-post0\",\n    \"domainname\": \"EXAMPLE\",\n    \"distroid\": null,\n    \"additional_info\": null,\n    \"agentid\": \"3f17a3fe-3490-4b8f-8de4-9dcdf92c68b0\",\n    \"osproducttype\": \"Windows Server 2016 Standard\",\n    \"dnsdomainname\": \"example.org\",\n    \"ostype\": \"windows\",\n    \"domain\": null\n  },\n  \"log_name\": \"Security\",\n  \"event_id\": 4624,\n  \"user\": {\n    \"name\": \"\",\n    \"identifier\": \"\",\n    \"domain\": \"\",\n    \"type\": \"unknown\"\n  },\n  \"user_data\": {},\n  \"computer_name\": \"sfreort.example.org\",\n  \"process_id\": 772,\n  \"record_number\": 1069291078\n}",
    "event": {
      "action": "authentication_network",
      "category": [
        "authentication"
      ],
      "code": "4624",
      "dataset": "eventlog",
      "provider": "Microsoft-Windows-Security-Auditing",
      "type": [
        "info",
        "start"
      ]
    },
    "@timestamp": "2023-04-20T14:48:59.809000Z",
    "action": {
      "id": 4624,
      "outcome": "success",
      "properties": {
        "AuthenticationPackageName": "Kerberos",
        "ElevatedToken": "%%1842",
        "ImpersonationLevel": "%%1833",
        "IpAddress": "1.2.3.4",
        "IpPort": "17780",
        "KeyLength": "0",
        "LogonGuid": "{7B5ACC17-5CED-4A2D-ABCB-BECAE6799395}",
        "LogonProcessName": "Kerbe",
        "LogonType": "3",
        "ProcessId": "0x0",
        "SubjectLogonId": "0x0",
        "SubjectUserSid": "S-1-0-0",
        "TargetDomainName": "example.org",
        "TargetLinkedLogonId": "0x0",
        "TargetLogonId": "0x6accabcc3",
        "TargetUserName": "john.doe$",
        "TargetUserSid": "S-1-5-21-11111111111-111111111111-11111111-111",
        "VirtualAccount": "%%1843"
      }
    },
    "agent": {
      "id": "3f17a3fe-3490-4b8f-8de4-9dcdf92c68b0",
      "name": "harfanglab"
    },
    "client": {
      "domain": "EXAMPLE"
    },
    "harfanglab": {
      "groups": [
        "{\"id\":\"954bc41c-bfae-4d24-9606-add4e1ab4280\",\"name\":\"Group 1\"}",
        "{\"id\":\"a9458e5a-fbd1-466a-8e0a-d25c2948aa61\",\"name\":\"Group 2\"}"
      ]
    },
    "host": {
      "domain": "EXAMPLE",
      "hostname": "sfreort",
      "name": "sfreort",
      "os": {
        "full": "Windows Server 2016 Standard",
        "version": "10.0.14393"
      }
    },
    "log": {
      "hostname": "sfreort"
    },
    "organization": {
      "id": "2222222222222222"
    },
    "related": {
      "hosts": [
        "sfreort"
      ],
      "ip": [
        "1.2.3.4"
      ],
      "user": [
        "john.doe$"
      ]
    },
    "sekoiaio": {
      "authentication": {
        "process": {
          "name": "Kerbe"
        }
      },
      "client": {
        "name": "sfreort",
        "os": {
          "type": "windows"
        }
      },
      "server": {
        "name": "sfreort",
        "os": {
          "type": "windows"
        }
      }
    },
    "server": {
      "domain": "EXAMPLE"
    },
    "source": {
      "address": "1.2.3.4",
      "ip": "1.2.3.4"
    },
    "user": {
      "id": "S-1-0-0",
      "roles": "Group1,Group2",
      "target": {
        "domain": "example.org",
        "id": "S-1-5-21-11111111111-111111111111-11111111-111",
        "name": "john.doe$"
      }
    }
  }
}