{
  "input": {
    "message": "{\n  \"winlog\": {\n    \"event_data\": {\n      \"Product\": \"Microsoft Teams\",\n      \"RuleName\": \"technique_id=T1036,technique_name=Masquerading\",\n      \"CommandLine\": \"\\\"C:\\\\Users\\\\User1\\\\AppData\\\\Local\\\\Microsoft\\\\Teams\\\\current\\\\Teams.exe\\\" --type=renderer --enable-wer --user-data-dir=\\\"C:\\\\Users\\\\User1\\\\AppData\\\\Roaming\\\\Microsoft\\\\Teams\\\" --ms-teams-less-cors=522133263 --app-user-model-id=com.squirrel.Teams.Teams --app-path=\\\"C:\\\\Users\\\\User1\\\\AppData\\\\Local\\\\Microsoft\\\\Teams\\\\current\\\\resources\\\\app.test\\\" --autoplay-policy=no-user-gesture-required --disable-background-timer-throttling --lang=fr --device-scale-factor=1 --num-raster-threads=3 --enable-main-frame-before-activation --renderer-client-id=89 --launch-time-ticks=212569133487 --mojo-platform-channel-handle=6672 --field-trial-handle=1780,i,5843992499021049077,4525004813667802135,131072 --enable-features=ContextBridgeMutability,SharedArrayBuffer,WinUseBrowserSpellChecker,WinUseHybridSpellChecker --disable-features=CalculateNativeWinOcclusion,ExtraCookieValidityChecks,ForcedColors,SpareRendererForSitePerProcess,WinRetrieveSuggestionsOnlyOnDemand /prefetch:1\",\n      \"FileVersion\": \"1.6.00.27573\",\n      \"ParentCommandLine\": \"\\\"C:\\\\Users\\\\User1\\\\AppData\\\\Local\\\\Microsoft\\\\Teams\\\\current\\\\Teams.exe\\\" \",\n      \"LogonGuid\": \"{abcdef01-b1c2-d3c4-1234-123400000000}\",\n      \"ParentProcessGuid\": \"{10fecdba-1234-abcd-0a1b-000000000000}\",\n      \"Hashes\": \"SHA1=68D25B5F5A57CF5DC0D63644338C04EA906D472B,MD5=89B717809A5A49D19E7E06746982BF0B,SHA256=2024533463DF3C945A74C774858285915FFB4E083031B51B8135BBBF5E8FC5EE,IMPHASH=00590C8FDC1F372F8DB1D3F49D342D34\",\n      \"User\": \"COMPANY\\\\User1\",\n      \"ProcessId\": \"4980\",\n      \"LogonId\": \"0x1234abc\",\n      \"ProcessGuid\": \"{10fecdba-1234-abcd-0a1b-000000000000}\",\n      \"Description\": \"Microsoft Teams\",\n      \"OriginalFileName\": \"Teams.exe\",\n      \"Image\": \"C:\\\\Users\\\\User1\\\\AppData\\\\Local\\\\Microsoft\\\\Teams\\\\current\\\\Teams.exe\",\n      \"CurrentDirectory\": \"C:\\\\Users\\\\User1\\\\AppData\\\\Local\\\\Microsoft\\\\Teams\\\\current\\\\\",\n      \"ParentImage\": \"C:\\\\Users\\\\User1\\\\AppData\\\\Local\\\\Microsoft\\\\Teams\\\\current\\\\Teams.exe\",\n      \"IntegrityLevel\": \"Low\",\n      \"ParentProcessId\": \"1124\",\n      \"Company\": \"Microsoft Corporation\",\n      \"TerminalSessionId\": \"1\",\n      \"UtcTime\": \"2023-10-17 12:03:14.183\",\n      \"ParentUser\": \"COMPANY\\\\User1\"\n    },\n    \"task\": \"Process Create (rule: ProcessCreate)\",\n    \"channel\": \"Microsoft-Windows-Sysmon/Operational\",\n    \"user\": {\n      \"name\": \"Syst\u00e8me\",\n      \"identifier\": \"S-1-2-3\",\n      \"type\": \"Well Known Group\",\n      \"domain\": \"Domain\"\n    },\n    \"event_id\": \"1\",\n    \"provider_guid\": \"{5770385f-c22a-43e0-bf4c-06f5698ffbd9}\",\n    \"process\": {\n      \"thread\": {\n        \"id\": 5760\n      },\n      \"pid\": 3852\n    },\n    \"api\": \"wineventlog\",\n    \"version\": 5,\n    \"computer_name\": \"PC01234567.company.com\",\n    \"record_id\": 9359683,\n    \"provider_name\": \"Microsoft-Windows-Sysmon\",\n    \"opcode\": \"Informations\"\n  },\n  \"message\": \"Process Create:\\nRuleName: technique_id=T1036,technique_name=Masquerading\\nUtcTime: 2023-10-17 12:03:14.183\\nProcessGuid: {10fecdba-1234-abcd-0a1b-000000000000}\\nProcessId: 4980\\nImage: C:\\\\Users\\\\User1\\\\AppData\\\\Local\\\\Microsoft\\\\Teams\\\\current\\\\Teams.exe\\nFileVersion: 1.6.00.27573\\nDescription: Microsoft Teams\\nProduct: Microsoft Teams\\nCompany: Microsoft Corporation\\nOriginalFileName: Teams.exe\\nCommandLine: \\\"C:\\\\Users\\\\User1\\\\AppData\\\\Local\\\\Microsoft\\\\Teams\\\\current\\\\Teams.exe\\\" --type=renderer --enable-wer --user-data-dir=\\\"C:\\\\Users\\\\User1\\\\AppData\\\\Roaming\\\\Microsoft\\\\Teams\\\" --ms-teams-less-cors=522133263 --app-user-model-id=com.squirrel.Teams.Teams --app-path=\\\"C:\\\\Users\\\\User1\\\\AppData\\\\Local\\\\Microsoft\\\\Teams\\\\current\\\\resources\\\\app.test\\\" --autoplay-policy=no-user-gesture-required --disable-background-timer-throttling --lang=fr --device-scale-factor=1 --num-raster-threads=3 --enable-main-frame-before-activation --renderer-client-id=89 --launch-time-ticks=212569133487 --mojo-platform-channel-handle=6672 --field-trial-handle=1780,i,5843992499021049077,4525004813667802135,131072 --enable-features=ContextBridgeMutability,SharedArrayBuffer,WinUseBrowserSpellChecker,WinUseHybridSpellChecker --disable-features=CalculateNativeWinOcclusion,ExtraCookieValidityChecks,ForcedColors,SpareRendererForSitePerProcess,WinRetrieveSuggestionsOnlyOnDemand /prefetch:1\\nCurrentDirectory: C:\\\\Users\\\\User1\\\\AppData\\\\Local\\\\Microsoft\\\\Teams\\\\current\\\\\\nUser: COMPANY\\\\User1\\nLogonGuid: {abcdef01-b1c2-d3c4-1234-123400000000}\\nLogonId: 0x1234abc\\nTerminalSessionId: 1\\nIntegrityLevel: Low\\nHashes: SHA1=68D25B5F5A57CF5DC0D63644338C04EA906D472B,MD5=89B717809A5A49D19E7E06746982BF0B,SHA256=2024533463DF3C945A74C774858285915FFB4E083031B51B8135BBBF5E8FC5EE,IMPHASH=00590C8FDC1F372F8DB1D3F49D342D34\\nParentProcessGuid: {10fecdba-1234-abcd-0a1b-000000000000}\\nParentProcessId: 1124\\nParentImage: C:\\\\Users\\\\User1\\\\AppData\\\\Local\\\\Microsoft\\\\Teams\\\\current\\\\Teams.exe\\nParentCommandLine: \\\"C:\\\\Users\\\\User1\\\\AppData\\\\Local\\\\Microsoft\\\\Teams\\\\current\\\\Teams.exe\\\" \\nParentUser: COMPANY\\\\User1\",\n  \"event_ingest_logstash\": \"2023-10-17T12:03:18.802068Z\",\n  \"fields.gdp-logstash\": \"6\",\n  \"event\": {\n    \"kind\": \"event\",\n    \"provider\": \"Microsoft-Windows-Sysmon\",\n    \"created\": \"2023-10-17T12:03:17.092Z\",\n    \"code\": \"1\",\n    \"action\": \"Process Create (rule: ProcessCreate)\"\n  },\n  \"@version\": \"1\",\n  \"log\": {\n    \"level\": \"information\"\n  },\n  \"ecs\": {\n    \"version\": \"8.0.0\"\n  },\n  \"@timestamp\": \"2023-10-17T12:03:15.436Z\",\n  \"fields.gdp-redis\": \"2\",\n  \"fields\": {\n    \"gdp-parc\": \"defaut\",\n    \"gdp-version-winlogbeat\": 3.4,\n    \"gdp-indice\": [\n      \"l-desk\",\n      \"l-desk\"\n    ],\n    \"gdp-sousparc\": \"prod\",\n    \"gdp-version\": \"2.8\",\n    \"gdp-config\": \"desktop\",\n    \"gdp-version-sysmon\": 15\n  },\n  \"host\": {\n    \"os\": {\n      \"platform\": \"windows\",\n      \"name\": \"Windows 10 Enterprise\",\n      \"version\": \"10.0\",\n      \"kernel\": \"10.0.19041.3448 (WinBuild.160101.0800)\",\n      \"build\": \"19045.3448\",\n      \"family\": \"windows\",\n      \"type\": \"windows\"\n    },\n    \"mac\": [\n      \"02:00:00:00:00:0e\"\n    ],\n    \"name\": \"host.example.com\",\n    \"id\": \"a0b1c2d3-0123-abcd-0a1b-abcd0123ef45\",\n    \"hostname\": \"host.example.com\",\n    \"architecture\": \"x86_64\",\n    \"ip\": [\n      \"198.51.100.14\",\n      \"8.8.8.8\"\n    ]\n  },\n  \"type\": \"R2\",\n  \"agent\": {\n    \"id\": \"01234567-abcd-ef01-2345-6789abcdef01\",\n    \"name\": \"WB-DK-PC01234567\",\n    \"version\": \"8.8.2\",\n    \"ephemeral_id\": \"a0b1c2d3-0123-4567-abcd-e4f5a6b7c8d9\",\n    \"type\": \"winlogbeat\"\n  }\n}"
  },
  "expected": {
    "message": "{\n  \"winlog\": {\n    \"event_data\": {\n      \"Product\": \"Microsoft Teams\",\n      \"RuleName\": \"technique_id=T1036,technique_name=Masquerading\",\n      \"CommandLine\": \"\\\"C:\\\\Users\\\\User1\\\\AppData\\\\Local\\\\Microsoft\\\\Teams\\\\current\\\\Teams.exe\\\" --type=renderer --enable-wer --user-data-dir=\\\"C:\\\\Users\\\\User1\\\\AppData\\\\Roaming\\\\Microsoft\\\\Teams\\\" --ms-teams-less-cors=522133263 --app-user-model-id=com.squirrel.Teams.Teams --app-path=\\\"C:\\\\Users\\\\User1\\\\AppData\\\\Local\\\\Microsoft\\\\Teams\\\\current\\\\resources\\\\app.test\\\" --autoplay-policy=no-user-gesture-required --disable-background-timer-throttling --lang=fr --device-scale-factor=1 --num-raster-threads=3 --enable-main-frame-before-activation --renderer-client-id=89 --launch-time-ticks=212569133487 --mojo-platform-channel-handle=6672 --field-trial-handle=1780,i,5843992499021049077,4525004813667802135,131072 --enable-features=ContextBridgeMutability,SharedArrayBuffer,WinUseBrowserSpellChecker,WinUseHybridSpellChecker --disable-features=CalculateNativeWinOcclusion,ExtraCookieValidityChecks,ForcedColors,SpareRendererForSitePerProcess,WinRetrieveSuggestionsOnlyOnDemand /prefetch:1\",\n      \"FileVersion\": \"1.6.00.27573\",\n      \"ParentCommandLine\": \"\\\"C:\\\\Users\\\\User1\\\\AppData\\\\Local\\\\Microsoft\\\\Teams\\\\current\\\\Teams.exe\\\" \",\n      \"LogonGuid\": \"{abcdef01-b1c2-d3c4-1234-123400000000}\",\n      \"ParentProcessGuid\": \"{10fecdba-1234-abcd-0a1b-000000000000}\",\n      \"Hashes\": \"SHA1=68D25B5F5A57CF5DC0D63644338C04EA906D472B,MD5=89B717809A5A49D19E7E06746982BF0B,SHA256=2024533463DF3C945A74C774858285915FFB4E083031B51B8135BBBF5E8FC5EE,IMPHASH=00590C8FDC1F372F8DB1D3F49D342D34\",\n      \"User\": \"COMPANY\\\\User1\",\n      \"ProcessId\": \"4980\",\n      \"LogonId\": \"0x1234abc\",\n      \"ProcessGuid\": \"{10fecdba-1234-abcd-0a1b-000000000000}\",\n      \"Description\": \"Microsoft Teams\",\n      \"OriginalFileName\": \"Teams.exe\",\n      \"Image\": \"C:\\\\Users\\\\User1\\\\AppData\\\\Local\\\\Microsoft\\\\Teams\\\\current\\\\Teams.exe\",\n      \"CurrentDirectory\": \"C:\\\\Users\\\\User1\\\\AppData\\\\Local\\\\Microsoft\\\\Teams\\\\current\\\\\",\n      \"ParentImage\": \"C:\\\\Users\\\\User1\\\\AppData\\\\Local\\\\Microsoft\\\\Teams\\\\current\\\\Teams.exe\",\n      \"IntegrityLevel\": \"Low\",\n      \"ParentProcessId\": \"1124\",\n      \"Company\": \"Microsoft Corporation\",\n      \"TerminalSessionId\": \"1\",\n      \"UtcTime\": \"2023-10-17 12:03:14.183\",\n      \"ParentUser\": \"COMPANY\\\\User1\"\n    },\n    \"task\": \"Process Create (rule: ProcessCreate)\",\n    \"channel\": \"Microsoft-Windows-Sysmon/Operational\",\n    \"user\": {\n      \"name\": \"Syst\u00e8me\",\n      \"identifier\": \"S-1-2-3\",\n      \"type\": \"Well Known Group\",\n      \"domain\": \"Domain\"\n    },\n    \"event_id\": \"1\",\n    \"provider_guid\": \"{5770385f-c22a-43e0-bf4c-06f5698ffbd9}\",\n    \"process\": {\n      \"thread\": {\n        \"id\": 5760\n      },\n      \"pid\": 3852\n    },\n    \"api\": \"wineventlog\",\n    \"version\": 5,\n    \"computer_name\": \"PC01234567.company.com\",\n    \"record_id\": 9359683,\n    \"provider_name\": \"Microsoft-Windows-Sysmon\",\n    \"opcode\": \"Informations\"\n  },\n  \"message\": \"Process Create:\\nRuleName: technique_id=T1036,technique_name=Masquerading\\nUtcTime: 2023-10-17 12:03:14.183\\nProcessGuid: {10fecdba-1234-abcd-0a1b-000000000000}\\nProcessId: 4980\\nImage: C:\\\\Users\\\\User1\\\\AppData\\\\Local\\\\Microsoft\\\\Teams\\\\current\\\\Teams.exe\\nFileVersion: 1.6.00.27573\\nDescription: Microsoft Teams\\nProduct: Microsoft Teams\\nCompany: Microsoft Corporation\\nOriginalFileName: Teams.exe\\nCommandLine: \\\"C:\\\\Users\\\\User1\\\\AppData\\\\Local\\\\Microsoft\\\\Teams\\\\current\\\\Teams.exe\\\" --type=renderer --enable-wer --user-data-dir=\\\"C:\\\\Users\\\\User1\\\\AppData\\\\Roaming\\\\Microsoft\\\\Teams\\\" --ms-teams-less-cors=522133263 --app-user-model-id=com.squirrel.Teams.Teams --app-path=\\\"C:\\\\Users\\\\User1\\\\AppData\\\\Local\\\\Microsoft\\\\Teams\\\\current\\\\resources\\\\app.test\\\" --autoplay-policy=no-user-gesture-required --disable-background-timer-throttling --lang=fr --device-scale-factor=1 --num-raster-threads=3 --enable-main-frame-before-activation --renderer-client-id=89 --launch-time-ticks=212569133487 --mojo-platform-channel-handle=6672 --field-trial-handle=1780,i,5843992499021049077,4525004813667802135,131072 --enable-features=ContextBridgeMutability,SharedArrayBuffer,WinUseBrowserSpellChecker,WinUseHybridSpellChecker --disable-features=CalculateNativeWinOcclusion,ExtraCookieValidityChecks,ForcedColors,SpareRendererForSitePerProcess,WinRetrieveSuggestionsOnlyOnDemand /prefetch:1\\nCurrentDirectory: C:\\\\Users\\\\User1\\\\AppData\\\\Local\\\\Microsoft\\\\Teams\\\\current\\\\\\nUser: COMPANY\\\\User1\\nLogonGuid: {abcdef01-b1c2-d3c4-1234-123400000000}\\nLogonId: 0x1234abc\\nTerminalSessionId: 1\\nIntegrityLevel: Low\\nHashes: SHA1=68D25B5F5A57CF5DC0D63644338C04EA906D472B,MD5=89B717809A5A49D19E7E06746982BF0B,SHA256=2024533463DF3C945A74C774858285915FFB4E083031B51B8135BBBF5E8FC5EE,IMPHASH=00590C8FDC1F372F8DB1D3F49D342D34\\nParentProcessGuid: {10fecdba-1234-abcd-0a1b-000000000000}\\nParentProcessId: 1124\\nParentImage: C:\\\\Users\\\\User1\\\\AppData\\\\Local\\\\Microsoft\\\\Teams\\\\current\\\\Teams.exe\\nParentCommandLine: \\\"C:\\\\Users\\\\User1\\\\AppData\\\\Local\\\\Microsoft\\\\Teams\\\\current\\\\Teams.exe\\\" \\nParentUser: COMPANY\\\\User1\",\n  \"event_ingest_logstash\": \"2023-10-17T12:03:18.802068Z\",\n  \"fields.gdp-logstash\": \"6\",\n  \"event\": {\n    \"kind\": \"event\",\n    \"provider\": \"Microsoft-Windows-Sysmon\",\n    \"created\": \"2023-10-17T12:03:17.092Z\",\n    \"code\": \"1\",\n    \"action\": \"Process Create (rule: ProcessCreate)\"\n  },\n  \"@version\": \"1\",\n  \"log\": {\n    \"level\": \"information\"\n  },\n  \"ecs\": {\n    \"version\": \"8.0.0\"\n  },\n  \"@timestamp\": \"2023-10-17T12:03:15.436Z\",\n  \"fields.gdp-redis\": \"2\",\n  \"fields\": {\n    \"gdp-parc\": \"defaut\",\n    \"gdp-version-winlogbeat\": 3.4,\n    \"gdp-indice\": [\n      \"l-desk\",\n      \"l-desk\"\n    ],\n    \"gdp-sousparc\": \"prod\",\n    \"gdp-version\": \"2.8\",\n    \"gdp-config\": \"desktop\",\n    \"gdp-version-sysmon\": 15\n  },\n  \"host\": {\n    \"os\": {\n      \"platform\": \"windows\",\n      \"name\": \"Windows 10 Enterprise\",\n      \"version\": \"10.0\",\n      \"kernel\": \"10.0.19041.3448 (WinBuild.160101.0800)\",\n      \"build\": \"19045.3448\",\n      \"family\": \"windows\",\n      \"type\": \"windows\"\n    },\n    \"mac\": [\n      \"02:00:00:00:00:0e\"\n    ],\n    \"name\": \"host.example.com\",\n    \"id\": \"a0b1c2d3-0123-abcd-0a1b-abcd0123ef45\",\n    \"hostname\": \"host.example.com\",\n    \"architecture\": \"x86_64\",\n    \"ip\": [\n      \"198.51.100.14\",\n      \"8.8.8.8\"\n    ]\n  },\n  \"type\": \"R2\",\n  \"agent\": {\n    \"id\": \"01234567-abcd-ef01-2345-6789abcdef01\",\n    \"name\": \"WB-DK-PC01234567\",\n    \"version\": \"8.8.2\",\n    \"ephemeral_id\": \"a0b1c2d3-0123-4567-abcd-e4f5a6b7c8d9\",\n    \"type\": \"winlogbeat\"\n  }\n}",
    "event": {
      "action": "Process Create (rule: ProcessCreate)",
      "code": "1",
      "kind": "event",
      "original": "Process Create:\nRuleName: technique_id=T1036,technique_name=Masquerading\nUtcTime: 2023-10-17 12:03:14.183\nProcessGuid: {10fecdba-1234-abcd-0a1b-000000000000}\nProcessId: 4980\nImage: C:\\Users\\User1\\AppData\\Local\\Microsoft\\Teams\\current\\Teams.exe\nFileVersion: 1.6.00.27573\nDescription: Microsoft Teams\nProduct: Microsoft Teams\nCompany: Microsoft Corporation\nOriginalFileName: Teams.exe\nCommandLine: \"C:\\Users\\User1\\AppData\\Local\\Microsoft\\Teams\\current\\Teams.exe\" --type=renderer --enable-wer --user-data-dir=\"C:\\Users\\User1\\AppData\\Roaming\\Microsoft\\Teams\" --ms-teams-less-cors=522133263 --app-user-model-id=com.squirrel.Teams.Teams --app-path=\"C:\\Users\\User1\\AppData\\Local\\Microsoft\\Teams\\current\\resources\\app.test\" --autoplay-policy=no-user-gesture-required --disable-background-timer-throttling --lang=fr --device-scale-factor=1 --num-raster-threads=3 --enable-main-frame-before-activation --renderer-client-id=89 --launch-time-ticks=212569133487 --mojo-platform-channel-handle=6672 --field-trial-handle=1780,i,5843992499021049077,4525004813667802135,131072 --enable-features=ContextBridgeMutability,SharedArrayBuffer,WinUseBrowserSpellChecker,WinUseHybridSpellChecker --disable-features=CalculateNativeWinOcclusion,ExtraCookieValidityChecks,ForcedColors,SpareRendererForSitePerProcess,WinRetrieveSuggestionsOnlyOnDemand /prefetch:1\nCurrentDirectory: C:\\Users\\User1\\AppData\\Local\\Microsoft\\Teams\\current\\\nUser: COMPANY\\User1\nLogonGuid: {abcdef01-b1c2-d3c4-1234-123400000000}\nLogonId: 0x1234abc\nTerminalSessionId: 1\nIntegrityLevel: Low\nHashes: SHA1=68D25B5F5A57CF5DC0D63644338C04EA906D472B,MD5=89B717809A5A49D19E7E06746982BF0B,SHA256=2024533463DF3C945A74C774858285915FFB4E083031B51B8135BBBF5E8FC5EE,IMPHASH=00590C8FDC1F372F8DB1D3F49D342D34\nParentProcessGuid: {10fecdba-1234-abcd-0a1b-000000000000}\nParentProcessId: 1124\nParentImage: C:\\Users\\User1\\AppData\\Local\\Microsoft\\Teams\\current\\Teams.exe\nParentCommandLine: \"C:\\Users\\User1\\AppData\\Local\\Microsoft\\Teams\\current\\Teams.exe\" \nParentUser: COMPANY\\User1",
      "provider": "Microsoft-Windows-Sysmon"
    },
    "@timestamp": "2023-10-17T12:03:15.436000Z",
    "action": {
      "id": 1,
      "properties": {
        "CommandLine": "\"C:\\Users\\User1\\AppData\\Local\\Microsoft\\Teams\\current\\Teams.exe\" --type=renderer --enable-wer --user-data-dir=\"C:\\Users\\User1\\AppData\\Roaming\\Microsoft\\Teams\" --ms-teams-less-cors=522133263 --app-user-model-id=com.squirrel.Teams.Teams --app-path=\"C:\\Users\\User1\\AppData\\Local\\Microsoft\\Teams\\current\\resources\\app.test\" --autoplay-policy=no-user-gesture-required --disable-background-timer-throttling --lang=fr --device-scale-factor=1 --num-raster-threads=3 --enable-main-frame-before-activation --renderer-client-id=89 --launch-time-ticks=212569133487 --mojo-platform-channel-handle=6672 --field-trial-handle=1780,i,5843992499021049077,4525004813667802135,131072 --enable-features=ContextBridgeMutability,SharedArrayBuffer,WinUseBrowserSpellChecker,WinUseHybridSpellChecker --disable-features=CalculateNativeWinOcclusion,ExtraCookieValidityChecks,ForcedColors,SpareRendererForSitePerProcess,WinRetrieveSuggestionsOnlyOnDemand /prefetch:1",
        "Company": "Microsoft Corporation",
        "CurrentDirectory": "C:\\Users\\User1\\AppData\\Local\\Microsoft\\Teams\\current\\",
        "Description": "Microsoft Teams",
        "FileVersion": "1.6.00.27573",
        "Hashes": "SHA1=68D25B5F5A57CF5DC0D63644338C04EA906D472B,MD5=89B717809A5A49D19E7E06746982BF0B,SHA256=2024533463DF3C945A74C774858285915FFB4E083031B51B8135BBBF5E8FC5EE,IMPHASH=00590C8FDC1F372F8DB1D3F49D342D34",
        "Image": "C:\\Users\\User1\\AppData\\Local\\Microsoft\\Teams\\current\\Teams.exe",
        "IntegrityLevel": "Low",
        "LogonGuid": "{abcdef01-b1c2-d3c4-1234-123400000000}",
        "LogonId": "0x1234abc",
        "Opcode": "Informations",
        "OriginalFileName": "Teams.exe",
        "ParentCommandLine": "\"C:\\Users\\User1\\AppData\\Local\\Microsoft\\Teams\\current\\Teams.exe\" ",
        "ParentImage": "C:\\Users\\User1\\AppData\\Local\\Microsoft\\Teams\\current\\Teams.exe",
        "ParentProcessGuid": "{10fecdba-1234-abcd-0a1b-000000000000}",
        "ParentProcessId": "1124",
        "ParentUser": "COMPANY\\User1",
        "ProcessGuid": "{10fecdba-1234-abcd-0a1b-000000000000}",
        "ProcessId": "4980",
        "Product": "Microsoft Teams",
        "ProviderGUID": "{5770385f-c22a-43e0-bf4c-06f5698ffbd9}",
        "RuleName": "technique_id=T1036,technique_name=Masquerading",
        "SourceName": "Microsoft-Windows-Sysmon",
        "TerminalSessionId": "1",
        "User": "COMPANY\\User1",
        "UtcTime": "2023-10-17 12:03:14.183"
      },
      "record_id": 9359683,
      "type": "Microsoft-Windows-Sysmon/Operational"
    },
    "agent": {
      "ephemeral_id": "a0b1c2d3-0123-4567-abcd-e4f5a6b7c8d9",
      "id": "01234567-abcd-ef01-2345-6789abcdef01",
      "name": "WB-DK-PC01234567",
      "type": "winlogbeat",
      "version": "8.8.2"
    },
    "host": {
      "architecture": "x86_64",
      "hostname": "host.example.com",
      "id": "a0b1c2d3-0123-abcd-0a1b-abcd0123ef45",
      "ip": [
        "198.51.100.14",
        "8.8.8.8"
      ],
      "mac": [
        "02:00:00:00:00:0e"
      ],
      "name": "host.example.com",
      "os": {
        "build": "19045.3448",
        "family": "windows",
        "kernel": "10.0.19041.3448 (WinBuild.160101.0800)",
        "name": "Windows 10 Enterprise",
        "platform": "windows",
        "type": "windows",
        "version": "10.0"
      }
    },
    "log": {
      "level": "information"
    },
    "process": {
      "command_line": "\"C:\\Users\\User1\\AppData\\Local\\Microsoft\\Teams\\current\\Teams.exe\" --type=renderer --enable-wer --user-data-dir=\"C:\\Users\\User1\\AppData\\Roaming\\Microsoft\\Teams\" --ms-teams-less-cors=522133263 --app-user-model-id=com.squirrel.Teams.Teams --app-path=\"C:\\Users\\User1\\AppData\\Local\\Microsoft\\Teams\\current\\resources\\app.test\" --autoplay-policy=no-user-gesture-required --disable-background-timer-throttling --lang=fr --device-scale-factor=1 --num-raster-threads=3 --enable-main-frame-before-activation --renderer-client-id=89 --launch-time-ticks=212569133487 --mojo-platform-channel-handle=6672 --field-trial-handle=1780,i,5843992499021049077,4525004813667802135,131072 --enable-features=ContextBridgeMutability,SharedArrayBuffer,WinUseBrowserSpellChecker,WinUseHybridSpellChecker --disable-features=CalculateNativeWinOcclusion,ExtraCookieValidityChecks,ForcedColors,SpareRendererForSitePerProcess,WinRetrieveSuggestionsOnlyOnDemand /prefetch:1",
      "executable": "C:\\Users\\User1\\AppData\\Local\\Microsoft\\Teams\\current\\Teams.exe",
      "hash": {
        "md5": "89b717809a5a49d19e7e06746982bf0b",
        "sha1": "68d25b5f5a57cf5dc0d63644338c04ea906d472b",
        "sha256": "2024533463df3c945a74c774858285915ffb4e083031b51b8135bbbf5e8fc5ee"
      },
      "name": "Teams.exe",
      "parent": {
        "executable": "C:\\Users\\User1\\AppData\\Local\\Microsoft\\Teams\\current\\Teams.exe",
        "name": "Teams.exe"
      },
      "pe": {
        "imphash": "00590c8fdc1f372f8db1d3f49d342d34",
        "original_file_name": "Teams.exe"
      },
      "pid": 3852,
      "thread": {
        "id": 5760
      },
      "working_directory": "C:\\Users\\User1\\AppData\\Local\\Microsoft\\Teams\\current\\"
    },
    "related": {
      "hash": [
        "2024533463df3c945a74c774858285915ffb4e083031b51b8135bbbf5e8fc5ee",
        "68d25b5f5a57cf5dc0d63644338c04ea906d472b",
        "89b717809a5a49d19e7e06746982bf0b"
      ],
      "hosts": [
        "host.example.com"
      ],
      "ip": [
        "198.51.100.14",
        "8.8.8.8"
      ]
    },
    "winlog": {
      "api": "wineventlog",
      "channel": "Microsoft-Windows-Sysmon/Operational",
      "computer_name": "PC01234567.company.com",
      "event_id": "1",
      "opcode": "Informations",
      "process": {
        "pid": 3852,
        "thread": {
          "id": 5760
        }
      },
      "provider_guid": "{5770385f-c22a-43e0-bf4c-06f5698ffbd9}",
      "provider_name": "Microsoft-Windows-Sysmon",
      "record_id": "9359683",
      "task": "Process Create (rule: ProcessCreate)",
      "user": {
        "domain": "Domain",
        "identifier": "S-1-2-3",
        "name": "Syst\u00e8me",
        "type": "Well Known Group"
      },
      "version": 5
    }
  }
}