{
  "input": {
    "message": "{\"tags\": [\"beats_input_codec_plain_applied\"], \"event\": {\"original\": \"A network share object was checked to see whether client can be granted desired access.\\\\n\\\\t\\\\nSubject:\\\\n\\\\tSecurity ID:\\\\t\\\\tS-1-5-18\\\\n\\\\tAccount Name:\\\\t\\\\thost01$\\\\n\\\\tAccount Domain:\\\\t\\\\tCOMPANY\\\\n\\\\tLogon ID:\\\\t\\\\t0x20D93996\\\\n\\\\nNetwork Information:\\\\t\\\\n\\\\tObject Type:\\\\t\\\\tFile\\\\n\\\\tSource Address:\\\\t\\\\t::1\\\\n\\\\tSource Port:\\\\t\\\\t12345\\\\n\\\\t\\\\nShare Information:\\\\n\\\\tShare Name:\\\\t\\\\t\\\\\\\\\\\\\\\\*\\\\\\\\SYSVOL\\\\n\\\\tShare Path:\\\\t\\\\t\\\\\\\\??\\\\\\\\C:\\\\\\\\Windows\\\\\\\\SYSVOL\\\\\\\\sysvol\\\\n\\\\tRelative Target Name:\\\\tcompany.test\\\\\\\\scripts\\\\\\\\TargetName.cmd\\\\n\\\\nAccess Request Information:\\\\n\\\\tAccess Mask:\\\\t\\\\t0x120089\\\\n\\\\tAccesses:\\\\t\\\\tREAD_CONTROL\\\\n\\\\t\\\\t\\\\t\\\\tSYNCHRONIZE\\\\n\\\\t\\\\t\\\\t\\\\tReadData (or ListDirectory)\\\\n\\\\t\\\\t\\\\t\\\\tReadEA\\\\n\\\\t\\\\t\\\\t\\\\tReadAttributes\\\\n\\\\t\\\\t\\\\t\\\\t\\\\nAccess Check Results:\\\\n\\\\tREAD_CONTROL:\\\\tGranted by Ownership\\\\n\\\\t\\\\t\\\\t\\\\tSYNCHRONIZE:\\\\tGranted by\\\\tD:(A;;0x1200a9;;;WD)\\\\n\\\\t\\\\t\\\\t\\\\tReadData (or ListDirectory):\\\\tGranted by\\\\tD:(A;;0x1200a9;;;WD)\\\\n\\\\t\\\\t\\\\t\\\\tReadEA:\\\\tGranted by\\\\tD:(A;;0x1200a9;;;WD)\\\\n\\\\t\\\\t\\\\t\\\\tReadAttributes:\\\\tGranted by\\\\tD:(A;;0x1200a9;;;WD)\\\\n\\\\t\\\\t\\\\t\\\\t\", \"outcome\": \"success\", \"action\": \"Detailed File Share\", \"kind\": \"event\", \"created\": \"2023-11-09T09:09:01.979Z\", \"provider\": \"Microsoft-Windows-Security-Auditing\", \"code\": \"5145\"}, \"@version\": \"1\", \"@timestamp\": \"2023-11-09T09:09:01.274Z\", \"message\": \"A network share object was checked to see whether client can be granted desired access.\\\\n\\\\t\\\\nSubject:\\\\n\\\\tSecurity ID:\\\\t\\\\tS-1-5-18\\\\n\\\\tAccount Name:\\\\t\\\\thost01$\\\\n\\\\tAccount Domain:\\\\t\\\\tCOMPANY\\\\n\\\\tLogon ID:\\\\t\\\\t0x20D93996\\\\n\\\\nNetwork Information:\\\\t\\\\n\\\\tObject Type:\\\\t\\\\tFile\\\\n\\\\tSource Address:\\\\t\\\\t::1\\\\n\\\\tSource Port:\\\\t\\\\t12345\\\\n\\\\t\\\\nShare Information:\\\\n\\\\tShare Name:\\\\t\\\\t\\\\\\\\\\\\\\\\*\\\\\\\\SYSVOL\\\\n\\\\tShare Path:\\\\t\\\\t\\\\\\\\??\\\\\\\\C:\\\\\\\\Windows\\\\\\\\SYSVOL\\\\\\\\sysvol\\\\n\\\\tRelative Target Name:\\\\tcompany.test\\\\\\\\scripts\\\\\\\\TargetName.cmd\\\\n\\\\nAccess Request Information:\\\\n\\\\tAccess Mask:\\\\t\\\\t0x120089\\\\n\\\\tAccesses:\\\\t\\\\tREAD_CONTROL\\\\n\\\\t\\\\t\\\\t\\\\tSYNCHRONIZE\\\\n\\\\t\\\\t\\\\t\\\\tReadData (or ListDirectory)\\\\n\\\\t\\\\t\\\\t\\\\tReadEA\\\\n\\\\t\\\\t\\\\t\\\\tReadAttributes\\\\n\\\\t\\\\t\\\\t\\\\t\\\\nAccess Check Results:\\\\n\\\\tREAD_CONTROL:\\\\tGranted by Ownership\\\\n\\\\t\\\\t\\\\t\\\\tSYNCHRONIZE:\\\\tGranted by\\\\tD:(A;;0x1200a9;;;WD)\\\\n\\\\t\\\\t\\\\t\\\\tReadData (or ListDirectory):\\\\tGranted by\\\\tD:(A;;0x1200a9;;;WD)\\\\n\\\\t\\\\t\\\\t\\\\tReadEA:\\\\tGranted by\\\\tD:(A;;0x1200a9;;;WD)\\\\n\\\\t\\\\t\\\\t\\\\tReadAttributes:\\\\tGranted by\\\\tD:(A;;0x1200a9;;;WD)\\\\n\\\\t\\\\t\\\\t\\\\t\", \"host\": {\"hostname\": \"User1\", \"id\": \"abcdefgh-1234-5678-abcd-efgh12345678\", \"ip\": [\"8.8.8.8\"], \"name\": \"User1\", \"mac\": [\"02:00:00:00:00:0c\"], \"architecture\": \"x86_64\", \"os\": {\"build\": \"20348.1850\", \"version\": \"10.0\", \"name\": \"Windows Server 2022 Standard\", \"kernel\": \"10.0.20348.1850 (WinBuild.160101.0800)\", \"family\": \"windows\", \"type\": \"windows\", \"platform\": \"windows\"}}, \"agent\": {\"type\": \"winlogbeat\", \"id\": \"222ff142-dbdf-42d8-a403-df533d45d5a8\", \"version\": \"8.10.4\", \"ephemeral_id\": \"1c379f1e-1fd3-4333-80b0-bf3ac6ab4f69\", \"name\": \"HOST01\"}, \"ecs\": {\"version\": \"8.0.0\"}, \"winlog\": {\"computer_name\": \"host01.company.test\", \"provider_name\": \"Microsoft-Windows-Security-Auditing\", \"channel\": \"Security\", \"provider_guid\": \"{54849625-5478-4994-a5ba-3e3b0328c30d}\", \"keywords\": [\"Audit Success\"], \"process\": {\"pid\": 4, \"thread\": {\"id\": 6404}}, \"event_id\": \"5145\", \"task\": \"Detailed File Share\", \"event_data\": {\"ShareName\": \"\\\\\\\\\\\\\\\\*\\\\\\\\SYSVOL\", \"IpPort\": \"12345\", \"AccessList\": \"%%1538\\\\n\\\\t\\\\t\\\\t\\\\t%%1541\\\\n\\\\t\\\\t\\\\t\\\\t%%4416\\\\n\\\\t\\\\t\\\\t\\\\t%%4419\\\\n\\\\t\\\\t\\\\t\\\\t%%4423\\\\n\\\\t\\\\t\\\\t\\\\t\", \"SubjectUserSid\": \"S-1-5-18\", \"SubjectDomainName\": \"COMPANY\", \"RelativeTargetName\": \"company.test\\\\\\\\scripts\\\\\\\\TargetName.cmd\", \"SubjectLogonId\": \"0x20d93996\", \"AccessMask\": \"0x120089\", \"ObjectType\": \"File\", \"ShareLocalPath\": \"\\\\\\\\??\\\\\\\\C:\\\\\\\\Windows\\\\\\\\SYSVOL\\\\\\\\sysvol\", \"SubjectUserName\": \"User1\", \"AccessReason\": \"%%1538:\\\\t%%1804\\\\n\\\\t\\\\t\\\\t\\\\t%%1541:\\\\t%%1801\\\\tD:(A;;0x1200a9;;;WD)\\\\n\\\\t\\\\t\\\\t\\\\t%%4416:\\\\t%%1801\\\\tD:(A;;0x1200a9;;;WD)\\\\n\\\\t\\\\t\\\\t\\\\t%%4419:\\\\t%%1801\\\\tD:(A;;0x1200a9;;;WD)\\\\n\\\\t\\\\t\\\\t\\\\t%%4423:\\\\t%%1801\\\\tD:(A;;0x1200a9;;;WD)\\\\n\\\\t\\\\t\\\\t\\\\t\", \"IpAddress\": \"::1\"}, \"record_id\": 21474307, \"opcode\": \"Info\", \"api\": \"wineventlog\"}, \"log\": {\"level\": \"information\"}}"
  },
  "expected": {
    "message": "{\"tags\": [\"beats_input_codec_plain_applied\"], \"event\": {\"original\": \"A network share object was checked to see whether client can be granted desired access.\\\\n\\\\t\\\\nSubject:\\\\n\\\\tSecurity ID:\\\\t\\\\tS-1-5-18\\\\n\\\\tAccount Name:\\\\t\\\\thost01$\\\\n\\\\tAccount Domain:\\\\t\\\\tCOMPANY\\\\n\\\\tLogon ID:\\\\t\\\\t0x20D93996\\\\n\\\\nNetwork Information:\\\\t\\\\n\\\\tObject Type:\\\\t\\\\tFile\\\\n\\\\tSource Address:\\\\t\\\\t::1\\\\n\\\\tSource Port:\\\\t\\\\t12345\\\\n\\\\t\\\\nShare Information:\\\\n\\\\tShare Name:\\\\t\\\\t\\\\\\\\\\\\\\\\*\\\\\\\\SYSVOL\\\\n\\\\tShare Path:\\\\t\\\\t\\\\\\\\??\\\\\\\\C:\\\\\\\\Windows\\\\\\\\SYSVOL\\\\\\\\sysvol\\\\n\\\\tRelative Target Name:\\\\tcompany.test\\\\\\\\scripts\\\\\\\\TargetName.cmd\\\\n\\\\nAccess Request Information:\\\\n\\\\tAccess Mask:\\\\t\\\\t0x120089\\\\n\\\\tAccesses:\\\\t\\\\tREAD_CONTROL\\\\n\\\\t\\\\t\\\\t\\\\tSYNCHRONIZE\\\\n\\\\t\\\\t\\\\t\\\\tReadData (or ListDirectory)\\\\n\\\\t\\\\t\\\\t\\\\tReadEA\\\\n\\\\t\\\\t\\\\t\\\\tReadAttributes\\\\n\\\\t\\\\t\\\\t\\\\t\\\\nAccess Check Results:\\\\n\\\\tREAD_CONTROL:\\\\tGranted by Ownership\\\\n\\\\t\\\\t\\\\t\\\\tSYNCHRONIZE:\\\\tGranted by\\\\tD:(A;;0x1200a9;;;WD)\\\\n\\\\t\\\\t\\\\t\\\\tReadData (or ListDirectory):\\\\tGranted by\\\\tD:(A;;0x1200a9;;;WD)\\\\n\\\\t\\\\t\\\\t\\\\tReadEA:\\\\tGranted by\\\\tD:(A;;0x1200a9;;;WD)\\\\n\\\\t\\\\t\\\\t\\\\tReadAttributes:\\\\tGranted by\\\\tD:(A;;0x1200a9;;;WD)\\\\n\\\\t\\\\t\\\\t\\\\t\", \"outcome\": \"success\", \"action\": \"Detailed File Share\", \"kind\": \"event\", \"created\": \"2023-11-09T09:09:01.979Z\", \"provider\": \"Microsoft-Windows-Security-Auditing\", \"code\": \"5145\"}, \"@version\": \"1\", \"@timestamp\": \"2023-11-09T09:09:01.274Z\", \"message\": \"A network share object was checked to see whether client can be granted desired access.\\\\n\\\\t\\\\nSubject:\\\\n\\\\tSecurity ID:\\\\t\\\\tS-1-5-18\\\\n\\\\tAccount Name:\\\\t\\\\thost01$\\\\n\\\\tAccount Domain:\\\\t\\\\tCOMPANY\\\\n\\\\tLogon ID:\\\\t\\\\t0x20D93996\\\\n\\\\nNetwork Information:\\\\t\\\\n\\\\tObject Type:\\\\t\\\\tFile\\\\n\\\\tSource Address:\\\\t\\\\t::1\\\\n\\\\tSource Port:\\\\t\\\\t12345\\\\n\\\\t\\\\nShare Information:\\\\n\\\\tShare Name:\\\\t\\\\t\\\\\\\\\\\\\\\\*\\\\\\\\SYSVOL\\\\n\\\\tShare Path:\\\\t\\\\t\\\\\\\\??\\\\\\\\C:\\\\\\\\Windows\\\\\\\\SYSVOL\\\\\\\\sysvol\\\\n\\\\tRelative Target Name:\\\\tcompany.test\\\\\\\\scripts\\\\\\\\TargetName.cmd\\\\n\\\\nAccess Request Information:\\\\n\\\\tAccess Mask:\\\\t\\\\t0x120089\\\\n\\\\tAccesses:\\\\t\\\\tREAD_CONTROL\\\\n\\\\t\\\\t\\\\t\\\\tSYNCHRONIZE\\\\n\\\\t\\\\t\\\\t\\\\tReadData (or ListDirectory)\\\\n\\\\t\\\\t\\\\t\\\\tReadEA\\\\n\\\\t\\\\t\\\\t\\\\tReadAttributes\\\\n\\\\t\\\\t\\\\t\\\\t\\\\nAccess Check Results:\\\\n\\\\tREAD_CONTROL:\\\\tGranted by Ownership\\\\n\\\\t\\\\t\\\\t\\\\tSYNCHRONIZE:\\\\tGranted by\\\\tD:(A;;0x1200a9;;;WD)\\\\n\\\\t\\\\t\\\\t\\\\tReadData (or ListDirectory):\\\\tGranted by\\\\tD:(A;;0x1200a9;;;WD)\\\\n\\\\t\\\\t\\\\t\\\\tReadEA:\\\\tGranted by\\\\tD:(A;;0x1200a9;;;WD)\\\\n\\\\t\\\\t\\\\t\\\\tReadAttributes:\\\\tGranted by\\\\tD:(A;;0x1200a9;;;WD)\\\\n\\\\t\\\\t\\\\t\\\\t\", \"host\": {\"hostname\": \"User1\", \"id\": \"abcdefgh-1234-5678-abcd-efgh12345678\", \"ip\": [\"8.8.8.8\"], \"name\": \"User1\", \"mac\": [\"02:00:00:00:00:0c\"], \"architecture\": \"x86_64\", \"os\": {\"build\": \"20348.1850\", \"version\": \"10.0\", \"name\": \"Windows Server 2022 Standard\", \"kernel\": \"10.0.20348.1850 (WinBuild.160101.0800)\", \"family\": \"windows\", \"type\": \"windows\", \"platform\": \"windows\"}}, \"agent\": {\"type\": \"winlogbeat\", \"id\": \"222ff142-dbdf-42d8-a403-df533d45d5a8\", \"version\": \"8.10.4\", \"ephemeral_id\": \"1c379f1e-1fd3-4333-80b0-bf3ac6ab4f69\", \"name\": \"HOST01\"}, \"ecs\": {\"version\": \"8.0.0\"}, \"winlog\": {\"computer_name\": \"host01.company.test\", \"provider_name\": \"Microsoft-Windows-Security-Auditing\", \"channel\": \"Security\", \"provider_guid\": \"{54849625-5478-4994-a5ba-3e3b0328c30d}\", \"keywords\": [\"Audit Success\"], \"process\": {\"pid\": 4, \"thread\": {\"id\": 6404}}, \"event_id\": \"5145\", \"task\": \"Detailed File Share\", \"event_data\": {\"ShareName\": \"\\\\\\\\\\\\\\\\*\\\\\\\\SYSVOL\", \"IpPort\": \"12345\", \"AccessList\": \"%%1538\\\\n\\\\t\\\\t\\\\t\\\\t%%1541\\\\n\\\\t\\\\t\\\\t\\\\t%%4416\\\\n\\\\t\\\\t\\\\t\\\\t%%4419\\\\n\\\\t\\\\t\\\\t\\\\t%%4423\\\\n\\\\t\\\\t\\\\t\\\\t\", \"SubjectUserSid\": \"S-1-5-18\", \"SubjectDomainName\": \"COMPANY\", \"RelativeTargetName\": \"company.test\\\\\\\\scripts\\\\\\\\TargetName.cmd\", \"SubjectLogonId\": \"0x20d93996\", \"AccessMask\": \"0x120089\", \"ObjectType\": \"File\", \"ShareLocalPath\": \"\\\\\\\\??\\\\\\\\C:\\\\\\\\Windows\\\\\\\\SYSVOL\\\\\\\\sysvol\", \"SubjectUserName\": \"User1\", \"AccessReason\": \"%%1538:\\\\t%%1804\\\\n\\\\t\\\\t\\\\t\\\\t%%1541:\\\\t%%1801\\\\tD:(A;;0x1200a9;;;WD)\\\\n\\\\t\\\\t\\\\t\\\\t%%4416:\\\\t%%1801\\\\tD:(A;;0x1200a9;;;WD)\\\\n\\\\t\\\\t\\\\t\\\\t%%4419:\\\\t%%1801\\\\tD:(A;;0x1200a9;;;WD)\\\\n\\\\t\\\\t\\\\t\\\\t%%4423:\\\\t%%1801\\\\tD:(A;;0x1200a9;;;WD)\\\\n\\\\t\\\\t\\\\t\\\\t\", \"IpAddress\": \"::1\"}, \"record_id\": 21474307, \"opcode\": \"Info\", \"api\": \"wineventlog\"}, \"log\": {\"level\": \"information\"}}",
    "event": {
      "action": "Detailed File Share",
      "code": "5145",
      "kind": "event",
      "module": "security",
      "original": "A network share object was checked to see whether client can be granted desired access.\\n\\t\\nSubject:\\n\\tSecurity ID:\\t\\tS-1-5-18\\n\\tAccount Name:\\t\\thost01$\\n\\tAccount Domain:\\t\\tCOMPANY\\n\\tLogon ID:\\t\\t0x20D93996\\n\\nNetwork Information:\\t\\n\\tObject Type:\\t\\tFile\\n\\tSource Address:\\t\\t::1\\n\\tSource Port:\\t\\t12345\\n\\t\\nShare Information:\\n\\tShare Name:\\t\\t\\\\\\\\*\\\\SYSVOL\\n\\tShare Path:\\t\\t\\\\??\\\\C:\\\\Windows\\\\SYSVOL\\\\sysvol\\n\\tRelative Target Name:\\tcompany.test\\\\scripts\\\\TargetName.cmd\\n\\nAccess Request Information:\\n\\tAccess Mask:\\t\\t0x120089\\n\\tAccesses:\\t\\tREAD_CONTROL\\n\\t\\t\\t\\tSYNCHRONIZE\\n\\t\\t\\t\\tReadData (or ListDirectory)\\n\\t\\t\\t\\tReadEA\\n\\t\\t\\t\\tReadAttributes\\n\\t\\t\\t\\t\\nAccess Check Results:\\n\\tREAD_CONTROL:\\tGranted by Ownership\\n\\t\\t\\t\\tSYNCHRONIZE:\\tGranted by\\tD:(A;;0x1200a9;;;WD)\\n\\t\\t\\t\\tReadData (or ListDirectory):\\tGranted by\\tD:(A;;0x1200a9;;;WD)\\n\\t\\t\\t\\tReadEA:\\tGranted by\\tD:(A;;0x1200a9;;;WD)\\n\\t\\t\\t\\tReadAttributes:\\tGranted by\\tD:(A;;0x1200a9;;;WD)\\n\\t\\t\\t\\t",
      "outcome": "success",
      "provider": "Microsoft-Windows-Security-Auditing"
    },
    "@timestamp": "2023-11-09T09:09:01.274000Z",
    "action": {
      "id": 5145,
      "outcome": "success",
      "properties": {
        "AccessList": "%%1538\\n\\t\\t\\t\\t%%1541\\n\\t\\t\\t\\t%%4416\\n\\t\\t\\t\\t%%4419\\n\\t\\t\\t\\t%%4423\\n\\t\\t\\t\\t",
        "AccessMask": "0x120089",
        "AccessReason": "%%1538:\\t%%1804\\n\\t\\t\\t\\t%%1541:\\t%%1801\\tD:(A;;0x1200a9;;;WD)\\n\\t\\t\\t\\t%%4416:\\t%%1801\\tD:(A;;0x1200a9;;;WD)\\n\\t\\t\\t\\t%%4419:\\t%%1801\\tD:(A;;0x1200a9;;;WD)\\n\\t\\t\\t\\t%%4423:\\t%%1801\\tD:(A;;0x1200a9;;;WD)\\n\\t\\t\\t\\t",
        "IpAddress": "::1",
        "IpPort": "12345",
        "Keywords": [
          "Audit Success"
        ],
        "ObjectType": "File",
        "Opcode": "Info",
        "ProviderGUID": "{54849625-5478-4994-a5ba-3e3b0328c30d}",
        "RelativeTargetName": "company.test\\\\scripts\\\\TargetName.cmd",
        "ShareLocalPath": "\\\\??\\\\C:\\\\Windows\\\\SYSVOL\\\\sysvol",
        "ShareName": "\\\\\\\\*\\\\SYSVOL",
        "SourceName": "Microsoft-Windows-Security-Auditing",
        "SubjectDomainName": "COMPANY",
        "SubjectLogonId": "0x20d93996",
        "SubjectUserName": "User1",
        "SubjectUserSid": "S-1-5-18"
      },
      "record_id": 21474307,
      "type": "Security"
    },
    "agent": {
      "ephemeral_id": "1c379f1e-1fd3-4333-80b0-bf3ac6ab4f69",
      "id": "222ff142-dbdf-42d8-a403-df533d45d5a8",
      "name": "HOST01",
      "type": "winlogbeat",
      "version": "8.10.4"
    },
    "file": {
      "directory": "\\\\??\\\\C:\\\\Windows\\\\SYSVOL\\\\sysvol",
      "name": "company.test\\\\scripts\\\\TargetName.cmd",
      "path": "\\\\??\\\\C:\\\\Windows\\\\SYSVOL\\\\sysvol\\company.test\\\\scripts\\\\TargetName.cmd",
      "target_path": "\\\\\\\\*\\\\SYSVOL\\company.test\\\\scripts\\\\TargetName.cmd"
    },
    "host": {
      "architecture": "x86_64",
      "hostname": "User1",
      "id": "abcdefgh-1234-5678-abcd-efgh12345678",
      "ip": [
        "8.8.8.8"
      ],
      "mac": [
        "02:00:00:00:00:0c"
      ],
      "name": "User1",
      "os": {
        "build": "20348.1850",
        "family": "windows",
        "kernel": "10.0.20348.1850 (WinBuild.160101.0800)",
        "name": "Windows Server 2022 Standard",
        "platform": "windows",
        "type": "windows",
        "version": "10.0"
      }
    },
    "log": {
      "level": "information"
    },
    "process": {
      "pid": 4,
      "thread": {
        "id": 6404
      }
    },
    "related": {
      "hosts": [
        "User1"
      ],
      "ip": [
        "8.8.8.8",
        "::1"
      ],
      "user": [
        "User1"
      ]
    },
    "source": {
      "address": "::1",
      "ip": "::1",
      "port": 12345
    },
    "user": {
      "domain": "COMPANY",
      "id": "S-1-5-18",
      "name": "User1"
    },
    "winlog": {
      "api": "wineventlog",
      "channel": "Security",
      "computer_name": "host01.company.test",
      "event_id": "5145",
      "keywords": [
        "Audit Success"
      ],
      "logon": {
        "id": "0x20d93996"
      },
      "opcode": "Info",
      "process": {
        "pid": 4,
        "thread": {
          "id": 6404
        }
      },
      "provider_guid": "{54849625-5478-4994-a5ba-3e3b0328c30d}",
      "provider_name": "Microsoft-Windows-Security-Auditing",
      "record_id": "21474307",
      "task": "Detailed File Share"
    }
  }
}
