{
  "input": {
    "message": "{\"event\":{\"provider\":\"Microsoft-Windows-Security-Auditing\",\"original\":\"Un ticket d\u2019authentification Kerberos (TGT) a \u00e9t\u00e9 demand\u00e9.\\n\\nInformations sur le compte :\\n\\tNom du compte :\\t\\tUser1\\n\\tNom du domaine Kerberos fourni :\\tDOMAIN\\n\\tID de l\u2019utilisateur :\\t\\t\\tS-1-2-3\\n\\nInformations sur le service :\\n\\tNom du service :\\t\\tservice\\n\\tID du service :\\t\\tS-1-2-3\\n\\nInformations sur le r\u00e9seau :\\n\\tAdresse du client :\\t\\t198.51.100.20\\n\\tPort client :\\t\\t51261\\n\\nInformations suppl\u00e9mentaires :\\n\\tOptions du ticket :\\t\\t0x40810010\\n\\tCode de r\u00e9sultat :\\t\\t0x0\\n\\tType de chiffrement du ticket :\\t0x12\\n\\tType de pr\u00e9-authentification :\\t2\\n\\nInformations sur le certificat :\\n\\tNom de l\u2019\u00e9metteur du certificat :\\t\\t\\n\\tNum\u00e9ro de s\u00e9rie du certificat :\\t\\n\\t Empreinte num\u00e9rique du certificat :\\t\\t\\n\\nLes informations sur le certificat sont fournies uniquement si un certificat a \u00e9t\u00e9 utilis\u00e9 pour la pr\u00e9-authentification.\\n\\nLes types de pr\u00e9-authentification, les options de ticket, les types de chiffrement et les codes de r\u00e9sultats sont d\u00e9finis dans la RFC 4120.\",\"code\":\"4768\",\"outcome\":\"success\",\"created\":\"2024-11-12T09:17:12.392Z\",\"action\":\"Service d\u2019authentification Kerberos\",\"kind\":\"event\"},\"@timestamp\":\"2024-11-12T09:17:10.124Z\",\"ecs\":{\"version\":\"8.0.0\"},\"tags\":[\"forwarded\",\"beats_input_codec_plain_applied\"],\"log\":{\"level\":\"information\"},\"message\":\"Un ticket d\u2019authentification Kerberos (TGT) a \u00e9t\u00e9 demand\u00e9.\\n\\nInformations sur le compte :\\n\\tNom du compte :\\t\\tUser1\\n\\tNom du domaine Kerberos fourni :\\tDOMAIN\\n\\tID de l\u2019utilisateur :\\t\\t\\tS-1-2-3\\n\\nInformations sur le service :\\n\\tNom du service :\\t\\tservice\\n\\tID du service :\\t\\tS-1-2-3-4-5\\n\\nInformations sur le r\u00e9seau :\\n\\tAdresse du client :\\t\\t198.51.100.20\\n\\tPort client :\\t\\t51261\\n\\nInformations suppl\u00e9mentaires :\\n\\tOptions du ticket :\\t\\t0x40810010\\n\\tCode de r\u00e9sultat :\\t\\t0x0\\n\\tType de chiffrement du ticket :\\t0x12\\n\\tType de pr\u00e9-authentification :\\t2\\n\\nInformations sur le certificat :\\n\\tNom de l\u2019\u00e9metteur du certificat :\\t\\t\\n\\tNum\u00e9ro de s\u00e9rie du certificat :\\t\\n\\t Empreinte num\u00e9rique du certificat :\\t\\t\\n\\nLes informations sur le certificat sont fournies uniquement si un certificat a \u00e9t\u00e9 utilis\u00e9 pour la pr\u00e9-authentification.\\n\\nLes types de pr\u00e9-authentification, les options de ticket, les types de chiffrement et les codes de r\u00e9sultats sont d\u00e9finis dans la RFC 4120.\",\"host\":{\"name\":\"host.example.com\"},\"agent\":{\"name\":\"AGENT\",\"version\":\"8.11.1\",\"type\":\"winlogbeat\",\"ephemeral_id\":\"11111111-2222-3333-4444-555555555555\",\"id\":\"aaaaaaaa-bbbb-CCCC-DDDD-eeeeeeeeeeee\"},\"winlog\":{\"provider_guid\":\"{54849625-5478-4994-A5BA-3E3B0328C30D}\",\"channel\":\"Security\",\"task\":\"Service d\u2019authentification Kerberos\",\"computer_name\":\"host.example.com\",\"keywords\":[\"Succ\u00e8s de l\u2019audit\"],\"opcode\":\"Informations\",\"event_data\":{\"TicketEncryptionType\":\"0x12\",\"TicketOptions\":\"0x40810010\",\"IpPort\":\"51261\",\"TargetDomainName\":\"DOMAIN\",\"TargetUserName\":\"User1\",\"TargetSid\":\"S-1-2-3\",\"PreAuthType\":\"2\",\"Status\":\"0x0\",\"ServiceSid\":\"S-1-2-3\",\"IpAddress\":\"198.51.100.20\",\"ServiceName\":\"service\"},\"process\":{\"thread\":{\"id\":3228},\"pid\":560},\"event_id\":\"4768\",\"api\":\"wineventlog\",\"provider_name\":\"Microsoft-Windows-Security-Auditing\",\"record_id\":2476587536},\"@version\":\"1\"}",
    "sekoiaio": {
      "intake": {
        "dialect": "Elastic Winlogbeat",
        "dialect_uuid": "c10307ea-5dd1-45c6-85aa-2a6a900df99b"
      }
    }
  },
  "expected": {
    "message": "{\"event\":{\"provider\":\"Microsoft-Windows-Security-Auditing\",\"original\":\"Un ticket d\u2019authentification Kerberos (TGT) a \u00e9t\u00e9 demand\u00e9.\\n\\nInformations sur le compte :\\n\\tNom du compte :\\t\\tUser1\\n\\tNom du domaine Kerberos fourni :\\tDOMAIN\\n\\tID de l\u2019utilisateur :\\t\\t\\tS-1-2-3\\n\\nInformations sur le service :\\n\\tNom du service :\\t\\tservice\\n\\tID du service :\\t\\tS-1-2-3\\n\\nInformations sur le r\u00e9seau :\\n\\tAdresse du client :\\t\\t198.51.100.20\\n\\tPort client :\\t\\t51261\\n\\nInformations suppl\u00e9mentaires :\\n\\tOptions du ticket :\\t\\t0x40810010\\n\\tCode de r\u00e9sultat :\\t\\t0x0\\n\\tType de chiffrement du ticket :\\t0x12\\n\\tType de pr\u00e9-authentification :\\t2\\n\\nInformations sur le certificat :\\n\\tNom de l\u2019\u00e9metteur du certificat :\\t\\t\\n\\tNum\u00e9ro de s\u00e9rie du certificat :\\t\\n\\t Empreinte num\u00e9rique du certificat :\\t\\t\\n\\nLes informations sur le certificat sont fournies uniquement si un certificat a \u00e9t\u00e9 utilis\u00e9 pour la pr\u00e9-authentification.\\n\\nLes types de pr\u00e9-authentification, les options de ticket, les types de chiffrement et les codes de r\u00e9sultats sont d\u00e9finis dans la RFC 4120.\",\"code\":\"4768\",\"outcome\":\"success\",\"created\":\"2024-11-12T09:17:12.392Z\",\"action\":\"Service d\u2019authentification Kerberos\",\"kind\":\"event\"},\"@timestamp\":\"2024-11-12T09:17:10.124Z\",\"ecs\":{\"version\":\"8.0.0\"},\"tags\":[\"forwarded\",\"beats_input_codec_plain_applied\"],\"log\":{\"level\":\"information\"},\"message\":\"Un ticket d\u2019authentification Kerberos (TGT) a \u00e9t\u00e9 demand\u00e9.\\n\\nInformations sur le compte :\\n\\tNom du compte :\\t\\tUser1\\n\\tNom du domaine Kerberos fourni :\\tDOMAIN\\n\\tID de l\u2019utilisateur :\\t\\t\\tS-1-2-3\\n\\nInformations sur le service :\\n\\tNom du service :\\t\\tservice\\n\\tID du service :\\t\\tS-1-2-3-4-5\\n\\nInformations sur le r\u00e9seau :\\n\\tAdresse du client :\\t\\t198.51.100.20\\n\\tPort client :\\t\\t51261\\n\\nInformations suppl\u00e9mentaires :\\n\\tOptions du ticket :\\t\\t0x40810010\\n\\tCode de r\u00e9sultat :\\t\\t0x0\\n\\tType de chiffrement du ticket :\\t0x12\\n\\tType de pr\u00e9-authentification :\\t2\\n\\nInformations sur le certificat :\\n\\tNom de l\u2019\u00e9metteur du certificat :\\t\\t\\n\\tNum\u00e9ro de s\u00e9rie du certificat :\\t\\n\\t Empreinte num\u00e9rique du certificat :\\t\\t\\n\\nLes informations sur le certificat sont fournies uniquement si un certificat a \u00e9t\u00e9 utilis\u00e9 pour la pr\u00e9-authentification.\\n\\nLes types de pr\u00e9-authentification, les options de ticket, les types de chiffrement et les codes de r\u00e9sultats sont d\u00e9finis dans la RFC 4120.\",\"host\":{\"name\":\"host.example.com\"},\"agent\":{\"name\":\"AGENT\",\"version\":\"8.11.1\",\"type\":\"winlogbeat\",\"ephemeral_id\":\"11111111-2222-3333-4444-555555555555\",\"id\":\"aaaaaaaa-bbbb-CCCC-DDDD-eeeeeeeeeeee\"},\"winlog\":{\"provider_guid\":\"{54849625-5478-4994-A5BA-3E3B0328C30D}\",\"channel\":\"Security\",\"task\":\"Service d\u2019authentification Kerberos\",\"computer_name\":\"host.example.com\",\"keywords\":[\"Succ\u00e8s de l\u2019audit\"],\"opcode\":\"Informations\",\"event_data\":{\"TicketEncryptionType\":\"0x12\",\"TicketOptions\":\"0x40810010\",\"IpPort\":\"51261\",\"TargetDomainName\":\"DOMAIN\",\"TargetUserName\":\"User1\",\"TargetSid\":\"S-1-2-3\",\"PreAuthType\":\"2\",\"Status\":\"0x0\",\"ServiceSid\":\"S-1-2-3\",\"IpAddress\":\"198.51.100.20\",\"ServiceName\":\"service\"},\"process\":{\"thread\":{\"id\":3228},\"pid\":560},\"event_id\":\"4768\",\"api\":\"wineventlog\",\"provider_name\":\"Microsoft-Windows-Security-Auditing\",\"record_id\":2476587536},\"@version\":\"1\"}",
    "event": {
      "action": "Service d\u2019authentification Kerberos",
      "code": "4768",
      "kind": "event",
      "module": "security",
      "original": "Un ticket d\u2019authentification Kerberos (TGT) a \u00e9t\u00e9 demand\u00e9.\n\nInformations sur le compte :\n\tNom du compte :\t\tUser1\n\tNom du domaine Kerberos fourni :\tDOMAIN\n\tID de l\u2019utilisateur :\t\t\tS-1-2-3\n\nInformations sur le service :\n\tNom du service :\t\tservice\n\tID du service :\t\tS-1-2-3-4-5\n\nInformations sur le r\u00e9seau :\n\tAdresse du client :\t\t198.51.100.20\n\tPort client :\t\t51261\n\nInformations suppl\u00e9mentaires :\n\tOptions du ticket :\t\t0x40810010\n\tCode de r\u00e9sultat :\t\t0x0\n\tType de chiffrement du ticket :\t0x12\n\tType de pr\u00e9-authentification :\t2\n\nInformations sur le certificat :\n\tNom de l\u2019\u00e9metteur du certificat :\t\t\n\tNum\u00e9ro de s\u00e9rie du certificat :\t\n\t Empreinte num\u00e9rique du certificat :\t\t\n\nLes informations sur le certificat sont fournies uniquement si un certificat a \u00e9t\u00e9 utilis\u00e9 pour la pr\u00e9-authentification.\n\nLes types de pr\u00e9-authentification, les options de ticket, les types de chiffrement et les codes de r\u00e9sultats sont d\u00e9finis dans la RFC 4120.",
      "outcome": "success",
      "provider": "Microsoft-Windows-Security-Auditing"
    },
    "@timestamp": "2024-11-12T09:17:10.124000Z",
    "action": {
      "id": 4768,
      "outcome": "success",
      "properties": {
        "IpAddress": "198.51.100.20",
        "IpPort": "51261",
        "Keywords": [
          "Succ\u00e8s de l\u2019audit"
        ],
        "Opcode": "Informations",
        "PreAuthType": "2",
        "ProviderGUID": "{54849625-5478-4994-A5BA-3E3B0328C30D}",
        "ServiceName": "service",
        "ServiceSid": "S-1-2-3",
        "SourceName": "Microsoft-Windows-Security-Auditing",
        "Status": "0x0",
        "TargetDomainName": "DOMAIN",
        "TargetSid": "S-1-2-3",
        "TargetUserName": "User1",
        "TicketEncryptionType": "0x12",
        "TicketOptions": "0x40810010"
      },
      "record_id": 2476587536,
      "type": "Security"
    },
    "agent": {
      "ephemeral_id": "11111111-2222-3333-4444-555555555555",
      "id": "aaaaaaaa-bbbb-CCCC-DDDD-eeeeeeeeeeee",
      "name": "AGENT",
      "type": "winlogbeat",
      "version": "8.11.1"
    },
    "host": {
      "name": "host.example.com"
    },
    "log": {
      "level": "information"
    },
    "process": {
      "pid": 560,
      "thread": {
        "id": 3228
      }
    },
    "related": {
      "ip": [
        "198.51.100.20"
      ],
      "user": [
        "User1"
      ]
    },
    "service": {
      "name": "service"
    },
    "source": {
      "address": "198.51.100.20",
      "ip": "198.51.100.20",
      "port": 51261
    },
    "user": {
      "domain": "DOMAIN",
      "id": "S-1-2-3",
      "name": "User1",
      "target": {
        "domain": "DOMAIN",
        "name": "User1"
      }
    },
    "winlog": {
      "api": "wineventlog",
      "channel": "Security",
      "computer_name": "host.example.com",
      "event_data": {
        "StatusDescription": "KDC_ERR_NONE"
      },
      "event_id": "4768",
      "keywords": [
        "Succ\u00e8s de l\u2019audit"
      ],
      "opcode": "Informations",
      "process": {
        "pid": 560,
        "thread": {
          "id": 3228
        }
      },
      "provider_guid": "{54849625-5478-4994-a5ba-3e3b0328c30d}",
      "provider_name": "Microsoft-Windows-Security-Auditing",
      "record_id": "2476587536",
      "task": "Service d\u2019authentification Kerberos"
    }
  }
}