{
  "input": {
    "message": "{\"event\":{\"provider\":\"Microsoft-Windows-Security-Auditing\",\"original\":\"Privil\u00e8ges sp\u00e9ciaux attribu\u00e9s \u00e0 la nouvelle ouverture de session.\\n\\nSujet :\\n\\tID de s\u00e9curit\u00e9 :\\t\\tS-1-2-3\\n\\tNom du compte :\\t\\tUser1\\n\\tDomaine du compte :\\t\\tDOMAIN\\n\\tID d\u2019ouverture de session :\\t\\t0x40C158B6\\n\\nPrivil\u00e8ges :\\t\\tSeSecurityPrivilege\\n\\t\\t\\tSeBackupPrivilege\\n\\t\\t\\tSeRestorePrivilege\\n\\t\\t\\tSeTakeOwnershipPrivilege\\n\\t\\t\\tSeDebugPrivilege\\n\\t\\t\\tSeSystemEnvironmentPrivilege\\n\\t\\t\\tSeLoadDriverPrivilege\\n\\t\\t\\tSeImpersonatePrivilege\\n\\t\\t\\tSeDelegateSessionUserImpersonatePrivilege\",\"code\":\"4672\",\"outcome\":\"success\",\"created\":\"2024-11-12T09:08:54.122Z\",\"action\":\"Special Logon\",\"kind\":\"event\"},\"@timestamp\":\"2024-11-12T09:08:50.647Z\",\"ecs\":{\"version\":\"8.0.0\"},\"tags\":[\"forwarded\",\"beats_input_codec_plain_applied\"],\"log\":{\"level\":\"information\"},\"message\":\"Privil\u00e8ges sp\u00e9ciaux attribu\u00e9s \u00e0 la nouvelle ouverture de session.\\n\\nSujet :\\n\\tID de s\u00e9curit\u00e9 :\\t\\tS-1-2-3\\n\\tNom du compte :\\t\\tUser1\\n\\tDomaine du compte :\\t\\tDOMAIN\\n\\tID d\u2019ouverture de session :\\t\\t0x40C158B6\\n\\nPrivil\u00e8ges :\\t\\tSeSecurityPrivilege\\n\\t\\t\\tSeBackupPrivilege\\n\\t\\t\\tSeRestorePrivilege\\n\\t\\t\\tSeTakeOwnershipPrivilege\\n\\t\\t\\tSeDebugPrivilege\\n\\t\\t\\tSeSystemEnvironmentPrivilege\\n\\t\\t\\tSeLoadDriverPrivilege\\n\\t\\t\\tSeImpersonatePrivilege\\n\\t\\t\\tSeDelegateSessionUserImpersonatePrivilege\",\"host\":{\"name\":\"host.example.com\"},\"agent\":{\"name\":\"AGENT\",\"version\":\"8.11.1\",\"type\":\"winlogbeat\",\"ephemeral_id\":\"12345678-abcd-ef90-1234-abcdef123456\",\"id\":\"11111111-aaaa-2222-bbbb-333333333333\"},\"winlog\":{\"provider_guid\":\"{54849625-5478-4994-a5ba-3e3b0328c30d}\",\"channel\":\"Security\",\"task\":\"Special Logon\",\"computer_name\":\"host.example.com\",\"keywords\":[\"Succ\u00e8s de l\u2019audit\"],\"opcode\":\"Informations\",\"activity_id\":\"{abcdefab-1234-cdef-5678-901234abcdef}\",\"event_data\":{\"SubjectLogonId\":\"0x40c158b6\",\"PrivilegeList\":\"SeSecurityPrivilege\\n\\t\\t\\tSeBackupPrivilege\\n\\t\\t\\tSeRestorePrivilege\\n\\t\\t\\tSeTakeOwnershipPrivilege\\n\\t\\t\\tSeDebugPrivilege\\n\\t\\t\\tSeSystemEnvironmentPrivilege\\n\\t\\t\\tSeLoadDriverPrivilege\\n\\t\\t\\tSeImpersonatePrivilege\\n\\t\\t\\tSeDelegateSessionUserImpersonatePrivilege\",\"SubjectDomainName\":\"DOMAIN\",\"SubjectUserName\":\"User1\",\"SubjectUserSid\":\"S-1-2-3\"},\"process\":{\"thread\":{\"id\":27812},\"pid\":828},\"event_id\":\"4672\",\"api\":\"wineventlog\",\"provider_name\":\"Microsoft-Windows-Security-Auditing\",\"record_id\":288206963},\"@version\":\"1\"}",
    "sekoiaio": {
      "intake": {
        "dialect": "Elastic Winlogbeat",
        "dialect_uuid": "c10307ea-5dd1-45c6-85aa-2a6a900df99b"
      }
    }
  },
  "expected": {
    "message": "{\"event\":{\"provider\":\"Microsoft-Windows-Security-Auditing\",\"original\":\"Privil\u00e8ges sp\u00e9ciaux attribu\u00e9s \u00e0 la nouvelle ouverture de session.\\n\\nSujet :\\n\\tID de s\u00e9curit\u00e9 :\\t\\tS-1-2-3\\n\\tNom du compte :\\t\\tUser1\\n\\tDomaine du compte :\\t\\tDOMAIN\\n\\tID d\u2019ouverture de session :\\t\\t0x40C158B6\\n\\nPrivil\u00e8ges :\\t\\tSeSecurityPrivilege\\n\\t\\t\\tSeBackupPrivilege\\n\\t\\t\\tSeRestorePrivilege\\n\\t\\t\\tSeTakeOwnershipPrivilege\\n\\t\\t\\tSeDebugPrivilege\\n\\t\\t\\tSeSystemEnvironmentPrivilege\\n\\t\\t\\tSeLoadDriverPrivilege\\n\\t\\t\\tSeImpersonatePrivilege\\n\\t\\t\\tSeDelegateSessionUserImpersonatePrivilege\",\"code\":\"4672\",\"outcome\":\"success\",\"created\":\"2024-11-12T09:08:54.122Z\",\"action\":\"Special Logon\",\"kind\":\"event\"},\"@timestamp\":\"2024-11-12T09:08:50.647Z\",\"ecs\":{\"version\":\"8.0.0\"},\"tags\":[\"forwarded\",\"beats_input_codec_plain_applied\"],\"log\":{\"level\":\"information\"},\"message\":\"Privil\u00e8ges sp\u00e9ciaux attribu\u00e9s \u00e0 la nouvelle ouverture de session.\\n\\nSujet :\\n\\tID de s\u00e9curit\u00e9 :\\t\\tS-1-2-3\\n\\tNom du compte :\\t\\tUser1\\n\\tDomaine du compte :\\t\\tDOMAIN\\n\\tID d\u2019ouverture de session :\\t\\t0x40C158B6\\n\\nPrivil\u00e8ges :\\t\\tSeSecurityPrivilege\\n\\t\\t\\tSeBackupPrivilege\\n\\t\\t\\tSeRestorePrivilege\\n\\t\\t\\tSeTakeOwnershipPrivilege\\n\\t\\t\\tSeDebugPrivilege\\n\\t\\t\\tSeSystemEnvironmentPrivilege\\n\\t\\t\\tSeLoadDriverPrivilege\\n\\t\\t\\tSeImpersonatePrivilege\\n\\t\\t\\tSeDelegateSessionUserImpersonatePrivilege\",\"host\":{\"name\":\"host.example.com\"},\"agent\":{\"name\":\"AGENT\",\"version\":\"8.11.1\",\"type\":\"winlogbeat\",\"ephemeral_id\":\"12345678-abcd-ef90-1234-abcdef123456\",\"id\":\"11111111-aaaa-2222-bbbb-333333333333\"},\"winlog\":{\"provider_guid\":\"{54849625-5478-4994-a5ba-3e3b0328c30d}\",\"channel\":\"Security\",\"task\":\"Special Logon\",\"computer_name\":\"host.example.com\",\"keywords\":[\"Succ\u00e8s de l\u2019audit\"],\"opcode\":\"Informations\",\"activity_id\":\"{abcdefab-1234-cdef-5678-901234abcdef}\",\"event_data\":{\"SubjectLogonId\":\"0x40c158b6\",\"PrivilegeList\":\"SeSecurityPrivilege\\n\\t\\t\\tSeBackupPrivilege\\n\\t\\t\\tSeRestorePrivilege\\n\\t\\t\\tSeTakeOwnershipPrivilege\\n\\t\\t\\tSeDebugPrivilege\\n\\t\\t\\tSeSystemEnvironmentPrivilege\\n\\t\\t\\tSeLoadDriverPrivilege\\n\\t\\t\\tSeImpersonatePrivilege\\n\\t\\t\\tSeDelegateSessionUserImpersonatePrivilege\",\"SubjectDomainName\":\"DOMAIN\",\"SubjectUserName\":\"User1\",\"SubjectUserSid\":\"S-1-2-3\"},\"process\":{\"thread\":{\"id\":27812},\"pid\":828},\"event_id\":\"4672\",\"api\":\"wineventlog\",\"provider_name\":\"Microsoft-Windows-Security-Auditing\",\"record_id\":288206963},\"@version\":\"1\"}",
    "event": {
      "action": "Special Logon",
      "code": "4672",
      "kind": "event",
      "module": "security",
      "original": "Privil\u00e8ges sp\u00e9ciaux attribu\u00e9s \u00e0 la nouvelle ouverture de session.\n\nSujet :\n\tID de s\u00e9curit\u00e9 :\t\tS-1-2-3\n\tNom du compte :\t\tUser1\n\tDomaine du compte :\t\tDOMAIN\n\tID d\u2019ouverture de session :\t\t0x40C158B6\n\nPrivil\u00e8ges :\t\tSeSecurityPrivilege\n\t\t\tSeBackupPrivilege\n\t\t\tSeRestorePrivilege\n\t\t\tSeTakeOwnershipPrivilege\n\t\t\tSeDebugPrivilege\n\t\t\tSeSystemEnvironmentPrivilege\n\t\t\tSeLoadDriverPrivilege\n\t\t\tSeImpersonatePrivilege\n\t\t\tSeDelegateSessionUserImpersonatePrivilege",
      "outcome": "success",
      "provider": "Microsoft-Windows-Security-Auditing"
    },
    "@timestamp": "2024-11-12T09:08:50.647000Z",
    "action": {
      "id": 4672,
      "outcome": "success",
      "properties": {
        "Keywords": [
          "Succ\u00e8s de l\u2019audit"
        ],
        "Opcode": "Informations",
        "PrivilegeList": "SeSecurityPrivilege\n\t\t\tSeBackupPrivilege\n\t\t\tSeRestorePrivilege\n\t\t\tSeTakeOwnershipPrivilege\n\t\t\tSeDebugPrivilege\n\t\t\tSeSystemEnvironmentPrivilege\n\t\t\tSeLoadDriverPrivilege\n\t\t\tSeImpersonatePrivilege\n\t\t\tSeDelegateSessionUserImpersonatePrivilege",
        "ProviderGUID": "{54849625-5478-4994-a5ba-3e3b0328c30d}",
        "SourceName": "Microsoft-Windows-Security-Auditing",
        "SubjectDomainName": "DOMAIN",
        "SubjectLogonId": "0x40c158b6",
        "SubjectUserName": "User1",
        "SubjectUserSid": "S-1-2-3"
      },
      "record_id": 288206963,
      "type": "Security"
    },
    "agent": {
      "ephemeral_id": "12345678-abcd-ef90-1234-abcdef123456",
      "id": "11111111-aaaa-2222-bbbb-333333333333",
      "name": "AGENT",
      "type": "winlogbeat",
      "version": "8.11.1"
    },
    "host": {
      "name": "host.example.com"
    },
    "log": {
      "level": "information"
    },
    "process": {
      "pid": 828,
      "thread": {
        "id": 27812
      }
    },
    "related": {
      "user": [
        "User1"
      ]
    },
    "user": {
      "domain": "DOMAIN",
      "id": "S-1-2-3",
      "name": "User1"
    },
    "winlog": {
      "activity_id": "{abcdefab-1234-cdef-5678-901234abcdef}",
      "api": "wineventlog",
      "channel": "Security",
      "computer_name": "host.example.com",
      "event_id": "4672",
      "keywords": [
        "Succ\u00e8s de l\u2019audit"
      ],
      "logon": {
        "id": "0x40c158b6"
      },
      "opcode": "Informations",
      "process": {
        "pid": 828,
        "thread": {
          "id": 27812
        }
      },
      "provider_guid": "{54849625-5478-4994-a5ba-3e3b0328c30d}",
      "provider_name": "Microsoft-Windows-Security-Auditing",
      "record_id": "288206963",
      "task": "Special Logon"
    }
  }
}
