{
  "input": {
    "message": "{\n  \"winlog\": {\n    \"channel\": \"Security\",\n    \"record_id\": 123123,\n    \"provider_guid\": \"{54849625-5478-4994-a5ba-3e3b0328c30d}\",\n    \"task\": \"Kerberos Authentication Service\",\n    \"provider_name\": \"Microsoft-Windows-Security-Auditing\",\n    \"event_data\": {\n      \"ServiceName\": \"krbtgt\",\n      \"TargetUserName\": \"svc_netwrix\",\n      \"IpAddress\": \"::ffff:1.2.3.4\",\n      \"TargetSid\": \"S-1-5-21-xxxxxxxx-xxxxx-xxxxxx\",\n      \"TargetDomainName\": \"sc\",\n      \"TicketOptions\": \"0x40810010\",\n      \"TicketEncryptionType\": \"0x12\",\n      \"ServiceSid\": \"S-1-5-21-xxxxxxxx-xxxxx-xxxxxx\",\n      \"Status\": \"0x0\",\n      \"PreAuthType\": \"2\",\n      \"IpPort\": \"123\"\n    },\n    \"event_id\": \"4768\",\n    \"computer_name\": \"test.test.local\",\n    \"opcode\": \"Informations\",\n    \"process\": {\n      \"pid\": 736,\n      \"thread\": {\n        \"id\": 8224\n      }\n    },\n    \"keywords\": [\n      \"Succ\u00e8s de l\u2019audit\"\n    ],\n    \"api\": \"wineventlog\"\n  },\n  \"ecs\": {\n    \"version\": \"8.0.0\"\n  },\n  \"agent\": {\n    \"id\": \"agent-xxxxxxxx-xxxxx-xxxxxx\",\n    \"ephemeral_id\": \"ephemeral-xxxxxxxx-xxxxx-xxxxxx\",\n    \"version\": \"8.12.2\",\n    \"type\": \"winlogbeat\",\n    \"name\": \"testtest\"\n  },\n  \"event\": {\n    \"original\": \"Un ticket d\u2019authentification Kerberos (TGT) a \u00e9t\u00e9 demand\u00e9.\\n\\nInformations sur le compte :\\n\\tNom du compte :\\t\\tsvc_netwrix\\n\\tNom du domaine Kerberos fourni :\\tsc\\n\\tID de l\u2019utilisateur :\\t\\t\\tS-1-5-xxxxxxxx-xxxxx-xxxxxx\\n\\nInformations sur le service :\\n\\tNom du service :\\t\\tkrbtgt\\n\\tID du service :\\t\\tS-1-5-21-xxxxxxxx-xxxxx-xxxxxx\\n\\nInformations sur le r\u00e9seau :\\n\\tAdresse du client :\\t\\t::ffff:1.2.3.4\\n\\tPort client :\\t\\t123\\n\\nInformations suppl\u00e9mentaires :\\n\\tOptions du ticket :\\t\\t0x40810010\\n\\tCode de r\u00e9sultat :\\t\\t0x0\\n\\tType de chiffrement du ticket :\\t0x12\\n\\tType de pr\u00e9-authentification :\\t2\\n\\nInformations sur le certificat :\\n\\tNom de l\u2019\u00e9metteur du certificat :\\t\\t\\n\\tNum\u00e9ro de s\u00e9rie du certificat :\\t\\n\\t Empreinte num\u00e9rique du certificat :\\t\\t\\n\\nLes informations sur le certificat sont fournies uniquement si un certificat a \u00e9t\u00e9 utilis\u00e9 pour la pr\u00e9-authentification.\\n\\nLes types de pr\u00e9-authentification, les options de ticket, les types de chiffrement et les codes de r\u00e9sultats sont d\u00e9finis dans la RFC 4120.\",\n    \"kind\": \"event\",\n    \"action\": \"Kerberos Authentication Service\",\n    \"code\": \"4768\",\n    \"provider\": \"Microsoft-Windows-Security-Auditing\",\n    \"created\": \"2024-07-12T11:38:30.357Z\",\n    \"outcome\": \"success\"\n  },\n  \"tags\": [\n    \"beats_input_codec_plain_applied\"\n  ],\n  \"message\": \"Un ticket d\u2019authentification Kerberos (TGT) a \u00e9t\u00e9 demand\u00e9.\\n\\nInformations sur le compte :\\n\\tNom du compte :\\t\\tsvc_netwrix\\n\\tNom du domaine Kerberos fourni :\\tsc\\n\\tID de l\u2019utilisateur :\\t\\t\\tS-1-5-21-xxxxx-xxxxx-xxxxx\\n\\nInformations sur le service :\\n\\tNom du service :\\t\\tkrbtgt\\n\\tID du service :\\t\\tS-1-5-21-xxxxx-xxxxx-xxxxx\\n\\nInformations sur le r\u00e9seau :\\n\\tAdresse du client :\\t\\t::ffff:1.2.3.4\\n\\tPort client :\\t\\t123\\n\\nInformations suppl\u00e9mentaires :\\n\\tOptions du ticket :\\t\\t0x40810010\\n\\tCode de r\u00e9sultat :\\t\\t0x0\\n\\tType de chiffrement du ticket :\\t0x12\\n\\tType de pr\u00e9-authentification :\\t2\\n\\nInformations sur le certificat :\\n\\tNom de l\u2019\u00e9metteur du certificat :\\t\\t\\n\\tNum\u00e9ro de s\u00e9rie du certificat :\\t\\n\\t Empreinte num\u00e9rique du certificat :\\t\\t\\n\\nLes informations sur le certificat sont fournies uniquement si un certificat a \u00e9t\u00e9 utilis\u00e9 pour la pr\u00e9-authentification.\\n\\nLes types de pr\u00e9-authentification, les options de ticket, les types de chiffrement et les codes de r\u00e9sultats sont d\u00e9finis dans la RFC 4120.\",\n  \"log\": {\n    \"level\": \"information\"\n  },\n  \"@timestamp\": \"2024-07-12T11:38:28.908Z\",\n  \"@version\": \"1\",\n  \"host\": {\n    \"architecture\": \"x86_64\",\n    \"mac\": [\n    ],\n    \"hostname\": \"testest.local\",\n    \"id\": \"xxxxxx-xxxxxx-xxxxxxxxxx\",\n    \"os\": {\n      \"build\": \"17763.5936\",\n      \"type\": \"windows\",\n      \"name\": \"Windows Server 2019 Standard\",\n      \"kernel\": \"10.0.17763.5933 (WinBuild.160101.0800)\",\n      \"version\": \"10.0\",\n      \"platform\": \"windows\",\n      \"family\": \"windows\"\n    },\n    \"name\": \"testtest\",\n    \"ip\": [\n      \"1.2.3.4\"\n    ]\n  }\n}"
  },
  "expected": {
    "message": "{\n  \"winlog\": {\n    \"channel\": \"Security\",\n    \"record_id\": 123123,\n    \"provider_guid\": \"{54849625-5478-4994-a5ba-3e3b0328c30d}\",\n    \"task\": \"Kerberos Authentication Service\",\n    \"provider_name\": \"Microsoft-Windows-Security-Auditing\",\n    \"event_data\": {\n      \"ServiceName\": \"krbtgt\",\n      \"TargetUserName\": \"svc_netwrix\",\n      \"IpAddress\": \"::ffff:1.2.3.4\",\n      \"TargetSid\": \"S-1-5-21-xxxxxxxx-xxxxx-xxxxxx\",\n      \"TargetDomainName\": \"sc\",\n      \"TicketOptions\": \"0x40810010\",\n      \"TicketEncryptionType\": \"0x12\",\n      \"ServiceSid\": \"S-1-5-21-xxxxxxxx-xxxxx-xxxxxx\",\n      \"Status\": \"0x0\",\n      \"PreAuthType\": \"2\",\n      \"IpPort\": \"123\"\n    },\n    \"event_id\": \"4768\",\n    \"computer_name\": \"test.test.local\",\n    \"opcode\": \"Informations\",\n    \"process\": {\n      \"pid\": 736,\n      \"thread\": {\n        \"id\": 8224\n      }\n    },\n    \"keywords\": [\n      \"Succ\u00e8s de l\u2019audit\"\n    ],\n    \"api\": \"wineventlog\"\n  },\n  \"ecs\": {\n    \"version\": \"8.0.0\"\n  },\n  \"agent\": {\n    \"id\": \"agent-xxxxxxxx-xxxxx-xxxxxx\",\n    \"ephemeral_id\": \"ephemeral-xxxxxxxx-xxxxx-xxxxxx\",\n    \"version\": \"8.12.2\",\n    \"type\": \"winlogbeat\",\n    \"name\": \"testtest\"\n  },\n  \"event\": {\n    \"original\": \"Un ticket d\u2019authentification Kerberos (TGT) a \u00e9t\u00e9 demand\u00e9.\\n\\nInformations sur le compte :\\n\\tNom du compte :\\t\\tsvc_netwrix\\n\\tNom du domaine Kerberos fourni :\\tsc\\n\\tID de l\u2019utilisateur :\\t\\t\\tS-1-5-xxxxxxxx-xxxxx-xxxxxx\\n\\nInformations sur le service :\\n\\tNom du service :\\t\\tkrbtgt\\n\\tID du service :\\t\\tS-1-5-21-xxxxxxxx-xxxxx-xxxxxx\\n\\nInformations sur le r\u00e9seau :\\n\\tAdresse du client :\\t\\t::ffff:1.2.3.4\\n\\tPort client :\\t\\t123\\n\\nInformations suppl\u00e9mentaires :\\n\\tOptions du ticket :\\t\\t0x40810010\\n\\tCode de r\u00e9sultat :\\t\\t0x0\\n\\tType de chiffrement du ticket :\\t0x12\\n\\tType de pr\u00e9-authentification :\\t2\\n\\nInformations sur le certificat :\\n\\tNom de l\u2019\u00e9metteur du certificat :\\t\\t\\n\\tNum\u00e9ro de s\u00e9rie du certificat :\\t\\n\\t Empreinte num\u00e9rique du certificat :\\t\\t\\n\\nLes informations sur le certificat sont fournies uniquement si un certificat a \u00e9t\u00e9 utilis\u00e9 pour la pr\u00e9-authentification.\\n\\nLes types de pr\u00e9-authentification, les options de ticket, les types de chiffrement et les codes de r\u00e9sultats sont d\u00e9finis dans la RFC 4120.\",\n    \"kind\": \"event\",\n    \"action\": \"Kerberos Authentication Service\",\n    \"code\": \"4768\",\n    \"provider\": \"Microsoft-Windows-Security-Auditing\",\n    \"created\": \"2024-07-12T11:38:30.357Z\",\n    \"outcome\": \"success\"\n  },\n  \"tags\": [\n    \"beats_input_codec_plain_applied\"\n  ],\n  \"message\": \"Un ticket d\u2019authentification Kerberos (TGT) a \u00e9t\u00e9 demand\u00e9.\\n\\nInformations sur le compte :\\n\\tNom du compte :\\t\\tsvc_netwrix\\n\\tNom du domaine Kerberos fourni :\\tsc\\n\\tID de l\u2019utilisateur :\\t\\t\\tS-1-5-21-xxxxx-xxxxx-xxxxx\\n\\nInformations sur le service :\\n\\tNom du service :\\t\\tkrbtgt\\n\\tID du service :\\t\\tS-1-5-21-xxxxx-xxxxx-xxxxx\\n\\nInformations sur le r\u00e9seau :\\n\\tAdresse du client :\\t\\t::ffff:1.2.3.4\\n\\tPort client :\\t\\t123\\n\\nInformations suppl\u00e9mentaires :\\n\\tOptions du ticket :\\t\\t0x40810010\\n\\tCode de r\u00e9sultat :\\t\\t0x0\\n\\tType de chiffrement du ticket :\\t0x12\\n\\tType de pr\u00e9-authentification :\\t2\\n\\nInformations sur le certificat :\\n\\tNom de l\u2019\u00e9metteur du certificat :\\t\\t\\n\\tNum\u00e9ro de s\u00e9rie du certificat :\\t\\n\\t Empreinte num\u00e9rique du certificat :\\t\\t\\n\\nLes informations sur le certificat sont fournies uniquement si un certificat a \u00e9t\u00e9 utilis\u00e9 pour la pr\u00e9-authentification.\\n\\nLes types de pr\u00e9-authentification, les options de ticket, les types de chiffrement et les codes de r\u00e9sultats sont d\u00e9finis dans la RFC 4120.\",\n  \"log\": {\n    \"level\": \"information\"\n  },\n  \"@timestamp\": \"2024-07-12T11:38:28.908Z\",\n  \"@version\": \"1\",\n  \"host\": {\n    \"architecture\": \"x86_64\",\n    \"mac\": [\n    ],\n    \"hostname\": \"testest.local\",\n    \"id\": \"xxxxxx-xxxxxx-xxxxxxxxxx\",\n    \"os\": {\n      \"build\": \"17763.5936\",\n      \"type\": \"windows\",\n      \"name\": \"Windows Server 2019 Standard\",\n      \"kernel\": \"10.0.17763.5933 (WinBuild.160101.0800)\",\n      \"version\": \"10.0\",\n      \"platform\": \"windows\",\n      \"family\": \"windows\"\n    },\n    \"name\": \"testtest\",\n    \"ip\": [\n      \"1.2.3.4\"\n    ]\n  }\n}",
    "event": {
      "action": "Kerberos Authentication Service",
      "code": "4768",
      "kind": "event",
      "module": "security",
      "original": "Un ticket d\u2019authentification Kerberos (TGT) a \u00e9t\u00e9 demand\u00e9.\n\nInformations sur le compte :\n\tNom du compte :\t\tsvc_netwrix\n\tNom du domaine Kerberos fourni :\tsc\n\tID de l\u2019utilisateur :\t\t\tS-1-5-21-xxxxx-xxxxx-xxxxx\n\nInformations sur le service :\n\tNom du service :\t\tkrbtgt\n\tID du service :\t\tS-1-5-21-xxxxx-xxxxx-xxxxx\n\nInformations sur le r\u00e9seau :\n\tAdresse du client :\t\t::ffff:1.2.3.4\n\tPort client :\t\t123\n\nInformations suppl\u00e9mentaires :\n\tOptions du ticket :\t\t0x40810010\n\tCode de r\u00e9sultat :\t\t0x0\n\tType de chiffrement du ticket :\t0x12\n\tType de pr\u00e9-authentification :\t2\n\nInformations sur le certificat :\n\tNom de l\u2019\u00e9metteur du certificat :\t\t\n\tNum\u00e9ro de s\u00e9rie du certificat :\t\n\t Empreinte num\u00e9rique du certificat :\t\t\n\nLes informations sur le certificat sont fournies uniquement si un certificat a \u00e9t\u00e9 utilis\u00e9 pour la pr\u00e9-authentification.\n\nLes types de pr\u00e9-authentification, les options de ticket, les types de chiffrement et les codes de r\u00e9sultats sont d\u00e9finis dans la RFC 4120.",
      "outcome": "success",
      "provider": "Microsoft-Windows-Security-Auditing"
    },
    "@timestamp": "2024-07-12T11:38:28.908000Z",
    "action": {
      "id": 4768,
      "outcome": "success",
      "properties": {
        "EventType": "AUDIT_SUCCESS",
        "IpAddress": "::ffff:1.2.3.4",
        "IpPort": "123",
        "PreAuthType": "2",
        "ServiceName": "krbtgt",
        "ServiceSid": "S-1-5-21-xxxxxxxx-xxxxx-xxxxxx",
        "Status": "0x0",
        "TargetDomainName": "sc",
        "TargetSid": "S-1-5-21-xxxxxxxx-xxxxx-xxxxxx",
        "TargetUserName": "svc_netwrix",
        "TicketEncryptionType": "0x12",
        "TicketOptions": "0x40810010"
      }
    },
    "agent": {
      "ephemeral_id": "ephemeral-xxxxxxxx-xxxxx-xxxxxx",
      "id": "agent-xxxxxxxx-xxxxx-xxxxxx",
      "name": "testtest",
      "type": "winlogbeat",
      "version": "8.12.2"
    },
    "host": {
      "architecture": "x86_64",
      "hostname": "testest.local",
      "id": "xxxxxx-xxxxxx-xxxxxxxxxx",
      "ip": [
        "1.2.3.4"
      ],
      "mac": [],
      "name": "testtest",
      "os": {
        "build": "17763.5936",
        "family": "windows",
        "kernel": "10.0.17763.5933 (WinBuild.160101.0800)",
        "name": "Windows Server 2019 Standard",
        "platform": "windows",
        "type": "windows",
        "version": "10.0"
      }
    },
    "log": {
      "level": "information"
    },
    "related": {
      "hosts": [
        "testest.local"
      ],
      "ip": [
        "1.2.3.4",
        "::ffff:102:304"
      ],
      "user": [
        "svc_netwrix"
      ]
    },
    "service": {
      "name": "krbtgt"
    },
    "source": {
      "address": "::ffff:102:304",
      "ip": "::ffff:102:304",
      "port": 123
    },
    "user": {
      "domain": "sc",
      "id": "S-1-5-21-xxxxxxxx-xxxxx-xxxxxx",
      "name": "svc_netwrix",
      "target": {
        "domain": "sc",
        "name": "svc_netwrix"
      }
    },
    "winlog": {
      "api": "wineventlog",
      "channel": "Security",
      "computer_name": "test.test.local",
      "event_data": {
        "StatusDescription": "KDC_ERR_NONE",
        "TicketOptionsDescription": [
          "Forwardable",
          "Name-canonicalize",
          "Renewable",
          "Renewable-ok"
        ]
      },
      "event_id": "4768",
      "keywords": [
        "Succ\u00e8s de l\u2019audit"
      ],
      "opcode": "Informations",
      "process": {
        "pid": 736,
        "thread": {
          "id": 8224
        }
      },
      "provider_guid": "{54849625-5478-4994-a5ba-3e3b0328c30d}",
      "provider_name": "Microsoft-Windows-Security-Auditing",
      "record_id": "123123",
      "task": "Kerberos Authentication Service"
    }
  }
}