{
  "input": {
    "message": "{\n    \"@timestamp\": \"2021-02-25T14:43:23.550Z\",\n    \"ecs\": {\n      \"version\": \"1.12.0\"\n    },\n    \"event\": {\n      \"category\": [\n        \"process\"\n      ],\n      \"code\": \"25\",\n      \"kind\": \"event\",\n      \"module\": \"sysmon\",\n      \"provider\": \"Microsoft-Windows-Sysmon\",\n      \"type\": [\n        \"change\"\n      ]\n    },\n    \"host\": {\n      \"name\": \"DESKTOP-I9CQVAQ\"\n    },\n    \"log\": {\n      \"level\": \"information\"\n    },\n    \"message\": \"Image is replaced\",\n    \"process\": {\n      \"entity_id\": \"{9497d8d9-b78b-6037-6f13-000000001000}\",\n      \"executable\": \"C:\\\\Program Files\\\\Git\\\\mingw64\\\\libexec\\\\git-core\\\\git.exe\",\n      \"name\": \"git.exe\",\n      \"pid\": 2628\n    },\n    \"user\": {\n      \"id\": \"S-1-5-18\"\n    },\n    \"winlog\": {\n      \"api\": \"wineventlog\",\n      \"channel\": \"Microsoft-Windows-Sysmon/Operational\",\n      \"computer_name\": \"DESKTOP-I9CQVAQ\",\n      \"event_id\": \"25\",\n      \"opcode\": \"Info\",\n      \"process\": {\n        \"pid\": 3800,\n        \"thread\": {\n          \"id\": 5080\n        }\n      },\n      \"provider_guid\": \"{5770385f-c22a-43e0-bf4c-06f5698ffbd9}\",\n      \"provider_name\": \"Microsoft-Windows-Sysmon\",\n      \"record_id\": \"10737797\",\n      \"user\": {\n        \"domain\": \"NT AUTHORITY\",\n        \"identifier\": \"S-1-5-18\",\n        \"name\": \"SYSTEM\",\n        \"type\": \"Well Known Group\"\n      },\n      \"version\": 5\n    }\n  }"
  },
  "expected": {
    "message": "{\n    \"@timestamp\": \"2021-02-25T14:43:23.550Z\",\n    \"ecs\": {\n      \"version\": \"1.12.0\"\n    },\n    \"event\": {\n      \"category\": [\n        \"process\"\n      ],\n      \"code\": \"25\",\n      \"kind\": \"event\",\n      \"module\": \"sysmon\",\n      \"provider\": \"Microsoft-Windows-Sysmon\",\n      \"type\": [\n        \"change\"\n      ]\n    },\n    \"host\": {\n      \"name\": \"DESKTOP-I9CQVAQ\"\n    },\n    \"log\": {\n      \"level\": \"information\"\n    },\n    \"message\": \"Image is replaced\",\n    \"process\": {\n      \"entity_id\": \"{9497d8d9-b78b-6037-6f13-000000001000}\",\n      \"executable\": \"C:\\\\Program Files\\\\Git\\\\mingw64\\\\libexec\\\\git-core\\\\git.exe\",\n      \"name\": \"git.exe\",\n      \"pid\": 2628\n    },\n    \"user\": {\n      \"id\": \"S-1-5-18\"\n    },\n    \"winlog\": {\n      \"api\": \"wineventlog\",\n      \"channel\": \"Microsoft-Windows-Sysmon/Operational\",\n      \"computer_name\": \"DESKTOP-I9CQVAQ\",\n      \"event_id\": \"25\",\n      \"opcode\": \"Info\",\n      \"process\": {\n        \"pid\": 3800,\n        \"thread\": {\n          \"id\": 5080\n        }\n      },\n      \"provider_guid\": \"{5770385f-c22a-43e0-bf4c-06f5698ffbd9}\",\n      \"provider_name\": \"Microsoft-Windows-Sysmon\",\n      \"record_id\": \"10737797\",\n      \"user\": {\n        \"domain\": \"NT AUTHORITY\",\n        \"identifier\": \"S-1-5-18\",\n        \"name\": \"SYSTEM\",\n        \"type\": \"Well Known Group\"\n      },\n      \"version\": 5\n    }\n  }",
    "event": {
      "category": [
        "process"
      ],
      "code": "25",
      "kind": "event",
      "module": "sysmon",
      "original": "Image is replaced",
      "provider": "Microsoft-Windows-Sysmon",
      "type": [
        "change"
      ]
    },
    "@timestamp": "2021-02-25T14:43:23.550000Z",
    "action": {
      "id": 25
    },
    "host": {
      "name": "DESKTOP-I9CQVAQ"
    },
    "log": {
      "level": "information"
    },
    "process": {
      "entity_id": "{9497d8d9-b78b-6037-6f13-000000001000}",
      "executable": "C:\\Program Files\\Git\\mingw64\\libexec\\git-core\\git.exe",
      "name": "git.exe",
      "pid": 2628
    },
    "user": {
      "id": "S-1-5-18"
    },
    "winlog": {
      "api": "wineventlog",
      "channel": "Microsoft-Windows-Sysmon/Operational",
      "computer_name": "DESKTOP-I9CQVAQ",
      "event_id": "25",
      "opcode": "Info",
      "process": {
        "pid": 3800,
        "thread": {
          "id": 5080
        }
      },
      "provider_guid": "{5770385f-c22a-43e0-bf4c-06f5698ffbd9}",
      "provider_name": "Microsoft-Windows-Sysmon",
      "record_id": "10737797",
      "user": {
        "domain": "NT AUTHORITY",
        "identifier": "S-1-5-18",
        "name": "SYSTEM",
        "type": "Well Known Group"
      },
      "version": 5
    }
  }
}