{
  "input": {
    "message": "{\n    \"@timestamp\": \"2019-03-18T16:57:37.949Z\",\n    \"ecs\": {\n      \"version\": \"1.12.0\"\n    },\n    \"event\": {\n      \"category\": [\n        \"process\"\n      ],\n      \"code\": \"1\",\n      \"kind\": \"event\",\n      \"module\": \"sysmon\",\n      \"provider\": \"Microsoft-Windows-Sysmon\",\n      \"type\": [\n        \"start\"\n      ]\n    },\n    \"host\": {\n      \"name\": \"host.example.com\"\n    },\n    \"log\": {\n      \"level\": \"information\"\n    },\n    \"process\": {\n      \"args\": [\n        \"C:\\\\Windows\\\\Sysmon.exe\"\n      ],\n      \"args_count\": 1,\n      \"command_line\": \"C:\\\\Windows\\\\Sysmon.exe\",\n      \"entity_id\": \"{42f11c3b-ce01-5c8f-0000-0010c73e2a00}\",\n      \"executable\": \"C:\\\\Windows\\\\Sysmon.exe\",\n      \"hash\": {\n        \"sha1\": \"ac93c3b38e57a2715572933dbcb2a1c2892dbc5e\"\n      },\n      \"name\": \"Sysmon.exe\",\n      \"parent\": {\n        \"args\": [\n          \"C:\\\\Windows\\\\system32\\\\services.exe\"\n        ],\n        \"args_count\": 1,\n        \"command_line\": \"C:\\\\Windows\\\\system32\\\\services.exe\",\n        \"entity_id\": \"{42f11c3b-6e1a-5c8c-0000-0010f14d0000}\",\n        \"executable\": \"C:\\\\Windows\\\\System32\\\\services.exe\",\n        \"name\": \"services.exe\",\n        \"pid\": 488\n      },\n      \"pe\": {\n        \"company\": \"Sysinternals - www.sysinternals.com\",\n        \"description\": \"System activity monitor\",\n        \"file_version\": \"9.01\",\n        \"product\": \"Sysinternals Sysmon\"\n      },\n      \"pid\": 4860,\n      \"working_directory\": \"C:\\\\Windows\\\\system32\\\\\"\n    },\n    \"related\": {\n      \"hash\": [\n        \"ac93c3b38e57a2715572933dbcb2a1c2892dbc5e\"\n      ],\n      \"user\": [\n        \"SYSTEM\"\n      ]\n    },\n    \"user\": {\n      \"domain\": \"host.example.com\",\n      \"id\": \"S-1-5-18\",\n      \"name\": \"SYSTEM\"\n    },\n    \"winlog\": {\n      \"api\": \"wineventlog\",\n      \"channel\": \"Microsoft-Windows-Sysmon/Operational\",\n      \"computer_name\": \"host.example.com\",\n      \"event_data\": {\n        \"Company\": \"Sysinternals - www.sysinternals.com\",\n        \"Description\": \"System activity monitor\",\n        \"FileVersion\": \"9.01\",\n        \"IntegrityLevel\": \"System\",\n        \"LogonGuid\": \"{42f11c3b-6e1a-5c8c-0000-0020e7030000}\",\n        \"LogonId\": \"0x3e7\",\n        \"Product\": \"Sysinternals Sysmon\",\n        \"TerminalSessionId\": \"0\"\n      },\n      \"event_id\": \"1\",\n      \"opcode\": \"Info\",\n      \"process\": {\n        \"pid\": 4860,\n        \"thread\": {\n          \"id\": 4516\n        }\n      },\n      \"provider_guid\": \"{5770385f-c22a-43e0-bf4c-06f5698ffbd9}\",\n      \"provider_name\": \"Microsoft-Windows-Sysmon\",\n      \"record_id\": \"3\",\n      \"user\": {\n        \"domain\": \"host.example.com\",\n        \"identifier\": \"S-1-5-18\",\n        \"name\": \"SYSTEM\",\n        \"type\": \"Well Known Group\"\n      },\n      \"version\": 5\n    }\n  }"
  },
  "expected": {
    "message": "{\n    \"@timestamp\": \"2019-03-18T16:57:37.949Z\",\n    \"ecs\": {\n      \"version\": \"1.12.0\"\n    },\n    \"event\": {\n      \"category\": [\n        \"process\"\n      ],\n      \"code\": \"1\",\n      \"kind\": \"event\",\n      \"module\": \"sysmon\",\n      \"provider\": \"Microsoft-Windows-Sysmon\",\n      \"type\": [\n        \"start\"\n      ]\n    },\n    \"host\": {\n      \"name\": \"host.example.com\"\n    },\n    \"log\": {\n      \"level\": \"information\"\n    },\n    \"process\": {\n      \"args\": [\n        \"C:\\\\Windows\\\\Sysmon.exe\"\n      ],\n      \"args_count\": 1,\n      \"command_line\": \"C:\\\\Windows\\\\Sysmon.exe\",\n      \"entity_id\": \"{42f11c3b-ce01-5c8f-0000-0010c73e2a00}\",\n      \"executable\": \"C:\\\\Windows\\\\Sysmon.exe\",\n      \"hash\": {\n        \"sha1\": \"ac93c3b38e57a2715572933dbcb2a1c2892dbc5e\"\n      },\n      \"name\": \"Sysmon.exe\",\n      \"parent\": {\n        \"args\": [\n          \"C:\\\\Windows\\\\system32\\\\services.exe\"\n        ],\n        \"args_count\": 1,\n        \"command_line\": \"C:\\\\Windows\\\\system32\\\\services.exe\",\n        \"entity_id\": \"{42f11c3b-6e1a-5c8c-0000-0010f14d0000}\",\n        \"executable\": \"C:\\\\Windows\\\\System32\\\\services.exe\",\n        \"name\": \"services.exe\",\n        \"pid\": 488\n      },\n      \"pe\": {\n        \"company\": \"Sysinternals - www.sysinternals.com\",\n        \"description\": \"System activity monitor\",\n        \"file_version\": \"9.01\",\n        \"product\": \"Sysinternals Sysmon\"\n      },\n      \"pid\": 4860,\n      \"working_directory\": \"C:\\\\Windows\\\\system32\\\\\"\n    },\n    \"related\": {\n      \"hash\": [\n        \"ac93c3b38e57a2715572933dbcb2a1c2892dbc5e\"\n      ],\n      \"user\": [\n        \"SYSTEM\"\n      ]\n    },\n    \"user\": {\n      \"domain\": \"host.example.com\",\n      \"id\": \"S-1-5-18\",\n      \"name\": \"SYSTEM\"\n    },\n    \"winlog\": {\n      \"api\": \"wineventlog\",\n      \"channel\": \"Microsoft-Windows-Sysmon/Operational\",\n      \"computer_name\": \"host.example.com\",\n      \"event_data\": {\n        \"Company\": \"Sysinternals - www.sysinternals.com\",\n        \"Description\": \"System activity monitor\",\n        \"FileVersion\": \"9.01\",\n        \"IntegrityLevel\": \"System\",\n        \"LogonGuid\": \"{42f11c3b-6e1a-5c8c-0000-0020e7030000}\",\n        \"LogonId\": \"0x3e7\",\n        \"Product\": \"Sysinternals Sysmon\",\n        \"TerminalSessionId\": \"0\"\n      },\n      \"event_id\": \"1\",\n      \"opcode\": \"Info\",\n      \"process\": {\n        \"pid\": 4860,\n        \"thread\": {\n          \"id\": 4516\n        }\n      },\n      \"provider_guid\": \"{5770385f-c22a-43e0-bf4c-06f5698ffbd9}\",\n      \"provider_name\": \"Microsoft-Windows-Sysmon\",\n      \"record_id\": \"3\",\n      \"user\": {\n        \"domain\": \"host.example.com\",\n        \"identifier\": \"S-1-5-18\",\n        \"name\": \"SYSTEM\",\n        \"type\": \"Well Known Group\"\n      },\n      \"version\": 5\n    }\n  }",
    "event": {
      "category": [
        "process"
      ],
      "code": "1",
      "kind": "event",
      "module": "sysmon",
      "provider": "Microsoft-Windows-Sysmon",
      "type": [
        "start"
      ]
    },
    "@timestamp": "2019-03-18T16:57:37.949000Z",
    "action": {
      "id": 1,
      "properties": {
        "Company": "Sysinternals - www.sysinternals.com",
        "Description": "System activity monitor",
        "FileVersion": "9.01",
        "IntegrityLevel": "System",
        "LogonGuid": "{42f11c3b-6e1a-5c8c-0000-0020e7030000}",
        "LogonId": "0x3e7",
        "Opcode": "Info",
        "Product": "Sysinternals Sysmon",
        "ProviderGUID": "{5770385f-c22a-43e0-bf4c-06f5698ffbd9}",
        "SourceName": "Microsoft-Windows-Sysmon",
        "TerminalSessionId": "0"
      },
      "record_id": 3,
      "type": "Microsoft-Windows-Sysmon/Operational"
    },
    "host": {
      "name": "host.example.com"
    },
    "log": {
      "level": "information"
    },
    "process": {
      "args": [
        "C:\\Windows\\Sysmon.exe"
      ],
      "args_count": 1,
      "command_line": "C:\\Windows\\Sysmon.exe",
      "entity_id": "{42f11c3b-ce01-5c8f-0000-0010c73e2a00}",
      "executable": "C:\\Windows\\Sysmon.exe",
      "hash": {
        "sha1": "ac93c3b38e57a2715572933dbcb2a1c2892dbc5e"
      },
      "name": "Sysmon.exe",
      "parent": {
        "args": [
          "C:\\Windows\\system32\\services.exe"
        ],
        "args_count": 1,
        "command_line": "C:\\Windows\\system32\\services.exe",
        "entity_id": "{42f11c3b-6e1a-5c8c-0000-0010f14d0000}",
        "executable": "C:\\Windows\\System32\\services.exe",
        "name": "services.exe",
        "pid": 488
      },
      "pe": {
        "company": "Sysinternals - www.sysinternals.com",
        "description": "System activity monitor",
        "file_version": "9.01",
        "product": "Sysinternals Sysmon"
      },
      "pid": 4860,
      "thread": {
        "id": 4516
      },
      "working_directory": "C:\\Windows\\system32\\"
    },
    "related": {
      "hash": [
        "ac93c3b38e57a2715572933dbcb2a1c2892dbc5e"
      ],
      "user": [
        "SYSTEM"
      ]
    },
    "user": {
      "domain": "host.example.com",
      "id": "S-1-5-18",
      "name": "SYSTEM"
    },
    "winlog": {
      "api": "wineventlog",
      "channel": "Microsoft-Windows-Sysmon/Operational",
      "computer_name": "vagrant-2012-r2",
      "event_id": "1",
      "opcode": "Info",
      "process": {
        "pid": 4860,
        "thread": {
          "id": 4516
        }
      },
      "provider_guid": "{5770385f-c22a-43e0-bf4c-06f5698ffbd9}",
      "provider_name": "Microsoft-Windows-Sysmon",
      "record_id": "3",
      "user": {
        "domain": "host.example.com",
        "identifier": "S-1-5-18",
        "name": "SYSTEM",
        "type": "Well Known Group"
      },
      "version": 5
    }
  }
}
