{
  "input": {
    "message": "{\n    \"@timestamp\": \"2019-03-18T16:57:37.933Z\",\n    \"ecs\": {\n      \"version\": \"1.12.0\"\n    },\n    \"event\": {\n      \"category\": [\n        \"configuration\"\n      ],\n      \"code\": \"16\",\n      \"kind\": \"event\",\n      \"module\": \"sysmon\",\n      \"provider\": \"Microsoft-Windows-Sysmon\",\n      \"type\": [\n        \"change\"\n      ]\n    },\n    \"host\": {\n      \"name\": \"vagrant-2012-r2\"\n    },\n    \"log\": {\n      \"level\": \"information\"\n    },\n    \"user\": {\n      \"id\": \"S-1-5-21-3541430928-2051711210-1391384369-1001\"\n    },\n    \"winlog\": {\n      \"api\": \"wineventlog\",\n      \"channel\": \"Microsoft-Windows-Sysmon/Operational\",\n      \"computer_name\": \"vagrant-2012-r2\",\n      \"event_data\": {\n        \"Configuration\": \"C:\\\\Users\\\\vagrant\\\\Downloads\\\\\\\"C:\\\\Users\\\\vagrant\\\\Downloads\\\\Sysmon.exe\\\"  -i -n\"\n      },\n      \"event_id\": \"16\",\n      \"opcode\": \"Info\",\n      \"process\": {\n        \"pid\": 4616,\n        \"thread\": {\n          \"id\": 4724\n        }\n      },\n      \"provider_guid\": \"{5770385f-c22a-43e0-bf4c-06f5698ffbd9}\",\n      \"provider_name\": \"Microsoft-Windows-Sysmon\",\n      \"record_id\": \"1\",\n      \"user\": {\n        \"identifier\": \"S-1-5-21-3541430928-2051711210-1391384369-1001\"\n      },\n      \"version\": 3\n    }\n  }"
  },
  "expected": {
    "message": "{\n    \"@timestamp\": \"2019-03-18T16:57:37.933Z\",\n    \"ecs\": {\n      \"version\": \"1.12.0\"\n    },\n    \"event\": {\n      \"category\": [\n        \"configuration\"\n      ],\n      \"code\": \"16\",\n      \"kind\": \"event\",\n      \"module\": \"sysmon\",\n      \"provider\": \"Microsoft-Windows-Sysmon\",\n      \"type\": [\n        \"change\"\n      ]\n    },\n    \"host\": {\n      \"name\": \"vagrant-2012-r2\"\n    },\n    \"log\": {\n      \"level\": \"information\"\n    },\n    \"user\": {\n      \"id\": \"S-1-5-21-3541430928-2051711210-1391384369-1001\"\n    },\n    \"winlog\": {\n      \"api\": \"wineventlog\",\n      \"channel\": \"Microsoft-Windows-Sysmon/Operational\",\n      \"computer_name\": \"vagrant-2012-r2\",\n      \"event_data\": {\n        \"Configuration\": \"C:\\\\Users\\\\vagrant\\\\Downloads\\\\\\\"C:\\\\Users\\\\vagrant\\\\Downloads\\\\Sysmon.exe\\\"  -i -n\"\n      },\n      \"event_id\": \"16\",\n      \"opcode\": \"Info\",\n      \"process\": {\n        \"pid\": 4616,\n        \"thread\": {\n          \"id\": 4724\n        }\n      },\n      \"provider_guid\": \"{5770385f-c22a-43e0-bf4c-06f5698ffbd9}\",\n      \"provider_name\": \"Microsoft-Windows-Sysmon\",\n      \"record_id\": \"1\",\n      \"user\": {\n        \"identifier\": \"S-1-5-21-3541430928-2051711210-1391384369-1001\"\n      },\n      \"version\": 3\n    }\n  }",
    "event": {
      "category": [
        "configuration"
      ],
      "code": "16",
      "kind": "event",
      "module": "sysmon",
      "provider": "Microsoft-Windows-Sysmon",
      "type": [
        "change"
      ]
    },
    "@timestamp": "2019-03-18T16:57:37.933000Z",
    "action": {
      "id": 16,
      "properties": {
        "Configuration": "C:\\Users\\vagrant\\Downloads\\\"C:\\Users\\vagrant\\Downloads\\Sysmon.exe\"  -i -n"
      }
    },
    "host": {
      "name": "vagrant-2012-r2"
    },
    "log": {
      "level": "information"
    },
    "user": {
      "id": "S-1-5-21-3541430928-2051711210-1391384369-1001"
    },
    "winlog": {
      "api": "wineventlog",
      "channel": "Microsoft-Windows-Sysmon/Operational",
      "computer_name": "vagrant-2012-r2",
      "event_id": "16",
      "opcode": "Info",
      "process": {
        "pid": 4616,
        "thread": {
          "id": 4724
        }
      },
      "provider_guid": "{5770385f-c22a-43e0-bf4c-06f5698ffbd9}",
      "provider_name": "Microsoft-Windows-Sysmon",
      "record_id": "1",
      "user": {
        "identifier": "S-1-5-21-3541430928-2051711210-1391384369-1001"
      },
      "version": 3
    }
  }
}