{
  "input": {
    "sekoiaio": {
      "intake": {
        "dialect": "Elastic Winlogbeat",
        "dialect_uuid": "c10307ea-5dd1-45c6-85aa-2a6a900df99b"
      }
    },
    "message": "{\n    \"@timestamp\": \"2022-01-24T05:12:34.328Z\",\n    \"ecs\": {\n      \"version\": \"1.12.0\"\n    },\n    \"event\": {\n      \"category\": [\n        \"file\"\n      ],\n      \"code\": \"26\",\n      \"kind\": \"event\",\n      \"module\": \"sysmon\",\n      \"provider\": \"Microsoft-Windows-Sysmon\",\n      \"type\": [\n        \"deletion\"\n      ]\n    },\n    \"file\": {\n      \"directory\": \"C:\\\\Windows\\\\ServiceState\\\\EventLog\\\\Data\",\n      \"extension\": \"dat\",\n      \"name\": \"lastalive1.dat\",\n      \"path\": \"C:\\\\Windows\\\\ServiceState\\\\EventLog\\\\Data\\\\lastalive1.dat\"\n    },\n    \"host\": {\n      \"name\": \"vagrant\"\n    },\n    \"log\": {\n      \"level\": \"information\"\n    },\n    \"process\": {\n      \"entity_id\": \"{63a74932-a2b4-61ee-1b00-000000000700}\",\n      \"executable\": \"C:\\\\Windows\\\\System32\\\\svchost.exe\",\n      \"hash\": {\n        \"sha256\": \"a94808e7c66973b122f66ec6611019c745a9602f8e944f53635cab58aef35a79\"\n      },\n      \"name\": \"svchost.exe\",\n      \"pid\": 1264\n    },\n    \"related\": {\n      \"hash\": [\n        \"a94808e7c66973b122f66ec6611019c745a9602f8e944f53635cab58aef35a79\"\n      ],\n      \"user\": [\n        \"LOCAL SERVICE\"\n      ]\n    },\n    \"sysmon\": {\n      \"file\": {\n        \"is_executable\": false\n      }\n    },\n    \"user\": {\n      \"domain\": \"NT AUTHORITY\",\n      \"id\": \"S-1-5-18\",\n      \"name\": \"LOCAL SERVICE\"\n    },\n    \"winlog\": {\n      \"api\": \"wineventlog\",\n      \"channel\": \"Microsoft-Windows-Sysmon/Operational\",\n      \"computer_name\": \"vagrant\",\n      \"event_id\": \"26\",\n      \"opcode\": \"Info\",\n      \"process\": {\n        \"pid\": 2764,\n        \"thread\": {\n          \"id\": 3792\n        }\n      },\n      \"provider_guid\": \"{5770385f-c22a-43e0-bf4c-06f5698ffbd9}\",\n      \"provider_name\": \"Microsoft-Windows-Sysmon\",\n      \"record_id\": \"456\",\n      \"user\": {\n        \"domain\": \"NT AUTHORITY\",\n        \"identifier\": \"S-1-5-18\",\n        \"name\": \"SYSTEM\",\n        \"type\": \"Well Known Group\"\n      },\n      \"version\": 5\n    }\n  }"
  },
  "expected": {
    "message": "{\n    \"@timestamp\": \"2022-01-24T05:12:34.328Z\",\n    \"ecs\": {\n      \"version\": \"1.12.0\"\n    },\n    \"event\": {\n      \"category\": [\n        \"file\"\n      ],\n      \"code\": \"26\",\n      \"kind\": \"event\",\n      \"module\": \"sysmon\",\n      \"provider\": \"Microsoft-Windows-Sysmon\",\n      \"type\": [\n        \"deletion\"\n      ]\n    },\n    \"file\": {\n      \"directory\": \"C:\\\\Windows\\\\ServiceState\\\\EventLog\\\\Data\",\n      \"extension\": \"dat\",\n      \"name\": \"lastalive1.dat\",\n      \"path\": \"C:\\\\Windows\\\\ServiceState\\\\EventLog\\\\Data\\\\lastalive1.dat\"\n    },\n    \"host\": {\n      \"name\": \"vagrant\"\n    },\n    \"log\": {\n      \"level\": \"information\"\n    },\n    \"process\": {\n      \"entity_id\": \"{63a74932-a2b4-61ee-1b00-000000000700}\",\n      \"executable\": \"C:\\\\Windows\\\\System32\\\\svchost.exe\",\n      \"hash\": {\n        \"sha256\": \"a94808e7c66973b122f66ec6611019c745a9602f8e944f53635cab58aef35a79\"\n      },\n      \"name\": \"svchost.exe\",\n      \"pid\": 1264\n    },\n    \"related\": {\n      \"hash\": [\n        \"a94808e7c66973b122f66ec6611019c745a9602f8e944f53635cab58aef35a79\"\n      ],\n      \"user\": [\n        \"LOCAL SERVICE\"\n      ]\n    },\n    \"sysmon\": {\n      \"file\": {\n        \"is_executable\": false\n      }\n    },\n    \"user\": {\n      \"domain\": \"NT AUTHORITY\",\n      \"id\": \"S-1-5-18\",\n      \"name\": \"LOCAL SERVICE\"\n    },\n    \"winlog\": {\n      \"api\": \"wineventlog\",\n      \"channel\": \"Microsoft-Windows-Sysmon/Operational\",\n      \"computer_name\": \"vagrant\",\n      \"event_id\": \"26\",\n      \"opcode\": \"Info\",\n      \"process\": {\n        \"pid\": 2764,\n        \"thread\": {\n          \"id\": 3792\n        }\n      },\n      \"provider_guid\": \"{5770385f-c22a-43e0-bf4c-06f5698ffbd9}\",\n      \"provider_name\": \"Microsoft-Windows-Sysmon\",\n      \"record_id\": \"456\",\n      \"user\": {\n        \"domain\": \"NT AUTHORITY\",\n        \"identifier\": \"S-1-5-18\",\n        \"name\": \"SYSTEM\",\n        \"type\": \"Well Known Group\"\n      },\n      \"version\": 5\n    }\n  }",
    "event": {
      "category": [
        "file"
      ],
      "code": "26",
      "kind": "event",
      "module": "sysmon",
      "provider": "Microsoft-Windows-Sysmon",
      "type": [
        "deletion"
      ]
    },
    "@timestamp": "2022-01-24T05:12:34.328000Z",
    "action": {
      "id": 26
    },
    "file": {
      "directory": "C:\\Windows\\ServiceState\\EventLog\\Data",
      "extension": "dat",
      "name": "lastalive1.dat",
      "path": "C:\\Windows\\ServiceState\\EventLog\\Data\\lastalive1.dat"
    },
    "host": {
      "name": "vagrant"
    },
    "log": {
      "level": "information"
    },
    "process": {
      "entity_id": "{63a74932-a2b4-61ee-1b00-000000000700}",
      "executable": "C:\\Windows\\System32\\svchost.exe",
      "hash": {
        "sha256": "a94808e7c66973b122f66ec6611019c745a9602f8e944f53635cab58aef35a79"
      },
      "name": "svchost.exe",
      "pid": 1264
    },
    "sysmon": {
      "file": {
        "is_executable": false
      }
    },
    "user": {
      "domain": "NT AUTHORITY",
      "id": "S-1-5-18",
      "name": "LOCAL SERVICE"
    },
    "winlog": {
      "api": "wineventlog",
      "channel": "Microsoft-Windows-Sysmon/Operational",
      "computer_name": "vagrant",
      "event_id": "26",
      "opcode": "Info",
      "process": {
        "pid": 2764,
        "thread": {
          "id": 3792
        }
      },
      "provider_guid": "{5770385f-c22a-43e0-bf4c-06f5698ffbd9}",
      "provider_name": "Microsoft-Windows-Sysmon",
      "record_id": "456",
      "user": {
        "domain": "NT AUTHORITY",
        "identifier": "S-1-5-18",
        "name": "SYSTEM",
        "type": "Well Known Group"
      },
      "version": 5
    },
    "related": {
      "hash": [
        "a94808e7c66973b122f66ec6611019c745a9602f8e944f53635cab58aef35a79"
      ],
      "user": [
        "LOCAL SERVICE"
      ]
    }
  }
}