{
  "input": {
    "message": "{\"@timestamp\": \"2026-03-10T14:47:09.773Z\", \"@version\": \"1\", \"agent\": {\"ephemeral_id\": \"00000000-0000-0000-0000-000000000001\", \"id\": \"00000000-0000-0000-0000-000000000002\", \"name\": \"server.test\", \"type\": \"winlogbeat\", \"version\": \"9.2.2\"}, \"ecs\": {\"version\": \"8.0.0\"}, \"event\": {\"action\": \"Kerberos Service Ticket Operations\", \"code\": \"4769\", \"created\": \"2026-03-10T14:47:11.371Z\", \"kind\": \"event\", \"original\": \"Un ticket de service Kerberos a \\u00e9t\\u00e9 demand\\u00e9.\\n\\nInformations sur le compte :\\n\\tNom du compte :\\t\\tuser1@example.org\\n\\tDomaine du compte :\\t\\texample.org\\n\\tGUID d\\u2019ouverture de session :\\t\\t{C717BC4E-0E2E-0658-0337-DDFD7BFB20B8}\\n\\nInformations sur le service :\\n\\tNom du service :\\t\\tsvc_test1\\n\\tID du service :\\t\\tS-1-5-21-1831788523-2305298816-1220292042-1609\\n\\nInformations sur le r\\u00e9seau :\\n\\tAdresse du client :\\t\\t::1\\n\\tPort client :\\t\\t0\\n\\nInformations suppl\\u00e9mentaires :\\n\\tOptions du ticket :\\t\\t0x40810000\\n\\tType de chiffrement du ticket :\\t0x17\\n\\tCode d\\u2019\\u00e9chec :\\t\\t0x0\\n\\tServices en transit :\\t-\\n\\nC\\u2019et \\u00e9v\\u00e9nement est g\\u00e9n\\u00e9r\\u00e9 \\u00e0 chaque fois qu\\u2019un acc\\u00e8s est demand\\u00e9 \\u00e0 une ressource comme un ordinateur ou un service Windows. Le nom du service indique la ressource \\u00e0 laquelle l\\u2019acc\\u00e8s \\u00e0 \\u00e9t\\u00e9 demand\\u00e9.\\n\\nCet \\u00e9v\\u00e9nement peut \\u00eatre associ\\u00e9 \\u00e0 des \\u00e9v\\u00e9nements de connexion Windows en comparant les champs GUID d\\u2019ouverture de session de chaque \\u00e9v\\u00e9nement. L\\u2019\\u00e9v\\u00e9nement de connexion se produit sur l\\u2019ordinateur sur lequel l\\u2019acc\\u00e8s s\\u2019est effectu\\u00e9, qui souvent n\\u2019est pas le m\\u00eame ordinateur que le contr\\u00f4leur de domaine qui a \\u00e9mis le ticket de service.\\n\\nLes options de ticket, les types de chiffrement et les codes d\\u2019\\u00e9chec sont d\\u00e9finis dans la RFC 4120.\", \"outcome\": \"success\", \"provider\": \"Microsoft-Windows-Security-Auditing\"}, \"host\": {\"architecture\": \"x86_64\", \"hostname\": \"server.test\", \"id\": \"00000000-0000-0000-0000-000000000003\", \"ip\": [\"2001:db8::1\", \"192.0.2.1\"], \"mac\": [\"00-00-5E-00-53-01\"], \"name\": \"server.test\", \"os\": {\"build\": \"17763.737\", \"family\": \"windows\", \"kernel\": \"10.0.17763.737 (WinBuild.160101.0800)\", \"name\": \"Windows Server 2019 Essentials\", \"platform\": \"windows\", \"type\": \"windows\", \"version\": \"10.0\"}}, \"log\": {\"level\": \"information\"}, \"message\": \"Un ticket de service Kerberos a \\u00e9t\\u00e9 demand\\u00e9.\\n\\nInformations sur le compte :\\n\\tNom du compte :\\t\\tuser1@example.org\\n\\tDomaine du compte :\\t\\texample.org\\n\\tGUID d\\u2019ouverture de session :\\t\\t{C717BC4E-0E2E-0658-0337-DDFD7BFB20B8}\\n\\nInformations sur le service :\\n\\tNom du service :\\t\\tsvc_test1\\n\\tID du service :\\t\\tS-1-5-21-1831788523-2305298816-1220292042-1609\\n\\nInformations sur le r\\u00e9seau :\\n\\tAdresse du client :\\t\\t::1\\n\\tPort client :\\t\\t0\\n\\nInformations suppl\\u00e9mentaires :\\n\\tOptions du ticket :\\t\\t0x40810000\\n\\tType de chiffrement du ticket :\\t0x17\\n\\tCode d\\u2019\\u00e9chec :\\t\\t0x0\\n\\tServices en transit :\\t-\\n\\nC\\u2019et \\u00e9v\\u00e9nement est g\\u00e9n\\u00e9r\\u00e9 \\u00e0 chaque fois qu\\u2019un acc\\u00e8s est demand\\u00e9 \\u00e0 une ressource comme un ordinateur ou un service Windows. Le nom du service indique la ressource \\u00e0 laquelle l\\u2019acc\\u00e8s \\u00e0 \\u00e9t\\u00e9 demand\\u00e9.\\n\\nCet \\u00e9v\\u00e9nement peut \\u00eatre associ\\u00e9 \\u00e0 des \\u00e9v\\u00e9nements de connexion Windows en comparant les champs GUID d\\u2019ouverture de session de chaque \\u00e9v\\u00e9nement. L\\u2019\\u00e9v\\u00e9nement de connexion se produit sur l\\u2019ordinateur sur lequel l\\u2019acc\\u00e8s s\\u2019est effectu\\u00e9, qui souvent n\\u2019est pas le m\\u00eame ordinateur que le contr\\u00f4leur de domaine qui a \\u00e9mis le ticket de service.\\n\\nLes options de ticket, les types de chiffrement et les codes d\\u2019\\u00e9chec sont d\\u00e9finis dans la RFC 4120.\", \"tags\": [\"beats_input_codec_plain_applied\"], \"winlog\": {\"channel\": \"Security\", \"computer_name\": \"server.test.example.org\", \"event_data\": {\"IpAddress\": \"::1\", \"IpPort\": \"0\", \"LogonGuid\": \"{C717BC4E-0E2E-0658-0337-DDFD7BFB20B8}\", \"ServiceName\": \"svc_test1\", \"ServiceSid\": \"S-1-5-21-1831788523-2305298816-1220292042-1609\", \"Status\": \"0x0\", \"TargetDomainName\": \"example.org\", \"TargetUserName\": \"user1@example.org\", \"TicketEncryptionType\": \"0x17\", \"TicketOptions\": \"0x40810000\", \"TransmittedServices\": \"-\"}, \"event_id\": \"4769\", \"keywords\": [\"Audit Success\"], \"opcode\": \"Info\", \"process\": {\"pid\": 604, \"thread\": {\"id\": 2312}}, \"provider_guid\": \"{54849625-5478-4994-A5BA-3E3B0328C30D}\", \"provider_name\": \"Microsoft-Windows-Security-Auditing\", \"record_id\": 1635149, \"task\": \"Kerberos Service Ticket Operations\"}}"
  },
  "expected": {
    "message": "{\"@timestamp\": \"2026-03-10T14:47:09.773Z\", \"@version\": \"1\", \"agent\": {\"ephemeral_id\": \"00000000-0000-0000-0000-000000000001\", \"id\": \"00000000-0000-0000-0000-000000000002\", \"name\": \"server.test\", \"type\": \"winlogbeat\", \"version\": \"9.2.2\"}, \"ecs\": {\"version\": \"8.0.0\"}, \"event\": {\"action\": \"Kerberos Service Ticket Operations\", \"code\": \"4769\", \"created\": \"2026-03-10T14:47:11.371Z\", \"kind\": \"event\", \"original\": \"Un ticket de service Kerberos a \\u00e9t\\u00e9 demand\\u00e9.\\n\\nInformations sur le compte :\\n\\tNom du compte :\\t\\tuser1@example.org\\n\\tDomaine du compte :\\t\\texample.org\\n\\tGUID d\\u2019ouverture de session :\\t\\t{C717BC4E-0E2E-0658-0337-DDFD7BFB20B8}\\n\\nInformations sur le service :\\n\\tNom du service :\\t\\tsvc_test1\\n\\tID du service :\\t\\tS-1-5-21-1831788523-2305298816-1220292042-1609\\n\\nInformations sur le r\\u00e9seau :\\n\\tAdresse du client :\\t\\t::1\\n\\tPort client :\\t\\t0\\n\\nInformations suppl\\u00e9mentaires :\\n\\tOptions du ticket :\\t\\t0x40810000\\n\\tType de chiffrement du ticket :\\t0x17\\n\\tCode d\\u2019\\u00e9chec :\\t\\t0x0\\n\\tServices en transit :\\t-\\n\\nC\\u2019et \\u00e9v\\u00e9nement est g\\u00e9n\\u00e9r\\u00e9 \\u00e0 chaque fois qu\\u2019un acc\\u00e8s est demand\\u00e9 \\u00e0 une ressource comme un ordinateur ou un service Windows. Le nom du service indique la ressource \\u00e0 laquelle l\\u2019acc\\u00e8s \\u00e0 \\u00e9t\\u00e9 demand\\u00e9.\\n\\nCet \\u00e9v\\u00e9nement peut \\u00eatre associ\\u00e9 \\u00e0 des \\u00e9v\\u00e9nements de connexion Windows en comparant les champs GUID d\\u2019ouverture de session de chaque \\u00e9v\\u00e9nement. L\\u2019\\u00e9v\\u00e9nement de connexion se produit sur l\\u2019ordinateur sur lequel l\\u2019acc\\u00e8s s\\u2019est effectu\\u00e9, qui souvent n\\u2019est pas le m\\u00eame ordinateur que le contr\\u00f4leur de domaine qui a \\u00e9mis le ticket de service.\\n\\nLes options de ticket, les types de chiffrement et les codes d\\u2019\\u00e9chec sont d\\u00e9finis dans la RFC 4120.\", \"outcome\": \"success\", \"provider\": \"Microsoft-Windows-Security-Auditing\"}, \"host\": {\"architecture\": \"x86_64\", \"hostname\": \"server.test\", \"id\": \"00000000-0000-0000-0000-000000000003\", \"ip\": [\"2001:db8::1\", \"192.0.2.1\"], \"mac\": [\"00-00-5E-00-53-01\"], \"name\": \"server.test\", \"os\": {\"build\": \"17763.737\", \"family\": \"windows\", \"kernel\": \"10.0.17763.737 (WinBuild.160101.0800)\", \"name\": \"Windows Server 2019 Essentials\", \"platform\": \"windows\", \"type\": \"windows\", \"version\": \"10.0\"}}, \"log\": {\"level\": \"information\"}, \"message\": \"Un ticket de service Kerberos a \\u00e9t\\u00e9 demand\\u00e9.\\n\\nInformations sur le compte :\\n\\tNom du compte :\\t\\tuser1@example.org\\n\\tDomaine du compte :\\t\\texample.org\\n\\tGUID d\\u2019ouverture de session :\\t\\t{C717BC4E-0E2E-0658-0337-DDFD7BFB20B8}\\n\\nInformations sur le service :\\n\\tNom du service :\\t\\tsvc_test1\\n\\tID du service :\\t\\tS-1-5-21-1831788523-2305298816-1220292042-1609\\n\\nInformations sur le r\\u00e9seau :\\n\\tAdresse du client :\\t\\t::1\\n\\tPort client :\\t\\t0\\n\\nInformations suppl\\u00e9mentaires :\\n\\tOptions du ticket :\\t\\t0x40810000\\n\\tType de chiffrement du ticket :\\t0x17\\n\\tCode d\\u2019\\u00e9chec :\\t\\t0x0\\n\\tServices en transit :\\t-\\n\\nC\\u2019et \\u00e9v\\u00e9nement est g\\u00e9n\\u00e9r\\u00e9 \\u00e0 chaque fois qu\\u2019un acc\\u00e8s est demand\\u00e9 \\u00e0 une ressource comme un ordinateur ou un service Windows. Le nom du service indique la ressource \\u00e0 laquelle l\\u2019acc\\u00e8s \\u00e0 \\u00e9t\\u00e9 demand\\u00e9.\\n\\nCet \\u00e9v\\u00e9nement peut \\u00eatre associ\\u00e9 \\u00e0 des \\u00e9v\\u00e9nements de connexion Windows en comparant les champs GUID d\\u2019ouverture de session de chaque \\u00e9v\\u00e9nement. L\\u2019\\u00e9v\\u00e9nement de connexion se produit sur l\\u2019ordinateur sur lequel l\\u2019acc\\u00e8s s\\u2019est effectu\\u00e9, qui souvent n\\u2019est pas le m\\u00eame ordinateur que le contr\\u00f4leur de domaine qui a \\u00e9mis le ticket de service.\\n\\nLes options de ticket, les types de chiffrement et les codes d\\u2019\\u00e9chec sont d\\u00e9finis dans la RFC 4120.\", \"tags\": [\"beats_input_codec_plain_applied\"], \"winlog\": {\"channel\": \"Security\", \"computer_name\": \"server.test.example.org\", \"event_data\": {\"IpAddress\": \"::1\", \"IpPort\": \"0\", \"LogonGuid\": \"{C717BC4E-0E2E-0658-0337-DDFD7BFB20B8}\", \"ServiceName\": \"svc_test1\", \"ServiceSid\": \"S-1-5-21-1831788523-2305298816-1220292042-1609\", \"Status\": \"0x0\", \"TargetDomainName\": \"example.org\", \"TargetUserName\": \"user1@example.org\", \"TicketEncryptionType\": \"0x17\", \"TicketOptions\": \"0x40810000\", \"TransmittedServices\": \"-\"}, \"event_id\": \"4769\", \"keywords\": [\"Audit Success\"], \"opcode\": \"Info\", \"process\": {\"pid\": 604, \"thread\": {\"id\": 2312}}, \"provider_guid\": \"{54849625-5478-4994-A5BA-3E3B0328C30D}\", \"provider_name\": \"Microsoft-Windows-Security-Auditing\", \"record_id\": 1635149, \"task\": \"Kerberos Service Ticket Operations\"}}",
    "event": {
      "action": "Kerberos Service Ticket Operations",
      "code": "4769",
      "kind": "event",
      "module": "security",
      "original": "Un ticket de service Kerberos a \u00e9t\u00e9 demand\u00e9.\n\nInformations sur le compte :\n\tNom du compte :\t\tuser1@example.org\n\tDomaine du compte :\t\texample.org\n\tGUID d\u2019ouverture de session :\t\t{C717BC4E-0E2E-0658-0337-DDFD7BFB20B8}\n\nInformations sur le service :\n\tNom du service :\t\tsvc_test1\n\tID du service :\t\tS-1-5-21-1831788523-2305298816-1220292042-1609\n\nInformations sur le r\u00e9seau :\n\tAdresse du client :\t\t::1\n\tPort client :\t\t0\n\nInformations suppl\u00e9mentaires :\n\tOptions du ticket :\t\t0x40810000\n\tType de chiffrement du ticket :\t0x17\n\tCode d\u2019\u00e9chec :\t\t0x0\n\tServices en transit :\t-\n\nC\u2019et \u00e9v\u00e9nement est g\u00e9n\u00e9r\u00e9 \u00e0 chaque fois qu\u2019un acc\u00e8s est demand\u00e9 \u00e0 une ressource comme un ordinateur ou un service Windows. Le nom du service indique la ressource \u00e0 laquelle l\u2019acc\u00e8s \u00e0 \u00e9t\u00e9 demand\u00e9.\n\nCet \u00e9v\u00e9nement peut \u00eatre associ\u00e9 \u00e0 des \u00e9v\u00e9nements de connexion Windows en comparant les champs GUID d\u2019ouverture de session de chaque \u00e9v\u00e9nement. L\u2019\u00e9v\u00e9nement de connexion se produit sur l\u2019ordinateur sur lequel l\u2019acc\u00e8s s\u2019est effectu\u00e9, qui souvent n\u2019est pas le m\u00eame ordinateur que le contr\u00f4leur de domaine qui a \u00e9mis le ticket de service.\n\nLes options de ticket, les types de chiffrement et les codes d\u2019\u00e9chec sont d\u00e9finis dans la RFC 4120.",
      "outcome": "success",
      "provider": "Microsoft-Windows-Security-Auditing"
    },
    "@timestamp": "2026-03-10T14:47:09.773000Z",
    "action": {
      "id": 4769,
      "outcome": "success",
      "properties": {
        "EventType": "Kerberos Service Ticket Operations",
        "IpAddress": "::1",
        "IpPort": "0",
        "Keywords": [
          "Audit Success"
        ],
        "LogonGuid": "{C717BC4E-0E2E-0658-0337-DDFD7BFB20B8}",
        "Opcode": "Info",
        "ProviderGUID": "{54849625-5478-4994-A5BA-3E3B0328C30D}",
        "ServiceName": "svc_test1",
        "ServiceSid": "S-1-5-21-1831788523-2305298816-1220292042-1609",
        "SourceName": "Microsoft-Windows-Security-Auditing",
        "Status": "0x0",
        "TargetDomainName": "example.org",
        "TargetUserName": "user1@example.org",
        "TicketEncryptionType": "0x17",
        "TicketOptions": "0x40810000",
        "TransmittedServices": "-"
      },
      "record_id": 1635149,
      "type": "Security"
    },
    "agent": {
      "ephemeral_id": "00000000-0000-0000-0000-000000000001",
      "id": "00000000-0000-0000-0000-000000000002",
      "name": "server.test",
      "type": "winlogbeat",
      "version": "9.2.2"
    },
    "host": {
      "architecture": "x86_64",
      "hostname": "server.test",
      "id": "00000000-0000-0000-0000-000000000003",
      "ip": [
        "192.0.2.1",
        "2001:db8::1"
      ],
      "mac": [
        "00-00-5E-00-53-01"
      ],
      "name": "server.test",
      "os": {
        "build": "17763.737",
        "family": "windows",
        "kernel": "10.0.17763.737 (WinBuild.160101.0800)",
        "name": "Windows Server 2019 Essentials",
        "platform": "windows",
        "type": "windows",
        "version": "10.0"
      }
    },
    "log": {
      "level": "information"
    },
    "process": {
      "pid": 604,
      "thread": {
        "id": 2312
      }
    },
    "related": {
      "hosts": [
        "server.test"
      ],
      "ip": [
        "192.0.2.1",
        "2001:db8::1",
        "::1"
      ],
      "user": [
        "user1",
        "user1@example.org"
      ]
    },
    "service": {
      "name": "svc_test1"
    },
    "source": {
      "address": "::1",
      "ip": "::1",
      "port": 0
    },
    "user": {
      "domain": "example.org",
      "name": "user1",
      "target": {
        "domain": "example.org",
        "name": "user1@example.org"
      }
    },
    "winlog": {
      "channel": "Security",
      "computer_name": "server.test.example.org",
      "event_data": {
        "StatusDescription": "KDC_ERR_NONE"
      },
      "event_id": "4769",
      "keywords": [
        "Audit Success"
      ],
      "opcode": "Info",
      "process": {
        "pid": 604,
        "thread": {
          "id": 2312
        }
      },
      "provider_guid": "{54849625-5478-4994-a5ba-3e3b0328c30d}",
      "provider_name": "Microsoft-Windows-Security-Auditing",
      "record_id": "1635149",
      "task": "Kerberos Service Ticket Operations"
    }
  }
}