{
  "input": {
    "message": "{\"@timestamp\": \"2026-03-11T09:53:32.034Z\", \"@version\": \"1\", \"agent\": {\"ephemeral_id\": \"d965b291-8915-49db-9313-45633ac533ce\", \"id\": \"bbc3a849-f9d7-4ec1-bed4-019e0cccd386\", \"name\": \"server.test\", \"type\": \"winlogbeat\", \"version\": \"9.2.2\"}, \"ecs\": {\"version\": \"8.0.0\"}, \"event\": {\"action\": \"Image loaded (rule: ImageLoad)\", \"code\": \"7\", \"created\": \"2026-03-11T09:53:33.169Z\", \"kind\": \"event\", \"original\": \"Image loaded:\\nRuleName: technique_id=T1574.002,technique_name=DLL Side-Loading\\nUtcTime: 2026-03-11 09:53:31.994\\nProcessGuid: {96663A62-3B9B-69B1-1F09-000000000A00}\\nProcessId: 6820\\nImage: C:\\\\Windows\\\\System32\\\\rundll32.exe\\nImageLoaded: C:\\\\ProgramData\\\\TestApp\\\\mimilib.dll\\nFileVersion: 2.2.0.0\\nDescription: mimilib for Windows (mimikatz)\\nProduct: mimilib (mimikatz)\\nCompany: gentilkiwi (Benjamin DELPY)\\nOriginalFileName: mimilib.dll\\nHashes: SHA1=0731BD320633A6D1CA7835E2BBA2C5EE5429B293,MD5=67651E9D2DA634ADEDBE216948D5F752,SHA256=AEF6CE3014ADD838CF676B57957D630CD2BB15B0C9193CF349BCFFECDDBC3623,IMPHASH=EAA79F1D9E8A00542B09CB462D0658EF\\nSigned: false\\nSignature: -\\nSignatureStatus: Unavailable\\nUser: example.org\\\\user1\", \"provider\": \"Microsoft-Windows-Sysmon\"}, \"host\": {\"architecture\": \"x86_64\", \"hostname\": \"server.test\", \"id\": \"96663a62-d7c3-4eb3-86b4-8b8b72b641cf\", \"ip\": [\"2001:db8::1\", \"198.51.100.149\"], \"mac\": [\"00-00-5E-00-53-01\"], \"name\": \"server.test\", \"os\": {\"build\": \"17763.737\", \"family\": \"windows\", \"kernel\": \"10.0.17763.737 (WinBuild.160101.0800)\", \"name\": \"Windows Server 2019 Essentials\", \"platform\": \"windows\", \"type\": \"windows\", \"version\": \"10.0\"}}, \"log\": {\"level\": \"information\"}, \"message\": \"Image loaded:\\nRuleName: technique_id=T1574.002,technique_name=DLL Side-Loading\\nUtcTime: 2026-03-11 09:53:31.994\\nProcessGuid: {96663A62-3B9B-69B1-1F09-000000000A00}\\nProcessId: 6820\\nImage: C:\\\\Windows\\\\System32\\\\rundll32.exe\\nImageLoaded: C:\\\\ProgramData\\\\TestApp\\\\mimilib.dll\\nFileVersion: 2.2.0.0\\nDescription: mimilib for Windows (mimikatz)\\nProduct: mimilib (mimikatz)\\nCompany: gentilkiwi (Benjamin DELPY)\\nOriginalFileName: mimilib.dll\\nHashes: SHA1=0731BD320633A6D1CA7835E2BBA2C5EE5429B293,MD5=67651E9D2DA634ADEDBE216948D5F752,SHA256=AEF6CE3014ADD838CF676B57957D630CD2BB15B0C9193CF349BCFFECDDBC3623,IMPHASH=EAA79F1D9E8A00542B09CB462D0658EF\\nSigned: false\\nSignature: -\\nSignatureStatus: Unavailable\\nUser: example.org\\\\user1\", \"tags\": [\"beats_input_codec_plain_applied\"], \"winlog\": {\"channel\": \"Microsoft-Windows-Sysmon/Operational\", \"computer_name\": \"server.test.example.org\", \"event_data\": {\"Company\": \"gentilkiwi (Benjamin DELPY)\", \"Description\": \"mimilib for Windows (mimikatz)\", \"FileVersion\": \"2.2.0.0\", \"Hashes\": \"SHA1=0731BD320633A6D1CA7835E2BBA2C5EE5429B293,MD5=67651E9D2DA634ADEDBE216948D5F752,SHA256=AEF6CE3014ADD838CF676B57957D630CD2BB15B0C9193CF349BCFFECDDBC3623,IMPHASH=EAA79F1D9E8A00542B09CB462D0658EF\", \"Image\": \"C:\\\\Windows\\\\System32\\\\rundll32.exe\", \"ImageLoaded\": \"C:\\\\ProgramData\\\\TestApp\\\\mimilib.dll\", \"OriginalFileName\": \"mimilib.dll\", \"ProcessGuid\": \"{96663A62-3B9B-69B1-1F09-000000000A00}\", \"ProcessId\": \"6820\", \"Product\": \"mimilib (mimikatz)\", \"RuleName\": \"technique_id=T1574.002,technique_name=DLL Side-Loading\", \"Signature\": \"-\", \"SignatureStatus\": \"Unavailable\", \"Signed\": \"false\", \"User\": \"example.org\\\\user1\", \"UtcTime\": \"2026-03-11 09:53:31.994\"}, \"event_id\": \"7\", \"opcode\": \"Info\", \"process\": {\"pid\": 2664, \"thread\": {\"id\": 4640}}, \"provider_guid\": \"{5770385F-C22A-43E0-BF4C-06F5698FFBD9}\", \"provider_name\": \"Microsoft-Windows-Sysmon\", \"record_id\": 1108643, \"task\": \"Image loaded (rule: ImageLoad)\", \"user\": {\"domain\": \"AUTORITE NT\", \"identifier\": \"S-1-5-18\", \"name\": \"Syst\\u00e8me\", \"type\": \"User\"}, \"version\": 3}}"
  },
  "expected": {
    "message": "{\"@timestamp\": \"2026-03-11T09:53:32.034Z\", \"@version\": \"1\", \"agent\": {\"ephemeral_id\": \"d965b291-8915-49db-9313-45633ac533ce\", \"id\": \"bbc3a849-f9d7-4ec1-bed4-019e0cccd386\", \"name\": \"server.test\", \"type\": \"winlogbeat\", \"version\": \"9.2.2\"}, \"ecs\": {\"version\": \"8.0.0\"}, \"event\": {\"action\": \"Image loaded (rule: ImageLoad)\", \"code\": \"7\", \"created\": \"2026-03-11T09:53:33.169Z\", \"kind\": \"event\", \"original\": \"Image loaded:\\nRuleName: technique_id=T1574.002,technique_name=DLL Side-Loading\\nUtcTime: 2026-03-11 09:53:31.994\\nProcessGuid: {96663A62-3B9B-69B1-1F09-000000000A00}\\nProcessId: 6820\\nImage: C:\\\\Windows\\\\System32\\\\rundll32.exe\\nImageLoaded: C:\\\\ProgramData\\\\TestApp\\\\mimilib.dll\\nFileVersion: 2.2.0.0\\nDescription: mimilib for Windows (mimikatz)\\nProduct: mimilib (mimikatz)\\nCompany: gentilkiwi (Benjamin DELPY)\\nOriginalFileName: mimilib.dll\\nHashes: SHA1=0731BD320633A6D1CA7835E2BBA2C5EE5429B293,MD5=67651E9D2DA634ADEDBE216948D5F752,SHA256=AEF6CE3014ADD838CF676B57957D630CD2BB15B0C9193CF349BCFFECDDBC3623,IMPHASH=EAA79F1D9E8A00542B09CB462D0658EF\\nSigned: false\\nSignature: -\\nSignatureStatus: Unavailable\\nUser: example.org\\\\user1\", \"provider\": \"Microsoft-Windows-Sysmon\"}, \"host\": {\"architecture\": \"x86_64\", \"hostname\": \"server.test\", \"id\": \"96663a62-d7c3-4eb3-86b4-8b8b72b641cf\", \"ip\": [\"2001:db8::1\", \"198.51.100.149\"], \"mac\": [\"00-00-5E-00-53-01\"], \"name\": \"server.test\", \"os\": {\"build\": \"17763.737\", \"family\": \"windows\", \"kernel\": \"10.0.17763.737 (WinBuild.160101.0800)\", \"name\": \"Windows Server 2019 Essentials\", \"platform\": \"windows\", \"type\": \"windows\", \"version\": \"10.0\"}}, \"log\": {\"level\": \"information\"}, \"message\": \"Image loaded:\\nRuleName: technique_id=T1574.002,technique_name=DLL Side-Loading\\nUtcTime: 2026-03-11 09:53:31.994\\nProcessGuid: {96663A62-3B9B-69B1-1F09-000000000A00}\\nProcessId: 6820\\nImage: C:\\\\Windows\\\\System32\\\\rundll32.exe\\nImageLoaded: C:\\\\ProgramData\\\\TestApp\\\\mimilib.dll\\nFileVersion: 2.2.0.0\\nDescription: mimilib for Windows (mimikatz)\\nProduct: mimilib (mimikatz)\\nCompany: gentilkiwi (Benjamin DELPY)\\nOriginalFileName: mimilib.dll\\nHashes: SHA1=0731BD320633A6D1CA7835E2BBA2C5EE5429B293,MD5=67651E9D2DA634ADEDBE216948D5F752,SHA256=AEF6CE3014ADD838CF676B57957D630CD2BB15B0C9193CF349BCFFECDDBC3623,IMPHASH=EAA79F1D9E8A00542B09CB462D0658EF\\nSigned: false\\nSignature: -\\nSignatureStatus: Unavailable\\nUser: example.org\\\\user1\", \"tags\": [\"beats_input_codec_plain_applied\"], \"winlog\": {\"channel\": \"Microsoft-Windows-Sysmon/Operational\", \"computer_name\": \"server.test.example.org\", \"event_data\": {\"Company\": \"gentilkiwi (Benjamin DELPY)\", \"Description\": \"mimilib for Windows (mimikatz)\", \"FileVersion\": \"2.2.0.0\", \"Hashes\": \"SHA1=0731BD320633A6D1CA7835E2BBA2C5EE5429B293,MD5=67651E9D2DA634ADEDBE216948D5F752,SHA256=AEF6CE3014ADD838CF676B57957D630CD2BB15B0C9193CF349BCFFECDDBC3623,IMPHASH=EAA79F1D9E8A00542B09CB462D0658EF\", \"Image\": \"C:\\\\Windows\\\\System32\\\\rundll32.exe\", \"ImageLoaded\": \"C:\\\\ProgramData\\\\TestApp\\\\mimilib.dll\", \"OriginalFileName\": \"mimilib.dll\", \"ProcessGuid\": \"{96663A62-3B9B-69B1-1F09-000000000A00}\", \"ProcessId\": \"6820\", \"Product\": \"mimilib (mimikatz)\", \"RuleName\": \"technique_id=T1574.002,technique_name=DLL Side-Loading\", \"Signature\": \"-\", \"SignatureStatus\": \"Unavailable\", \"Signed\": \"false\", \"User\": \"example.org\\\\user1\", \"UtcTime\": \"2026-03-11 09:53:31.994\"}, \"event_id\": \"7\", \"opcode\": \"Info\", \"process\": {\"pid\": 2664, \"thread\": {\"id\": 4640}}, \"provider_guid\": \"{5770385F-C22A-43E0-BF4C-06F5698FFBD9}\", \"provider_name\": \"Microsoft-Windows-Sysmon\", \"record_id\": 1108643, \"task\": \"Image loaded (rule: ImageLoad)\", \"user\": {\"domain\": \"AUTORITE NT\", \"identifier\": \"S-1-5-18\", \"name\": \"Syst\\u00e8me\", \"type\": \"User\"}, \"version\": 3}}",
    "event": {
      "action": "Image loaded (rule: ImageLoad)",
      "code": "7",
      "kind": "event",
      "original": "Image loaded:\nRuleName: technique_id=T1574.002,technique_name=DLL Side-Loading\nUtcTime: 2026-03-11 09:53:31.994\nProcessGuid: {96663A62-3B9B-69B1-1F09-000000000A00}\nProcessId: 6820\nImage: C:\\Windows\\System32\\rundll32.exe\nImageLoaded: C:\\ProgramData\\TestApp\\mimilib.dll\nFileVersion: 2.2.0.0\nDescription: mimilib for Windows (mimikatz)\nProduct: mimilib (mimikatz)\nCompany: gentilkiwi (Benjamin DELPY)\nOriginalFileName: mimilib.dll\nHashes: SHA1=0731BD320633A6D1CA7835E2BBA2C5EE5429B293,MD5=67651E9D2DA634ADEDBE216948D5F752,SHA256=AEF6CE3014ADD838CF676B57957D630CD2BB15B0C9193CF349BCFFECDDBC3623,IMPHASH=EAA79F1D9E8A00542B09CB462D0658EF\nSigned: false\nSignature: -\nSignatureStatus: Unavailable\nUser: example.org\\user1",
      "provider": "Microsoft-Windows-Sysmon"
    },
    "@timestamp": "2026-03-11T09:53:32.034000Z",
    "action": {
      "id": 7,
      "properties": {
        "Company": "gentilkiwi (Benjamin DELPY)",
        "Description": "mimilib for Windows (mimikatz)",
        "FileVersion": "2.2.0.0",
        "Hashes": "SHA1=0731BD320633A6D1CA7835E2BBA2C5EE5429B293,MD5=67651E9D2DA634ADEDBE216948D5F752,SHA256=AEF6CE3014ADD838CF676B57957D630CD2BB15B0C9193CF349BCFFECDDBC3623,IMPHASH=EAA79F1D9E8A00542B09CB462D0658EF",
        "Image": "C:\\Windows\\System32\\rundll32.exe",
        "ImageLoaded": "C:\\ProgramData\\TestApp\\mimilib.dll",
        "Opcode": "Info",
        "OriginalFileName": "mimilib.dll",
        "ProcessGuid": "{96663A62-3B9B-69B1-1F09-000000000A00}",
        "ProcessId": "6820",
        "Product": "mimilib (mimikatz)",
        "ProviderGUID": "{5770385F-C22A-43E0-BF4C-06F5698FFBD9}",
        "RuleName": "technique_id=T1574.002,technique_name=DLL Side-Loading",
        "Signature": "-",
        "SignatureStatus": "Unavailable",
        "Signed": "false",
        "SourceName": "Microsoft-Windows-Sysmon",
        "User": "example.org\\user1",
        "UtcTime": "2026-03-11 09:53:31.994"
      },
      "record_id": 1108643,
      "type": "Microsoft-Windows-Sysmon/Operational"
    },
    "agent": {
      "ephemeral_id": "d965b291-8915-49db-9313-45633ac533ce",
      "id": "bbc3a849-f9d7-4ec1-bed4-019e0cccd386",
      "name": "server.test",
      "type": "winlogbeat",
      "version": "9.2.2"
    },
    "dll": {
      "name": "mimilib.dll",
      "path": "C:\\ProgramData\\TestApp\\mimilib.dll"
    },
    "file": {
      "hash": {
        "md5": "67651e9d2da634adedbe216948d5f752",
        "sha1": "0731bd320633a6d1ca7835e2bba2c5ee5429b293",
        "sha256": "aef6ce3014add838cf676b57957d630cd2bb15b0c9193cf349bcffecddbc3623"
      },
      "pe": {
        "imphash": "eaa79f1d9e8a00542b09cb462d0658ef"
      }
    },
    "host": {
      "architecture": "x86_64",
      "hostname": "server.test",
      "id": "96663a62-d7c3-4eb3-86b4-8b8b72b641cf",
      "ip": [
        "198.51.100.149",
        "2001:db8::1"
      ],
      "mac": [
        "00-00-5E-00-53-01"
      ],
      "name": "server.test",
      "os": {
        "build": "17763.737",
        "family": "windows",
        "kernel": "10.0.17763.737 (WinBuild.160101.0800)",
        "name": "Windows Server 2019 Essentials",
        "platform": "windows",
        "type": "windows",
        "version": "10.0"
      }
    },
    "log": {
      "level": "information"
    },
    "observer": {
      "product": "Winlogbeat",
      "type": "agent",
      "vendor": "Elastic"
    },
    "process": {
      "executable": "C:\\Windows\\System32\\rundll32.exe",
      "name": "rundll32.exe",
      "pe": {
        "original_file_name": "mimilib.dll"
      },
      "pid": 2664,
      "thread": {
        "id": 4640
      }
    },
    "related": {
      "hash": [
        "0731bd320633a6d1ca7835e2bba2c5ee5429b293",
        "67651e9d2da634adedbe216948d5f752",
        "aef6ce3014add838cf676b57957d630cd2bb15b0c9193cf349bcffecddbc3623"
      ],
      "hosts": [
        "server.test"
      ],
      "ip": [
        "198.51.100.149",
        "2001:db8::1"
      ]
    },
    "winlog": {
      "channel": "Microsoft-Windows-Sysmon/Operational",
      "computer_name": "server.test.example.org",
      "event_id": "7",
      "opcode": "Info",
      "process": {
        "pid": 2664,
        "thread": {
          "id": 4640
        }
      },
      "provider_guid": "{5770385f-c22a-43e0-bf4c-06f5698ffbd9}",
      "provider_name": "Microsoft-Windows-Sysmon",
      "record_id": "1108643",
      "task": "Image loaded (rule: ImageLoad)",
      "user": {
        "domain": "AUTORITE NT",
        "identifier": "S-1-5-18",
        "name": "Syst\u00e8me",
        "type": "User"
      },
      "version": 3
    }
  }
}