{
  "input": {
    "message": "{\"@timestamp\": \"2026-03-10T15:18:29.822Z\", \"@version\": \"1\", \"agent\": {\"ephemeral_id\": \"00000000-0000-0000-0000-000000000001\", \"id\": \"00000000-0000-0000-0000-000000000002\", \"name\": \"server.example.com\", \"type\": \"winlogbeat\", \"version\": \"9.2.2\"}, \"ecs\": {\"version\": \"8.0.0\"}, \"event\": {\"action\": \"Process Create (rule: ProcessCreate)\", \"code\": \"1\", \"created\": \"2026-03-10T15:18:31.339Z\", \"kind\": \"event\", \"original\": \"Process Create:\\nRuleName: technique_id=T1059.001,technique_name=PowerShell\\nUtcTime: 2026-03-10 15:18:29.800\\nProcessGuid: {96663A62-3645-69B0-FB07-000000000A00}\\nProcessId: 4688\\nImage: C:\\\\Windows\\\\System32\\\\WindowsPowerShell\\\\v1.0\\\\powershell.exe\\nFileVersion: 10.0.17763.1 (WinBuild.160101.0800)\\nDescription: Windows PowerShell\\nProduct: Microsoft\\u00ae Windows\\u00ae Operating System\\nCompany: Microsoft Corporation\\nOriginalFileName: PowerShell.EXE\\nCommandLine: \\\"C:\\\\Windows\\\\System32\\\\WindowsPowerShell\\\\v1.0\\\\powershell.exe\\\" -noexit -command [console]::outputencoding=[text.utf8encoding]::utf8\\nCurrentDirectory: C:\\\\Users\\\\user1\\\\\\nUser: example.org\\\\user1\\nLogonGuid: {96663A62-A841-69A9-F9ED-090000000000}\\nLogonId: 0x9edf9\\nTerminalSessionId: 2\\nIntegrityLevel: High\\nHashes: SHA1=6CBCE4A295C163791B60FC23D285E6D84F28EE4C,MD5=7353F60B1739074EB17C5F4DDDEFE239,SHA256=DE96A6E69944335375DC1AC238336066889D9FFC7D73628EF4FE1B1B160AB32C,IMPHASH=741776AACCFC5B71FF59832DCDCACE0F\\nParentProcessGuid: {96663A62-9014-69AA-BE01-000000000A00}\\nParentProcessId: 6276\\nParentImage: C:\\\\Windows\\\\System32\\\\WindowsPowerShell\\\\v1.0\\\\powershell.exe\\nParentCommandLine: \\\"C:\\\\Windows\\\\System32\\\\WindowsPowerShell\\\\v1.0\\\\powershell.exe\\\" \\nParentUser: example.org\\\\user1\", \"provider\": \"Microsoft-Windows-Sysmon\"}, \"host\": {\"architecture\": \"x86_64\", \"hostname\": \"server.example.com\", \"id\": \"00000000-0000-0000-0000-000000000003\", \"ip\": [\"2001:db8::1\", \"192.0.2.1\"], \"mac\": [\"02-00-00-00-00-01\"], \"name\": \"server.example.com\", \"os\": {\"build\": \"17763.737\", \"family\": \"windows\", \"kernel\": \"10.0.17763.737 (WinBuild.160101.0800)\", \"name\": \"Windows Server 2019 Essentials\", \"platform\": \"windows\", \"type\": \"windows\", \"version\": \"10.0\"}}, \"log\": {\"level\": \"information\"}, \"message\": \"Process Create:\\nRuleName: technique_id=T1059.001,technique_name=PowerShell\\nUtcTime: 2026-03-10 15:18:29.800\\nProcessGuid: {96663A62-3645-69B0-FB07-000000000A00}\\nProcessId: 4688\\nImage: C:\\\\Windows\\\\System32\\\\WindowsPowerShell\\\\v1.0\\\\powershell.exe\\nFileVersion: 10.0.17763.1 (WinBuild.160101.0800)\\nDescription: Windows PowerShell\\nProduct: Microsoft\\u00ae Windows\\u00ae Operating System\\nCompany: Microsoft Corporation\\nOriginalFileName: PowerShell.EXE\\nCommandLine: \\\"C:\\\\Windows\\\\System32\\\\WindowsPowerShell\\\\v1.0\\\\powershell.exe\\\" -noexit -command [console]::outputencoding=[text.utf8encoding]::utf8\\nCurrentDirectory: C:\\\\Users\\\\user1\\\\\\nUser: example.org\\\\user1\\nLogonGuid: {96663A62-A841-69A9-F9ED-090000000000}\\nLogonId: 0x9edf9\\nTerminalSessionId: 2\\nIntegrityLevel: High\\nHashes: SHA1=6CBCE4A295C163791B60FC23D285E6D84F28EE4C,MD5=7353F60B1739074EB17C5F4DDDEFE239,SHA256=DE96A6E69944335375DC1AC238336066889D9FFC7D73628EF4FE1B1B160AB32C,IMPHASH=741776AACCFC5B71FF59832DCDCACE0F\\nParentProcessGuid: {96663A62-9014-69AA-BE01-000000000A00}\\nParentProcessId: 6276\\nParentImage: C:\\\\Windows\\\\System32\\\\WindowsPowerShell\\\\v1.0\\\\powershell.exe\\nParentCommandLine: \\\"C:\\\\Windows\\\\System32\\\\WindowsPowerShell\\\\v1.0\\\\powershell.exe\\\" \\nParentUser: example.org\\\\user1\", \"tags\": [\"beats_input_codec_plain_applied\"], \"winlog\": {\"channel\": \"Microsoft-Windows-Sysmon/Operational\", \"computer_name\": \"server.example.com\", \"event_data\": {\"CommandLine\": \"\\\"C:\\\\Windows\\\\System32\\\\WindowsPowerShell\\\\v1.0\\\\powershell.exe\\\" -noexit -command [console]::outputencoding=[text.utf8encoding]::utf8\", \"Company\": \"Microsoft Corporation\", \"CurrentDirectory\": \"C:\\\\Users\\\\user1\\\\\", \"Description\": \"Windows PowerShell\", \"FileVersion\": \"10.0.17763.1 (WinBuild.160101.0800)\", \"Hashes\": \"SHA1=6CBCE4A295C163791B60FC23D285E6D84F28EE4C,MD5=7353F60B1739074EB17C5F4DDDEFE239,SHA256=DE96A6E69944335375DC1AC238336066889D9FFC7D73628EF4FE1B1B160AB32C,IMPHASH=741776AACCFC5B71FF59832DCDCACE0F\", \"Image\": \"C:\\\\Windows\\\\System32\\\\WindowsPowerShell\\\\v1.0\\\\powershell.exe\", \"IntegrityLevel\": \"High\", \"LogonGuid\": \"{96663A62-A841-69A9-F9ED-090000000000}\", \"LogonId\": \"0x9edf9\", \"OriginalFileName\": \"PowerShell.EXE\", \"ParentCommandLine\": \"\\\"C:\\\\Windows\\\\System32\\\\WindowsPowerShell\\\\v1.0\\\\powershell.exe\\\" \", \"ParentImage\": \"C:\\\\Windows\\\\System32\\\\WindowsPowerShell\\\\v1.0\\\\powershell.exe\", \"ParentProcessGuid\": \"{96663A62-9014-69AA-BE01-000000000A00}\", \"ParentProcessId\": \"6276\", \"ParentUser\": \"example.org\\\\user1\", \"ProcessGuid\": \"{96663A62-3645-69B0-FB07-000000000A00}\", \"ProcessId\": \"4688\", \"Product\": \"Microsoft\\u00ae Windows\\u00ae Operating System\", \"RuleName\": \"technique_id=T1059.001,technique_name=PowerShell\", \"TerminalSessionId\": \"2\", \"User\": \"example.org\\\\user1\", \"UtcTime\": \"2026-03-10 15:18:29.800\"}, \"event_id\": \"1\", \"opcode\": \"Info\", \"process\": {\"pid\": 2664, \"thread\": {\"id\": 4636}}, \"provider_guid\": \"{5770385F-C22A-43E0-BF4C-06F5698FFBD9}\", \"provider_name\": \"Microsoft-Windows-Sysmon\", \"record_id\": 1097148, \"task\": \"Process Create (rule: ProcessCreate)\", \"user\": {\"domain\": \"NT AUTHORITY\", \"identifier\": \"S-1-5-18\", \"name\": \"Syst\\u00e8me\", \"type\": \"User\"}, \"version\": 5}}"
  },
  "expected": {
    "message": "{\"@timestamp\": \"2026-03-10T15:18:29.822Z\", \"@version\": \"1\", \"agent\": {\"ephemeral_id\": \"00000000-0000-0000-0000-000000000001\", \"id\": \"00000000-0000-0000-0000-000000000002\", \"name\": \"server.example.com\", \"type\": \"winlogbeat\", \"version\": \"9.2.2\"}, \"ecs\": {\"version\": \"8.0.0\"}, \"event\": {\"action\": \"Process Create (rule: ProcessCreate)\", \"code\": \"1\", \"created\": \"2026-03-10T15:18:31.339Z\", \"kind\": \"event\", \"original\": \"Process Create:\\nRuleName: technique_id=T1059.001,technique_name=PowerShell\\nUtcTime: 2026-03-10 15:18:29.800\\nProcessGuid: {96663A62-3645-69B0-FB07-000000000A00}\\nProcessId: 4688\\nImage: C:\\\\Windows\\\\System32\\\\WindowsPowerShell\\\\v1.0\\\\powershell.exe\\nFileVersion: 10.0.17763.1 (WinBuild.160101.0800)\\nDescription: Windows PowerShell\\nProduct: Microsoft\\u00ae Windows\\u00ae Operating System\\nCompany: Microsoft Corporation\\nOriginalFileName: PowerShell.EXE\\nCommandLine: \\\"C:\\\\Windows\\\\System32\\\\WindowsPowerShell\\\\v1.0\\\\powershell.exe\\\" -noexit -command [console]::outputencoding=[text.utf8encoding]::utf8\\nCurrentDirectory: C:\\\\Users\\\\user1\\\\\\nUser: example.org\\\\user1\\nLogonGuid: {96663A62-A841-69A9-F9ED-090000000000}\\nLogonId: 0x9edf9\\nTerminalSessionId: 2\\nIntegrityLevel: High\\nHashes: SHA1=6CBCE4A295C163791B60FC23D285E6D84F28EE4C,MD5=7353F60B1739074EB17C5F4DDDEFE239,SHA256=DE96A6E69944335375DC1AC238336066889D9FFC7D73628EF4FE1B1B160AB32C,IMPHASH=741776AACCFC5B71FF59832DCDCACE0F\\nParentProcessGuid: {96663A62-9014-69AA-BE01-000000000A00}\\nParentProcessId: 6276\\nParentImage: C:\\\\Windows\\\\System32\\\\WindowsPowerShell\\\\v1.0\\\\powershell.exe\\nParentCommandLine: \\\"C:\\\\Windows\\\\System32\\\\WindowsPowerShell\\\\v1.0\\\\powershell.exe\\\" \\nParentUser: example.org\\\\user1\", \"provider\": \"Microsoft-Windows-Sysmon\"}, \"host\": {\"architecture\": \"x86_64\", \"hostname\": \"server.example.com\", \"id\": \"00000000-0000-0000-0000-000000000003\", \"ip\": [\"2001:db8::1\", \"192.0.2.1\"], \"mac\": [\"02-00-00-00-00-01\"], \"name\": \"server.example.com\", \"os\": {\"build\": \"17763.737\", \"family\": \"windows\", \"kernel\": \"10.0.17763.737 (WinBuild.160101.0800)\", \"name\": \"Windows Server 2019 Essentials\", \"platform\": \"windows\", \"type\": \"windows\", \"version\": \"10.0\"}}, \"log\": {\"level\": \"information\"}, \"message\": \"Process Create:\\nRuleName: technique_id=T1059.001,technique_name=PowerShell\\nUtcTime: 2026-03-10 15:18:29.800\\nProcessGuid: {96663A62-3645-69B0-FB07-000000000A00}\\nProcessId: 4688\\nImage: C:\\\\Windows\\\\System32\\\\WindowsPowerShell\\\\v1.0\\\\powershell.exe\\nFileVersion: 10.0.17763.1 (WinBuild.160101.0800)\\nDescription: Windows PowerShell\\nProduct: Microsoft\\u00ae Windows\\u00ae Operating System\\nCompany: Microsoft Corporation\\nOriginalFileName: PowerShell.EXE\\nCommandLine: \\\"C:\\\\Windows\\\\System32\\\\WindowsPowerShell\\\\v1.0\\\\powershell.exe\\\" -noexit -command [console]::outputencoding=[text.utf8encoding]::utf8\\nCurrentDirectory: C:\\\\Users\\\\user1\\\\\\nUser: example.org\\\\user1\\nLogonGuid: {96663A62-A841-69A9-F9ED-090000000000}\\nLogonId: 0x9edf9\\nTerminalSessionId: 2\\nIntegrityLevel: High\\nHashes: SHA1=6CBCE4A295C163791B60FC23D285E6D84F28EE4C,MD5=7353F60B1739074EB17C5F4DDDEFE239,SHA256=DE96A6E69944335375DC1AC238336066889D9FFC7D73628EF4FE1B1B160AB32C,IMPHASH=741776AACCFC5B71FF59832DCDCACE0F\\nParentProcessGuid: {96663A62-9014-69AA-BE01-000000000A00}\\nParentProcessId: 6276\\nParentImage: C:\\\\Windows\\\\System32\\\\WindowsPowerShell\\\\v1.0\\\\powershell.exe\\nParentCommandLine: \\\"C:\\\\Windows\\\\System32\\\\WindowsPowerShell\\\\v1.0\\\\powershell.exe\\\" \\nParentUser: example.org\\\\user1\", \"tags\": [\"beats_input_codec_plain_applied\"], \"winlog\": {\"channel\": \"Microsoft-Windows-Sysmon/Operational\", \"computer_name\": \"server.example.com\", \"event_data\": {\"CommandLine\": \"\\\"C:\\\\Windows\\\\System32\\\\WindowsPowerShell\\\\v1.0\\\\powershell.exe\\\" -noexit -command [console]::outputencoding=[text.utf8encoding]::utf8\", \"Company\": \"Microsoft Corporation\", \"CurrentDirectory\": \"C:\\\\Users\\\\user1\\\\\", \"Description\": \"Windows PowerShell\", \"FileVersion\": \"10.0.17763.1 (WinBuild.160101.0800)\", \"Hashes\": \"SHA1=6CBCE4A295C163791B60FC23D285E6D84F28EE4C,MD5=7353F60B1739074EB17C5F4DDDEFE239,SHA256=DE96A6E69944335375DC1AC238336066889D9FFC7D73628EF4FE1B1B160AB32C,IMPHASH=741776AACCFC5B71FF59832DCDCACE0F\", \"Image\": \"C:\\\\Windows\\\\System32\\\\WindowsPowerShell\\\\v1.0\\\\powershell.exe\", \"IntegrityLevel\": \"High\", \"LogonGuid\": \"{96663A62-A841-69A9-F9ED-090000000000}\", \"LogonId\": \"0x9edf9\", \"OriginalFileName\": \"PowerShell.EXE\", \"ParentCommandLine\": \"\\\"C:\\\\Windows\\\\System32\\\\WindowsPowerShell\\\\v1.0\\\\powershell.exe\\\" \", \"ParentImage\": \"C:\\\\Windows\\\\System32\\\\WindowsPowerShell\\\\v1.0\\\\powershell.exe\", \"ParentProcessGuid\": \"{96663A62-9014-69AA-BE01-000000000A00}\", \"ParentProcessId\": \"6276\", \"ParentUser\": \"example.org\\\\user1\", \"ProcessGuid\": \"{96663A62-3645-69B0-FB07-000000000A00}\", \"ProcessId\": \"4688\", \"Product\": \"Microsoft\\u00ae Windows\\u00ae Operating System\", \"RuleName\": \"technique_id=T1059.001,technique_name=PowerShell\", \"TerminalSessionId\": \"2\", \"User\": \"example.org\\\\user1\", \"UtcTime\": \"2026-03-10 15:18:29.800\"}, \"event_id\": \"1\", \"opcode\": \"Info\", \"process\": {\"pid\": 2664, \"thread\": {\"id\": 4636}}, \"provider_guid\": \"{5770385F-C22A-43E0-BF4C-06F5698FFBD9}\", \"provider_name\": \"Microsoft-Windows-Sysmon\", \"record_id\": 1097148, \"task\": \"Process Create (rule: ProcessCreate)\", \"user\": {\"domain\": \"NT AUTHORITY\", \"identifier\": \"S-1-5-18\", \"name\": \"Syst\\u00e8me\", \"type\": \"User\"}, \"version\": 5}}",
    "event": {
      "action": "Process Create (rule: ProcessCreate)",
      "code": "1",
      "kind": "event",
      "original": "Process Create:\nRuleName: technique_id=T1059.001,technique_name=PowerShell\nUtcTime: 2026-03-10 15:18:29.800\nProcessGuid: {96663A62-3645-69B0-FB07-000000000A00}\nProcessId: 4688\nImage: C:\\Windows\\System32\\WindowsPowerShell\\v1.0\\powershell.exe\nFileVersion: 10.0.17763.1 (WinBuild.160101.0800)\nDescription: Windows PowerShell\nProduct: Microsoft\u00ae Windows\u00ae Operating System\nCompany: Microsoft Corporation\nOriginalFileName: PowerShell.EXE\nCommandLine: \"C:\\Windows\\System32\\WindowsPowerShell\\v1.0\\powershell.exe\" -noexit -command [console]::outputencoding=[text.utf8encoding]::utf8\nCurrentDirectory: C:\\Users\\user1\\\nUser: example.org\\user1\nLogonGuid: {96663A62-A841-69A9-F9ED-090000000000}\nLogonId: 0x9edf9\nTerminalSessionId: 2\nIntegrityLevel: High\nHashes: SHA1=6CBCE4A295C163791B60FC23D285E6D84F28EE4C,MD5=7353F60B1739074EB17C5F4DDDEFE239,SHA256=DE96A6E69944335375DC1AC238336066889D9FFC7D73628EF4FE1B1B160AB32C,IMPHASH=741776AACCFC5B71FF59832DCDCACE0F\nParentProcessGuid: {96663A62-9014-69AA-BE01-000000000A00}\nParentProcessId: 6276\nParentImage: C:\\Windows\\System32\\WindowsPowerShell\\v1.0\\powershell.exe\nParentCommandLine: \"C:\\Windows\\System32\\WindowsPowerShell\\v1.0\\powershell.exe\" \nParentUser: example.org\\user1",
      "provider": "Microsoft-Windows-Sysmon"
    },
    "@timestamp": "2026-03-10T15:18:29.822000Z",
    "action": {
      "id": 1,
      "properties": {
        "CommandLine": "\"C:\\Windows\\System32\\WindowsPowerShell\\v1.0\\powershell.exe\" -noexit -command [console]::outputencoding=[text.utf8encoding]::utf8",
        "Company": "Microsoft Corporation",
        "CurrentDirectory": "C:\\Users\\user1\\",
        "Description": "Windows PowerShell",
        "FileVersion": "10.0.17763.1 (WinBuild.160101.0800)",
        "Hashes": "SHA1=6CBCE4A295C163791B60FC23D285E6D84F28EE4C,MD5=7353F60B1739074EB17C5F4DDDEFE239,SHA256=DE96A6E69944335375DC1AC238336066889D9FFC7D73628EF4FE1B1B160AB32C,IMPHASH=741776AACCFC5B71FF59832DCDCACE0F",
        "Image": "C:\\Windows\\System32\\WindowsPowerShell\\v1.0\\powershell.exe",
        "IntegrityLevel": "High",
        "LogonGuid": "{96663A62-A841-69A9-F9ED-090000000000}",
        "LogonId": "0x9edf9",
        "Opcode": "Info",
        "OriginalFileName": "PowerShell.EXE",
        "ParentCommandLine": "\"C:\\Windows\\System32\\WindowsPowerShell\\v1.0\\powershell.exe\" ",
        "ParentImage": "C:\\Windows\\System32\\WindowsPowerShell\\v1.0\\powershell.exe",
        "ParentProcessGuid": "{96663A62-9014-69AA-BE01-000000000A00}",
        "ParentProcessId": "6276",
        "ParentUser": "example.org\\user1",
        "ProcessGuid": "{96663A62-3645-69B0-FB07-000000000A00}",
        "ProcessId": "4688",
        "Product": "Microsoft\u00ae Windows\u00ae Operating System",
        "ProviderGUID": "{5770385F-C22A-43E0-BF4C-06F5698FFBD9}",
        "RuleName": "technique_id=T1059.001,technique_name=PowerShell",
        "SourceName": "Microsoft-Windows-Sysmon",
        "TerminalSessionId": "2",
        "User": "example.org\\user1",
        "UtcTime": "2026-03-10 15:18:29.800"
      },
      "record_id": 1097148,
      "type": "Microsoft-Windows-Sysmon/Operational"
    },
    "agent": {
      "ephemeral_id": "00000000-0000-0000-0000-000000000001",
      "id": "00000000-0000-0000-0000-000000000002",
      "name": "server.example.com",
      "type": "winlogbeat",
      "version": "9.2.2"
    },
    "host": {
      "architecture": "x86_64",
      "hostname": "server.example.com",
      "id": "00000000-0000-0000-0000-000000000003",
      "ip": [
        "192.0.2.1",
        "2001:db8::1"
      ],
      "mac": [
        "02-00-00-00-00-01"
      ],
      "name": "server.example.com",
      "os": {
        "build": "17763.737",
        "family": "windows",
        "kernel": "10.0.17763.737 (WinBuild.160101.0800)",
        "name": "Windows Server 2019 Essentials",
        "platform": "windows",
        "type": "windows",
        "version": "10.0"
      }
    },
    "log": {
      "level": "information"
    },
    "process": {
      "command_line": "\"C:\\Windows\\System32\\WindowsPowerShell\\v1.0\\powershell.exe\" -noexit -command [console]::outputencoding=[text.utf8encoding]::utf8",
      "executable": "C:\\Windows\\System32\\WindowsPowerShell\\v1.0\\powershell.exe",
      "hash": {
        "md5": "7353f60b1739074eb17c5f4dddefe239",
        "sha1": "6cbce4a295c163791b60fc23d285e6d84f28ee4c",
        "sha256": "de96a6e69944335375dc1ac238336066889d9ffc7d73628ef4fe1b1b160ab32c"
      },
      "name": "powershell.exe",
      "parent": {
        "command_line": "\"C:\\Windows\\System32\\WindowsPowerShell\\v1.0\\powershell.exe\" ",
        "executable": "C:\\Windows\\System32\\WindowsPowerShell\\v1.0\\powershell.exe",
        "name": "powershell.exe"
      },
      "pe": {
        "imphash": "741776aaccfc5b71ff59832dcdcace0f",
        "original_file_name": "PowerShell.EXE"
      },
      "pid": 2664,
      "thread": {
        "id": 4636
      },
      "working_directory": "C:\\Users\\user1\\"
    },
    "related": {
      "hash": [
        "6cbce4a295c163791b60fc23d285e6d84f28ee4c",
        "7353f60b1739074eb17c5f4dddefe239",
        "de96a6e69944335375dc1ac238336066889d9ffc7d73628ef4fe1b1b160ab32c"
      ],
      "hosts": [
        "server.example.com"
      ],
      "ip": [
        "192.0.2.1",
        "2001:db8::1"
      ]
    },
    "winlog": {
      "channel": "Microsoft-Windows-Sysmon/Operational",
      "computer_name": "server.example.com",
      "event_id": "1",
      "opcode": "Info",
      "process": {
        "pid": 2664,
        "thread": {
          "id": 4636
        }
      },
      "provider_guid": "{5770385f-c22a-43e0-bf4c-06f5698ffbd9}",
      "provider_name": "Microsoft-Windows-Sysmon",
      "record_id": "1097148",
      "task": "Process Create (rule: ProcessCreate)",
      "user": {
        "domain": "NT AUTHORITY",
        "identifier": "S-1-5-18",
        "name": "Syst\u00e8me",
        "type": "User"
      },
      "version": 5
    }
  }
}