{
  "input": {
    "message": "{\"@timestamp\": \"2026-03-10T15:06:00.085Z\", \"@version\": \"1\", \"agent\": {\"ephemeral_id\": \"c9f62887-5ef3-403e-be9e-cee02cc79cf7\", \"id\": \"bbc3a849-f9d7-4ec1-bed4-019e0cccd386\", \"name\": \"server.test\", \"type\": \"winlogbeat\", \"version\": \"9.2.2\"}, \"ecs\": {\"version\": \"8.0.0\"}, \"event\": {\"action\": \"Registry value set (rule: RegistryEvent)\", \"code\": \"13\", \"created\": \"2026-03-10T15:06:01.774Z\", \"kind\": \"event\", \"original\": \"Registry value set:\\nRuleName: technique_id=T1546.012,technique_name=Image File Execution Options Injection\\nEventType: SetValue\\nUtcTime: 2026-03-10 15:06:00.080\\nProcessGuid: {96663A62-9014-69AA-BE01-000000000A00}\\nProcessId: 6276\\nImage: C:\\\\Windows\\\\System32\\\\WindowsPowerShell\\\\v1.0\\\\powershell.exe\\nTargetObject: HKLM\\\\SOFTWARE\\\\Microsoft\\\\Windows NT\\\\CurrentVersion\\\\Image File Execution Options\\\\notepad.exe\\\\GlobalFlag\\nDetails: DWORD (0x00000200)\\nUser: example.org\\\\user1\", \"provider\": \"Microsoft-Windows-Sysmon\"}, \"host\": {\"architecture\": \"x86_64\", \"hostname\": \"server.test\", \"id\": \"96663a62-d7c3-4eb3-86b4-8b8b72b641cf\", \"ip\": [\"2001:db8::1\", \"198.51.100.149\"], \"mac\": [\"00-00-5E-00-53-01\"], \"name\": \"server.test\", \"os\": {\"build\": \"17763.737\", \"family\": \"windows\", \"kernel\": \"10.0.17763.737 (WinBuild.160101.0800)\", \"name\": \"Windows Server 2019 Essentials\", \"platform\": \"windows\", \"type\": \"windows\", \"version\": \"10.0\"}}, \"log\": {\"level\": \"information\"}, \"message\": \"Registry value set:\\nRuleName: technique_id=T1546.012,technique_name=Image File Execution Options Injection\\nEventType: SetValue\\nUtcTime: 2026-03-10 15:06:00.080\\nProcessGuid: {96663A62-9014-69AA-BE01-000000000A00}\\nProcessId: 6276\\nImage: C:\\\\Windows\\\\System32\\\\WindowsPowerShell\\\\v1.0\\\\powershell.exe\\nTargetObject: HKLM\\\\SOFTWARE\\\\Microsoft\\\\Windows NT\\\\CurrentVersion\\\\Image File Execution Options\\\\notepad.exe\\\\GlobalFlag\\nDetails: DWORD (0x00000200)\\nUser: example.org\\\\user1\", \"tags\": [\"beats_input_codec_plain_applied\"], \"winlog\": {\"channel\": \"Microsoft-Windows-Sysmon/Operational\", \"computer_name\": \"server.test.example.org\", \"event_data\": {\"Details\": \"DWORD (0x00000200)\", \"EventType\": \"SetValue\", \"Image\": \"C:\\\\Windows\\\\System32\\\\WindowsPowerShell\\\\v1.0\\\\powershell.exe\", \"ProcessGuid\": \"{96663A62-9014-69AA-BE01-000000000A00}\", \"ProcessId\": \"6276\", \"RuleName\": \"technique_id=T1546.012,technique_name=Image File Execution Options Injection\", \"TargetObject\": \"HKLM\\\\SOFTWARE\\\\Microsoft\\\\Windows NT\\\\CurrentVersion\\\\Image File Execution Options\\\\notepad.exe\\\\GlobalFlag\", \"User\": \"example.org\\\\user1\", \"UtcTime\": \"2026-03-10 15:06:00.080\"}, \"event_id\": \"13\", \"opcode\": \"Info\", \"process\": {\"pid\": 2664, \"thread\": {\"id\": 4636}}, \"provider_guid\": \"{5770385F-C22A-43E0-BF4C-06F5698FFBD9}\", \"provider_name\": \"Microsoft-Windows-Sysmon\", \"record_id\": 1097048, \"task\": \"Registry value set (rule: RegistryEvent)\", \"user\": {\"domain\": \"AUTORITE NT\", \"identifier\": \"S-1-5-18\", \"name\": \"Syst\\u00e8me\", \"type\": \"User\"}, \"version\": 2}}"
  },
  "expected": {
    "message": "{\"@timestamp\": \"2026-03-10T15:06:00.085Z\", \"@version\": \"1\", \"agent\": {\"ephemeral_id\": \"c9f62887-5ef3-403e-be9e-cee02cc79cf7\", \"id\": \"bbc3a849-f9d7-4ec1-bed4-019e0cccd386\", \"name\": \"server.test\", \"type\": \"winlogbeat\", \"version\": \"9.2.2\"}, \"ecs\": {\"version\": \"8.0.0\"}, \"event\": {\"action\": \"Registry value set (rule: RegistryEvent)\", \"code\": \"13\", \"created\": \"2026-03-10T15:06:01.774Z\", \"kind\": \"event\", \"original\": \"Registry value set:\\nRuleName: technique_id=T1546.012,technique_name=Image File Execution Options Injection\\nEventType: SetValue\\nUtcTime: 2026-03-10 15:06:00.080\\nProcessGuid: {96663A62-9014-69AA-BE01-000000000A00}\\nProcessId: 6276\\nImage: C:\\\\Windows\\\\System32\\\\WindowsPowerShell\\\\v1.0\\\\powershell.exe\\nTargetObject: HKLM\\\\SOFTWARE\\\\Microsoft\\\\Windows NT\\\\CurrentVersion\\\\Image File Execution Options\\\\notepad.exe\\\\GlobalFlag\\nDetails: DWORD (0x00000200)\\nUser: example.org\\\\user1\", \"provider\": \"Microsoft-Windows-Sysmon\"}, \"host\": {\"architecture\": \"x86_64\", \"hostname\": \"server.test\", \"id\": \"96663a62-d7c3-4eb3-86b4-8b8b72b641cf\", \"ip\": [\"2001:db8::1\", \"198.51.100.149\"], \"mac\": [\"00-00-5E-00-53-01\"], \"name\": \"server.test\", \"os\": {\"build\": \"17763.737\", \"family\": \"windows\", \"kernel\": \"10.0.17763.737 (WinBuild.160101.0800)\", \"name\": \"Windows Server 2019 Essentials\", \"platform\": \"windows\", \"type\": \"windows\", \"version\": \"10.0\"}}, \"log\": {\"level\": \"information\"}, \"message\": \"Registry value set:\\nRuleName: technique_id=T1546.012,technique_name=Image File Execution Options Injection\\nEventType: SetValue\\nUtcTime: 2026-03-10 15:06:00.080\\nProcessGuid: {96663A62-9014-69AA-BE01-000000000A00}\\nProcessId: 6276\\nImage: C:\\\\Windows\\\\System32\\\\WindowsPowerShell\\\\v1.0\\\\powershell.exe\\nTargetObject: HKLM\\\\SOFTWARE\\\\Microsoft\\\\Windows NT\\\\CurrentVersion\\\\Image File Execution Options\\\\notepad.exe\\\\GlobalFlag\\nDetails: DWORD (0x00000200)\\nUser: example.org\\\\user1\", \"tags\": [\"beats_input_codec_plain_applied\"], \"winlog\": {\"channel\": \"Microsoft-Windows-Sysmon/Operational\", \"computer_name\": \"server.test.example.org\", \"event_data\": {\"Details\": \"DWORD (0x00000200)\", \"EventType\": \"SetValue\", \"Image\": \"C:\\\\Windows\\\\System32\\\\WindowsPowerShell\\\\v1.0\\\\powershell.exe\", \"ProcessGuid\": \"{96663A62-9014-69AA-BE01-000000000A00}\", \"ProcessId\": \"6276\", \"RuleName\": \"technique_id=T1546.012,technique_name=Image File Execution Options Injection\", \"TargetObject\": \"HKLM\\\\SOFTWARE\\\\Microsoft\\\\Windows NT\\\\CurrentVersion\\\\Image File Execution Options\\\\notepad.exe\\\\GlobalFlag\", \"User\": \"example.org\\\\user1\", \"UtcTime\": \"2026-03-10 15:06:00.080\"}, \"event_id\": \"13\", \"opcode\": \"Info\", \"process\": {\"pid\": 2664, \"thread\": {\"id\": 4636}}, \"provider_guid\": \"{5770385F-C22A-43E0-BF4C-06F5698FFBD9}\", \"provider_name\": \"Microsoft-Windows-Sysmon\", \"record_id\": 1097048, \"task\": \"Registry value set (rule: RegistryEvent)\", \"user\": {\"domain\": \"AUTORITE NT\", \"identifier\": \"S-1-5-18\", \"name\": \"Syst\\u00e8me\", \"type\": \"User\"}, \"version\": 2}}",
    "event": {
      "action": "Registry value set (rule: RegistryEvent)",
      "code": "13",
      "kind": "event",
      "original": "Registry value set:\nRuleName: technique_id=T1546.012,technique_name=Image File Execution Options Injection\nEventType: SetValue\nUtcTime: 2026-03-10 15:06:00.080\nProcessGuid: {96663A62-9014-69AA-BE01-000000000A00}\nProcessId: 6276\nImage: C:\\Windows\\System32\\WindowsPowerShell\\v1.0\\powershell.exe\nTargetObject: HKLM\\SOFTWARE\\Microsoft\\Windows NT\\CurrentVersion\\Image File Execution Options\\notepad.exe\\GlobalFlag\nDetails: DWORD (0x00000200)\nUser: example.org\\user1",
      "provider": "Microsoft-Windows-Sysmon"
    },
    "@timestamp": "2026-03-10T15:06:00.085000Z",
    "action": {
      "id": 13,
      "properties": {
        "Details": "DWORD (0x00000200)",
        "EventType": "SetValue",
        "Image": "C:\\Windows\\System32\\WindowsPowerShell\\v1.0\\powershell.exe",
        "MessEventType": "SetValue",
        "Opcode": "Info",
        "ProcessGuid": "{96663A62-9014-69AA-BE01-000000000A00}",
        "ProcessId": "6276",
        "ProviderGUID": "{5770385F-C22A-43E0-BF4C-06F5698FFBD9}",
        "RuleName": "technique_id=T1546.012,technique_name=Image File Execution Options Injection",
        "SourceName": "Microsoft-Windows-Sysmon",
        "TargetObject": "HKLM\\SOFTWARE\\Microsoft\\Windows NT\\CurrentVersion\\Image File Execution Options\\notepad.exe\\GlobalFlag",
        "User": "example.org\\user1",
        "UtcTime": "2026-03-10 15:06:00.080"
      },
      "record_id": 1097048,
      "type": "Microsoft-Windows-Sysmon/Operational"
    },
    "agent": {
      "ephemeral_id": "c9f62887-5ef3-403e-be9e-cee02cc79cf7",
      "id": "bbc3a849-f9d7-4ec1-bed4-019e0cccd386",
      "name": "server.test",
      "type": "winlogbeat",
      "version": "9.2.2"
    },
    "host": {
      "architecture": "x86_64",
      "hostname": "server.test",
      "id": "96663a62-d7c3-4eb3-86b4-8b8b72b641cf",
      "ip": [
        "198.51.100.149",
        "2001:db8::1"
      ],
      "mac": [
        "00-00-5E-00-53-01"
      ],
      "name": "server.test",
      "os": {
        "build": "17763.737",
        "family": "windows",
        "kernel": "10.0.17763.737 (WinBuild.160101.0800)",
        "name": "Windows Server 2019 Essentials",
        "platform": "windows",
        "type": "windows",
        "version": "10.0"
      }
    },
    "log": {
      "level": "information"
    },
    "observer": {
      "product": "Winlogbeat",
      "type": "agent",
      "vendor": "Elastic"
    },
    "process": {
      "executable": "C:\\Windows\\System32\\WindowsPowerShell\\v1.0\\powershell.exe",
      "name": "powershell.exe",
      "pid": 2664,
      "thread": {
        "id": 4636
      }
    },
    "registry": {
      "data": {
        "strings": "DWORD (0x00000200)"
      },
      "hive": "HKLM",
      "key": "HKLM\\SOFTWARE\\Microsoft\\Windows NT\\CurrentVersion\\Image File Execution Options\\notepad.exe",
      "path": "HKLM\\SOFTWARE\\Microsoft\\Windows NT\\CurrentVersion\\Image File Execution Options\\notepad.exe\\GlobalFlag",
      "value": "GlobalFlag"
    },
    "related": {
      "hosts": [
        "server.test"
      ],
      "ip": [
        "198.51.100.149",
        "2001:db8::1"
      ]
    },
    "winlog": {
      "channel": "Microsoft-Windows-Sysmon/Operational",
      "computer_name": "server.test.example.org",
      "event_id": "13",
      "opcode": "Info",
      "process": {
        "pid": 2664,
        "thread": {
          "id": 4636
        }
      },
      "provider_guid": "{5770385f-c22a-43e0-bf4c-06f5698ffbd9}",
      "provider_name": "Microsoft-Windows-Sysmon",
      "record_id": "1097048",
      "task": "Registry value set (rule: RegistryEvent)",
      "user": {
        "domain": "AUTORITE NT",
        "identifier": "S-1-5-18",
        "name": "Syst\u00e8me",
        "type": "User"
      },
      "version": 2
    }
  }
}