{
  "input": {
    "message": "{\"@timestamp\": \"2026-03-06T09:02:32.602Z\", \"@version\": \"1\", \"agent\": {\"ephemeral_id\": \"00000000-0000-0000-0000-000000000001\", \"id\": \"00000000-0000-0000-0000-000000000002\", \"name\": \"server.example.com\", \"type\": \"winlogbeat\", \"version\": \"9.2.2\"}, \"ecs\": {\"version\": \"8.0.0\"}, \"event\": {\"action\": \"Image loaded (rule: ImageLoad)\", \"code\": \"7\", \"created\": \"2026-03-06T09:02:33.835Z\", \"kind\": \"event\", \"original\": \"Image loaded:\\nRuleName: technique_id=T1003,technique_name=Credential Dumping\\nUtcTime: 2026-03-06 09:02:32.585\\nProcessGuid: {96663A62-9828-69AA-DD01-000000000A00}\\nProcessId: 6776\\nImage: C:\\\\Windows\\\\System32\\\\rundll32.exe\\nImageLoaded: C:\\\\Windows\\\\System32\\\\dbgcore.dll\\nFileVersion: 10.0.17763.1 (WinBuild.160101.0800)\\nDescription: Windows Core Debugging Helpers\\nProduct: Microsoft\\u00ae Windows\\u00ae Operating System\\nCompany: Microsoft Corporation\\nOriginalFileName: DBGCORE.DLL\\nHashes: SHA1=E3FA87C983008D4D2A5D31708415F88548FC7702,MD5=88E88D8C1C663769BDD722000A7EB5A7,SHA256=C84BECA73EA45D3C53D9C42CD6A37CC0CC07FF57D9CFEE113CDF70F640572AEF,IMPHASH=9D75F08EA29885182B136CE4FF854114\\nSigned: true\\nSignature: Microsoft Windows\\nSignatureStatus: Valid\\nUser: example.org\\\\user1\", \"provider\": \"Microsoft-Windows-Sysmon\"}, \"host\": {\"architecture\": \"x86_64\", \"hostname\": \"server.example.com\", \"id\": \"00000000-0000-0000-0000-000000000003\", \"ip\": [\"2001:db8::1\", \"192.0.2.1\"], \"mac\": [\"02-00-00-00-00-01\"], \"name\": \"server.example.com\", \"os\": {\"build\": \"17763.737\", \"family\": \"windows\", \"kernel\": \"10.0.17763.737 (WinBuild.160101.0800)\", \"name\": \"Windows Server 2019 Essentials\", \"platform\": \"windows\", \"type\": \"windows\", \"version\": \"10.0\"}}, \"log\": {\"level\": \"information\"}, \"message\": \"Image loaded:\\nRuleName: technique_id=T1003,technique_name=Credential Dumping\\nUtcTime: 2026-03-06 09:02:32.585\\nProcessGuid: {96663A62-9828-69AA-DD01-000000000A00}\\nProcessId: 6776\\nImage: C:\\\\Windows\\\\System32\\\\rundll32.exe\\nImageLoaded: C:\\\\Windows\\\\System32\\\\dbgcore.dll\\nFileVersion: 10.0.17763.1 (WinBuild.160101.0800)\\nDescription: Windows Core Debugging Helpers\\nProduct: Microsoft\\u00ae Windows\\u00ae Operating System\\nCompany: Microsoft Corporation\\nOriginalFileName: DBGCORE.DLL\\nHashes: SHA1=E3FA87C983008D4D2A5D31708415F88548FC7702,MD5=88E88D8C1C663769BDD722000A7EB5A7,SHA256=C84BECA73EA45D3C53D9C42CD6A37CC0CC07FF57D9CFEE113CDF70F640572AEF,IMPHASH=9D75F08EA29885182B136CE4FF854114\\nSigned: true\\nSignature: Microsoft Windows\\nSignatureStatus: Valid\\nUser: example.org\\\\user1\", \"tags\": [\"beats_input_codec_plain_applied\"], \"winlog\": {\"channel\": \"Microsoft-Windows-Sysmon/Operational\", \"computer_name\": \"server.example.com\", \"event_data\": {\"Company\": \"Microsoft Corporation\", \"Description\": \"Windows Core Debugging Helpers\", \"FileVersion\": \"10.0.17763.1 (WinBuild.160101.0800)\", \"Hashes\": \"SHA1=E3FA87C983008D4D2A5D31708415F88548FC7702,MD5=88E88D8C1C663769BDD722000A7EB5A7,SHA256=C84BECA73EA45D3C53D9C42CD6A37CC0CC07FF57D9CFEE113CDF70F640572AEF,IMPHASH=9D75F08EA29885182B136CE4FF854114\", \"Image\": \"C:\\\\Windows\\\\System32\\\\rundll32.exe\", \"ImageLoaded\": \"C:\\\\Windows\\\\System32\\\\dbgcore.dll\", \"OriginalFileName\": \"DBGCORE.DLL\", \"ProcessGuid\": \"{96663A62-9828-69AA-DD01-000000000A00}\", \"ProcessId\": \"6776\", \"Product\": \"Microsoft\\u00ae Windows\\u00ae Operating System\", \"RuleName\": \"technique_id=T1003,technique_name=Credential Dumping\", \"Signature\": \"Microsoft Windows\", \"SignatureStatus\": \"Valid\", \"Signed\": \"true\", \"User\": \"example.org\\\\user1\", \"UtcTime\": \"2026-03-06 09:02:32.585\"}, \"event_id\": \"7\", \"opcode\": \"Info\", \"process\": {\"pid\": 2664, \"thread\": {\"id\": 4636}}, \"provider_guid\": \"{5770385F-C22A-43E0-BF4C-06F5698FFBD9}\", \"provider_name\": \"Microsoft-Windows-Sysmon\", \"record_id\": 1032585, \"task\": \"Image loaded (rule: ImageLoad)\", \"user\": {\"domain\": \"NT AUTHORITY\", \"identifier\": \"S-1-5-18\", \"name\": \"Syst\\u00e8me\", \"type\": \"User\"}, \"version\": 3}}"
  },
  "expected": {
    "message": "{\"@timestamp\": \"2026-03-06T09:02:32.602Z\", \"@version\": \"1\", \"agent\": {\"ephemeral_id\": \"00000000-0000-0000-0000-000000000001\", \"id\": \"00000000-0000-0000-0000-000000000002\", \"name\": \"server.example.com\", \"type\": \"winlogbeat\", \"version\": \"9.2.2\"}, \"ecs\": {\"version\": \"8.0.0\"}, \"event\": {\"action\": \"Image loaded (rule: ImageLoad)\", \"code\": \"7\", \"created\": \"2026-03-06T09:02:33.835Z\", \"kind\": \"event\", \"original\": \"Image loaded:\\nRuleName: technique_id=T1003,technique_name=Credential Dumping\\nUtcTime: 2026-03-06 09:02:32.585\\nProcessGuid: {96663A62-9828-69AA-DD01-000000000A00}\\nProcessId: 6776\\nImage: C:\\\\Windows\\\\System32\\\\rundll32.exe\\nImageLoaded: C:\\\\Windows\\\\System32\\\\dbgcore.dll\\nFileVersion: 10.0.17763.1 (WinBuild.160101.0800)\\nDescription: Windows Core Debugging Helpers\\nProduct: Microsoft\\u00ae Windows\\u00ae Operating System\\nCompany: Microsoft Corporation\\nOriginalFileName: DBGCORE.DLL\\nHashes: SHA1=E3FA87C983008D4D2A5D31708415F88548FC7702,MD5=88E88D8C1C663769BDD722000A7EB5A7,SHA256=C84BECA73EA45D3C53D9C42CD6A37CC0CC07FF57D9CFEE113CDF70F640572AEF,IMPHASH=9D75F08EA29885182B136CE4FF854114\\nSigned: true\\nSignature: Microsoft Windows\\nSignatureStatus: Valid\\nUser: example.org\\\\user1\", \"provider\": \"Microsoft-Windows-Sysmon\"}, \"host\": {\"architecture\": \"x86_64\", \"hostname\": \"server.example.com\", \"id\": \"00000000-0000-0000-0000-000000000003\", \"ip\": [\"2001:db8::1\", \"192.0.2.1\"], \"mac\": [\"02-00-00-00-00-01\"], \"name\": \"server.example.com\", \"os\": {\"build\": \"17763.737\", \"family\": \"windows\", \"kernel\": \"10.0.17763.737 (WinBuild.160101.0800)\", \"name\": \"Windows Server 2019 Essentials\", \"platform\": \"windows\", \"type\": \"windows\", \"version\": \"10.0\"}}, \"log\": {\"level\": \"information\"}, \"message\": \"Image loaded:\\nRuleName: technique_id=T1003,technique_name=Credential Dumping\\nUtcTime: 2026-03-06 09:02:32.585\\nProcessGuid: {96663A62-9828-69AA-DD01-000000000A00}\\nProcessId: 6776\\nImage: C:\\\\Windows\\\\System32\\\\rundll32.exe\\nImageLoaded: C:\\\\Windows\\\\System32\\\\dbgcore.dll\\nFileVersion: 10.0.17763.1 (WinBuild.160101.0800)\\nDescription: Windows Core Debugging Helpers\\nProduct: Microsoft\\u00ae Windows\\u00ae Operating System\\nCompany: Microsoft Corporation\\nOriginalFileName: DBGCORE.DLL\\nHashes: SHA1=E3FA87C983008D4D2A5D31708415F88548FC7702,MD5=88E88D8C1C663769BDD722000A7EB5A7,SHA256=C84BECA73EA45D3C53D9C42CD6A37CC0CC07FF57D9CFEE113CDF70F640572AEF,IMPHASH=9D75F08EA29885182B136CE4FF854114\\nSigned: true\\nSignature: Microsoft Windows\\nSignatureStatus: Valid\\nUser: example.org\\\\user1\", \"tags\": [\"beats_input_codec_plain_applied\"], \"winlog\": {\"channel\": \"Microsoft-Windows-Sysmon/Operational\", \"computer_name\": \"server.example.com\", \"event_data\": {\"Company\": \"Microsoft Corporation\", \"Description\": \"Windows Core Debugging Helpers\", \"FileVersion\": \"10.0.17763.1 (WinBuild.160101.0800)\", \"Hashes\": \"SHA1=E3FA87C983008D4D2A5D31708415F88548FC7702,MD5=88E88D8C1C663769BDD722000A7EB5A7,SHA256=C84BECA73EA45D3C53D9C42CD6A37CC0CC07FF57D9CFEE113CDF70F640572AEF,IMPHASH=9D75F08EA29885182B136CE4FF854114\", \"Image\": \"C:\\\\Windows\\\\System32\\\\rundll32.exe\", \"ImageLoaded\": \"C:\\\\Windows\\\\System32\\\\dbgcore.dll\", \"OriginalFileName\": \"DBGCORE.DLL\", \"ProcessGuid\": \"{96663A62-9828-69AA-DD01-000000000A00}\", \"ProcessId\": \"6776\", \"Product\": \"Microsoft\\u00ae Windows\\u00ae Operating System\", \"RuleName\": \"technique_id=T1003,technique_name=Credential Dumping\", \"Signature\": \"Microsoft Windows\", \"SignatureStatus\": \"Valid\", \"Signed\": \"true\", \"User\": \"example.org\\\\user1\", \"UtcTime\": \"2026-03-06 09:02:32.585\"}, \"event_id\": \"7\", \"opcode\": \"Info\", \"process\": {\"pid\": 2664, \"thread\": {\"id\": 4636}}, \"provider_guid\": \"{5770385F-C22A-43E0-BF4C-06F5698FFBD9}\", \"provider_name\": \"Microsoft-Windows-Sysmon\", \"record_id\": 1032585, \"task\": \"Image loaded (rule: ImageLoad)\", \"user\": {\"domain\": \"NT AUTHORITY\", \"identifier\": \"S-1-5-18\", \"name\": \"Syst\\u00e8me\", \"type\": \"User\"}, \"version\": 3}}",
    "event": {
      "action": "Image loaded (rule: ImageLoad)",
      "code": "7",
      "kind": "event",
      "original": "Image loaded:\nRuleName: technique_id=T1003,technique_name=Credential Dumping\nUtcTime: 2026-03-06 09:02:32.585\nProcessGuid: {96663A62-9828-69AA-DD01-000000000A00}\nProcessId: 6776\nImage: C:\\Windows\\System32\\rundll32.exe\nImageLoaded: C:\\Windows\\System32\\dbgcore.dll\nFileVersion: 10.0.17763.1 (WinBuild.160101.0800)\nDescription: Windows Core Debugging Helpers\nProduct: Microsoft\u00ae Windows\u00ae Operating System\nCompany: Microsoft Corporation\nOriginalFileName: DBGCORE.DLL\nHashes: SHA1=E3FA87C983008D4D2A5D31708415F88548FC7702,MD5=88E88D8C1C663769BDD722000A7EB5A7,SHA256=C84BECA73EA45D3C53D9C42CD6A37CC0CC07FF57D9CFEE113CDF70F640572AEF,IMPHASH=9D75F08EA29885182B136CE4FF854114\nSigned: true\nSignature: Microsoft Windows\nSignatureStatus: Valid\nUser: example.org\\user1",
      "provider": "Microsoft-Windows-Sysmon"
    },
    "@timestamp": "2026-03-06T09:02:32.602000Z",
    "action": {
      "id": 7,
      "properties": {
        "Company": "Microsoft Corporation",
        "Description": "Windows Core Debugging Helpers",
        "FileVersion": "10.0.17763.1 (WinBuild.160101.0800)",
        "Hashes": "SHA1=E3FA87C983008D4D2A5D31708415F88548FC7702,MD5=88E88D8C1C663769BDD722000A7EB5A7,SHA256=C84BECA73EA45D3C53D9C42CD6A37CC0CC07FF57D9CFEE113CDF70F640572AEF,IMPHASH=9D75F08EA29885182B136CE4FF854114",
        "Image": "C:\\Windows\\System32\\rundll32.exe",
        "ImageLoaded": "C:\\Windows\\System32\\dbgcore.dll",
        "Opcode": "Info",
        "OriginalFileName": "DBGCORE.DLL",
        "ProcessGuid": "{96663A62-9828-69AA-DD01-000000000A00}",
        "ProcessId": "6776",
        "Product": "Microsoft\u00ae Windows\u00ae Operating System",
        "ProviderGUID": "{5770385F-C22A-43E0-BF4C-06F5698FFBD9}",
        "RuleName": "technique_id=T1003,technique_name=Credential Dumping",
        "Signature": "Microsoft Windows",
        "SignatureStatus": "Valid",
        "Signed": "true",
        "SourceName": "Microsoft-Windows-Sysmon",
        "User": "example.org\\user1",
        "UtcTime": "2026-03-06 09:02:32.585"
      },
      "record_id": 1032585,
      "type": "Microsoft-Windows-Sysmon/Operational"
    },
    "agent": {
      "ephemeral_id": "00000000-0000-0000-0000-000000000001",
      "id": "00000000-0000-0000-0000-000000000002",
      "name": "server.example.com",
      "type": "winlogbeat",
      "version": "9.2.2"
    },
    "dll": {
      "name": "dbgcore.dll",
      "path": "C:\\Windows\\System32\\dbgcore.dll"
    },
    "file": {
      "hash": {
        "md5": "88e88d8c1c663769bdd722000a7eb5a7",
        "sha1": "e3fa87c983008d4d2a5d31708415f88548fc7702",
        "sha256": "c84beca73ea45d3c53d9c42cd6a37cc0cc07ff57d9cfee113cdf70f640572aef"
      },
      "pe": {
        "imphash": "9d75f08ea29885182b136ce4ff854114"
      }
    },
    "host": {
      "architecture": "x86_64",
      "hostname": "server.example.com",
      "id": "00000000-0000-0000-0000-000000000003",
      "ip": [
        "192.0.2.1",
        "2001:db8::1"
      ],
      "mac": [
        "02-00-00-00-00-01"
      ],
      "name": "server.example.com",
      "os": {
        "build": "17763.737",
        "family": "windows",
        "kernel": "10.0.17763.737 (WinBuild.160101.0800)",
        "name": "Windows Server 2019 Essentials",
        "platform": "windows",
        "type": "windows",
        "version": "10.0"
      }
    },
    "log": {
      "level": "information"
    },
    "process": {
      "executable": "C:\\Windows\\System32\\rundll32.exe",
      "name": "rundll32.exe",
      "pe": {
        "original_file_name": "DBGCORE.DLL"
      },
      "pid": 2664,
      "thread": {
        "id": 4636
      }
    },
    "related": {
      "hash": [
        "88e88d8c1c663769bdd722000a7eb5a7",
        "c84beca73ea45d3c53d9c42cd6a37cc0cc07ff57d9cfee113cdf70f640572aef",
        "e3fa87c983008d4d2a5d31708415f88548fc7702"
      ],
      "hosts": [
        "server.example.com"
      ],
      "ip": [
        "192.0.2.1",
        "2001:db8::1"
      ]
    },
    "winlog": {
      "channel": "Microsoft-Windows-Sysmon/Operational",
      "computer_name": "server.example.com",
      "event_id": "7",
      "opcode": "Info",
      "process": {
        "pid": 2664,
        "thread": {
          "id": 4636
        }
      },
      "provider_guid": "{5770385f-c22a-43e0-bf4c-06f5698ffbd9}",
      "provider_name": "Microsoft-Windows-Sysmon",
      "record_id": "1032585",
      "task": "Image loaded (rule: ImageLoad)",
      "user": {
        "domain": "NT AUTHORITY",
        "identifier": "S-1-5-18",
        "name": "Syst\u00e8me",
        "type": "User"
      },
      "version": 3
    }
  }
}