{
  "input": {
    "message": "{\n  \"@timestamp\": \"2026-03-02T15:34:32.804Z\",\n  \"@version\": \"1\",\n  \"agent\": {\n    \"ephemeral_id\": \"4047bf97-bd7f-4750-a0af-3c438c212ed9\",\n    \"id\": \"e8c74ee0-75d3-48aa-a41c-c525a967dc5f\",\n    \"name\": \"agent_name\",\n    \"type\": \"winlogbeat\",\n    \"version\": \"8.19.5\"\n  },\n  \"app\": \"nou\",\n  \"ecs\": {\n    \"version\": \"8.0.0\"\n  },\n  \"env\": \"p1\",\n  \"event\": {\n    \"action\": \"Provider Lifecycle\",\n    \"code\": \"600\",\n    \"created\": \"2026-03-02T15:35:33.597Z\",\n    \"kind\": \"event\",\n    \"provider\": \"PowerShell\"\n  },\n  \"host\": {\n    \"name\": \"hostname.local\"\n  },\n  \"log\": {\n    \"level\": \"information\"\n  },\n  \"message\": \"Provider \\\"Registry\\\" is Started. \\n\\nDetails: \\n\\tProviderName=Registry\\n\\tNewProviderState=Started\\n\\n\\tSequenceNumber=1111111\\n\\n\\tHostName=OpsMgr PowerShell Host\\n\\tHostVersion=7.0.5000.0\\n\\tHostId=19636cc1-a3a6-4e3f-8307-b488fb8a5a86\\n\\tHostApplication=C:\\\\Program Files\\\\Microsoft Monitoring Agent\\\\Agent\\\\MonitoringHost.exe -Embedding\\n\\tEngineVersion=\\n\\tRunspaceId=\\n\\tPipelineId=\\n\\tCommandName=\\n\\tCommandType=\\n\\tScriptName=\\n\\tCommandPath=\\n\\tCommandLine=\",\n  \"prefix\": \"ad_logs\",\n  \"winlog\": {\n    \"api\": \"wineventlog\",\n    \"channel\": \"Windows PowerShell\",\n    \"computer_name\": \"hostname.local\",\n    \"event_data\": {\n      \"param1\": \"Registry\",\n      \"param2\": \"Started\",\n      \"param3\": \"\\tProviderName=Registry\\n\\tNewProviderState=Started\\n\\n\\tSequenceNumber=1111111\\n\\n\\tHostName=OpsMgr PowerShell Host\\n\\tHostVersion=7.0.5000.0\\n\\tHostId=203001db-c571-41fc-b8eb-b141c39cc705\\n\\tHostApplication=C:\\\\Program Files\\\\Microsoft Monitoring Agent\\\\Agent\\\\MonitoringHost.exe -Embedding\\n\\tEngineVersion=\\n\\tRunspaceId=\\n\\tPipelineId=\\n\\tCommandName=\\n\\tCommandType=\\n\\tScriptName=\\n\\tCommandPath=\\n\\tCommandLine=\"\n    },\n    \"event_id\": \"600\",\n    \"keywords\": [\n      \"Classic\"\n    ],\n    \"opcode\": \"Info\",\n    \"provider_name\": \"PowerShell\",\n    \"record_id\": 111111111,\n    \"task\": \"Provider Lifecycle\"\n  }\n}"
  },
  "expected": {
    "message": "{\n  \"@timestamp\": \"2026-03-02T15:34:32.804Z\",\n  \"@version\": \"1\",\n  \"agent\": {\n    \"ephemeral_id\": \"4047bf97-bd7f-4750-a0af-3c438c212ed9\",\n    \"id\": \"e8c74ee0-75d3-48aa-a41c-c525a967dc5f\",\n    \"name\": \"agent_name\",\n    \"type\": \"winlogbeat\",\n    \"version\": \"8.19.5\"\n  },\n  \"app\": \"nou\",\n  \"ecs\": {\n    \"version\": \"8.0.0\"\n  },\n  \"env\": \"p1\",\n  \"event\": {\n    \"action\": \"Provider Lifecycle\",\n    \"code\": \"600\",\n    \"created\": \"2026-03-02T15:35:33.597Z\",\n    \"kind\": \"event\",\n    \"provider\": \"PowerShell\"\n  },\n  \"host\": {\n    \"name\": \"hostname.local\"\n  },\n  \"log\": {\n    \"level\": \"information\"\n  },\n  \"message\": \"Provider \\\"Registry\\\" is Started. \\n\\nDetails: \\n\\tProviderName=Registry\\n\\tNewProviderState=Started\\n\\n\\tSequenceNumber=1111111\\n\\n\\tHostName=OpsMgr PowerShell Host\\n\\tHostVersion=7.0.5000.0\\n\\tHostId=19636cc1-a3a6-4e3f-8307-b488fb8a5a86\\n\\tHostApplication=C:\\\\Program Files\\\\Microsoft Monitoring Agent\\\\Agent\\\\MonitoringHost.exe -Embedding\\n\\tEngineVersion=\\n\\tRunspaceId=\\n\\tPipelineId=\\n\\tCommandName=\\n\\tCommandType=\\n\\tScriptName=\\n\\tCommandPath=\\n\\tCommandLine=\",\n  \"prefix\": \"ad_logs\",\n  \"winlog\": {\n    \"api\": \"wineventlog\",\n    \"channel\": \"Windows PowerShell\",\n    \"computer_name\": \"hostname.local\",\n    \"event_data\": {\n      \"param1\": \"Registry\",\n      \"param2\": \"Started\",\n      \"param3\": \"\\tProviderName=Registry\\n\\tNewProviderState=Started\\n\\n\\tSequenceNumber=1111111\\n\\n\\tHostName=OpsMgr PowerShell Host\\n\\tHostVersion=7.0.5000.0\\n\\tHostId=203001db-c571-41fc-b8eb-b141c39cc705\\n\\tHostApplication=C:\\\\Program Files\\\\Microsoft Monitoring Agent\\\\Agent\\\\MonitoringHost.exe -Embedding\\n\\tEngineVersion=\\n\\tRunspaceId=\\n\\tPipelineId=\\n\\tCommandName=\\n\\tCommandType=\\n\\tScriptName=\\n\\tCommandPath=\\n\\tCommandLine=\"\n    },\n    \"event_id\": \"600\",\n    \"keywords\": [\n      \"Classic\"\n    ],\n    \"opcode\": \"Info\",\n    \"provider_name\": \"PowerShell\",\n    \"record_id\": 111111111,\n    \"task\": \"Provider Lifecycle\"\n  }\n}",
    "event": {
      "action": "Provider Lifecycle",
      "code": "600",
      "kind": "event",
      "original": "Provider \"Registry\" is Started. \n\nDetails: \n\tProviderName=Registry\n\tNewProviderState=Started\n\n\tSequenceNumber=1111111\n\n\tHostName=OpsMgr PowerShell Host\n\tHostVersion=7.0.5000.0\n\tHostId=19636cc1-a3a6-4e3f-8307-b488fb8a5a86\n\tHostApplication=C:\\Program Files\\Microsoft Monitoring Agent\\Agent\\MonitoringHost.exe -Embedding\n\tEngineVersion=\n\tRunspaceId=\n\tPipelineId=\n\tCommandName=\n\tCommandType=\n\tScriptName=\n\tCommandPath=\n\tCommandLine=",
      "provider": "PowerShell"
    },
    "@timestamp": "2026-03-02T15:34:32.804000Z",
    "action": {
      "id": 600,
      "properties": {
        "Keywords": [
          "Classic"
        ],
        "Opcode": "Info",
        "SourceName": "PowerShell",
        "param1": "Registry",
        "param2": "Started",
        "param3": "\tProviderName=Registry\n\tNewProviderState=Started\n\n\tSequenceNumber=1111111\n\n\tHostName=OpsMgr PowerShell Host\n\tHostVersion=7.0.5000.0\n\tHostId=203001db-c571-41fc-b8eb-b141c39cc705\n\tHostApplication=C:\\Program Files\\Microsoft Monitoring Agent\\Agent\\MonitoringHost.exe -Embedding\n\tEngineVersion=\n\tRunspaceId=\n\tPipelineId=\n\tCommandName=\n\tCommandType=\n\tScriptName=\n\tCommandPath=\n\tCommandLine="
      },
      "record_id": 111111111,
      "type": "Windows PowerShell"
    },
    "agent": {
      "ephemeral_id": "4047bf97-bd7f-4750-a0af-3c438c212ed9",
      "id": "e8c74ee0-75d3-48aa-a41c-c525a967dc5f",
      "name": "agent_name",
      "type": "winlogbeat",
      "version": "8.19.5"
    },
    "host": {
      "name": "hostname.local"
    },
    "log": {
      "level": "information"
    },
    "winlog": {
      "api": "wineventlog",
      "channel": "Windows PowerShell",
      "computer_name": "hostname.local",
      "event_id": "600",
      "keywords": [
        "Classic"
      ],
      "opcode": "Info",
      "provider_name": "PowerShell",
      "record_id": "111111111",
      "task": "Provider Lifecycle"
    }
  }
}