{
  "input": {
    "message": "{\"@timestamp\": \"2026-03-11T09:14:50.013Z\", \"@version\": \"1\", \"agent\": {\"ephemeral_id\": \"00000000-0000-0000-0000-000000000004\", \"id\": \"00000000-0000-0000-0000-000000000002\", \"name\": \"server.example.com\", \"type\": \"winlogbeat\", \"version\": \"9.2.2\"}, \"ecs\": {\"version\": \"8.0.0\"}, \"event\": {\"action\": \"Network connection detected (rule: NetworkConnect)\", \"code\": \"3\", \"created\": \"2026-03-11T09:14:51.097Z\", \"kind\": \"event\", \"original\": \"Network connection detected:\\nRuleName: technique_id=T1059.001,technique_name=PowerShell\\nUtcTime: 2026-03-11 09:14:48.978\\nProcessGuid: {96663A62-3284-69B1-1B09-000000000A00}\\nProcessId: 4052\\nImage: C:\\\\Windows\\\\System32\\\\WindowsPowerShell\\\\v1.0\\\\powershell.exe\\nUser: example.org\\\\user1\\nProtocol: tcp\\nInitiated: true\\nSourceIsIpv6: false\\nSourceIp: 192.0.2.1\\nSourceHostname: -\\nSourcePort: 50868\\nSourcePortName: -\\nDestinationIsIpv6: false\\nDestinationIp: 192.0.2.1\\nDestinationHostname: -\\nDestinationPort: 443\\nDestinationPortName: -\", \"provider\": \"Microsoft-Windows-Sysmon\"}, \"host\": {\"architecture\": \"x86_64\", \"hostname\": \"server.example.com\", \"id\": \"00000000-0000-0000-0000-000000000003\", \"ip\": [\"2001:db8::1\", \"192.0.2.1\"], \"mac\": [\"02-00-00-00-00-01\"], \"name\": \"server.example.com\", \"os\": {\"build\": \"17763.737\", \"family\": \"windows\", \"kernel\": \"10.0.17763.737 (WinBuild.160101.0800)\", \"name\": \"Windows Server 2019 Essentials\", \"platform\": \"windows\", \"type\": \"windows\", \"version\": \"10.0\"}}, \"log\": {\"level\": \"information\"}, \"message\": \"Network connection detected:\\nRuleName: technique_id=T1059.001,technique_name=PowerShell\\nUtcTime: 2026-03-11 09:14:48.978\\nProcessGuid: {96663A62-3284-69B1-1B09-000000000A00}\\nProcessId: 4052\\nImage: C:\\\\Windows\\\\System32\\\\WindowsPowerShell\\\\v1.0\\\\powershell.exe\\nUser: example.org\\\\user1\\nProtocol: tcp\\nInitiated: true\\nSourceIsIpv6: false\\nSourceIp: 192.0.2.1\\nSourceHostname: -\\nSourcePort: 50868\\nSourcePortName: -\\nDestinationIsIpv6: false\\nDestinationIp: 192.0.2.1\\nDestinationHostname: -\\nDestinationPort: 443\\nDestinationPortName: -\", \"tags\": [\"beats_input_codec_plain_applied\"], \"winlog\": {\"channel\": \"Microsoft-Windows-Sysmon/Operational\", \"computer_name\": \"server.example.com\", \"event_data\": {\"DestinationHostname\": \"-\", \"DestinationIp\": \"192.0.2.1\", \"DestinationIsIpv6\": \"false\", \"DestinationPort\": \"443\", \"DestinationPortName\": \"-\", \"Image\": \"C:\\\\Windows\\\\System32\\\\WindowsPowerShell\\\\v1.0\\\\powershell.exe\", \"Initiated\": \"true\", \"ProcessGuid\": \"{96663A62-3284-69B1-1B09-000000000A00}\", \"ProcessId\": \"4052\", \"Protocol\": \"tcp\", \"RuleName\": \"technique_id=T1059.001,technique_name=PowerShell\", \"SourceHostname\": \"-\", \"SourceIp\": \"192.0.2.1\", \"SourceIsIpv6\": \"false\", \"SourcePort\": \"50868\", \"SourcePortName\": \"-\", \"User\": \"example.org\\\\user1\", \"UtcTime\": \"2026-03-11 09:14:48.978\"}, \"event_id\": \"3\", \"opcode\": \"Info\", \"process\": {\"pid\": 2664, \"thread\": {\"id\": 4632}}, \"provider_guid\": \"{5770385F-C22A-43E0-BF4C-06F5698FFBD9}\", \"provider_name\": \"Microsoft-Windows-Sysmon\", \"record_id\": 1108254, \"task\": \"Network connection detected (rule: NetworkConnect)\", \"user\": {\"domain\": \"NT AUTHORITY\", \"identifier\": \"S-1-5-18\", \"name\": \"Syst\\u00e8me\", \"type\": \"User\"}, \"version\": 5}}"
  },
  "expected": {
    "message": "{\"@timestamp\": \"2026-03-11T09:14:50.013Z\", \"@version\": \"1\", \"agent\": {\"ephemeral_id\": \"00000000-0000-0000-0000-000000000004\", \"id\": \"00000000-0000-0000-0000-000000000002\", \"name\": \"server.example.com\", \"type\": \"winlogbeat\", \"version\": \"9.2.2\"}, \"ecs\": {\"version\": \"8.0.0\"}, \"event\": {\"action\": \"Network connection detected (rule: NetworkConnect)\", \"code\": \"3\", \"created\": \"2026-03-11T09:14:51.097Z\", \"kind\": \"event\", \"original\": \"Network connection detected:\\nRuleName: technique_id=T1059.001,technique_name=PowerShell\\nUtcTime: 2026-03-11 09:14:48.978\\nProcessGuid: {96663A62-3284-69B1-1B09-000000000A00}\\nProcessId: 4052\\nImage: C:\\\\Windows\\\\System32\\\\WindowsPowerShell\\\\v1.0\\\\powershell.exe\\nUser: example.org\\\\user1\\nProtocol: tcp\\nInitiated: true\\nSourceIsIpv6: false\\nSourceIp: 192.0.2.1\\nSourceHostname: -\\nSourcePort: 50868\\nSourcePortName: -\\nDestinationIsIpv6: false\\nDestinationIp: 192.0.2.1\\nDestinationHostname: -\\nDestinationPort: 443\\nDestinationPortName: -\", \"provider\": \"Microsoft-Windows-Sysmon\"}, \"host\": {\"architecture\": \"x86_64\", \"hostname\": \"server.example.com\", \"id\": \"00000000-0000-0000-0000-000000000003\", \"ip\": [\"2001:db8::1\", \"192.0.2.1\"], \"mac\": [\"02-00-00-00-00-01\"], \"name\": \"server.example.com\", \"os\": {\"build\": \"17763.737\", \"family\": \"windows\", \"kernel\": \"10.0.17763.737 (WinBuild.160101.0800)\", \"name\": \"Windows Server 2019 Essentials\", \"platform\": \"windows\", \"type\": \"windows\", \"version\": \"10.0\"}}, \"log\": {\"level\": \"information\"}, \"message\": \"Network connection detected:\\nRuleName: technique_id=T1059.001,technique_name=PowerShell\\nUtcTime: 2026-03-11 09:14:48.978\\nProcessGuid: {96663A62-3284-69B1-1B09-000000000A00}\\nProcessId: 4052\\nImage: C:\\\\Windows\\\\System32\\\\WindowsPowerShell\\\\v1.0\\\\powershell.exe\\nUser: example.org\\\\user1\\nProtocol: tcp\\nInitiated: true\\nSourceIsIpv6: false\\nSourceIp: 192.0.2.1\\nSourceHostname: -\\nSourcePort: 50868\\nSourcePortName: -\\nDestinationIsIpv6: false\\nDestinationIp: 192.0.2.1\\nDestinationHostname: -\\nDestinationPort: 443\\nDestinationPortName: -\", \"tags\": [\"beats_input_codec_plain_applied\"], \"winlog\": {\"channel\": \"Microsoft-Windows-Sysmon/Operational\", \"computer_name\": \"server.example.com\", \"event_data\": {\"DestinationHostname\": \"-\", \"DestinationIp\": \"192.0.2.1\", \"DestinationIsIpv6\": \"false\", \"DestinationPort\": \"443\", \"DestinationPortName\": \"-\", \"Image\": \"C:\\\\Windows\\\\System32\\\\WindowsPowerShell\\\\v1.0\\\\powershell.exe\", \"Initiated\": \"true\", \"ProcessGuid\": \"{96663A62-3284-69B1-1B09-000000000A00}\", \"ProcessId\": \"4052\", \"Protocol\": \"tcp\", \"RuleName\": \"technique_id=T1059.001,technique_name=PowerShell\", \"SourceHostname\": \"-\", \"SourceIp\": \"192.0.2.1\", \"SourceIsIpv6\": \"false\", \"SourcePort\": \"50868\", \"SourcePortName\": \"-\", \"User\": \"example.org\\\\user1\", \"UtcTime\": \"2026-03-11 09:14:48.978\"}, \"event_id\": \"3\", \"opcode\": \"Info\", \"process\": {\"pid\": 2664, \"thread\": {\"id\": 4632}}, \"provider_guid\": \"{5770385F-C22A-43E0-BF4C-06F5698FFBD9}\", \"provider_name\": \"Microsoft-Windows-Sysmon\", \"record_id\": 1108254, \"task\": \"Network connection detected (rule: NetworkConnect)\", \"user\": {\"domain\": \"NT AUTHORITY\", \"identifier\": \"S-1-5-18\", \"name\": \"Syst\\u00e8me\", \"type\": \"User\"}, \"version\": 5}}",
    "event": {
      "action": "Network connection detected (rule: NetworkConnect)",
      "code": "3",
      "kind": "event",
      "original": "Network connection detected:\nRuleName: technique_id=T1059.001,technique_name=PowerShell\nUtcTime: 2026-03-11 09:14:48.978\nProcessGuid: {96663A62-3284-69B1-1B09-000000000A00}\nProcessId: 4052\nImage: C:\\Windows\\System32\\WindowsPowerShell\\v1.0\\powershell.exe\nUser: example.org\\user1\nProtocol: tcp\nInitiated: true\nSourceIsIpv6: false\nSourceIp: 192.0.2.1\nSourceHostname: -\nSourcePort: 50868\nSourcePortName: -\nDestinationIsIpv6: false\nDestinationIp: 192.0.2.1\nDestinationHostname: -\nDestinationPort: 443\nDestinationPortName: -",
      "provider": "Microsoft-Windows-Sysmon"
    },
    "@timestamp": "2026-03-11T09:14:50.013000Z",
    "action": {
      "id": 3,
      "properties": {
        "DestinationHostname": "-",
        "DestinationIp": "192.0.2.1",
        "DestinationIsIpv6": "false",
        "DestinationPort": "443",
        "DestinationPortName": "-",
        "Image": "C:\\Windows\\System32\\WindowsPowerShell\\v1.0\\powershell.exe",
        "Initiated": "true",
        "Opcode": "Info",
        "ProcessGuid": "{96663A62-3284-69B1-1B09-000000000A00}",
        "ProcessId": "4052",
        "Protocol": "tcp",
        "ProviderGUID": "{5770385F-C22A-43E0-BF4C-06F5698FFBD9}",
        "RuleName": "technique_id=T1059.001,technique_name=PowerShell",
        "SourceHostname": "-",
        "SourceIp": "192.0.2.1",
        "SourceIsIpv6": "false",
        "SourceName": "Microsoft-Windows-Sysmon",
        "SourcePort": "50868",
        "SourcePortName": "-",
        "User": "example.org\\user1",
        "UtcTime": "2026-03-11 09:14:48.978"
      },
      "record_id": 1108254,
      "type": "Microsoft-Windows-Sysmon/Operational"
    },
    "agent": {
      "ephemeral_id": "00000000-0000-0000-0000-000000000004",
      "id": "00000000-0000-0000-0000-000000000002",
      "name": "server.example.com",
      "type": "winlogbeat",
      "version": "9.2.2"
    },
    "destination": {
      "address": "192.0.2.1",
      "ip": "192.0.2.1",
      "port": 443
    },
    "host": {
      "architecture": "x86_64",
      "hostname": "server.example.com",
      "id": "00000000-0000-0000-0000-000000000003",
      "ip": [
        "192.0.2.1",
        "2001:db8::1"
      ],
      "mac": [
        "02-00-00-00-00-01"
      ],
      "name": "server.example.com",
      "os": {
        "build": "17763.737",
        "family": "windows",
        "kernel": "10.0.17763.737 (WinBuild.160101.0800)",
        "name": "Windows Server 2019 Essentials",
        "platform": "windows",
        "type": "windows",
        "version": "10.0"
      }
    },
    "log": {
      "level": "information"
    },
    "process": {
      "executable": "C:\\Windows\\System32\\WindowsPowerShell\\v1.0\\powershell.exe",
      "name": "powershell.exe",
      "parent": {
        "name": "powershell.exe"
      },
      "pid": 2664,
      "thread": {
        "id": 4632
      }
    },
    "related": {
      "hosts": [
        "server.example.com"
      ],
      "ip": [
        "192.0.2.1",
        "2001:db8::1"
      ]
    },
    "winlog": {
      "channel": "Microsoft-Windows-Sysmon/Operational",
      "computer_name": "server.example.com",
      "event_id": "3",
      "opcode": "Info",
      "process": {
        "pid": 2664,
        "thread": {
          "id": 4632
        }
      },
      "provider_guid": "{5770385f-c22a-43e0-bf4c-06f5698ffbd9}",
      "provider_name": "Microsoft-Windows-Sysmon",
      "record_id": "1108254",
      "task": "Network connection detected (rule: NetworkConnect)",
      "user": {
        "domain": "NT AUTHORITY",
        "identifier": "S-1-5-18",
        "name": "Syst\u00e8me",
        "type": "User"
      },
      "version": 5
    }
  }
}