{
  "input": {
    "message": "{\"@timestamp\": \"2026-03-10T15:32:22.960Z\", \"@version\": \"1\", \"agent\": {\"ephemeral_id\": \"00000000-0000-0000-0000-000000000001\", \"id\": \"00000000-0000-0000-0000-000000000002\", \"name\": \"server.test\", \"type\": \"winlogbeat\", \"version\": \"9.2.2\"}, \"ecs\": {\"version\": \"8.0.0\"}, \"event\": {\"action\": \"None\", \"code\": \"1117\", \"created\": \"2026-03-10T15:32:24.102Z\", \"kind\": \"event\", \"original\": \"Antivirus Microsoft Defender a entrepris une action pour prot\\u00e9ger cet ordinateur contre des logiciels malveillants ou d\\u2019autres logiciels potentiellement ind\\u00e9sirables.\\n Pour plus d\\u2019informations, reportez-vous aux \\u00e9l\\u00e9ments suivants :\\nhttps://go.microsoft.com/fwlink/?linkid=37020&name=Backdoor:PHP/Chopper.E!dha&threatid=2147891541&enterprise=0\\n \\tNom : Backdoor:PHP/Chopper.E!dha\\n \\tID : 2147891541\\n \\tGravit\\u00e9 : Grave\\n \\tCat\\u00e9gorie : Porte d\\u00e9rob\\u00e9e\\n \\tChemin : file:_C:\\\\Webshell-Test\\\\shell.php\\n \\tOrigine de la d\\u00e9tection : Ordinateur local\\n \\tType de d\\u00e9tection : Concret\\n \\tSource de d\\u00e9tection : Protection en temps r\\u00e9el\\n \\tUtilisateur : AUTORITE NT\\\\Syst\\u00e8me\\n \\tNom du processus : C:\\\\Windows\\\\System32\\\\WindowsPowerShell\\\\v1.0\\\\powershell.exe\\n \\tAction : Quarantaine\\n \\t\\u00c9tat de l\\u2019action :  No additional actions required\\n \\tCode d\\u2019erreur : 0x00000000\\n \\tDescription de l\\u2019erreur : L\\u2019op\\u00e9ration a r\\u00e9ussi. \\n \\tVersion de la veille de s\\u00e9curit\\u00e9 : AV: 1.445.440.0, AS: 1.445.440.0, NIS: 0.0.0.0\\n \\tVersion du moteur : AM: 1.1.26010.1, NIS: 0.0.0.0\", \"provider\": \"Microsoft-Windows-Windows Defender\"}, \"host\": {\"architecture\": \"x86_64\", \"hostname\": \"server.test\", \"id\": \"00000000-0000-0000-0000-000000000003\", \"ip\": [\"2001:db8::1\", \"192.0.2.1\"], \"mac\": [\"00-00-5E-00-53-01\"], \"name\": \"server.test\", \"os\": {\"build\": \"17763.737\", \"family\": \"windows\", \"kernel\": \"10.0.17763.737 (WinBuild.160101.0800)\", \"name\": \"Windows Server 2019 Essentials\", \"platform\": \"windows\", \"type\": \"windows\", \"version\": \"10.0\"}}, \"log\": {\"level\": \"information\"}, \"message\": \"Antivirus Microsoft Defender a entrepris une action pour prot\\u00e9ger cet ordinateur contre des logiciels malveillants ou d\\u2019autres logiciels potentiellement ind\\u00e9sirables.\\n Pour plus d\\u2019informations, reportez-vous aux \\u00e9l\\u00e9ments suivants :\\nhttps://go.microsoft.com/fwlink/?linkid=37020&name=Backdoor:PHP/Chopper.E!dha&threatid=2147891541&enterprise=0\\n \\tNom : Backdoor:PHP/Chopper.E!dha\\n \\tID : 2147891541\\n \\tGravit\\u00e9 : Grave\\n \\tCat\\u00e9gorie : Porte d\\u00e9rob\\u00e9e\\n \\tChemin : file:_C:\\\\Webshell-Test\\\\shell.php\\n \\tOrigine de la d\\u00e9tection : Ordinateur local\\n \\tType de d\\u00e9tection : Concret\\n \\tSource de d\\u00e9tection : Protection en temps r\\u00e9el\\n \\tUtilisateur : AUTORITE NT\\\\Syst\\u00e8me\\n \\tNom du processus : C:\\\\Windows\\\\System32\\\\WindowsPowerShell\\\\v1.0\\\\powershell.exe\\n \\tAction : Quarantaine\\n \\t\\u00c9tat de l\\u2019action :  No additional actions required\\n \\tCode d\\u2019erreur : 0x00000000\\n \\tDescription de l\\u2019erreur : L\\u2019op\\u00e9ration a r\\u00e9ussi. \\n \\tVersion de la veille de s\\u00e9curit\\u00e9 : AV: 1.445.440.0, AS: 1.445.440.0, NIS: 0.0.0.0\\n \\tVersion du moteur : AM: 1.1.26010.1, NIS: 0.0.0.0\", \"tags\": [\"beats_input_codec_plain_applied\"], \"winlog\": {\"activity_id\": \"{DC5B453F-FD6C-4DF9-A001-141B63B739D2}\", \"channel\": \"Microsoft-Windows-Windows Defender/Operational\", \"computer_name\": \"server.test.example.org\", \"event_data\": {\"Action ID\": \"2\", \"Action Name\": \"Quarantaine\", \"Additional Actions ID\": \"0\", \"Additional Actions String\": \"No additional actions required\", \"Category ID\": \"6\", \"Category Name\": \"Porte d\\u00e9rob\\u00e9e\", \"Detection ID\": \"{7A9E0E16-21A3-4C21-A25A-5757BBF02DA6}\", \"Detection Time\": \"2026-03-10T15:31:50.615Z\", \"Detection User\": \"example.org\\\\user1\", \"Engine Version\": \"AM: 1.1.26010.1, NIS: 0.0.0.0\", \"Error Code\": \"0x00000000\", \"Error Description\": \"L\\u2019op\\u00e9ration a r\\u00e9ussi. \", \"Execution ID\": \"1\", \"Execution Name\": \"Suspendu\", \"FWLink\": \"https://go.microsoft.com/fwlink/?linkid=37020&name=Backdoor:PHP/Chopper.E!dha&threatid=2147891541&enterprise=0\", \"Origin ID\": \"1\", \"Origin Name\": \"Ordinateur local\", \"Path\": \"file:_C:\\\\Webshell-Test\\\\shell.php\", \"Post Clean Status\": \"0\", \"Pre Execution Status\": \"0\", \"Process Name\": \"C:\\\\Windows\\\\System32\\\\WindowsPowerShell\\\\v1.0\\\\powershell.exe\", \"Product Name\": \"Antivirus Microsoft Defender\", \"Product Version\": \"4.18.26010.5\", \"Remediation User\": \"AUTORITE NT\\\\Syst\\u00e8me\", \"Security intelligence Version\": \"AV: 1.445.440.0, AS: 1.445.440.0, NIS: 0.0.0.0\", \"Severity ID\": \"5\", \"Severity Name\": \"Grave\", \"Source ID\": \"3\", \"Source Name\": \"Protection en temps r\\u00e9el\", \"State\": \"2\", \"Status Code\": \"3\", \"Threat ID\": \"2147891541\", \"Threat Name\": \"Backdoor:PHP/Chopper.E!dha\", \"Type ID\": \"0\", \"Type Name\": \"Concret\"}, \"event_id\": \"1117\", \"opcode\": \"Info\", \"process\": {\"pid\": 2384, \"thread\": {\"id\": 4600}}, \"provider_guid\": \"{11CD958A-C507-4EF3-B3F2-5FD9DFBD2C78}\", \"provider_name\": \"Microsoft-Windows-Windows Defender\", \"record_id\": 2755, \"task\": \"None\", \"user\": {\"domain\": \"AUTORITE NT\", \"identifier\": \"S-1-5-18\", \"name\": \"Syst\\u00e8me\", \"type\": \"User\"}}}"
  },
  "expected": {
    "message": "{\"@timestamp\": \"2026-03-10T15:32:22.960Z\", \"@version\": \"1\", \"agent\": {\"ephemeral_id\": \"00000000-0000-0000-0000-000000000001\", \"id\": \"00000000-0000-0000-0000-000000000002\", \"name\": \"server.test\", \"type\": \"winlogbeat\", \"version\": \"9.2.2\"}, \"ecs\": {\"version\": \"8.0.0\"}, \"event\": {\"action\": \"None\", \"code\": \"1117\", \"created\": \"2026-03-10T15:32:24.102Z\", \"kind\": \"event\", \"original\": \"Antivirus Microsoft Defender a entrepris une action pour prot\\u00e9ger cet ordinateur contre des logiciels malveillants ou d\\u2019autres logiciels potentiellement ind\\u00e9sirables.\\n Pour plus d\\u2019informations, reportez-vous aux \\u00e9l\\u00e9ments suivants :\\nhttps://go.microsoft.com/fwlink/?linkid=37020&name=Backdoor:PHP/Chopper.E!dha&threatid=2147891541&enterprise=0\\n \\tNom : Backdoor:PHP/Chopper.E!dha\\n \\tID : 2147891541\\n \\tGravit\\u00e9 : Grave\\n \\tCat\\u00e9gorie : Porte d\\u00e9rob\\u00e9e\\n \\tChemin : file:_C:\\\\Webshell-Test\\\\shell.php\\n \\tOrigine de la d\\u00e9tection : Ordinateur local\\n \\tType de d\\u00e9tection : Concret\\n \\tSource de d\\u00e9tection : Protection en temps r\\u00e9el\\n \\tUtilisateur : AUTORITE NT\\\\Syst\\u00e8me\\n \\tNom du processus : C:\\\\Windows\\\\System32\\\\WindowsPowerShell\\\\v1.0\\\\powershell.exe\\n \\tAction : Quarantaine\\n \\t\\u00c9tat de l\\u2019action :  No additional actions required\\n \\tCode d\\u2019erreur : 0x00000000\\n \\tDescription de l\\u2019erreur : L\\u2019op\\u00e9ration a r\\u00e9ussi. \\n \\tVersion de la veille de s\\u00e9curit\\u00e9 : AV: 1.445.440.0, AS: 1.445.440.0, NIS: 0.0.0.0\\n \\tVersion du moteur : AM: 1.1.26010.1, NIS: 0.0.0.0\", \"provider\": \"Microsoft-Windows-Windows Defender\"}, \"host\": {\"architecture\": \"x86_64\", \"hostname\": \"server.test\", \"id\": \"00000000-0000-0000-0000-000000000003\", \"ip\": [\"2001:db8::1\", \"192.0.2.1\"], \"mac\": [\"00-00-5E-00-53-01\"], \"name\": \"server.test\", \"os\": {\"build\": \"17763.737\", \"family\": \"windows\", \"kernel\": \"10.0.17763.737 (WinBuild.160101.0800)\", \"name\": \"Windows Server 2019 Essentials\", \"platform\": \"windows\", \"type\": \"windows\", \"version\": \"10.0\"}}, \"log\": {\"level\": \"information\"}, \"message\": \"Antivirus Microsoft Defender a entrepris une action pour prot\\u00e9ger cet ordinateur contre des logiciels malveillants ou d\\u2019autres logiciels potentiellement ind\\u00e9sirables.\\n Pour plus d\\u2019informations, reportez-vous aux \\u00e9l\\u00e9ments suivants :\\nhttps://go.microsoft.com/fwlink/?linkid=37020&name=Backdoor:PHP/Chopper.E!dha&threatid=2147891541&enterprise=0\\n \\tNom : Backdoor:PHP/Chopper.E!dha\\n \\tID : 2147891541\\n \\tGravit\\u00e9 : Grave\\n \\tCat\\u00e9gorie : Porte d\\u00e9rob\\u00e9e\\n \\tChemin : file:_C:\\\\Webshell-Test\\\\shell.php\\n \\tOrigine de la d\\u00e9tection : Ordinateur local\\n \\tType de d\\u00e9tection : Concret\\n \\tSource de d\\u00e9tection : Protection en temps r\\u00e9el\\n \\tUtilisateur : AUTORITE NT\\\\Syst\\u00e8me\\n \\tNom du processus : C:\\\\Windows\\\\System32\\\\WindowsPowerShell\\\\v1.0\\\\powershell.exe\\n \\tAction : Quarantaine\\n \\t\\u00c9tat de l\\u2019action :  No additional actions required\\n \\tCode d\\u2019erreur : 0x00000000\\n \\tDescription de l\\u2019erreur : L\\u2019op\\u00e9ration a r\\u00e9ussi. \\n \\tVersion de la veille de s\\u00e9curit\\u00e9 : AV: 1.445.440.0, AS: 1.445.440.0, NIS: 0.0.0.0\\n \\tVersion du moteur : AM: 1.1.26010.1, NIS: 0.0.0.0\", \"tags\": [\"beats_input_codec_plain_applied\"], \"winlog\": {\"activity_id\": \"{DC5B453F-FD6C-4DF9-A001-141B63B739D2}\", \"channel\": \"Microsoft-Windows-Windows Defender/Operational\", \"computer_name\": \"server.test.example.org\", \"event_data\": {\"Action ID\": \"2\", \"Action Name\": \"Quarantaine\", \"Additional Actions ID\": \"0\", \"Additional Actions String\": \"No additional actions required\", \"Category ID\": \"6\", \"Category Name\": \"Porte d\\u00e9rob\\u00e9e\", \"Detection ID\": \"{7A9E0E16-21A3-4C21-A25A-5757BBF02DA6}\", \"Detection Time\": \"2026-03-10T15:31:50.615Z\", \"Detection User\": \"example.org\\\\user1\", \"Engine Version\": \"AM: 1.1.26010.1, NIS: 0.0.0.0\", \"Error Code\": \"0x00000000\", \"Error Description\": \"L\\u2019op\\u00e9ration a r\\u00e9ussi. \", \"Execution ID\": \"1\", \"Execution Name\": \"Suspendu\", \"FWLink\": \"https://go.microsoft.com/fwlink/?linkid=37020&name=Backdoor:PHP/Chopper.E!dha&threatid=2147891541&enterprise=0\", \"Origin ID\": \"1\", \"Origin Name\": \"Ordinateur local\", \"Path\": \"file:_C:\\\\Webshell-Test\\\\shell.php\", \"Post Clean Status\": \"0\", \"Pre Execution Status\": \"0\", \"Process Name\": \"C:\\\\Windows\\\\System32\\\\WindowsPowerShell\\\\v1.0\\\\powershell.exe\", \"Product Name\": \"Antivirus Microsoft Defender\", \"Product Version\": \"4.18.26010.5\", \"Remediation User\": \"AUTORITE NT\\\\Syst\\u00e8me\", \"Security intelligence Version\": \"AV: 1.445.440.0, AS: 1.445.440.0, NIS: 0.0.0.0\", \"Severity ID\": \"5\", \"Severity Name\": \"Grave\", \"Source ID\": \"3\", \"Source Name\": \"Protection en temps r\\u00e9el\", \"State\": \"2\", \"Status Code\": \"3\", \"Threat ID\": \"2147891541\", \"Threat Name\": \"Backdoor:PHP/Chopper.E!dha\", \"Type ID\": \"0\", \"Type Name\": \"Concret\"}, \"event_id\": \"1117\", \"opcode\": \"Info\", \"process\": {\"pid\": 2384, \"thread\": {\"id\": 4600}}, \"provider_guid\": \"{11CD958A-C507-4EF3-B3F2-5FD9DFBD2C78}\", \"provider_name\": \"Microsoft-Windows-Windows Defender\", \"record_id\": 2755, \"task\": \"None\", \"user\": {\"domain\": \"AUTORITE NT\", \"identifier\": \"S-1-5-18\", \"name\": \"Syst\\u00e8me\", \"type\": \"User\"}}}",
    "event": {
      "code": "1117",
      "kind": "event",
      "original": "Antivirus Microsoft Defender a entrepris une action pour prot\u00e9ger cet ordinateur contre des logiciels malveillants ou d\u2019autres logiciels potentiellement ind\u00e9sirables.\n Pour plus d\u2019informations, reportez-vous aux \u00e9l\u00e9ments suivants :\nhttps://go.microsoft.com/fwlink/?linkid=37020&name=Backdoor:PHP/Chopper.E!dha&threatid=2147891541&enterprise=0\n \tNom : Backdoor:PHP/Chopper.E!dha\n \tID : 2147891541\n \tGravit\u00e9 : Grave\n \tCat\u00e9gorie : Porte d\u00e9rob\u00e9e\n \tChemin : file:_C:\\Webshell-Test\\shell.php\n \tOrigine de la d\u00e9tection : Ordinateur local\n \tType de d\u00e9tection : Concret\n \tSource de d\u00e9tection : Protection en temps r\u00e9el\n \tUtilisateur : AUTORITE NT\\Syst\u00e8me\n \tNom du processus : C:\\Windows\\System32\\WindowsPowerShell\\v1.0\\powershell.exe\n \tAction : Quarantaine\n \t\u00c9tat de l\u2019action :  No additional actions required\n \tCode d\u2019erreur : 0x00000000\n \tDescription de l\u2019erreur : L\u2019op\u00e9ration a r\u00e9ussi. \n \tVersion de la veille de s\u00e9curit\u00e9 : AV: 1.445.440.0, AS: 1.445.440.0, NIS: 0.0.0.0\n \tVersion du moteur : AM: 1.1.26010.1, NIS: 0.0.0.0",
      "provider": "Microsoft-Windows-Windows Defender"
    },
    "@timestamp": "2026-03-10T15:32:22.960000Z",
    "action": {
      "id": 1117,
      "properties": {
        "Action ID": "2",
        "Action Name": "Quarantaine",
        "Additional Actions ID": "0",
        "Additional Actions String": "No additional actions required",
        "Category ID": "6",
        "Category Name": "Porte d\u00e9rob\u00e9e",
        "Detection ID": "{7A9E0E16-21A3-4C21-A25A-5757BBF02DA6}",
        "Detection Time": "2026-03-10T15:31:50.615Z",
        "Detection User": "example.org\\user1",
        "Engine Version": "AM: 1.1.26010.1, NIS: 0.0.0.0",
        "Error Code": "0x00000000",
        "Error Description": "L\u2019op\u00e9ration a r\u00e9ussi. ",
        "Execution ID": "1",
        "Execution Name": "Suspendu",
        "FWLink": "https://go.microsoft.com/fwlink/?linkid=37020&name=Backdoor:PHP/Chopper.E!dha&threatid=2147891541&enterprise=0",
        "Opcode": "Info",
        "Origin ID": "1",
        "Origin Name": "Ordinateur local",
        "Path": "file:_C:\\Webshell-Test\\shell.php",
        "Post Clean Status": "0",
        "Pre Execution Status": "0",
        "Process Name": "C:\\Windows\\System32\\WindowsPowerShell\\v1.0\\powershell.exe",
        "Product Name": "Antivirus Microsoft Defender",
        "Product Version": "4.18.26010.5",
        "ProviderGUID": "{11CD958A-C507-4EF3-B3F2-5FD9DFBD2C78}",
        "Remediation User": "AUTORITE NT\\Syst\u00e8me",
        "Security intelligence Version": "AV: 1.445.440.0, AS: 1.445.440.0, NIS: 0.0.0.0",
        "Severity ID": "5",
        "Severity Name": "Grave",
        "Source ID": "3",
        "Source Name": "Protection en temps r\u00e9el",
        "SourceName": "Microsoft-Windows-Windows Defender",
        "State": "2",
        "Status Code": "3",
        "Threat ID": "2147891541",
        "Threat Name": "Backdoor:PHP/Chopper.E!dha",
        "ThreatName": "Backdoor:PHP/Chopper.E!dha",
        "Type ID": "0",
        "Type Name": "Concret"
      },
      "record_id": 2755,
      "type": "Microsoft-Windows-Windows Defender/Operational"
    },
    "agent": {
      "ephemeral_id": "00000000-0000-0000-0000-000000000001",
      "id": "00000000-0000-0000-0000-000000000002",
      "name": "server.test",
      "type": "winlogbeat",
      "version": "9.2.2"
    },
    "host": {
      "architecture": "x86_64",
      "hostname": "server.test",
      "id": "00000000-0000-0000-0000-000000000003",
      "ip": [
        "192.0.2.1",
        "2001:db8::1"
      ],
      "mac": [
        "00-00-5E-00-53-01"
      ],
      "name": "server.test",
      "os": {
        "build": "17763.737",
        "family": "windows",
        "kernel": "10.0.17763.737 (WinBuild.160101.0800)",
        "name": "Windows Server 2019 Essentials",
        "platform": "windows",
        "type": "windows",
        "version": "10.0"
      }
    },
    "log": {
      "level": "information"
    },
    "process": {
      "pid": 2384,
      "thread": {
        "id": 4600
      }
    },
    "related": {
      "hosts": [
        "server.test"
      ],
      "ip": [
        "192.0.2.1",
        "2001:db8::1"
      ]
    },
    "winlog": {
      "activity_id": "{dc5b453f-fd6c-4df9-a001-141b63b739d2}",
      "channel": "Microsoft-Windows-Windows Defender/Operational",
      "computer_name": "server.test.example.org",
      "event_id": "1117",
      "opcode": "Info",
      "process": {
        "pid": 2384,
        "thread": {
          "id": 4600
        }
      },
      "provider_guid": "{11cd958a-c507-4ef3-b3f2-5fd9dfbd2c78}",
      "provider_name": "Microsoft-Windows-Windows Defender",
      "record_id": "2755",
      "task": "None",
      "user": {
        "domain": "AUTORITE NT",
        "identifier": "S-1-5-18",
        "name": "Syst\u00e8me",
        "type": "User"
      }
    }
  }
}