{
  "input": {
    "message": "{\"@timestamp\": \"2026-03-12T13:41:48.113Z\", \"@version\": \"1\", \"agent\": {\"ephemeral_id\": \"d965b291-8915-49db-9313-45633ac533ce\", \"id\": \"bbc3a849-f9d7-4ec1-bed4-019e0cccd386\", \"name\": \"server.test\", \"type\": \"winlogbeat\", \"version\": \"9.2.2\"}, \"ecs\": {\"version\": \"8.0.0\"}, \"event\": {\"action\": \"Dns query (rule: DnsQuery)\", \"code\": \"22\", \"created\": \"2026-03-12T13:41:49.450Z\", \"kind\": \"event\", \"original\": \"Dns query:\\nRuleName: -\\nUtcTime: 2026-03-12 13:41:47.050\\nProcessGuid: {96663A62-3645-69B0-FB07-000000000A00}\\nProcessId: 4688\\nQueryName: _abcdef._test_test._domainkey.malware.com\\nQueryStatus: 9002\\nQueryResults: -\\nImage: C:\\\\Windows\\\\System32\\\\WindowsPowerShell\\\\v1.0\\\\powershell.exe\\nUser: example.org\\\\user1\", \"provider\": \"Microsoft-Windows-Sysmon\"}, \"host\": {\"architecture\": \"x86_64\", \"hostname\": \"server.test\", \"id\": \"96663a62-d7c3-4eb3-86b4-8b8b72b641cf\", \"ip\": [\"2001:db8::1\", \"198.51.100.149\"], \"mac\": [\"00-00-5E-00-53-01\"], \"name\": \"server.test\", \"os\": {\"build\": \"17763.737\", \"family\": \"windows\", \"kernel\": \"10.0.17763.737 (WinBuild.160101.0800)\", \"name\": \"Windows Server 2019 Essentials\", \"platform\": \"windows\", \"type\": \"windows\", \"version\": \"10.0\"}}, \"log\": {\"level\": \"information\"}, \"message\": \"Dns query:\\nRuleName: -\\nUtcTime: 2026-03-12 13:41:47.050\\nProcessGuid: {96663A62-3645-69B0-FB07-000000000A00}\\nProcessId: 4688\\nQueryName: _abcdef._test_test._domainkey.malware.com\\nQueryStatus: 9002\\nQueryResults: -\\nImage: C:\\\\Windows\\\\System32\\\\WindowsPowerShell\\\\v1.0\\\\powershell.exe\\nUser: example.org\\\\user1\", \"tags\": [\"beats_input_codec_plain_applied\"], \"winlog\": {\"channel\": \"Microsoft-Windows-Sysmon/Operational\", \"computer_name\": \"server.test.example.org\", \"event_data\": {\"Image\": \"C:\\\\Windows\\\\System32\\\\WindowsPowerShell\\\\v1.0\\\\powershell.exe\", \"ProcessGuid\": \"{96663A62-3645-69B0-FB07-000000000A00}\", \"ProcessId\": \"4688\", \"QueryName\": \"_abcdef._test_test._domainkey.malware.com\", \"QueryResults\": \"-\", \"QueryStatus\": \"9002\", \"RuleName\": \"-\", \"User\": \"example.org\\\\user1\", \"UtcTime\": \"2026-03-12 13:41:47.050\"}, \"event_id\": \"22\", \"opcode\": \"Info\", \"process\": {\"pid\": 2664, \"thread\": {\"id\": 5760}}, \"provider_guid\": \"{5770385F-C22A-43E0-BF4C-06F5698FFBD9}\", \"provider_name\": \"Microsoft-Windows-Sysmon\", \"record_id\": 1126125, \"task\": \"Dns query (rule: DnsQuery)\", \"user\": {\"domain\": \"AUTORITE NT\", \"identifier\": \"S-1-5-18\", \"name\": \"Syst\\u00e8me\", \"type\": \"User\"}, \"version\": 5}}"
  },
  "expected": {
    "message": "{\"@timestamp\": \"2026-03-12T13:41:48.113Z\", \"@version\": \"1\", \"agent\": {\"ephemeral_id\": \"d965b291-8915-49db-9313-45633ac533ce\", \"id\": \"bbc3a849-f9d7-4ec1-bed4-019e0cccd386\", \"name\": \"server.test\", \"type\": \"winlogbeat\", \"version\": \"9.2.2\"}, \"ecs\": {\"version\": \"8.0.0\"}, \"event\": {\"action\": \"Dns query (rule: DnsQuery)\", \"code\": \"22\", \"created\": \"2026-03-12T13:41:49.450Z\", \"kind\": \"event\", \"original\": \"Dns query:\\nRuleName: -\\nUtcTime: 2026-03-12 13:41:47.050\\nProcessGuid: {96663A62-3645-69B0-FB07-000000000A00}\\nProcessId: 4688\\nQueryName: _abcdef._test_test._domainkey.malware.com\\nQueryStatus: 9002\\nQueryResults: -\\nImage: C:\\\\Windows\\\\System32\\\\WindowsPowerShell\\\\v1.0\\\\powershell.exe\\nUser: example.org\\\\user1\", \"provider\": \"Microsoft-Windows-Sysmon\"}, \"host\": {\"architecture\": \"x86_64\", \"hostname\": \"server.test\", \"id\": \"96663a62-d7c3-4eb3-86b4-8b8b72b641cf\", \"ip\": [\"2001:db8::1\", \"198.51.100.149\"], \"mac\": [\"00-00-5E-00-53-01\"], \"name\": \"server.test\", \"os\": {\"build\": \"17763.737\", \"family\": \"windows\", \"kernel\": \"10.0.17763.737 (WinBuild.160101.0800)\", \"name\": \"Windows Server 2019 Essentials\", \"platform\": \"windows\", \"type\": \"windows\", \"version\": \"10.0\"}}, \"log\": {\"level\": \"information\"}, \"message\": \"Dns query:\\nRuleName: -\\nUtcTime: 2026-03-12 13:41:47.050\\nProcessGuid: {96663A62-3645-69B0-FB07-000000000A00}\\nProcessId: 4688\\nQueryName: _abcdef._test_test._domainkey.malware.com\\nQueryStatus: 9002\\nQueryResults: -\\nImage: C:\\\\Windows\\\\System32\\\\WindowsPowerShell\\\\v1.0\\\\powershell.exe\\nUser: example.org\\\\user1\", \"tags\": [\"beats_input_codec_plain_applied\"], \"winlog\": {\"channel\": \"Microsoft-Windows-Sysmon/Operational\", \"computer_name\": \"server.test.example.org\", \"event_data\": {\"Image\": \"C:\\\\Windows\\\\System32\\\\WindowsPowerShell\\\\v1.0\\\\powershell.exe\", \"ProcessGuid\": \"{96663A62-3645-69B0-FB07-000000000A00}\", \"ProcessId\": \"4688\", \"QueryName\": \"_abcdef._test_test._domainkey.malware.com\", \"QueryResults\": \"-\", \"QueryStatus\": \"9002\", \"RuleName\": \"-\", \"User\": \"example.org\\\\user1\", \"UtcTime\": \"2026-03-12 13:41:47.050\"}, \"event_id\": \"22\", \"opcode\": \"Info\", \"process\": {\"pid\": 2664, \"thread\": {\"id\": 5760}}, \"provider_guid\": \"{5770385F-C22A-43E0-BF4C-06F5698FFBD9}\", \"provider_name\": \"Microsoft-Windows-Sysmon\", \"record_id\": 1126125, \"task\": \"Dns query (rule: DnsQuery)\", \"user\": {\"domain\": \"AUTORITE NT\", \"identifier\": \"S-1-5-18\", \"name\": \"Syst\\u00e8me\", \"type\": \"User\"}, \"version\": 5}}",
    "event": {
      "action": "Dns query (rule: DnsQuery)",
      "code": "22",
      "kind": "event",
      "original": "Dns query:\nRuleName: -\nUtcTime: 2026-03-12 13:41:47.050\nProcessGuid: {96663A62-3645-69B0-FB07-000000000A00}\nProcessId: 4688\nQueryName: _abcdef._test_test._domainkey.malware.com\nQueryStatus: 9002\nQueryResults: -\nImage: C:\\Windows\\System32\\WindowsPowerShell\\v1.0\\powershell.exe\nUser: example.org\\user1",
      "provider": "Microsoft-Windows-Sysmon"
    },
    "@timestamp": "2026-03-12T13:41:48.113000Z",
    "action": {
      "id": 22,
      "properties": {
        "Image": "C:\\Windows\\System32\\WindowsPowerShell\\v1.0\\powershell.exe",
        "Opcode": "Info",
        "ProcessGuid": "{96663A62-3645-69B0-FB07-000000000A00}",
        "ProcessId": "4688",
        "ProviderGUID": "{5770385F-C22A-43E0-BF4C-06F5698FFBD9}",
        "QueryName": "_abcdef._test_test._domainkey.malware.com",
        "QueryResults": "-",
        "QueryStatus": "9002",
        "RuleName": "-",
        "SourceName": "Microsoft-Windows-Sysmon",
        "User": "example.org\\user1",
        "UtcTime": "2026-03-12 13:41:47.050"
      },
      "record_id": 1126125,
      "type": "Microsoft-Windows-Sysmon/Operational"
    },
    "agent": {
      "ephemeral_id": "d965b291-8915-49db-9313-45633ac533ce",
      "id": "bbc3a849-f9d7-4ec1-bed4-019e0cccd386",
      "name": "server.test",
      "type": "winlogbeat",
      "version": "9.2.2"
    },
    "host": {
      "architecture": "x86_64",
      "hostname": "server.test",
      "id": "96663a62-d7c3-4eb3-86b4-8b8b72b641cf",
      "ip": [
        "198.51.100.149",
        "2001:db8::1"
      ],
      "mac": [
        "00-00-5E-00-53-01"
      ],
      "name": "server.test",
      "os": {
        "build": "17763.737",
        "family": "windows",
        "kernel": "10.0.17763.737 (WinBuild.160101.0800)",
        "name": "Windows Server 2019 Essentials",
        "platform": "windows",
        "type": "windows",
        "version": "10.0"
      }
    },
    "log": {
      "level": "information"
    },
    "process": {
      "executable": "C:\\Windows\\System32\\WindowsPowerShell\\v1.0\\powershell.exe",
      "name": "powershell.exe",
      "pid": 2664,
      "thread": {
        "id": 5760
      }
    },
    "related": {
      "hosts": [
        "server.test"
      ],
      "ip": [
        "198.51.100.149",
        "2001:db8::1"
      ]
    },
    "winlog": {
      "channel": "Microsoft-Windows-Sysmon/Operational",
      "computer_name": "server.test.example.org",
      "event_id": "22",
      "opcode": "Info",
      "process": {
        "pid": 2664,
        "thread": {
          "id": 5760
        }
      },
      "provider_guid": "{5770385f-c22a-43e0-bf4c-06f5698ffbd9}",
      "provider_name": "Microsoft-Windows-Sysmon",
      "record_id": "1126125",
      "task": "Dns query (rule: DnsQuery)",
      "user": {
        "domain": "AUTORITE NT",
        "identifier": "S-1-5-18",
        "name": "Syst\u00e8me",
        "type": "User"
      },
      "version": 5
    }
  }
}