{
  "input": {
    "message": "{\"@timestamp\": \"2026-03-11T08:49:37.954Z\", \"@version\": \"1\", \"agent\": {\"ephemeral_id\": \"00000000-0000-0000-0000-000000000004\", \"id\": \"00000000-0000-0000-0000-000000000002\", \"name\": \"server.test\", \"type\": \"winlogbeat\", \"version\": \"9.2.2\"}, \"ecs\": {\"version\": \"8.0.0\"}, \"event\": {\"action\": \"Filtering Platform Connection\", \"code\": \"5156\", \"created\": \"2026-03-11T08:49:39.215Z\", \"kind\": \"event\", \"original\": \"La plateforme WPF (Windows Filtering Platform) a autoris\\u00e9 une connexion.\\n\\nInformations sur l\\u2019application :\\n\\tID du processus :\\t\\t604\\n\\tNom de l\\u2019application :\\t\\\\device\\\\harddiskvolume4\\\\windows\\\\system32\\\\lsass.exe\\n\\nInformations sur le r\\u00e9seau :\\n\\tDirection :\\t\\tEntrant\\n\\tAdresse source :\\t\\t127.0.0.1\\n\\tPort source :\\t\\t50755\\n\\tAdresse de destination :\\t127.0.0.1\\n\\tPort de destination :\\t\\t88\\n\\tProtocole :\\t\\t6\\n\\nInformations sur le filtre :\\n\\tID d\\u2019ex\\u00e9cution du filtre :\\t65904\\n\\tNom de la couche :\\t\\tR\\u00e9ception/Acceptation\\n\\tID d\\u2019ex\\u00e9cution de la couche :\\t44\", \"outcome\": \"success\", \"provider\": \"Microsoft-Windows-Security-Auditing\"}, \"host\": {\"architecture\": \"x86_64\", \"hostname\": \"server.test\", \"id\": \"00000000-0000-0000-0000-000000000003\", \"ip\": [\"2001:db8::1\", \"192.0.2.1\"], \"mac\": [\"00-00-5E-00-53-01\"], \"name\": \"server.test\", \"os\": {\"build\": \"17763.737\", \"family\": \"windows\", \"kernel\": \"10.0.17763.737 (WinBuild.160101.0800)\", \"name\": \"Windows Server 2019 Essentials\", \"platform\": \"windows\", \"type\": \"windows\", \"version\": \"10.0\"}}, \"log\": {\"level\": \"information\"}, \"message\": \"La plateforme WPF (Windows Filtering Platform) a autoris\\u00e9 une connexion.\\n\\nInformations sur l\\u2019application :\\n\\tID du processus :\\t\\t604\\n\\tNom de l\\u2019application :\\t\\\\device\\\\harddiskvolume4\\\\windows\\\\system32\\\\lsass.exe\\n\\nInformations sur le r\\u00e9seau :\\n\\tDirection :\\t\\tEntrant\\n\\tAdresse source :\\t\\t127.0.0.1\\n\\tPort source :\\t\\t50755\\n\\tAdresse de destination :\\t127.0.0.1\\n\\tPort de destination :\\t\\t88\\n\\tProtocole :\\t\\t6\\n\\nInformations sur le filtre :\\n\\tID d\\u2019ex\\u00e9cution du filtre :\\t65904\\n\\tNom de la couche :\\t\\tR\\u00e9ception/Acceptation\\n\\tID d\\u2019ex\\u00e9cution de la couche :\\t44\", \"tags\": [\"beats_input_codec_plain_applied\"], \"winlog\": {\"channel\": \"Security\", \"computer_name\": \"server.test.example.org\", \"event_data\": {\"Application\": \"\\\\device\\\\harddiskvolume4\\\\windows\\\\system32\\\\lsass.exe\", \"DestAddress\": \"127.0.0.1\", \"DestPort\": \"88\", \"Direction\": \"Entrant\", \"FilterRTID\": \"65904\", \"LayerName\": \"R\\u00e9ception/Acceptation\", \"LayerRTID\": \"44\", \"ProcessID\": \"604\", \"Protocol\": \"6\", \"RemoteMachineID\": \"S-1-0-0\", \"RemoteUserID\": \"S-1-0-0\", \"SourceAddress\": \"127.0.0.1\", \"SourcePort\": \"50755\"}, \"event_id\": \"5156\", \"keywords\": [\"Audit Success\"], \"opcode\": \"Info\", \"process\": {\"pid\": 4, \"thread\": {\"id\": 1696}}, \"provider_guid\": \"{54849625-5478-4994-A5BA-3E3B0328C30D}\", \"provider_name\": \"Microsoft-Windows-Security-Auditing\", \"record_id\": 1651375, \"task\": \"Filtering Platform Connection\", \"version\": 1}}"
  },
  "expected": {
    "message": "{\"@timestamp\": \"2026-03-11T08:49:37.954Z\", \"@version\": \"1\", \"agent\": {\"ephemeral_id\": \"00000000-0000-0000-0000-000000000004\", \"id\": \"00000000-0000-0000-0000-000000000002\", \"name\": \"server.test\", \"type\": \"winlogbeat\", \"version\": \"9.2.2\"}, \"ecs\": {\"version\": \"8.0.0\"}, \"event\": {\"action\": \"Filtering Platform Connection\", \"code\": \"5156\", \"created\": \"2026-03-11T08:49:39.215Z\", \"kind\": \"event\", \"original\": \"La plateforme WPF (Windows Filtering Platform) a autoris\\u00e9 une connexion.\\n\\nInformations sur l\\u2019application :\\n\\tID du processus :\\t\\t604\\n\\tNom de l\\u2019application :\\t\\\\device\\\\harddiskvolume4\\\\windows\\\\system32\\\\lsass.exe\\n\\nInformations sur le r\\u00e9seau :\\n\\tDirection :\\t\\tEntrant\\n\\tAdresse source :\\t\\t127.0.0.1\\n\\tPort source :\\t\\t50755\\n\\tAdresse de destination :\\t127.0.0.1\\n\\tPort de destination :\\t\\t88\\n\\tProtocole :\\t\\t6\\n\\nInformations sur le filtre :\\n\\tID d\\u2019ex\\u00e9cution du filtre :\\t65904\\n\\tNom de la couche :\\t\\tR\\u00e9ception/Acceptation\\n\\tID d\\u2019ex\\u00e9cution de la couche :\\t44\", \"outcome\": \"success\", \"provider\": \"Microsoft-Windows-Security-Auditing\"}, \"host\": {\"architecture\": \"x86_64\", \"hostname\": \"server.test\", \"id\": \"00000000-0000-0000-0000-000000000003\", \"ip\": [\"2001:db8::1\", \"192.0.2.1\"], \"mac\": [\"00-00-5E-00-53-01\"], \"name\": \"server.test\", \"os\": {\"build\": \"17763.737\", \"family\": \"windows\", \"kernel\": \"10.0.17763.737 (WinBuild.160101.0800)\", \"name\": \"Windows Server 2019 Essentials\", \"platform\": \"windows\", \"type\": \"windows\", \"version\": \"10.0\"}}, \"log\": {\"level\": \"information\"}, \"message\": \"La plateforme WPF (Windows Filtering Platform) a autoris\\u00e9 une connexion.\\n\\nInformations sur l\\u2019application :\\n\\tID du processus :\\t\\t604\\n\\tNom de l\\u2019application :\\t\\\\device\\\\harddiskvolume4\\\\windows\\\\system32\\\\lsass.exe\\n\\nInformations sur le r\\u00e9seau :\\n\\tDirection :\\t\\tEntrant\\n\\tAdresse source :\\t\\t127.0.0.1\\n\\tPort source :\\t\\t50755\\n\\tAdresse de destination :\\t127.0.0.1\\n\\tPort de destination :\\t\\t88\\n\\tProtocole :\\t\\t6\\n\\nInformations sur le filtre :\\n\\tID d\\u2019ex\\u00e9cution du filtre :\\t65904\\n\\tNom de la couche :\\t\\tR\\u00e9ception/Acceptation\\n\\tID d\\u2019ex\\u00e9cution de la couche :\\t44\", \"tags\": [\"beats_input_codec_plain_applied\"], \"winlog\": {\"channel\": \"Security\", \"computer_name\": \"server.test.example.org\", \"event_data\": {\"Application\": \"\\\\device\\\\harddiskvolume4\\\\windows\\\\system32\\\\lsass.exe\", \"DestAddress\": \"127.0.0.1\", \"DestPort\": \"88\", \"Direction\": \"Entrant\", \"FilterRTID\": \"65904\", \"LayerName\": \"R\\u00e9ception/Acceptation\", \"LayerRTID\": \"44\", \"ProcessID\": \"604\", \"Protocol\": \"6\", \"RemoteMachineID\": \"S-1-0-0\", \"RemoteUserID\": \"S-1-0-0\", \"SourceAddress\": \"127.0.0.1\", \"SourcePort\": \"50755\"}, \"event_id\": \"5156\", \"keywords\": [\"Audit Success\"], \"opcode\": \"Info\", \"process\": {\"pid\": 4, \"thread\": {\"id\": 1696}}, \"provider_guid\": \"{54849625-5478-4994-A5BA-3E3B0328C30D}\", \"provider_name\": \"Microsoft-Windows-Security-Auditing\", \"record_id\": 1651375, \"task\": \"Filtering Platform Connection\", \"version\": 1}}",
    "event": {
      "action": "Filtering Platform Connection",
      "code": "5156",
      "kind": "event",
      "module": "security",
      "original": "La plateforme WPF (Windows Filtering Platform) a autoris\u00e9 une connexion.\n\nInformations sur l\u2019application :\n\tID du processus :\t\t604\n\tNom de l\u2019application :\t\\device\\harddiskvolume4\\windows\\system32\\lsass.exe\n\nInformations sur le r\u00e9seau :\n\tDirection :\t\tEntrant\n\tAdresse source :\t\t127.0.0.1\n\tPort source :\t\t50755\n\tAdresse de destination :\t127.0.0.1\n\tPort de destination :\t\t88\n\tProtocole :\t\t6\n\nInformations sur le filtre :\n\tID d\u2019ex\u00e9cution du filtre :\t65904\n\tNom de la couche :\t\tR\u00e9ception/Acceptation\n\tID d\u2019ex\u00e9cution de la couche :\t44",
      "outcome": "success",
      "provider": "Microsoft-Windows-Security-Auditing"
    },
    "@timestamp": "2026-03-11T08:49:37.954000Z",
    "action": {
      "id": 5156,
      "name": "Filtering Platform Connection",
      "outcome": "success",
      "properties": {
        "Application": "\\device\\harddiskvolume4\\windows\\system32\\lsass.exe",
        "DestAddress": "127.0.0.1",
        "DestPort": "88",
        "Direction": "Entrant",
        "FilterRTID": "65904",
        "Keywords": [
          "Audit Success"
        ],
        "LayerName": "R\u00e9ception/Acceptation",
        "LayerRTID": "44",
        "Opcode": "Info",
        "ProcessID": "604",
        "Protocol": "6",
        "ProviderGUID": "{54849625-5478-4994-A5BA-3E3B0328C30D}",
        "RemoteMachineID": "S-1-0-0",
        "RemoteUserID": "S-1-0-0",
        "SourceAddress": "127.0.0.1",
        "SourceName": "Microsoft-Windows-Security-Auditing",
        "SourcePort": "50755"
      },
      "record_id": 1651375,
      "type": "Security"
    },
    "agent": {
      "ephemeral_id": "00000000-0000-0000-0000-000000000004",
      "id": "00000000-0000-0000-0000-000000000002",
      "name": "server.test",
      "type": "winlogbeat",
      "version": "9.2.2"
    },
    "destination": {
      "address": "127.0.0.1",
      "ip": "127.0.0.1",
      "port": 88
    },
    "host": {
      "architecture": "x86_64",
      "hostname": "server.test",
      "id": "00000000-0000-0000-0000-000000000003",
      "ip": [
        "192.0.2.1",
        "2001:db8::1"
      ],
      "mac": [
        "00-00-5E-00-53-01"
      ],
      "name": "server.test",
      "os": {
        "build": "17763.737",
        "family": "windows",
        "kernel": "10.0.17763.737 (WinBuild.160101.0800)",
        "name": "Windows Server 2019 Essentials",
        "platform": "windows",
        "type": "windows",
        "version": "10.0"
      }
    },
    "log": {
      "level": "information"
    },
    "process": {
      "parent": {
        "command_line": "\\device\\harddiskvolume4\\windows\\system32\\lsass.exe"
      },
      "pid": 4,
      "thread": {
        "id": 1696
      }
    },
    "related": {
      "hosts": [
        "server.test"
      ],
      "ip": [
        "127.0.0.1",
        "192.0.2.1",
        "2001:db8::1"
      ]
    },
    "winlog": {
      "channel": "Security",
      "computer_name": "server.test.example.org",
      "event_id": "5156",
      "keywords": [
        "Audit Success"
      ],
      "opcode": "Info",
      "process": {
        "pid": 4,
        "thread": {
          "id": 1696
        }
      },
      "provider_guid": "{54849625-5478-4994-a5ba-3e3b0328c30d}",
      "provider_name": "Microsoft-Windows-Security-Auditing",
      "record_id": "1651375",
      "task": "Filtering Platform Connection",
      "version": 1
    }
  }
}