{
  "input": {
    "message": "{\"@timestamp\": \"2026-03-12T13:33:59.229Z\", \"@version\": \"1\", \"agent\": {\"ephemeral_id\": \"d965b291-8915-49db-9313-45633ac533ce\", \"id\": \"bbc3a849-f9d7-4ec1-bed4-019e0cccd386\", \"name\": \"server.test\", \"type\": \"winlogbeat\", \"version\": \"9.2.2\"}, \"ecs\": {\"version\": \"8.0.0\"}, \"event\": {\"action\": \"Process Create (rule: ProcessCreate)\", \"code\": \"1\", \"created\": \"2026-03-12T13:34:01.038Z\", \"kind\": \"event\", \"original\": \"Process Create:\\nRuleName: technique_id=T1218.005,technique_name=Mshta\\nUtcTime: 2026-03-12 13:33:59.226\\nProcessGuid: {96663A62-C0C7-69B2-FA0A-000000000A00}\\nProcessId: 3052\\nImage: C:\\\\Windows\\\\System32\\\\mshta.exe\\nFileVersion: 11.00.17763.1 (WinBuild.160101.0800)\\nDescription: Microsoft (R) HTML Application host\\nProduct: Internet Explorer\\nCompany: Microsoft Corporation\\nOriginalFileName: MSHTA.EXE\\nCommandLine: mshta.exe javascript:close()\\nCurrentDirectory: C:\\\\Windows\\\\system32\\\\\\nUser: example.org\\\\user1\\nLogonGuid: {96663A62-A841-69A9-F9ED-090000000000}\\nLogonId: 0x9edf9\\nTerminalSessionId: 2\\nIntegrityLevel: High\\nHashes: SHA1=DD8B22ACEA424823BB64ABF71F61A03D41177C38,MD5=F328FDCFF05BF02C2C986D52AED8BC2A,SHA256=E616C5CE71886652C13E2E1FA45A653B44D492B054F16B15A38418B8507F57C7,IMPHASH=42DA177DE2FAA97C3DFAEC9562772A7F\\nParentProcessGuid: {96663A62-A807-69A9-2300-000000000A00}\\nParentProcessId: 1516\\nParentImage: C:\\\\Windows\\\\System32\\\\svchost.exe\\nParentCommandLine: C:\\\\Windows\\\\system32\\\\svchost.exe -k netsvcs -p -s Schedule\\nParentUser: AUTORITE NT\\\\Syst\\u00e8me\", \"provider\": \"Microsoft-Windows-Sysmon\"}, \"host\": {\"architecture\": \"x86_64\", \"hostname\": \"server.test\", \"id\": \"96663a62-d7c3-4eb3-86b4-8b8b72b641cf\", \"ip\": [\"2001:db8::1\", \"198.51.100.149\"], \"mac\": [\"00-00-5E-00-53-01\"], \"name\": \"server.test\", \"os\": {\"build\": \"17763.737\", \"family\": \"windows\", \"kernel\": \"10.0.17763.737 (WinBuild.160101.0800)\", \"name\": \"Windows Server 2019 Essentials\", \"platform\": \"windows\", \"type\": \"windows\", \"version\": \"10.0\"}}, \"log\": {\"level\": \"information\"}, \"message\": \"Process Create:\\nRuleName: technique_id=T1218.005,technique_name=Mshta\\nUtcTime: 2026-03-12 13:33:59.226\\nProcessGuid: {96663A62-C0C7-69B2-FA0A-000000000A00}\\nProcessId: 3052\\nImage: C:\\\\Windows\\\\System32\\\\mshta.exe\\nFileVersion: 11.00.17763.1 (WinBuild.160101.0800)\\nDescription: Microsoft (R) HTML Application host\\nProduct: Internet Explorer\\nCompany: Microsoft Corporation\\nOriginalFileName: MSHTA.EXE\\nCommandLine: mshta.exe javascript:close()\\nCurrentDirectory: C:\\\\Windows\\\\system32\\\\\\nUser: example.org\\\\user1\\nLogonGuid: {96663A62-A841-69A9-F9ED-090000000000}\\nLogonId: 0x9edf9\\nTerminalSessionId: 2\\nIntegrityLevel: High\\nHashes: SHA1=DD8B22ACEA424823BB64ABF71F61A03D41177C38,MD5=F328FDCFF05BF02C2C986D52AED8BC2A,SHA256=E616C5CE71886652C13E2E1FA45A653B44D492B054F16B15A38418B8507F57C7,IMPHASH=42DA177DE2FAA97C3DFAEC9562772A7F\\nParentProcessGuid: {96663A62-A807-69A9-2300-000000000A00}\\nParentProcessId: 1516\\nParentImage: C:\\\\Windows\\\\System32\\\\svchost.exe\\nParentCommandLine: C:\\\\Windows\\\\system32\\\\svchost.exe -k netsvcs -p -s Schedule\\nParentUser: AUTORITE NT\\\\Syst\\u00e8me\", \"tags\": [\"beats_input_codec_plain_applied\"], \"winlog\": {\"channel\": \"Microsoft-Windows-Sysmon/Operational\", \"computer_name\": \"server.test.example.org\", \"event_data\": {\"CommandLine\": \"mshta.exe javascript:close()\", \"Company\": \"Microsoft Corporation\", \"CurrentDirectory\": \"C:\\\\Windows\\\\system32\\\\\", \"Description\": \"Microsoft (R) HTML Application host\", \"FileVersion\": \"11.00.17763.1 (WinBuild.160101.0800)\", \"Hashes\": \"SHA1=DD8B22ACEA424823BB64ABF71F61A03D41177C38,MD5=F328FDCFF05BF02C2C986D52AED8BC2A,SHA256=E616C5CE71886652C13E2E1FA45A653B44D492B054F16B15A38418B8507F57C7,IMPHASH=42DA177DE2FAA97C3DFAEC9562772A7F\", \"Image\": \"C:\\\\Windows\\\\System32\\\\mshta.exe\", \"IntegrityLevel\": \"High\", \"LogonGuid\": \"{96663A62-A841-69A9-F9ED-090000000000}\", \"LogonId\": \"0x9edf9\", \"OriginalFileName\": \"MSHTA.EXE\", \"ParentCommandLine\": \"C:\\\\Windows\\\\system32\\\\svchost.exe -k netsvcs -p -s Schedule\", \"ParentImage\": \"C:\\\\Windows\\\\System32\\\\svchost.exe\", \"ParentProcessGuid\": \"{96663A62-A807-69A9-2300-000000000A00}\", \"ParentProcessId\": \"1516\", \"ParentUser\": \"AUTORITE NT\\\\Syst\\u00e8me\", \"ProcessGuid\": \"{96663A62-C0C7-69B2-FA0A-000000000A00}\", \"ProcessId\": \"3052\", \"Product\": \"Internet Explorer\", \"RuleName\": \"technique_id=T1218.005,technique_name=Mshta\", \"TerminalSessionId\": \"2\", \"User\": \"example.org\\\\user1\", \"UtcTime\": \"2026-03-12 13:33:59.226\"}, \"event_id\": \"1\", \"opcode\": \"Info\", \"process\": {\"pid\": 2664, \"thread\": {\"id\": 4636}}, \"provider_guid\": \"{5770385F-C22A-43E0-BF4C-06F5698FFBD9}\", \"provider_name\": \"Microsoft-Windows-Sysmon\", \"record_id\": 1126037, \"task\": \"Process Create (rule: ProcessCreate)\", \"user\": {\"domain\": \"AUTORITE NT\", \"identifier\": \"S-1-5-18\", \"name\": \"Syst\\u00e8me\", \"type\": \"User\"}, \"version\": 5}}"
  },
  "expected": {
    "message": "{\"@timestamp\": \"2026-03-12T13:33:59.229Z\", \"@version\": \"1\", \"agent\": {\"ephemeral_id\": \"d965b291-8915-49db-9313-45633ac533ce\", \"id\": \"bbc3a849-f9d7-4ec1-bed4-019e0cccd386\", \"name\": \"server.test\", \"type\": \"winlogbeat\", \"version\": \"9.2.2\"}, \"ecs\": {\"version\": \"8.0.0\"}, \"event\": {\"action\": \"Process Create (rule: ProcessCreate)\", \"code\": \"1\", \"created\": \"2026-03-12T13:34:01.038Z\", \"kind\": \"event\", \"original\": \"Process Create:\\nRuleName: technique_id=T1218.005,technique_name=Mshta\\nUtcTime: 2026-03-12 13:33:59.226\\nProcessGuid: {96663A62-C0C7-69B2-FA0A-000000000A00}\\nProcessId: 3052\\nImage: C:\\\\Windows\\\\System32\\\\mshta.exe\\nFileVersion: 11.00.17763.1 (WinBuild.160101.0800)\\nDescription: Microsoft (R) HTML Application host\\nProduct: Internet Explorer\\nCompany: Microsoft Corporation\\nOriginalFileName: MSHTA.EXE\\nCommandLine: mshta.exe javascript:close()\\nCurrentDirectory: C:\\\\Windows\\\\system32\\\\\\nUser: example.org\\\\user1\\nLogonGuid: {96663A62-A841-69A9-F9ED-090000000000}\\nLogonId: 0x9edf9\\nTerminalSessionId: 2\\nIntegrityLevel: High\\nHashes: SHA1=DD8B22ACEA424823BB64ABF71F61A03D41177C38,MD5=F328FDCFF05BF02C2C986D52AED8BC2A,SHA256=E616C5CE71886652C13E2E1FA45A653B44D492B054F16B15A38418B8507F57C7,IMPHASH=42DA177DE2FAA97C3DFAEC9562772A7F\\nParentProcessGuid: {96663A62-A807-69A9-2300-000000000A00}\\nParentProcessId: 1516\\nParentImage: C:\\\\Windows\\\\System32\\\\svchost.exe\\nParentCommandLine: C:\\\\Windows\\\\system32\\\\svchost.exe -k netsvcs -p -s Schedule\\nParentUser: AUTORITE NT\\\\Syst\\u00e8me\", \"provider\": \"Microsoft-Windows-Sysmon\"}, \"host\": {\"architecture\": \"x86_64\", \"hostname\": \"server.test\", \"id\": \"96663a62-d7c3-4eb3-86b4-8b8b72b641cf\", \"ip\": [\"2001:db8::1\", \"198.51.100.149\"], \"mac\": [\"00-00-5E-00-53-01\"], \"name\": \"server.test\", \"os\": {\"build\": \"17763.737\", \"family\": \"windows\", \"kernel\": \"10.0.17763.737 (WinBuild.160101.0800)\", \"name\": \"Windows Server 2019 Essentials\", \"platform\": \"windows\", \"type\": \"windows\", \"version\": \"10.0\"}}, \"log\": {\"level\": \"information\"}, \"message\": \"Process Create:\\nRuleName: technique_id=T1218.005,technique_name=Mshta\\nUtcTime: 2026-03-12 13:33:59.226\\nProcessGuid: {96663A62-C0C7-69B2-FA0A-000000000A00}\\nProcessId: 3052\\nImage: C:\\\\Windows\\\\System32\\\\mshta.exe\\nFileVersion: 11.00.17763.1 (WinBuild.160101.0800)\\nDescription: Microsoft (R) HTML Application host\\nProduct: Internet Explorer\\nCompany: Microsoft Corporation\\nOriginalFileName: MSHTA.EXE\\nCommandLine: mshta.exe javascript:close()\\nCurrentDirectory: C:\\\\Windows\\\\system32\\\\\\nUser: example.org\\\\user1\\nLogonGuid: {96663A62-A841-69A9-F9ED-090000000000}\\nLogonId: 0x9edf9\\nTerminalSessionId: 2\\nIntegrityLevel: High\\nHashes: SHA1=DD8B22ACEA424823BB64ABF71F61A03D41177C38,MD5=F328FDCFF05BF02C2C986D52AED8BC2A,SHA256=E616C5CE71886652C13E2E1FA45A653B44D492B054F16B15A38418B8507F57C7,IMPHASH=42DA177DE2FAA97C3DFAEC9562772A7F\\nParentProcessGuid: {96663A62-A807-69A9-2300-000000000A00}\\nParentProcessId: 1516\\nParentImage: C:\\\\Windows\\\\System32\\\\svchost.exe\\nParentCommandLine: C:\\\\Windows\\\\system32\\\\svchost.exe -k netsvcs -p -s Schedule\\nParentUser: AUTORITE NT\\\\Syst\\u00e8me\", \"tags\": [\"beats_input_codec_plain_applied\"], \"winlog\": {\"channel\": \"Microsoft-Windows-Sysmon/Operational\", \"computer_name\": \"server.test.example.org\", \"event_data\": {\"CommandLine\": \"mshta.exe javascript:close()\", \"Company\": \"Microsoft Corporation\", \"CurrentDirectory\": \"C:\\\\Windows\\\\system32\\\\\", \"Description\": \"Microsoft (R) HTML Application host\", \"FileVersion\": \"11.00.17763.1 (WinBuild.160101.0800)\", \"Hashes\": \"SHA1=DD8B22ACEA424823BB64ABF71F61A03D41177C38,MD5=F328FDCFF05BF02C2C986D52AED8BC2A,SHA256=E616C5CE71886652C13E2E1FA45A653B44D492B054F16B15A38418B8507F57C7,IMPHASH=42DA177DE2FAA97C3DFAEC9562772A7F\", \"Image\": \"C:\\\\Windows\\\\System32\\\\mshta.exe\", \"IntegrityLevel\": \"High\", \"LogonGuid\": \"{96663A62-A841-69A9-F9ED-090000000000}\", \"LogonId\": \"0x9edf9\", \"OriginalFileName\": \"MSHTA.EXE\", \"ParentCommandLine\": \"C:\\\\Windows\\\\system32\\\\svchost.exe -k netsvcs -p -s Schedule\", \"ParentImage\": \"C:\\\\Windows\\\\System32\\\\svchost.exe\", \"ParentProcessGuid\": \"{96663A62-A807-69A9-2300-000000000A00}\", \"ParentProcessId\": \"1516\", \"ParentUser\": \"AUTORITE NT\\\\Syst\\u00e8me\", \"ProcessGuid\": \"{96663A62-C0C7-69B2-FA0A-000000000A00}\", \"ProcessId\": \"3052\", \"Product\": \"Internet Explorer\", \"RuleName\": \"technique_id=T1218.005,technique_name=Mshta\", \"TerminalSessionId\": \"2\", \"User\": \"example.org\\\\user1\", \"UtcTime\": \"2026-03-12 13:33:59.226\"}, \"event_id\": \"1\", \"opcode\": \"Info\", \"process\": {\"pid\": 2664, \"thread\": {\"id\": 4636}}, \"provider_guid\": \"{5770385F-C22A-43E0-BF4C-06F5698FFBD9}\", \"provider_name\": \"Microsoft-Windows-Sysmon\", \"record_id\": 1126037, \"task\": \"Process Create (rule: ProcessCreate)\", \"user\": {\"domain\": \"AUTORITE NT\", \"identifier\": \"S-1-5-18\", \"name\": \"Syst\\u00e8me\", \"type\": \"User\"}, \"version\": 5}}",
    "event": {
      "action": "Process Create (rule: ProcessCreate)",
      "code": "1",
      "kind": "event",
      "original": "Process Create:\nRuleName: technique_id=T1218.005,technique_name=Mshta\nUtcTime: 2026-03-12 13:33:59.226\nProcessGuid: {96663A62-C0C7-69B2-FA0A-000000000A00}\nProcessId: 3052\nImage: C:\\Windows\\System32\\mshta.exe\nFileVersion: 11.00.17763.1 (WinBuild.160101.0800)\nDescription: Microsoft (R) HTML Application host\nProduct: Internet Explorer\nCompany: Microsoft Corporation\nOriginalFileName: MSHTA.EXE\nCommandLine: mshta.exe javascript:close()\nCurrentDirectory: C:\\Windows\\system32\\\nUser: example.org\\user1\nLogonGuid: {96663A62-A841-69A9-F9ED-090000000000}\nLogonId: 0x9edf9\nTerminalSessionId: 2\nIntegrityLevel: High\nHashes: SHA1=DD8B22ACEA424823BB64ABF71F61A03D41177C38,MD5=F328FDCFF05BF02C2C986D52AED8BC2A,SHA256=E616C5CE71886652C13E2E1FA45A653B44D492B054F16B15A38418B8507F57C7,IMPHASH=42DA177DE2FAA97C3DFAEC9562772A7F\nParentProcessGuid: {96663A62-A807-69A9-2300-000000000A00}\nParentProcessId: 1516\nParentImage: C:\\Windows\\System32\\svchost.exe\nParentCommandLine: C:\\Windows\\system32\\svchost.exe -k netsvcs -p -s Schedule\nParentUser: AUTORITE NT\\Syst\u00e8me",
      "provider": "Microsoft-Windows-Sysmon"
    },
    "@timestamp": "2026-03-12T13:33:59.229000Z",
    "action": {
      "id": 1,
      "properties": {
        "CommandLine": "mshta.exe javascript:close()",
        "Company": "Microsoft Corporation",
        "CurrentDirectory": "C:\\Windows\\system32\\",
        "Description": "Microsoft (R) HTML Application host",
        "FileVersion": "11.00.17763.1 (WinBuild.160101.0800)",
        "Hashes": "SHA1=DD8B22ACEA424823BB64ABF71F61A03D41177C38,MD5=F328FDCFF05BF02C2C986D52AED8BC2A,SHA256=E616C5CE71886652C13E2E1FA45A653B44D492B054F16B15A38418B8507F57C7,IMPHASH=42DA177DE2FAA97C3DFAEC9562772A7F",
        "Image": "C:\\Windows\\System32\\mshta.exe",
        "IntegrityLevel": "High",
        "LogonGuid": "{96663A62-A841-69A9-F9ED-090000000000}",
        "LogonId": "0x9edf9",
        "Opcode": "Info",
        "OriginalFileName": "MSHTA.EXE",
        "ParentCommandLine": "C:\\Windows\\system32\\svchost.exe -k netsvcs -p -s Schedule",
        "ParentImage": "C:\\Windows\\System32\\svchost.exe",
        "ParentProcessGuid": "{96663A62-A807-69A9-2300-000000000A00}",
        "ParentProcessId": "1516",
        "ParentUser": "AUTORITE NT\\Syst\u00e8me",
        "ProcessGuid": "{96663A62-C0C7-69B2-FA0A-000000000A00}",
        "ProcessId": "3052",
        "Product": "Internet Explorer",
        "ProviderGUID": "{5770385F-C22A-43E0-BF4C-06F5698FFBD9}",
        "RuleName": "technique_id=T1218.005,technique_name=Mshta",
        "SourceName": "Microsoft-Windows-Sysmon",
        "TerminalSessionId": "2",
        "User": "example.org\\user1",
        "UtcTime": "2026-03-12 13:33:59.226"
      },
      "record_id": 1126037,
      "type": "Microsoft-Windows-Sysmon/Operational"
    },
    "agent": {
      "ephemeral_id": "d965b291-8915-49db-9313-45633ac533ce",
      "id": "bbc3a849-f9d7-4ec1-bed4-019e0cccd386",
      "name": "server.test",
      "type": "winlogbeat",
      "version": "9.2.2"
    },
    "dll": {
      "name": "MSHTA.EXE"
    },
    "host": {
      "architecture": "x86_64",
      "hostname": "server.test",
      "id": "96663a62-d7c3-4eb3-86b4-8b8b72b641cf",
      "ip": [
        "198.51.100.149",
        "2001:db8::1"
      ],
      "mac": [
        "00-00-5E-00-53-01"
      ],
      "name": "server.test",
      "os": {
        "build": "17763.737",
        "family": "windows",
        "kernel": "10.0.17763.737 (WinBuild.160101.0800)",
        "name": "Windows Server 2019 Essentials",
        "platform": "windows",
        "type": "windows",
        "version": "10.0"
      }
    },
    "log": {
      "level": "information"
    },
    "observer": {
      "product": "Winlogbeat",
      "type": "agent",
      "vendor": "Elastic"
    },
    "process": {
      "args": [
        "javascript:close()",
        "mshta.exe"
      ],
      "command_line": "mshta.exe javascript:close()",
      "executable": "C:\\Windows\\System32\\mshta.exe",
      "hash": {
        "md5": "f328fdcff05bf02c2c986d52aed8bc2a",
        "sha1": "dd8b22acea424823bb64abf71f61a03d41177c38",
        "sha256": "e616c5ce71886652c13e2e1fa45a653b44d492b054f16b15a38418b8507f57c7"
      },
      "name": "mshta.exe",
      "parent": {
        "command_line": "C:\\Windows\\system32\\svchost.exe -k netsvcs -p -s Schedule",
        "executable": "C:\\Windows\\System32\\svchost.exe",
        "name": "svchost.exe"
      },
      "pe": {
        "imphash": "42da177de2faa97c3dfaec9562772a7f",
        "original_file_name": "MSHTA.EXE"
      },
      "pid": 2664,
      "thread": {
        "id": 4636
      },
      "working_directory": "C:\\Windows\\system32\\"
    },
    "related": {
      "hash": [
        "dd8b22acea424823bb64abf71f61a03d41177c38",
        "e616c5ce71886652c13e2e1fa45a653b44d492b054f16b15a38418b8507f57c7",
        "f328fdcff05bf02c2c986d52aed8bc2a"
      ],
      "hosts": [
        "server.test"
      ],
      "ip": [
        "198.51.100.149",
        "2001:db8::1"
      ]
    },
    "winlog": {
      "channel": "Microsoft-Windows-Sysmon/Operational",
      "computer_name": "server.test.example.org",
      "event_id": "1",
      "opcode": "Info",
      "process": {
        "pid": 2664,
        "thread": {
          "id": 4636
        }
      },
      "provider_guid": "{5770385f-c22a-43e0-bf4c-06f5698ffbd9}",
      "provider_name": "Microsoft-Windows-Sysmon",
      "record_id": "1126037",
      "task": "Process Create (rule: ProcessCreate)",
      "user": {
        "domain": "AUTORITE NT",
        "identifier": "S-1-5-18",
        "name": "Syst\u00e8me",
        "type": "User"
      },
      "version": 5
    }
  }
}