{
  "input": {
    "message": "{\"@timestamp\": \"2026-03-11T14:40:27.559Z\", \"@version\": \"1\", \"agent\": {\"ephemeral_id\": \"00000000-0000-0000-0000-000000000004\", \"id\": \"00000000-0000-0000-0000-000000000002\", \"name\": \"server.test\", \"type\": \"winlogbeat\", \"version\": \"9.2.2\"}, \"ecs\": {\"version\": \"8.0.0\"}, \"event\": {\"action\": \"Process Create (rule: ProcessCreate)\", \"code\": \"1\", \"created\": \"2026-03-11T14:40:29.445Z\", \"kind\": \"event\", \"original\": \"Process Create:\\nRuleName: technique_id=T1218.011,technique_name=rundll32.exe\\nUtcTime: 2026-03-11 14:40:27.554\\nProcessGuid: {96663A62-7EDB-69B1-9B09-000000000A00}\\nProcessId: 1660\\nImage: C:\\\\Windows\\\\System32\\\\rundll32.exe\\nFileVersion: 10.0.17763.1 (WinBuild.160101.0800)\\nDescription: Windows host process (Rundll32)\\nProduct: Microsoft\\u00ae Windows\\u00ae Operating System\\nCompany: Microsoft Corporation\\nOriginalFileName: RUNDLL32.EXE\\nCommandLine: \\\"C:\\\\Windows\\\\system32\\\\rundll32.exe\\\" keymgr.dll,KRShowKeyMgr\\nCurrentDirectory: C:\\\\ProgramData\\\\TestApp\\\\\\nUser: example.org\\\\user1\\nLogonGuid: {96663A62-A841-69A9-F9ED-090000000000}\\nLogonId: 0x9edf9\\nTerminalSessionId: 2\\nIntegrityLevel: High\\nHashes: SHA1=F3BA3415DD068A8871F285570BEA2E29874CBFF1,MD5=C73BA51880F5A7FB20C84185A23212EF,SHA256=01B407AF0200B66A34D9B1FA6D9EAAB758EFA36A36BB99B554384F59F8690B1A,IMPHASH=F27A7FC3A53E74F45BE370131953896A\\nParentProcessGuid: {96663A62-3645-69B0-FB07-000000000A00}\\nParentProcessId: 4688\\nParentImage: C:\\\\Windows\\\\System32\\\\WindowsPowerShell\\\\v1.0\\\\powershell.exe\\nParentCommandLine: \\\"C:\\\\Windows\\\\System32\\\\WindowsPowerShell\\\\v1.0\\\\powershell.exe\\\" -noexit -command [console]::outputencoding=[text.utf8encoding]::utf8\\nParentUser: example.org\\\\user1\", \"provider\": \"Microsoft-Windows-Sysmon\"}, \"host\": {\"architecture\": \"x86_64\", \"hostname\": \"server.test\", \"id\": \"00000000-0000-0000-0000-000000000003\", \"ip\": [\"2001:db8::1\", \"192.0.2.1\"], \"mac\": [\"00-00-5E-00-53-01\"], \"name\": \"server.test\", \"os\": {\"build\": \"17763.737\", \"family\": \"windows\", \"kernel\": \"10.0.17763.737 (WinBuild.160101.0800)\", \"name\": \"Windows Server 2019 Essentials\", \"platform\": \"windows\", \"type\": \"windows\", \"version\": \"10.0\"}}, \"log\": {\"level\": \"information\"}, \"message\": \"Process Create:\\nRuleName: technique_id=T1218.011,technique_name=rundll32.exe\\nUtcTime: 2026-03-11 14:40:27.554\\nProcessGuid: {96663A62-7EDB-69B1-9B09-000000000A00}\\nProcessId: 1660\\nImage: C:\\\\Windows\\\\System32\\\\rundll32.exe\\nFileVersion: 10.0.17763.1 (WinBuild.160101.0800)\\nDescription: Windows host process (Rundll32)\\nProduct: Microsoft\\u00ae Windows\\u00ae Operating System\\nCompany: Microsoft Corporation\\nOriginalFileName: RUNDLL32.EXE\\nCommandLine: \\\"C:\\\\Windows\\\\system32\\\\rundll32.exe\\\" keymgr.dll,KRShowKeyMgr\\nCurrentDirectory: C:\\\\ProgramData\\\\TestApp\\\\\\nUser: example.org\\\\user1\\nLogonGuid: {96663A62-A841-69A9-F9ED-090000000000}\\nLogonId: 0x9edf9\\nTerminalSessionId: 2\\nIntegrityLevel: High\\nHashes: SHA1=F3BA3415DD068A8871F285570BEA2E29874CBFF1,MD5=C73BA51880F5A7FB20C84185A23212EF,SHA256=01B407AF0200B66A34D9B1FA6D9EAAB758EFA36A36BB99B554384F59F8690B1A,IMPHASH=F27A7FC3A53E74F45BE370131953896A\\nParentProcessGuid: {96663A62-3645-69B0-FB07-000000000A00}\\nParentProcessId: 4688\\nParentImage: C:\\\\Windows\\\\System32\\\\WindowsPowerShell\\\\v1.0\\\\powershell.exe\\nParentCommandLine: \\\"C:\\\\Windows\\\\System32\\\\WindowsPowerShell\\\\v1.0\\\\powershell.exe\\\" -noexit -command [console]::outputencoding=[text.utf8encoding]::utf8\\nParentUser: example.org\\\\user1\", \"tags\": [\"beats_input_codec_plain_applied\"], \"winlog\": {\"channel\": \"Microsoft-Windows-Sysmon/Operational\", \"computer_name\": \"server.test.example.org\", \"event_data\": {\"CommandLine\": \"\\\"C:\\\\Windows\\\\system32\\\\rundll32.exe\\\" keymgr.dll,KRShowKeyMgr\", \"Company\": \"Microsoft Corporation\", \"CurrentDirectory\": \"C:\\\\ProgramData\\\\TestApp\\\\\", \"Description\": \"Windows host process (Rundll32)\", \"FileVersion\": \"10.0.17763.1 (WinBuild.160101.0800)\", \"Hashes\": \"SHA1=F3BA3415DD068A8871F285570BEA2E29874CBFF1,MD5=C73BA51880F5A7FB20C84185A23212EF,SHA256=01B407AF0200B66A34D9B1FA6D9EAAB758EFA36A36BB99B554384F59F8690B1A,IMPHASH=F27A7FC3A53E74F45BE370131953896A\", \"Image\": \"C:\\\\Windows\\\\System32\\\\rundll32.exe\", \"IntegrityLevel\": \"High\", \"LogonGuid\": \"{96663A62-A841-69A9-F9ED-090000000000}\", \"LogonId\": \"0x9edf9\", \"OriginalFileName\": \"RUNDLL32.EXE\", \"ParentCommandLine\": \"\\\"C:\\\\Windows\\\\System32\\\\WindowsPowerShell\\\\v1.0\\\\powershell.exe\\\" -noexit -command [console]::outputencoding=[text.utf8encoding]::utf8\", \"ParentImage\": \"C:\\\\Windows\\\\System32\\\\WindowsPowerShell\\\\v1.0\\\\powershell.exe\", \"ParentProcessGuid\": \"{96663A62-3645-69B0-FB07-000000000A00}\", \"ParentProcessId\": \"4688\", \"ParentUser\": \"example.org\\\\user1\", \"ProcessGuid\": \"{96663A62-7EDB-69B1-9B09-000000000A00}\", \"ProcessId\": \"1660\", \"Product\": \"Microsoft\\u00ae Windows\\u00ae Operating System\", \"RuleName\": \"technique_id=T1218.011,technique_name=rundll32.exe\", \"TerminalSessionId\": \"2\", \"User\": \"example.org\\\\user1\", \"UtcTime\": \"2026-03-11 14:40:27.554\"}, \"event_id\": \"1\", \"opcode\": \"Info\", \"process\": {\"pid\": 2664, \"thread\": {\"id\": 4636}}, \"provider_guid\": \"{5770385F-C22A-43E0-BF4C-06F5698FFBD9}\", \"provider_name\": \"Microsoft-Windows-Sysmon\", \"record_id\": 1111862, \"task\": \"Process Create (rule: ProcessCreate)\", \"user\": {\"domain\": \"AUTORITE NT\", \"identifier\": \"S-1-5-18\", \"name\": \"Syst\\u00e8me\", \"type\": \"User\"}, \"version\": 5}}"
  },
  "expected": {
    "message": "{\"@timestamp\": \"2026-03-11T14:40:27.559Z\", \"@version\": \"1\", \"agent\": {\"ephemeral_id\": \"00000000-0000-0000-0000-000000000004\", \"id\": \"00000000-0000-0000-0000-000000000002\", \"name\": \"server.test\", \"type\": \"winlogbeat\", \"version\": \"9.2.2\"}, \"ecs\": {\"version\": \"8.0.0\"}, \"event\": {\"action\": \"Process Create (rule: ProcessCreate)\", \"code\": \"1\", \"created\": \"2026-03-11T14:40:29.445Z\", \"kind\": \"event\", \"original\": \"Process Create:\\nRuleName: technique_id=T1218.011,technique_name=rundll32.exe\\nUtcTime: 2026-03-11 14:40:27.554\\nProcessGuid: {96663A62-7EDB-69B1-9B09-000000000A00}\\nProcessId: 1660\\nImage: C:\\\\Windows\\\\System32\\\\rundll32.exe\\nFileVersion: 10.0.17763.1 (WinBuild.160101.0800)\\nDescription: Windows host process (Rundll32)\\nProduct: Microsoft\\u00ae Windows\\u00ae Operating System\\nCompany: Microsoft Corporation\\nOriginalFileName: RUNDLL32.EXE\\nCommandLine: \\\"C:\\\\Windows\\\\system32\\\\rundll32.exe\\\" keymgr.dll,KRShowKeyMgr\\nCurrentDirectory: C:\\\\ProgramData\\\\TestApp\\\\\\nUser: example.org\\\\user1\\nLogonGuid: {96663A62-A841-69A9-F9ED-090000000000}\\nLogonId: 0x9edf9\\nTerminalSessionId: 2\\nIntegrityLevel: High\\nHashes: SHA1=F3BA3415DD068A8871F285570BEA2E29874CBFF1,MD5=C73BA51880F5A7FB20C84185A23212EF,SHA256=01B407AF0200B66A34D9B1FA6D9EAAB758EFA36A36BB99B554384F59F8690B1A,IMPHASH=F27A7FC3A53E74F45BE370131953896A\\nParentProcessGuid: {96663A62-3645-69B0-FB07-000000000A00}\\nParentProcessId: 4688\\nParentImage: C:\\\\Windows\\\\System32\\\\WindowsPowerShell\\\\v1.0\\\\powershell.exe\\nParentCommandLine: \\\"C:\\\\Windows\\\\System32\\\\WindowsPowerShell\\\\v1.0\\\\powershell.exe\\\" -noexit -command [console]::outputencoding=[text.utf8encoding]::utf8\\nParentUser: example.org\\\\user1\", \"provider\": \"Microsoft-Windows-Sysmon\"}, \"host\": {\"architecture\": \"x86_64\", \"hostname\": \"server.test\", \"id\": \"00000000-0000-0000-0000-000000000003\", \"ip\": [\"2001:db8::1\", \"192.0.2.1\"], \"mac\": [\"00-00-5E-00-53-01\"], \"name\": \"server.test\", \"os\": {\"build\": \"17763.737\", \"family\": \"windows\", \"kernel\": \"10.0.17763.737 (WinBuild.160101.0800)\", \"name\": \"Windows Server 2019 Essentials\", \"platform\": \"windows\", \"type\": \"windows\", \"version\": \"10.0\"}}, \"log\": {\"level\": \"information\"}, \"message\": \"Process Create:\\nRuleName: technique_id=T1218.011,technique_name=rundll32.exe\\nUtcTime: 2026-03-11 14:40:27.554\\nProcessGuid: {96663A62-7EDB-69B1-9B09-000000000A00}\\nProcessId: 1660\\nImage: C:\\\\Windows\\\\System32\\\\rundll32.exe\\nFileVersion: 10.0.17763.1 (WinBuild.160101.0800)\\nDescription: Windows host process (Rundll32)\\nProduct: Microsoft\\u00ae Windows\\u00ae Operating System\\nCompany: Microsoft Corporation\\nOriginalFileName: RUNDLL32.EXE\\nCommandLine: \\\"C:\\\\Windows\\\\system32\\\\rundll32.exe\\\" keymgr.dll,KRShowKeyMgr\\nCurrentDirectory: C:\\\\ProgramData\\\\TestApp\\\\\\nUser: example.org\\\\user1\\nLogonGuid: {96663A62-A841-69A9-F9ED-090000000000}\\nLogonId: 0x9edf9\\nTerminalSessionId: 2\\nIntegrityLevel: High\\nHashes: SHA1=F3BA3415DD068A8871F285570BEA2E29874CBFF1,MD5=C73BA51880F5A7FB20C84185A23212EF,SHA256=01B407AF0200B66A34D9B1FA6D9EAAB758EFA36A36BB99B554384F59F8690B1A,IMPHASH=F27A7FC3A53E74F45BE370131953896A\\nParentProcessGuid: {96663A62-3645-69B0-FB07-000000000A00}\\nParentProcessId: 4688\\nParentImage: C:\\\\Windows\\\\System32\\\\WindowsPowerShell\\\\v1.0\\\\powershell.exe\\nParentCommandLine: \\\"C:\\\\Windows\\\\System32\\\\WindowsPowerShell\\\\v1.0\\\\powershell.exe\\\" -noexit -command [console]::outputencoding=[text.utf8encoding]::utf8\\nParentUser: example.org\\\\user1\", \"tags\": [\"beats_input_codec_plain_applied\"], \"winlog\": {\"channel\": \"Microsoft-Windows-Sysmon/Operational\", \"computer_name\": \"server.test.example.org\", \"event_data\": {\"CommandLine\": \"\\\"C:\\\\Windows\\\\system32\\\\rundll32.exe\\\" keymgr.dll,KRShowKeyMgr\", \"Company\": \"Microsoft Corporation\", \"CurrentDirectory\": \"C:\\\\ProgramData\\\\TestApp\\\\\", \"Description\": \"Windows host process (Rundll32)\", \"FileVersion\": \"10.0.17763.1 (WinBuild.160101.0800)\", \"Hashes\": \"SHA1=F3BA3415DD068A8871F285570BEA2E29874CBFF1,MD5=C73BA51880F5A7FB20C84185A23212EF,SHA256=01B407AF0200B66A34D9B1FA6D9EAAB758EFA36A36BB99B554384F59F8690B1A,IMPHASH=F27A7FC3A53E74F45BE370131953896A\", \"Image\": \"C:\\\\Windows\\\\System32\\\\rundll32.exe\", \"IntegrityLevel\": \"High\", \"LogonGuid\": \"{96663A62-A841-69A9-F9ED-090000000000}\", \"LogonId\": \"0x9edf9\", \"OriginalFileName\": \"RUNDLL32.EXE\", \"ParentCommandLine\": \"\\\"C:\\\\Windows\\\\System32\\\\WindowsPowerShell\\\\v1.0\\\\powershell.exe\\\" -noexit -command [console]::outputencoding=[text.utf8encoding]::utf8\", \"ParentImage\": \"C:\\\\Windows\\\\System32\\\\WindowsPowerShell\\\\v1.0\\\\powershell.exe\", \"ParentProcessGuid\": \"{96663A62-3645-69B0-FB07-000000000A00}\", \"ParentProcessId\": \"4688\", \"ParentUser\": \"example.org\\\\user1\", \"ProcessGuid\": \"{96663A62-7EDB-69B1-9B09-000000000A00}\", \"ProcessId\": \"1660\", \"Product\": \"Microsoft\\u00ae Windows\\u00ae Operating System\", \"RuleName\": \"technique_id=T1218.011,technique_name=rundll32.exe\", \"TerminalSessionId\": \"2\", \"User\": \"example.org\\\\user1\", \"UtcTime\": \"2026-03-11 14:40:27.554\"}, \"event_id\": \"1\", \"opcode\": \"Info\", \"process\": {\"pid\": 2664, \"thread\": {\"id\": 4636}}, \"provider_guid\": \"{5770385F-C22A-43E0-BF4C-06F5698FFBD9}\", \"provider_name\": \"Microsoft-Windows-Sysmon\", \"record_id\": 1111862, \"task\": \"Process Create (rule: ProcessCreate)\", \"user\": {\"domain\": \"AUTORITE NT\", \"identifier\": \"S-1-5-18\", \"name\": \"Syst\\u00e8me\", \"type\": \"User\"}, \"version\": 5}}",
    "event": {
      "action": "Process Create (rule: ProcessCreate)",
      "code": "1",
      "kind": "event",
      "original": "Process Create:\nRuleName: technique_id=T1218.011,technique_name=rundll32.exe\nUtcTime: 2026-03-11 14:40:27.554\nProcessGuid: {96663A62-7EDB-69B1-9B09-000000000A00}\nProcessId: 1660\nImage: C:\\Windows\\System32\\rundll32.exe\nFileVersion: 10.0.17763.1 (WinBuild.160101.0800)\nDescription: Windows host process (Rundll32)\nProduct: Microsoft\u00ae Windows\u00ae Operating System\nCompany: Microsoft Corporation\nOriginalFileName: RUNDLL32.EXE\nCommandLine: \"C:\\Windows\\system32\\rundll32.exe\" keymgr.dll,KRShowKeyMgr\nCurrentDirectory: C:\\ProgramData\\TestApp\\\nUser: example.org\\user1\nLogonGuid: {96663A62-A841-69A9-F9ED-090000000000}\nLogonId: 0x9edf9\nTerminalSessionId: 2\nIntegrityLevel: High\nHashes: SHA1=F3BA3415DD068A8871F285570BEA2E29874CBFF1,MD5=C73BA51880F5A7FB20C84185A23212EF,SHA256=01B407AF0200B66A34D9B1FA6D9EAAB758EFA36A36BB99B554384F59F8690B1A,IMPHASH=F27A7FC3A53E74F45BE370131953896A\nParentProcessGuid: {96663A62-3645-69B0-FB07-000000000A00}\nParentProcessId: 4688\nParentImage: C:\\Windows\\System32\\WindowsPowerShell\\v1.0\\powershell.exe\nParentCommandLine: \"C:\\Windows\\System32\\WindowsPowerShell\\v1.0\\powershell.exe\" -noexit -command [console]::outputencoding=[text.utf8encoding]::utf8\nParentUser: example.org\\user1",
      "provider": "Microsoft-Windows-Sysmon"
    },
    "@timestamp": "2026-03-11T14:40:27.559000Z",
    "action": {
      "id": 1,
      "name": "Process Create (rule: ProcessCreate)",
      "properties": {
        "CommandLine": "\"C:\\Windows\\system32\\rundll32.exe\" keymgr.dll,KRShowKeyMgr",
        "Company": "Microsoft Corporation",
        "CurrentDirectory": "C:\\ProgramData\\TestApp\\",
        "Description": "Windows host process (Rundll32)",
        "FileVersion": "10.0.17763.1 (WinBuild.160101.0800)",
        "Hashes": "SHA1=F3BA3415DD068A8871F285570BEA2E29874CBFF1,MD5=C73BA51880F5A7FB20C84185A23212EF,SHA256=01B407AF0200B66A34D9B1FA6D9EAAB758EFA36A36BB99B554384F59F8690B1A,IMPHASH=F27A7FC3A53E74F45BE370131953896A",
        "Image": "C:\\Windows\\System32\\rundll32.exe",
        "IntegrityLevel": "High",
        "LogonGuid": "{96663A62-A841-69A9-F9ED-090000000000}",
        "LogonId": "0x9edf9",
        "Opcode": "Info",
        "OriginalFileName": "RUNDLL32.EXE",
        "ParentCommandLine": "\"C:\\Windows\\System32\\WindowsPowerShell\\v1.0\\powershell.exe\" -noexit -command [console]::outputencoding=[text.utf8encoding]::utf8",
        "ParentImage": "C:\\Windows\\System32\\WindowsPowerShell\\v1.0\\powershell.exe",
        "ParentProcessGuid": "{96663A62-3645-69B0-FB07-000000000A00}",
        "ParentProcessId": "4688",
        "ParentUser": "example.org\\user1",
        "ProcessGuid": "{96663A62-7EDB-69B1-9B09-000000000A00}",
        "ProcessId": "1660",
        "Product": "Microsoft\u00ae Windows\u00ae Operating System",
        "ProviderGUID": "{5770385F-C22A-43E0-BF4C-06F5698FFBD9}",
        "RuleName": "technique_id=T1218.011,technique_name=rundll32.exe",
        "ScriptBlockText": "\"C:\\Windows\\system32\\rundll32.exe\" keymgr.dll,KRShowKeyMgr",
        "SourceName": "Microsoft-Windows-Sysmon",
        "TerminalSessionId": "2",
        "User": "example.org\\user1",
        "UtcTime": "2026-03-11 14:40:27.554"
      },
      "record_id": 1111862,
      "type": "Microsoft-Windows-Sysmon/Operational"
    },
    "agent": {
      "ephemeral_id": "00000000-0000-0000-0000-000000000004",
      "id": "00000000-0000-0000-0000-000000000002",
      "name": "server.test",
      "type": "winlogbeat",
      "version": "9.2.2"
    },
    "host": {
      "architecture": "x86_64",
      "hostname": "server.test",
      "id": "00000000-0000-0000-0000-000000000003",
      "ip": [
        "192.0.2.1",
        "2001:db8::1"
      ],
      "mac": [
        "00-00-5E-00-53-01"
      ],
      "name": "server.test",
      "os": {
        "build": "17763.737",
        "family": "windows",
        "kernel": "10.0.17763.737 (WinBuild.160101.0800)",
        "name": "Windows Server 2019 Essentials",
        "platform": "windows",
        "type": "windows",
        "version": "10.0"
      }
    },
    "log": {
      "level": "information"
    },
    "process": {
      "args": [
        "\"C:\\Windows\\system32\\rundll32.exe\"",
        "keymgr.dll,KRShowKeyMgr"
      ],
      "command_line": "\"C:\\Windows\\system32\\rundll32.exe\" keymgr.dll,KRShowKeyMgr",
      "executable": "C:\\Windows\\System32\\rundll32.exe",
      "hash": {
        "md5": "c73ba51880f5a7fb20c84185a23212ef",
        "sha1": "f3ba3415dd068a8871f285570bea2e29874cbff1",
        "sha256": "01b407af0200b66a34d9b1fa6d9eaab758efa36a36bb99b554384f59f8690b1a"
      },
      "name": "rundll32.exe",
      "parent": {
        "command_line": "\"C:\\Windows\\System32\\WindowsPowerShell\\v1.0\\powershell.exe\" -noexit -command [console]::outputencoding=[text.utf8encoding]::utf8",
        "executable": "C:\\Windows\\System32\\WindowsPowerShell\\v1.0\\powershell.exe",
        "name": "powershell.exe"
      },
      "pe": {
        "imphash": "f27a7fc3a53e74f45be370131953896a",
        "original_file_name": "RUNDLL32.EXE"
      },
      "pid": 2664,
      "thread": {
        "id": 4636
      },
      "working_directory": "C:\\ProgramData\\TestApp\\"
    },
    "related": {
      "hash": [
        "01b407af0200b66a34d9b1fa6d9eaab758efa36a36bb99b554384f59f8690b1a",
        "c73ba51880f5a7fb20c84185a23212ef",
        "f3ba3415dd068a8871f285570bea2e29874cbff1"
      ],
      "hosts": [
        "server.test"
      ],
      "ip": [
        "192.0.2.1",
        "2001:db8::1"
      ]
    },
    "winlog": {
      "channel": "Microsoft-Windows-Sysmon/Operational",
      "computer_name": "server.test.example.org",
      "event_id": "1",
      "opcode": "Info",
      "process": {
        "pid": 2664,
        "thread": {
          "id": 4636
        }
      },
      "provider_guid": "{5770385f-c22a-43e0-bf4c-06f5698ffbd9}",
      "provider_name": "Microsoft-Windows-Sysmon",
      "record_id": "1111862",
      "task": "Process Create (rule: ProcessCreate)",
      "user": {
        "domain": "AUTORITE NT",
        "identifier": "S-1-5-18",
        "name": "Syst\u00e8me",
        "type": "User"
      },
      "version": 5
    }
  }
}