{
  "input": {
    "message": "{\"@timestamp\": \"2026-03-11T13:55:11.038Z\", \"@version\": \"1\", \"agent\": {\"ephemeral_id\": \"d965b291-8915-49db-9313-45633ac533ce\", \"id\": \"bbc3a849-f9d7-4ec1-bed4-019e0cccd386\", \"name\": \"server.test\", \"type\": \"winlogbeat\", \"version\": \"9.2.2\"}, \"ecs\": {\"version\": \"8.0.0\"}, \"event\": {\"action\": \"Process Create (rule: ProcessCreate)\", \"code\": \"1\", \"created\": \"2026-03-11T13:55:12.077Z\", \"kind\": \"event\", \"original\": \"Process Create:\\nRuleName: technique_id=T1059.003,technique_name=Windows Command Shell\\nUtcTime: 2026-03-11 13:55:11.024\\nProcessGuid: {96663A62-743F-69B1-4D09-000000000A00}\\nProcessId: 5640\\nImage: C:\\\\Windows\\\\System32\\\\cmd.exe\\nFileVersion: 10.0.17763.592 (WinBuild.160101.0800)\\nDescription: Windows Command Processor\\nProduct: Microsoft\\u00ae Windows\\u00ae Operating System\\nCompany: Microsoft Corporation\\nOriginalFileName: Cmd.Exe\\nCommandLine: \\\"C:\\\\Windows\\\\system32\\\\cmd.exe\\\" /c whoami\\nCurrentDirectory: C:\\\\Windows\\\\system32\\\\\\nUser: NT SERVICE\\\\MSSQL$SQLEXPRESS\\nLogonGuid: {96663A62-A816-69A9-ADD3-020000000000}\\nLogonId: 0x2d3ad\\nTerminalSessionId: 0\\nIntegrityLevel: High\\nHashes: SHA1=8C5437CD76A89EC983E3B364E219944DA3DAB464,MD5=975B45B669930B0CC773EAF2B414206F,SHA256=3656F37A1C6951EC4496FABB8EE957D3A6E3C276D5A3785476B482C9C0D32EA2,IMPHASH=272245E2988E1E430500B852C4FB5E18\\nParentProcessGuid: {96663A62-A819-69A9-6300-000000000A00}\\nParentProcessId: 4464\\nParentImage: C:\\\\Program Files\\\\Microsoft SQL Server\\\\MSSQL15.SQLEXPRESS\\\\MSSQL\\\\Binn\\\\sqlservr.exe\\nParentCommandLine: \\\"C:\\\\Program Files\\\\Microsoft SQL Server\\\\MSSQL15.SQLEXPRESS\\\\MSSQL\\\\Binn\\\\sqlservr.exe\\\" -sSQLEXPRESS\\nParentUser: NT SERVICE\\\\MSSQL$SQLEXPRESS\", \"provider\": \"Microsoft-Windows-Sysmon\"}, \"host\": {\"architecture\": \"x86_64\", \"hostname\": \"server.test\", \"id\": \"96663a62-d7c3-4eb3-86b4-8b8b72b641cf\", \"ip\": [\"2001:db8::1\", \"198.51.100.149\"], \"mac\": [\"00-00-5E-00-53-01\"], \"name\": \"server.test\", \"os\": {\"build\": \"17763.737\", \"family\": \"windows\", \"kernel\": \"10.0.17763.737 (WinBuild.160101.0800)\", \"name\": \"Windows Server 2019 Essentials\", \"platform\": \"windows\", \"type\": \"windows\", \"version\": \"10.0\"}}, \"log\": {\"level\": \"information\"}, \"message\": \"Process Create:\\nRuleName: technique_id=T1059.003,technique_name=Windows Command Shell\\nUtcTime: 2026-03-11 13:55:11.024\\nProcessGuid: {96663A62-743F-69B1-4D09-000000000A00}\\nProcessId: 5640\\nImage: C:\\\\Windows\\\\System32\\\\cmd.exe\\nFileVersion: 10.0.17763.592 (WinBuild.160101.0800)\\nDescription: Windows Command Processor\\nProduct: Microsoft\\u00ae Windows\\u00ae Operating System\\nCompany: Microsoft Corporation\\nOriginalFileName: Cmd.Exe\\nCommandLine: \\\"C:\\\\Windows\\\\system32\\\\cmd.exe\\\" /c whoami\\nCurrentDirectory: C:\\\\Windows\\\\system32\\\\\\nUser: NT SERVICE\\\\MSSQL$SQLEXPRESS\\nLogonGuid: {96663A62-A816-69A9-ADD3-020000000000}\\nLogonId: 0x2d3ad\\nTerminalSessionId: 0\\nIntegrityLevel: High\\nHashes: SHA1=8C5437CD76A89EC983E3B364E219944DA3DAB464,MD5=975B45B669930B0CC773EAF2B414206F,SHA256=3656F37A1C6951EC4496FABB8EE957D3A6E3C276D5A3785476B482C9C0D32EA2,IMPHASH=272245E2988E1E430500B852C4FB5E18\\nParentProcessGuid: {96663A62-A819-69A9-6300-000000000A00}\\nParentProcessId: 4464\\nParentImage: C:\\\\Program Files\\\\Microsoft SQL Server\\\\MSSQL15.SQLEXPRESS\\\\MSSQL\\\\Binn\\\\sqlservr.exe\\nParentCommandLine: \\\"C:\\\\Program Files\\\\Microsoft SQL Server\\\\MSSQL15.SQLEXPRESS\\\\MSSQL\\\\Binn\\\\sqlservr.exe\\\" -sSQLEXPRESS\\nParentUser: NT SERVICE\\\\MSSQL$SQLEXPRESS\", \"tags\": [\"beats_input_codec_plain_applied\"], \"winlog\": {\"channel\": \"Microsoft-Windows-Sysmon/Operational\", \"computer_name\": \"server.test.example.org\", \"event_data\": {\"CommandLine\": \"\\\"C:\\\\Windows\\\\system32\\\\cmd.exe\\\" /c whoami\", \"Company\": \"Microsoft Corporation\", \"CurrentDirectory\": \"C:\\\\Windows\\\\system32\\\\\", \"Description\": \"Windows Command Processor\", \"FileVersion\": \"10.0.17763.592 (WinBuild.160101.0800)\", \"Hashes\": \"SHA1=8C5437CD76A89EC983E3B364E219944DA3DAB464,MD5=975B45B669930B0CC773EAF2B414206F,SHA256=3656F37A1C6951EC4496FABB8EE957D3A6E3C276D5A3785476B482C9C0D32EA2,IMPHASH=272245E2988E1E430500B852C4FB5E18\", \"Image\": \"C:\\\\Windows\\\\System32\\\\cmd.exe\", \"IntegrityLevel\": \"High\", \"LogonGuid\": \"{96663A62-A816-69A9-ADD3-020000000000}\", \"LogonId\": \"0x2d3ad\", \"OriginalFileName\": \"Cmd.Exe\", \"ParentCommandLine\": \"\\\"C:\\\\Program Files\\\\Microsoft SQL Server\\\\MSSQL15.SQLEXPRESS\\\\MSSQL\\\\Binn\\\\sqlservr.exe\\\" -sSQLEXPRESS\", \"ParentImage\": \"C:\\\\Program Files\\\\Microsoft SQL Server\\\\MSSQL15.SQLEXPRESS\\\\MSSQL\\\\Binn\\\\sqlservr.exe\", \"ParentProcessGuid\": \"{96663A62-A819-69A9-6300-000000000A00}\", \"ParentProcessId\": \"4464\", \"ParentUser\": \"NT SERVICE\\\\MSSQL$SQLEXPRESS\", \"ProcessGuid\": \"{96663A62-743F-69B1-4D09-000000000A00}\", \"ProcessId\": \"5640\", \"Product\": \"Microsoft\\u00ae Windows\\u00ae Operating System\", \"RuleName\": \"technique_id=T1059.003,technique_name=Windows Command Shell\", \"TerminalSessionId\": \"0\", \"User\": \"NT SERVICE\\\\MSSQL$SQLEXPRESS\", \"UtcTime\": \"2026-03-11 13:55:11.024\"}, \"event_id\": \"1\", \"opcode\": \"Info\", \"process\": {\"pid\": 2664, \"thread\": {\"id\": 4636}}, \"provider_guid\": \"{5770385F-C22A-43E0-BF4C-06F5698FFBD9}\", \"provider_name\": \"Microsoft-Windows-Sysmon\", \"record_id\": 1111077, \"task\": \"Process Create (rule: ProcessCreate)\", \"user\": {\"domain\": \"AUTORITE NT\", \"identifier\": \"S-1-5-18\", \"name\": \"Syst\\u00e8me\", \"type\": \"User\"}, \"version\": 5}}"
  },
  "expected": {
    "message": "{\"@timestamp\": \"2026-03-11T13:55:11.038Z\", \"@version\": \"1\", \"agent\": {\"ephemeral_id\": \"d965b291-8915-49db-9313-45633ac533ce\", \"id\": \"bbc3a849-f9d7-4ec1-bed4-019e0cccd386\", \"name\": \"server.test\", \"type\": \"winlogbeat\", \"version\": \"9.2.2\"}, \"ecs\": {\"version\": \"8.0.0\"}, \"event\": {\"action\": \"Process Create (rule: ProcessCreate)\", \"code\": \"1\", \"created\": \"2026-03-11T13:55:12.077Z\", \"kind\": \"event\", \"original\": \"Process Create:\\nRuleName: technique_id=T1059.003,technique_name=Windows Command Shell\\nUtcTime: 2026-03-11 13:55:11.024\\nProcessGuid: {96663A62-743F-69B1-4D09-000000000A00}\\nProcessId: 5640\\nImage: C:\\\\Windows\\\\System32\\\\cmd.exe\\nFileVersion: 10.0.17763.592 (WinBuild.160101.0800)\\nDescription: Windows Command Processor\\nProduct: Microsoft\\u00ae Windows\\u00ae Operating System\\nCompany: Microsoft Corporation\\nOriginalFileName: Cmd.Exe\\nCommandLine: \\\"C:\\\\Windows\\\\system32\\\\cmd.exe\\\" /c whoami\\nCurrentDirectory: C:\\\\Windows\\\\system32\\\\\\nUser: NT SERVICE\\\\MSSQL$SQLEXPRESS\\nLogonGuid: {96663A62-A816-69A9-ADD3-020000000000}\\nLogonId: 0x2d3ad\\nTerminalSessionId: 0\\nIntegrityLevel: High\\nHashes: SHA1=8C5437CD76A89EC983E3B364E219944DA3DAB464,MD5=975B45B669930B0CC773EAF2B414206F,SHA256=3656F37A1C6951EC4496FABB8EE957D3A6E3C276D5A3785476B482C9C0D32EA2,IMPHASH=272245E2988E1E430500B852C4FB5E18\\nParentProcessGuid: {96663A62-A819-69A9-6300-000000000A00}\\nParentProcessId: 4464\\nParentImage: C:\\\\Program Files\\\\Microsoft SQL Server\\\\MSSQL15.SQLEXPRESS\\\\MSSQL\\\\Binn\\\\sqlservr.exe\\nParentCommandLine: \\\"C:\\\\Program Files\\\\Microsoft SQL Server\\\\MSSQL15.SQLEXPRESS\\\\MSSQL\\\\Binn\\\\sqlservr.exe\\\" -sSQLEXPRESS\\nParentUser: NT SERVICE\\\\MSSQL$SQLEXPRESS\", \"provider\": \"Microsoft-Windows-Sysmon\"}, \"host\": {\"architecture\": \"x86_64\", \"hostname\": \"server.test\", \"id\": \"96663a62-d7c3-4eb3-86b4-8b8b72b641cf\", \"ip\": [\"2001:db8::1\", \"198.51.100.149\"], \"mac\": [\"00-00-5E-00-53-01\"], \"name\": \"server.test\", \"os\": {\"build\": \"17763.737\", \"family\": \"windows\", \"kernel\": \"10.0.17763.737 (WinBuild.160101.0800)\", \"name\": \"Windows Server 2019 Essentials\", \"platform\": \"windows\", \"type\": \"windows\", \"version\": \"10.0\"}}, \"log\": {\"level\": \"information\"}, \"message\": \"Process Create:\\nRuleName: technique_id=T1059.003,technique_name=Windows Command Shell\\nUtcTime: 2026-03-11 13:55:11.024\\nProcessGuid: {96663A62-743F-69B1-4D09-000000000A00}\\nProcessId: 5640\\nImage: C:\\\\Windows\\\\System32\\\\cmd.exe\\nFileVersion: 10.0.17763.592 (WinBuild.160101.0800)\\nDescription: Windows Command Processor\\nProduct: Microsoft\\u00ae Windows\\u00ae Operating System\\nCompany: Microsoft Corporation\\nOriginalFileName: Cmd.Exe\\nCommandLine: \\\"C:\\\\Windows\\\\system32\\\\cmd.exe\\\" /c whoami\\nCurrentDirectory: C:\\\\Windows\\\\system32\\\\\\nUser: NT SERVICE\\\\MSSQL$SQLEXPRESS\\nLogonGuid: {96663A62-A816-69A9-ADD3-020000000000}\\nLogonId: 0x2d3ad\\nTerminalSessionId: 0\\nIntegrityLevel: High\\nHashes: SHA1=8C5437CD76A89EC983E3B364E219944DA3DAB464,MD5=975B45B669930B0CC773EAF2B414206F,SHA256=3656F37A1C6951EC4496FABB8EE957D3A6E3C276D5A3785476B482C9C0D32EA2,IMPHASH=272245E2988E1E430500B852C4FB5E18\\nParentProcessGuid: {96663A62-A819-69A9-6300-000000000A00}\\nParentProcessId: 4464\\nParentImage: C:\\\\Program Files\\\\Microsoft SQL Server\\\\MSSQL15.SQLEXPRESS\\\\MSSQL\\\\Binn\\\\sqlservr.exe\\nParentCommandLine: \\\"C:\\\\Program Files\\\\Microsoft SQL Server\\\\MSSQL15.SQLEXPRESS\\\\MSSQL\\\\Binn\\\\sqlservr.exe\\\" -sSQLEXPRESS\\nParentUser: NT SERVICE\\\\MSSQL$SQLEXPRESS\", \"tags\": [\"beats_input_codec_plain_applied\"], \"winlog\": {\"channel\": \"Microsoft-Windows-Sysmon/Operational\", \"computer_name\": \"server.test.example.org\", \"event_data\": {\"CommandLine\": \"\\\"C:\\\\Windows\\\\system32\\\\cmd.exe\\\" /c whoami\", \"Company\": \"Microsoft Corporation\", \"CurrentDirectory\": \"C:\\\\Windows\\\\system32\\\\\", \"Description\": \"Windows Command Processor\", \"FileVersion\": \"10.0.17763.592 (WinBuild.160101.0800)\", \"Hashes\": \"SHA1=8C5437CD76A89EC983E3B364E219944DA3DAB464,MD5=975B45B669930B0CC773EAF2B414206F,SHA256=3656F37A1C6951EC4496FABB8EE957D3A6E3C276D5A3785476B482C9C0D32EA2,IMPHASH=272245E2988E1E430500B852C4FB5E18\", \"Image\": \"C:\\\\Windows\\\\System32\\\\cmd.exe\", \"IntegrityLevel\": \"High\", \"LogonGuid\": \"{96663A62-A816-69A9-ADD3-020000000000}\", \"LogonId\": \"0x2d3ad\", \"OriginalFileName\": \"Cmd.Exe\", \"ParentCommandLine\": \"\\\"C:\\\\Program Files\\\\Microsoft SQL Server\\\\MSSQL15.SQLEXPRESS\\\\MSSQL\\\\Binn\\\\sqlservr.exe\\\" -sSQLEXPRESS\", \"ParentImage\": \"C:\\\\Program Files\\\\Microsoft SQL Server\\\\MSSQL15.SQLEXPRESS\\\\MSSQL\\\\Binn\\\\sqlservr.exe\", \"ParentProcessGuid\": \"{96663A62-A819-69A9-6300-000000000A00}\", \"ParentProcessId\": \"4464\", \"ParentUser\": \"NT SERVICE\\\\MSSQL$SQLEXPRESS\", \"ProcessGuid\": \"{96663A62-743F-69B1-4D09-000000000A00}\", \"ProcessId\": \"5640\", \"Product\": \"Microsoft\\u00ae Windows\\u00ae Operating System\", \"RuleName\": \"technique_id=T1059.003,technique_name=Windows Command Shell\", \"TerminalSessionId\": \"0\", \"User\": \"NT SERVICE\\\\MSSQL$SQLEXPRESS\", \"UtcTime\": \"2026-03-11 13:55:11.024\"}, \"event_id\": \"1\", \"opcode\": \"Info\", \"process\": {\"pid\": 2664, \"thread\": {\"id\": 4636}}, \"provider_guid\": \"{5770385F-C22A-43E0-BF4C-06F5698FFBD9}\", \"provider_name\": \"Microsoft-Windows-Sysmon\", \"record_id\": 1111077, \"task\": \"Process Create (rule: ProcessCreate)\", \"user\": {\"domain\": \"AUTORITE NT\", \"identifier\": \"S-1-5-18\", \"name\": \"Syst\\u00e8me\", \"type\": \"User\"}, \"version\": 5}}",
    "event": {
      "action": "Process Create (rule: ProcessCreate)",
      "code": "1",
      "kind": "event",
      "original": "Process Create:\nRuleName: technique_id=T1059.003,technique_name=Windows Command Shell\nUtcTime: 2026-03-11 13:55:11.024\nProcessGuid: {96663A62-743F-69B1-4D09-000000000A00}\nProcessId: 5640\nImage: C:\\Windows\\System32\\cmd.exe\nFileVersion: 10.0.17763.592 (WinBuild.160101.0800)\nDescription: Windows Command Processor\nProduct: Microsoft\u00ae Windows\u00ae Operating System\nCompany: Microsoft Corporation\nOriginalFileName: Cmd.Exe\nCommandLine: \"C:\\Windows\\system32\\cmd.exe\" /c whoami\nCurrentDirectory: C:\\Windows\\system32\\\nUser: NT SERVICE\\MSSQL$SQLEXPRESS\nLogonGuid: {96663A62-A816-69A9-ADD3-020000000000}\nLogonId: 0x2d3ad\nTerminalSessionId: 0\nIntegrityLevel: High\nHashes: SHA1=8C5437CD76A89EC983E3B364E219944DA3DAB464,MD5=975B45B669930B0CC773EAF2B414206F,SHA256=3656F37A1C6951EC4496FABB8EE957D3A6E3C276D5A3785476B482C9C0D32EA2,IMPHASH=272245E2988E1E430500B852C4FB5E18\nParentProcessGuid: {96663A62-A819-69A9-6300-000000000A00}\nParentProcessId: 4464\nParentImage: C:\\Program Files\\Microsoft SQL Server\\MSSQL15.SQLEXPRESS\\MSSQL\\Binn\\sqlservr.exe\nParentCommandLine: \"C:\\Program Files\\Microsoft SQL Server\\MSSQL15.SQLEXPRESS\\MSSQL\\Binn\\sqlservr.exe\" -sSQLEXPRESS\nParentUser: NT SERVICE\\MSSQL$SQLEXPRESS",
      "provider": "Microsoft-Windows-Sysmon"
    },
    "@timestamp": "2026-03-11T13:55:11.038000Z",
    "action": {
      "id": 1,
      "properties": {
        "CommandLine": "\"C:\\Windows\\system32\\cmd.exe\" /c whoami",
        "Company": "Microsoft Corporation",
        "CurrentDirectory": "C:\\Windows\\system32\\",
        "Description": "Windows Command Processor",
        "FileVersion": "10.0.17763.592 (WinBuild.160101.0800)",
        "Hashes": "SHA1=8C5437CD76A89EC983E3B364E219944DA3DAB464,MD5=975B45B669930B0CC773EAF2B414206F,SHA256=3656F37A1C6951EC4496FABB8EE957D3A6E3C276D5A3785476B482C9C0D32EA2,IMPHASH=272245E2988E1E430500B852C4FB5E18",
        "Image": "C:\\Windows\\System32\\cmd.exe",
        "IntegrityLevel": "High",
        "LogonGuid": "{96663A62-A816-69A9-ADD3-020000000000}",
        "LogonId": "0x2d3ad",
        "Opcode": "Info",
        "OriginalFileName": "Cmd.Exe",
        "ParentCommandLine": "\"C:\\Program Files\\Microsoft SQL Server\\MSSQL15.SQLEXPRESS\\MSSQL\\Binn\\sqlservr.exe\" -sSQLEXPRESS",
        "ParentImage": "C:\\Program Files\\Microsoft SQL Server\\MSSQL15.SQLEXPRESS\\MSSQL\\Binn\\sqlservr.exe",
        "ParentProcessGuid": "{96663A62-A819-69A9-6300-000000000A00}",
        "ParentProcessId": "4464",
        "ParentUser": "NT SERVICE\\MSSQL$SQLEXPRESS",
        "ProcessGuid": "{96663A62-743F-69B1-4D09-000000000A00}",
        "ProcessId": "5640",
        "Product": "Microsoft\u00ae Windows\u00ae Operating System",
        "ProviderGUID": "{5770385F-C22A-43E0-BF4C-06F5698FFBD9}",
        "RuleName": "technique_id=T1059.003,technique_name=Windows Command Shell",
        "SourceName": "Microsoft-Windows-Sysmon",
        "TerminalSessionId": "0",
        "User": "NT SERVICE\\MSSQL$SQLEXPRESS",
        "UtcTime": "2026-03-11 13:55:11.024"
      },
      "record_id": 1111077,
      "type": "Microsoft-Windows-Sysmon/Operational"
    },
    "agent": {
      "ephemeral_id": "d965b291-8915-49db-9313-45633ac533ce",
      "id": "bbc3a849-f9d7-4ec1-bed4-019e0cccd386",
      "name": "server.test",
      "type": "winlogbeat",
      "version": "9.2.2"
    },
    "dll": {
      "name": "Cmd.Exe"
    },
    "host": {
      "architecture": "x86_64",
      "hostname": "server.test",
      "id": "96663a62-d7c3-4eb3-86b4-8b8b72b641cf",
      "ip": [
        "198.51.100.149",
        "2001:db8::1"
      ],
      "mac": [
        "00-00-5E-00-53-01"
      ],
      "name": "server.test",
      "os": {
        "build": "17763.737",
        "family": "windows",
        "kernel": "10.0.17763.737 (WinBuild.160101.0800)",
        "name": "Windows Server 2019 Essentials",
        "platform": "windows",
        "type": "windows",
        "version": "10.0"
      }
    },
    "log": {
      "level": "information"
    },
    "observer": {
      "product": "Winlogbeat",
      "type": "agent",
      "vendor": "Elastic"
    },
    "process": {
      "args": [
        "\"C:\\Windows\\system32\\cmd.exe\"",
        "/c",
        "whoami"
      ],
      "command_line": "\"C:\\Windows\\system32\\cmd.exe\" /c whoami",
      "executable": "C:\\Windows\\System32\\cmd.exe",
      "hash": {
        "md5": "975b45b669930b0cc773eaf2b414206f",
        "sha1": "8c5437cd76a89ec983e3b364e219944da3dab464",
        "sha256": "3656f37a1c6951ec4496fabb8ee957d3a6e3c276d5a3785476b482c9c0d32ea2"
      },
      "name": "cmd.exe",
      "parent": {
        "command_line": "\"C:\\Program Files\\Microsoft SQL Server\\MSSQL15.SQLEXPRESS\\MSSQL\\Binn\\sqlservr.exe\" -sSQLEXPRESS",
        "executable": "C:\\Program Files\\Microsoft SQL Server\\MSSQL15.SQLEXPRESS\\MSSQL\\Binn\\sqlservr.exe",
        "name": "sqlservr.exe"
      },
      "pe": {
        "imphash": "272245e2988e1e430500b852c4fb5e18",
        "original_file_name": "Cmd.Exe"
      },
      "pid": 2664,
      "thread": {
        "id": 4636
      },
      "working_directory": "C:\\Windows\\system32\\"
    },
    "related": {
      "hash": [
        "3656f37a1c6951ec4496fabb8ee957d3a6e3c276d5a3785476b482c9c0d32ea2",
        "8c5437cd76a89ec983e3b364e219944da3dab464",
        "975b45b669930b0cc773eaf2b414206f"
      ],
      "hosts": [
        "server.test"
      ],
      "ip": [
        "198.51.100.149",
        "2001:db8::1"
      ]
    },
    "winlog": {
      "channel": "Microsoft-Windows-Sysmon/Operational",
      "computer_name": "server.test.example.org",
      "event_id": "1",
      "opcode": "Info",
      "process": {
        "pid": 2664,
        "thread": {
          "id": 4636
        }
      },
      "provider_guid": "{5770385f-c22a-43e0-bf4c-06f5698ffbd9}",
      "provider_name": "Microsoft-Windows-Sysmon",
      "record_id": "1111077",
      "task": "Process Create (rule: ProcessCreate)",
      "user": {
        "domain": "AUTORITE NT",
        "identifier": "S-1-5-18",
        "name": "Syst\u00e8me",
        "type": "User"
      },
      "version": 5
    }
  }
}