{
  "input": {
    "message": "{\n  \"@timestamp\": \"2026-03-02T15:34:32.796Z\",\n  \"@version\": \"1\",\n  \"agent\": {\n    \"ephemeral_id\": \"aebc9b74-1894-4ffd-9109-15573c9b4ecc\",\n    \"id\": \"a58f67e5-1ae0-4fd5-9284-09aa0fcaa1e8\",\n    \"name\": \"agent_name\",\n    \"type\": \"winlogbeat\",\n    \"version\": \"8.19.5\"\n  },\n  \"app\": \"toto\",\n  \"ecs\": {\n    \"version\": \"8.0.0\"\n  },\n  \"env\": \"p1\",\n  \"event\": {\n    \"action\": \"Engine Lifecycle\",\n    \"code\": \"400\",\n    \"created\": \"2026-03-02T15:35:31.926Z\",\n    \"kind\": \"event\",\n    \"provider\": \"PowerShell\"\n  },\n  \"host\": {\n    \"name\": \"hostname.local\"\n  },\n  \"log\": {\n    \"level\": \"information\"\n  },\n  \"message\": \"Engine state is changed from None to Available. \\n\\nDetails: \\n\\tNewEngineState=Available\\n\\tPreviousEngineState=None\\n\\n\\tSequenceNumber=1111111\\n\\n\\tHostName=OpsMgr PowerShell Host\\n\\tHostVersion=7.0.5000.0\\n\\tHostId=f8d633f8-f5d2-47b4-bbbd-206ecd6213f9\\n\\tHostApplication=C:\\\\Program Files\\\\Microsoft Monitoring Agent\\\\Agent\\\\MonitoringHost.exe -Embedding\\n\\tEngineVersion=5.1.20348.4294\\n\\tRunspaceId=e1e43f33-fde2-40b4-8bf4-bbb94178b1ee\\n\\tPipelineId=\\n\\tCommandName=\\n\\tCommandType=\\n\\tScriptName=\\n\\tCommandPath=\\n\\tCommandLine=\",\n  \"prefix\": \"ad_logs\",\n  \"winlog\": {\n    \"api\": \"wineventlog\",\n    \"channel\": \"Windows PowerShell\",\n    \"computer_name\": \"hostname.local\",\n    \"event_data\": {\n      \"param1\": \"Available\",\n      \"param2\": \"None\",\n      \"param3\": \"\\tNewEngineState=Available\\n\\tPreviousEngineState=None\\n\\n\\tSequenceNumber=1111111\\n\\n\\tHostName=OpsMgr PowerShell Host\\n\\tHostVersion=7.0.5000.0\\n\\tHostId=f8d633f8-f5d2-47b4-bbbd-206ecd6213f9\\n\\tHostApplication=C:\\\\Program Files\\\\Microsoft Monitoring Agent\\\\Agent\\\\MonitoringHost.exe -Embedding\\n\\tEngineVersion=5.1.20348.4294\\n\\tRunspaceId=e1e43f33-fde2-40b4-8bf4-bbb94178b1ee\\n\\tPipelineId=\\n\\tCommandName=\\n\\tCommandType=\\n\\tScriptName=\\n\\tCommandPath=\\n\\tCommandLine=\"\n    },\n    \"event_id\": \"400\",\n    \"keywords\": [\n      \"Classic\"\n    ],\n    \"opcode\": \"Info\",\n    \"provider_name\": \"PowerShell\",\n    \"record_id\": 111111111,\n    \"task\": \"Engine Lifecycle\"\n  }\n}"
  },
  "expected": {
    "message": "{\n  \"@timestamp\": \"2026-03-02T15:34:32.796Z\",\n  \"@version\": \"1\",\n  \"agent\": {\n    \"ephemeral_id\": \"aebc9b74-1894-4ffd-9109-15573c9b4ecc\",\n    \"id\": \"a58f67e5-1ae0-4fd5-9284-09aa0fcaa1e8\",\n    \"name\": \"agent_name\",\n    \"type\": \"winlogbeat\",\n    \"version\": \"8.19.5\"\n  },\n  \"app\": \"toto\",\n  \"ecs\": {\n    \"version\": \"8.0.0\"\n  },\n  \"env\": \"p1\",\n  \"event\": {\n    \"action\": \"Engine Lifecycle\",\n    \"code\": \"400\",\n    \"created\": \"2026-03-02T15:35:31.926Z\",\n    \"kind\": \"event\",\n    \"provider\": \"PowerShell\"\n  },\n  \"host\": {\n    \"name\": \"hostname.local\"\n  },\n  \"log\": {\n    \"level\": \"information\"\n  },\n  \"message\": \"Engine state is changed from None to Available. \\n\\nDetails: \\n\\tNewEngineState=Available\\n\\tPreviousEngineState=None\\n\\n\\tSequenceNumber=1111111\\n\\n\\tHostName=OpsMgr PowerShell Host\\n\\tHostVersion=7.0.5000.0\\n\\tHostId=f8d633f8-f5d2-47b4-bbbd-206ecd6213f9\\n\\tHostApplication=C:\\\\Program Files\\\\Microsoft Monitoring Agent\\\\Agent\\\\MonitoringHost.exe -Embedding\\n\\tEngineVersion=5.1.20348.4294\\n\\tRunspaceId=e1e43f33-fde2-40b4-8bf4-bbb94178b1ee\\n\\tPipelineId=\\n\\tCommandName=\\n\\tCommandType=\\n\\tScriptName=\\n\\tCommandPath=\\n\\tCommandLine=\",\n  \"prefix\": \"ad_logs\",\n  \"winlog\": {\n    \"api\": \"wineventlog\",\n    \"channel\": \"Windows PowerShell\",\n    \"computer_name\": \"hostname.local\",\n    \"event_data\": {\n      \"param1\": \"Available\",\n      \"param2\": \"None\",\n      \"param3\": \"\\tNewEngineState=Available\\n\\tPreviousEngineState=None\\n\\n\\tSequenceNumber=1111111\\n\\n\\tHostName=OpsMgr PowerShell Host\\n\\tHostVersion=7.0.5000.0\\n\\tHostId=f8d633f8-f5d2-47b4-bbbd-206ecd6213f9\\n\\tHostApplication=C:\\\\Program Files\\\\Microsoft Monitoring Agent\\\\Agent\\\\MonitoringHost.exe -Embedding\\n\\tEngineVersion=5.1.20348.4294\\n\\tRunspaceId=e1e43f33-fde2-40b4-8bf4-bbb94178b1ee\\n\\tPipelineId=\\n\\tCommandName=\\n\\tCommandType=\\n\\tScriptName=\\n\\tCommandPath=\\n\\tCommandLine=\"\n    },\n    \"event_id\": \"400\",\n    \"keywords\": [\n      \"Classic\"\n    ],\n    \"opcode\": \"Info\",\n    \"provider_name\": \"PowerShell\",\n    \"record_id\": 111111111,\n    \"task\": \"Engine Lifecycle\"\n  }\n}",
    "event": {
      "action": "Engine Lifecycle",
      "code": "400",
      "kind": "event",
      "original": "Engine state is changed from None to Available. \n\nDetails: \n\tNewEngineState=Available\n\tPreviousEngineState=None\n\n\tSequenceNumber=1111111\n\n\tHostName=OpsMgr PowerShell Host\n\tHostVersion=7.0.5000.0\n\tHostId=f8d633f8-f5d2-47b4-bbbd-206ecd6213f9\n\tHostApplication=C:\\Program Files\\Microsoft Monitoring Agent\\Agent\\MonitoringHost.exe -Embedding\n\tEngineVersion=5.1.20348.4294\n\tRunspaceId=e1e43f33-fde2-40b4-8bf4-bbb94178b1ee\n\tPipelineId=\n\tCommandName=\n\tCommandType=\n\tScriptName=\n\tCommandPath=\n\tCommandLine=",
      "provider": "PowerShell"
    },
    "@timestamp": "2026-03-02T15:34:32.796000Z",
    "action": {
      "id": 400,
      "properties": {
        "Keywords": [
          "Classic"
        ],
        "Opcode": "Info",
        "SourceName": "PowerShell",
        "param1": "Available",
        "param2": "None",
        "param3": "\tNewEngineState=Available\n\tPreviousEngineState=None\n\n\tSequenceNumber=1111111\n\n\tHostName=OpsMgr PowerShell Host\n\tHostVersion=7.0.5000.0\n\tHostId=f8d633f8-f5d2-47b4-bbbd-206ecd6213f9\n\tHostApplication=C:\\Program Files\\Microsoft Monitoring Agent\\Agent\\MonitoringHost.exe -Embedding\n\tEngineVersion=5.1.20348.4294\n\tRunspaceId=e1e43f33-fde2-40b4-8bf4-bbb94178b1ee\n\tPipelineId=\n\tCommandName=\n\tCommandType=\n\tScriptName=\n\tCommandPath=\n\tCommandLine="
      },
      "record_id": 111111111,
      "type": "Windows PowerShell"
    },
    "agent": {
      "ephemeral_id": "aebc9b74-1894-4ffd-9109-15573c9b4ecc",
      "id": "a58f67e5-1ae0-4fd5-9284-09aa0fcaa1e8",
      "name": "agent_name",
      "type": "winlogbeat",
      "version": "8.19.5"
    },
    "host": {
      "name": "hostname.local"
    },
    "log": {
      "level": "information"
    },
    "winlog": {
      "api": "wineventlog",
      "channel": "Windows PowerShell",
      "computer_name": "hostname.local",
      "event_id": "400",
      "keywords": [
        "Classic"
      ],
      "opcode": "Info",
      "provider_name": "PowerShell",
      "record_id": "111111111",
      "task": "Engine Lifecycle"
    }
  }
}