{
  "input": {
    "message": "{\"@timestamp\": \"2026-03-11T14:25:09.817Z\", \"@version\": \"1\", \"agent\": {\"ephemeral_id\": \"d965b291-8915-49db-9313-45633ac533ce\", \"id\": \"bbc3a849-f9d7-4ec1-bed4-019e0cccd386\", \"name\": \"server.test\", \"type\": \"winlogbeat\", \"version\": \"9.2.2\"}, \"ecs\": {\"version\": \"8.0.0\"}, \"event\": {\"action\": \"CreateRemoteThread detected (rule: CreateRemoteThread)\", \"code\": \"8\", \"created\": \"2026-03-11T14:25:11.642Z\", \"kind\": \"event\", \"original\": \"CreateRemoteThread detected:\\nRuleName: technique_id=T1055,technique_name=Process Injection\\nUtcTime: 2026-03-11 14:25:09.811\\nSourceProcessGuid: {96663A62-3645-69B0-FB07-000000000A00}\\nSourceProcessId: 4688\\nSourceImage: C:\\\\Windows\\\\System32\\\\WindowsPowerShell\\\\v1.0\\\\powershell.exe\\nTargetProcessGuid: {96663A62-7B42-69B1-9209-000000000A00}\\nTargetProcessId: 5900\\nTargetImage: C:\\\\Windows\\\\System32\\\\notepad.exe\\nNewThreadId: 4372\\nStartAddress: 0x00000212236E0000\\nStartModule: -\\nStartFunction: -\\nSourceUser: example.org\\\\user1\\nTargetUser: example.org\\\\user1\", \"provider\": \"Microsoft-Windows-Sysmon\"}, \"host\": {\"architecture\": \"x86_64\", \"hostname\": \"server.test\", \"id\": \"96663a62-d7c3-4eb3-86b4-8b8b72b641cf\", \"ip\": [\"2001:db8::1\", \"198.51.100.149\"], \"mac\": [\"00-00-5E-00-53-01\"], \"name\": \"server.test\", \"os\": {\"build\": \"17763.737\", \"family\": \"windows\", \"kernel\": \"10.0.17763.737 (WinBuild.160101.0800)\", \"name\": \"Windows Server 2019 Essentials\", \"platform\": \"windows\", \"type\": \"windows\", \"version\": \"10.0\"}}, \"log\": {\"level\": \"information\"}, \"message\": \"CreateRemoteThread detected:\\nRuleName: technique_id=T1055,technique_name=Process Injection\\nUtcTime: 2026-03-11 14:25:09.811\\nSourceProcessGuid: {96663A62-3645-69B0-FB07-000000000A00}\\nSourceProcessId: 4688\\nSourceImage: C:\\\\Windows\\\\System32\\\\WindowsPowerShell\\\\v1.0\\\\powershell.exe\\nTargetProcessGuid: {96663A62-7B42-69B1-9209-000000000A00}\\nTargetProcessId: 5900\\nTargetImage: C:\\\\Windows\\\\System32\\\\notepad.exe\\nNewThreadId: 4372\\nStartAddress: 0x00000212236E0000\\nStartModule: -\\nStartFunction: -\\nSourceUser: example.org\\\\user1\\nTargetUser: example.org\\\\user1\", \"tags\": [\"beats_input_codec_plain_applied\"], \"winlog\": {\"channel\": \"Microsoft-Windows-Sysmon/Operational\", \"computer_name\": \"server.test.example.org\", \"event_data\": {\"NewThreadId\": \"4372\", \"RuleName\": \"technique_id=T1055,technique_name=Process Injection\", \"SourceImage\": \"C:\\\\Windows\\\\System32\\\\WindowsPowerShell\\\\v1.0\\\\powershell.exe\", \"SourceProcessGuid\": \"{96663A62-3645-69B0-FB07-000000000A00}\", \"SourceProcessId\": \"4688\", \"SourceUser\": \"example.org\\\\user1\", \"StartAddress\": \"0x00000212236E0000\", \"StartFunction\": \"-\", \"StartModule\": \"-\", \"TargetImage\": \"C:\\\\Windows\\\\System32\\\\notepad.exe\", \"TargetProcessGuid\": \"{96663A62-7B42-69B1-9209-000000000A00}\", \"TargetProcessId\": \"5900\", \"TargetUser\": \"example.org\\\\user1\", \"UtcTime\": \"2026-03-11 14:25:09.811\"}, \"event_id\": \"8\", \"opcode\": \"Info\", \"process\": {\"pid\": 2664, \"thread\": {\"id\": 4636}}, \"provider_guid\": \"{5770385F-C22A-43E0-BF4C-06F5698FFBD9}\", \"provider_name\": \"Microsoft-Windows-Sysmon\", \"record_id\": 1111672, \"task\": \"CreateRemoteThread detected (rule: CreateRemoteThread)\", \"user\": {\"domain\": \"AUTORITE NT\", \"identifier\": \"S-1-5-18\", \"name\": \"Syst\\u00e8me\", \"type\": \"User\"}, \"version\": 2}}"
  },
  "expected": {
    "message": "{\"@timestamp\": \"2026-03-11T14:25:09.817Z\", \"@version\": \"1\", \"agent\": {\"ephemeral_id\": \"d965b291-8915-49db-9313-45633ac533ce\", \"id\": \"bbc3a849-f9d7-4ec1-bed4-019e0cccd386\", \"name\": \"server.test\", \"type\": \"winlogbeat\", \"version\": \"9.2.2\"}, \"ecs\": {\"version\": \"8.0.0\"}, \"event\": {\"action\": \"CreateRemoteThread detected (rule: CreateRemoteThread)\", \"code\": \"8\", \"created\": \"2026-03-11T14:25:11.642Z\", \"kind\": \"event\", \"original\": \"CreateRemoteThread detected:\\nRuleName: technique_id=T1055,technique_name=Process Injection\\nUtcTime: 2026-03-11 14:25:09.811\\nSourceProcessGuid: {96663A62-3645-69B0-FB07-000000000A00}\\nSourceProcessId: 4688\\nSourceImage: C:\\\\Windows\\\\System32\\\\WindowsPowerShell\\\\v1.0\\\\powershell.exe\\nTargetProcessGuid: {96663A62-7B42-69B1-9209-000000000A00}\\nTargetProcessId: 5900\\nTargetImage: C:\\\\Windows\\\\System32\\\\notepad.exe\\nNewThreadId: 4372\\nStartAddress: 0x00000212236E0000\\nStartModule: -\\nStartFunction: -\\nSourceUser: example.org\\\\user1\\nTargetUser: example.org\\\\user1\", \"provider\": \"Microsoft-Windows-Sysmon\"}, \"host\": {\"architecture\": \"x86_64\", \"hostname\": \"server.test\", \"id\": \"96663a62-d7c3-4eb3-86b4-8b8b72b641cf\", \"ip\": [\"2001:db8::1\", \"198.51.100.149\"], \"mac\": [\"00-00-5E-00-53-01\"], \"name\": \"server.test\", \"os\": {\"build\": \"17763.737\", \"family\": \"windows\", \"kernel\": \"10.0.17763.737 (WinBuild.160101.0800)\", \"name\": \"Windows Server 2019 Essentials\", \"platform\": \"windows\", \"type\": \"windows\", \"version\": \"10.0\"}}, \"log\": {\"level\": \"information\"}, \"message\": \"CreateRemoteThread detected:\\nRuleName: technique_id=T1055,technique_name=Process Injection\\nUtcTime: 2026-03-11 14:25:09.811\\nSourceProcessGuid: {96663A62-3645-69B0-FB07-000000000A00}\\nSourceProcessId: 4688\\nSourceImage: C:\\\\Windows\\\\System32\\\\WindowsPowerShell\\\\v1.0\\\\powershell.exe\\nTargetProcessGuid: {96663A62-7B42-69B1-9209-000000000A00}\\nTargetProcessId: 5900\\nTargetImage: C:\\\\Windows\\\\System32\\\\notepad.exe\\nNewThreadId: 4372\\nStartAddress: 0x00000212236E0000\\nStartModule: -\\nStartFunction: -\\nSourceUser: example.org\\\\user1\\nTargetUser: example.org\\\\user1\", \"tags\": [\"beats_input_codec_plain_applied\"], \"winlog\": {\"channel\": \"Microsoft-Windows-Sysmon/Operational\", \"computer_name\": \"server.test.example.org\", \"event_data\": {\"NewThreadId\": \"4372\", \"RuleName\": \"technique_id=T1055,technique_name=Process Injection\", \"SourceImage\": \"C:\\\\Windows\\\\System32\\\\WindowsPowerShell\\\\v1.0\\\\powershell.exe\", \"SourceProcessGuid\": \"{96663A62-3645-69B0-FB07-000000000A00}\", \"SourceProcessId\": \"4688\", \"SourceUser\": \"example.org\\\\user1\", \"StartAddress\": \"0x00000212236E0000\", \"StartFunction\": \"-\", \"StartModule\": \"-\", \"TargetImage\": \"C:\\\\Windows\\\\System32\\\\notepad.exe\", \"TargetProcessGuid\": \"{96663A62-7B42-69B1-9209-000000000A00}\", \"TargetProcessId\": \"5900\", \"TargetUser\": \"example.org\\\\user1\", \"UtcTime\": \"2026-03-11 14:25:09.811\"}, \"event_id\": \"8\", \"opcode\": \"Info\", \"process\": {\"pid\": 2664, \"thread\": {\"id\": 4636}}, \"provider_guid\": \"{5770385F-C22A-43E0-BF4C-06F5698FFBD9}\", \"provider_name\": \"Microsoft-Windows-Sysmon\", \"record_id\": 1111672, \"task\": \"CreateRemoteThread detected (rule: CreateRemoteThread)\", \"user\": {\"domain\": \"AUTORITE NT\", \"identifier\": \"S-1-5-18\", \"name\": \"Syst\\u00e8me\", \"type\": \"User\"}, \"version\": 2}}",
    "event": {
      "action": "CreateRemoteThread detected (rule: CreateRemoteThread)",
      "code": "8",
      "kind": "event",
      "original": "CreateRemoteThread detected:\nRuleName: technique_id=T1055,technique_name=Process Injection\nUtcTime: 2026-03-11 14:25:09.811\nSourceProcessGuid: {96663A62-3645-69B0-FB07-000000000A00}\nSourceProcessId: 4688\nSourceImage: C:\\Windows\\System32\\WindowsPowerShell\\v1.0\\powershell.exe\nTargetProcessGuid: {96663A62-7B42-69B1-9209-000000000A00}\nTargetProcessId: 5900\nTargetImage: C:\\Windows\\System32\\notepad.exe\nNewThreadId: 4372\nStartAddress: 0x00000212236E0000\nStartModule: -\nStartFunction: -\nSourceUser: example.org\\user1\nTargetUser: example.org\\user1",
      "provider": "Microsoft-Windows-Sysmon"
    },
    "@timestamp": "2026-03-11T14:25:09.817000Z",
    "action": {
      "id": 8,
      "properties": {
        "NewThreadId": "4372",
        "Opcode": "Info",
        "ProviderGUID": "{5770385F-C22A-43E0-BF4C-06F5698FFBD9}",
        "RuleName": "technique_id=T1055,technique_name=Process Injection",
        "SourceImage": "C:\\Windows\\System32\\WindowsPowerShell\\v1.0\\powershell.exe",
        "SourceName": "Microsoft-Windows-Sysmon",
        "SourceProcessGuid": "{96663A62-3645-69B0-FB07-000000000A00}",
        "SourceProcessId": "4688",
        "SourceUser": "example.org\\user1",
        "StartAddress": "0x00000212236E0000",
        "StartFunction": "-",
        "StartModule": "-",
        "TargetImage": "C:\\Windows\\System32\\notepad.exe",
        "TargetProcessGuid": "{96663A62-7B42-69B1-9209-000000000A00}",
        "TargetProcessId": "5900",
        "TargetUser": "example.org\\user1",
        "UtcTime": "2026-03-11 14:25:09.811"
      },
      "record_id": 1111672,
      "type": "Microsoft-Windows-Sysmon/Operational"
    },
    "agent": {
      "ephemeral_id": "d965b291-8915-49db-9313-45633ac533ce",
      "id": "bbc3a849-f9d7-4ec1-bed4-019e0cccd386",
      "name": "server.test",
      "type": "winlogbeat",
      "version": "9.2.2"
    },
    "host": {
      "architecture": "x86_64",
      "hostname": "server.test",
      "id": "96663a62-d7c3-4eb3-86b4-8b8b72b641cf",
      "ip": [
        "198.51.100.149",
        "2001:db8::1"
      ],
      "mac": [
        "00-00-5E-00-53-01"
      ],
      "name": "server.test",
      "os": {
        "build": "17763.737",
        "family": "windows",
        "kernel": "10.0.17763.737 (WinBuild.160101.0800)",
        "name": "Windows Server 2019 Essentials",
        "platform": "windows",
        "type": "windows",
        "version": "10.0"
      }
    },
    "log": {
      "level": "information"
    },
    "process": {
      "pid": 2664,
      "thread": {
        "id": 4636
      }
    },
    "related": {
      "hosts": [
        "server.test"
      ],
      "ip": [
        "198.51.100.149",
        "2001:db8::1"
      ]
    },
    "winlog": {
      "channel": "Microsoft-Windows-Sysmon/Operational",
      "computer_name": "server.test.example.org",
      "event_id": "8",
      "opcode": "Info",
      "process": {
        "pid": 2664,
        "thread": {
          "id": 4636
        }
      },
      "provider_guid": "{5770385f-c22a-43e0-bf4c-06f5698ffbd9}",
      "provider_name": "Microsoft-Windows-Sysmon",
      "record_id": "1111672",
      "task": "CreateRemoteThread detected (rule: CreateRemoteThread)",
      "user": {
        "domain": "AUTORITE NT",
        "identifier": "S-1-5-18",
        "name": "Syst\u00e8me",
        "type": "User"
      },
      "version": 2
    }
  }
}