{
  "input": {
    "message": "{\"@timestamp\": \"2026-03-12T13:53:34.557Z\", \"@version\": \"1\", \"agent\": {\"ephemeral_id\": \"d965b291-8915-49db-9313-45633ac533ce\", \"id\": \"bbc3a849-f9d7-4ec1-bed4-019e0cccd386\", \"name\": \"server.test\", \"type\": \"winlogbeat\", \"version\": \"9.2.2\"}, \"ecs\": {\"version\": \"8.0.0\"}, \"event\": {\"action\": \"Other Object Access Events\", \"code\": \"4698\", \"created\": \"2026-03-12T13:53:35.402Z\", \"kind\": \"event\", \"original\": \"Une t\\u00e2che planifi\\u00e9e a \\u00e9t\\u00e9 cr\\u00e9\\u00e9e.\\n\\nSujet :\\n\\tID de s\\u00e9curit\\u00e9 :\\t\\tS-1-5-21-1831788523-2305298816-1220292042-500\\n\\tNom du compte :\\t\\tuser1\\n\\tDomaine du compte :\\t\\texample.org\\n\\tID d\\u2019ouverture de session :\\t\\t0x9edf9\\n\\nInformations sur la t\\u00e2che :\\n\\tNom de la t\\u00e2che : \\t\\t\\\\WindowsUpdateHelper\\n\\tContenu de la t\\u00e2che : \\t\\t<?xml version=\\\"1.0\\\" encoding=\\\"UTF-16\\\"?>\\n<Task version=\\\"1.2\\\" xmlns=\\\"http://schemas.microsoft.com/windows/2004/02/mit/task\\\">\\n  <RegistrationInfo>\\n    <Date>2026-03-12T14:53:34</Date>\\n    <Author>example.org\\\\user1</Author>\\n    <URI>\\\\WindowsUpdateHelper</URI>\\n  </RegistrationInfo>\\n  <Triggers>\\n    <TimeTrigger>\\n      <StartBoundary>2026-03-12T00:00:00</StartBoundary>\\n      <Enabled>true</Enabled>\\n    </TimeTrigger>\\n  </Triggers>\\n  <Settings>\\n    <MultipleInstancesPolicy>IgnoreNew</MultipleInstancesPolicy>\\n    <DisallowStartIfOnBatteries>true</DisallowStartIfOnBatteries>\\n    <StopIfGoingOnBatteries>true</StopIfGoingOnBatteries>\\n    <AllowHardTerminate>true</AllowHardTerminate>\\n    <StartWhenAvailable>false</StartWhenAvailable>\\n    <RunOnlyIfNetworkAvailable>false</RunOnlyIfNetworkAvailable>\\n    <IdleSettings>\\n      <Duration>PT10M</Duration>\\n      <WaitTimeout>PT1H</WaitTimeout>\\n      <StopOnIdleEnd>true</StopOnIdleEnd>\\n      <RestartOnIdle>false</RestartOnIdle>\\n    </IdleSettings>\\n    <AllowStartOnDemand>true</AllowStartOnDemand>\\n    <Enabled>true</Enabled>\\n    <Hidden>false</Hidden>\\n    <RunOnlyIfIdle>false</RunOnlyIfIdle>\\n    <WakeToRun>false</WakeToRun>\\n    <ExecutionTimeLimit>PT72H</ExecutionTimeLimit>\\n    <Priority>7</Priority>\\n  </Settings>\\n  <Actions Context=\\\"Author\\\">\\n    <Exec>\\n      <Command>cmd.exe</Command>\\n      <Arguments>/c powershell -enc dABlAHMAdAA=</Arguments>\\n    </Exec>\\n  </Actions>\\n  <Principals>\\n    <Principal id=\\\"Author\\\">\\n      <UserId>example.org\\\\user1</UserId>\\n      <LogonType>InteractiveToken</LogonType>\\n      <RunLevel>LeastPrivilege</RunLevel>\\n    </Principal>\\n  </Principals>\\n</Task>\\n\\t\", \"outcome\": \"success\", \"provider\": \"Microsoft-Windows-Security-Auditing\"}, \"host\": {\"architecture\": \"x86_64\", \"hostname\": \"server.test\", \"id\": \"96663a62-d7c3-4eb3-86b4-8b8b72b641cf\", \"ip\": [\"2001:db8::1\", \"198.51.100.149\"], \"mac\": [\"00-00-5E-00-53-01\"], \"name\": \"server.test\", \"os\": {\"build\": \"17763.737\", \"family\": \"windows\", \"kernel\": \"10.0.17763.737 (WinBuild.160101.0800)\", \"name\": \"Windows Server 2019 Essentials\", \"platform\": \"windows\", \"type\": \"windows\", \"version\": \"10.0\"}}, \"log\": {\"level\": \"information\"}, \"message\": \"Une t\\u00e2che planifi\\u00e9e a \\u00e9t\\u00e9 cr\\u00e9\\u00e9e.\\n\\nSujet :\\n\\tID de s\\u00e9curit\\u00e9 :\\t\\tS-1-5-21-1831788523-2305298816-1220292042-500\\n\\tNom du compte :\\t\\tuser1\\n\\tDomaine du compte :\\t\\texample.org\\n\\tID d\\u2019ouverture de session :\\t\\t0x9edf9\\n\\nInformations sur la t\\u00e2che :\\n\\tNom de la t\\u00e2che : \\t\\t\\\\WindowsUpdateHelper\\n\\tContenu de la t\\u00e2che : \\t\\t<?xml version=\\\"1.0\\\" encoding=\\\"UTF-16\\\"?>\\n<Task version=\\\"1.2\\\" xmlns=\\\"http://schemas.microsoft.com/windows/2004/02/mit/task\\\">\\n  <RegistrationInfo>\\n    <Date>2026-03-12T14:53:34</Date>\\n    <Author>example.org\\\\user1</Author>\\n    <URI>\\\\WindowsUpdateHelper</URI>\\n  </RegistrationInfo>\\n  <Triggers>\\n    <TimeTrigger>\\n      <StartBoundary>2026-03-12T00:00:00</StartBoundary>\\n      <Enabled>true</Enabled>\\n    </TimeTrigger>\\n  </Triggers>\\n  <Settings>\\n    <MultipleInstancesPolicy>IgnoreNew</MultipleInstancesPolicy>\\n    <DisallowStartIfOnBatteries>true</DisallowStartIfOnBatteries>\\n    <StopIfGoingOnBatteries>true</StopIfGoingOnBatteries>\\n    <AllowHardTerminate>true</AllowHardTerminate>\\n    <StartWhenAvailable>false</StartWhenAvailable>\\n    <RunOnlyIfNetworkAvailable>false</RunOnlyIfNetworkAvailable>\\n    <IdleSettings>\\n      <Duration>PT10M</Duration>\\n      <WaitTimeout>PT1H</WaitTimeout>\\n      <StopOnIdleEnd>true</StopOnIdleEnd>\\n      <RestartOnIdle>false</RestartOnIdle>\\n    </IdleSettings>\\n    <AllowStartOnDemand>true</AllowStartOnDemand>\\n    <Enabled>true</Enabled>\\n    <Hidden>false</Hidden>\\n    <RunOnlyIfIdle>false</RunOnlyIfIdle>\\n    <WakeToRun>false</WakeToRun>\\n    <ExecutionTimeLimit>PT72H</ExecutionTimeLimit>\\n    <Priority>7</Priority>\\n  </Settings>\\n  <Actions Context=\\\"Author\\\">\\n    <Exec>\\n      <Command>cmd.exe</Command>\\n      <Arguments>/c powershell -enc dABlAHMAdAA=</Arguments>\\n    </Exec>\\n  </Actions>\\n  <Principals>\\n    <Principal id=\\\"Author\\\">\\n      <UserId>example.org\\\\user1</UserId>\\n      <LogonType>InteractiveToken</LogonType>\\n      <RunLevel>LeastPrivilege</RunLevel>\\n    </Principal>\\n  </Principals>\\n</Task>\\n\\t\", \"tags\": [\"beats_input_codec_plain_applied\"], \"winlog\": {\"activity_id\": \"{C8C708AC-ACB8-0000-0E09-C7C8B8ACDC01}\", \"channel\": \"Security\", \"computer_name\": \"server.test.example.org\", \"event_data\": {\"SubjectDomainName\": \"example.org\", \"SubjectLogonId\": \"0x9edf9\", \"SubjectUserName\": \"user1\", \"SubjectUserSid\": \"S-1-5-21-1831788523-2305298816-1220292042-500\", \"TaskContent\": \"<?xml version=\\\"1.0\\\" encoding=\\\"UTF-16\\\"?>\\n<Task version=\\\"1.2\\\" xmlns=\\\"http://schemas.microsoft.com/windows/2004/02/mit/task\\\">\\n  <RegistrationInfo>\\n    <Date>2026-03-12T14:53:34</Date>\\n    <Author>example.org\\\\user1</Author>\\n    <URI>\\\\WindowsUpdateHelper</URI>\\n  </RegistrationInfo>\\n  <Triggers>\\n    <TimeTrigger>\\n      <StartBoundary>2026-03-12T00:00:00</StartBoundary>\\n      <Enabled>true</Enabled>\\n    </TimeTrigger>\\n  </Triggers>\\n  <Settings>\\n    <MultipleInstancesPolicy>IgnoreNew</MultipleInstancesPolicy>\\n    <DisallowStartIfOnBatteries>true</DisallowStartIfOnBatteries>\\n    <StopIfGoingOnBatteries>true</StopIfGoingOnBatteries>\\n    <AllowHardTerminate>true</AllowHardTerminate>\\n    <StartWhenAvailable>false</StartWhenAvailable>\\n    <RunOnlyIfNetworkAvailable>false</RunOnlyIfNetworkAvailable>\\n    <IdleSettings>\\n      <Duration>PT10M</Duration>\\n      <WaitTimeout>PT1H</WaitTimeout>\\n      <StopOnIdleEnd>true</StopOnIdleEnd>\\n      <RestartOnIdle>false</RestartOnIdle>\\n    </IdleSettings>\\n    <AllowStartOnDemand>true</AllowStartOnDemand>\\n    <Enabled>true</Enabled>\\n    <Hidden>false</Hidden>\\n    <RunOnlyIfIdle>false</RunOnlyIfIdle>\\n    <WakeToRun>false</WakeToRun>\\n    <ExecutionTimeLimit>PT72H</ExecutionTimeLimit>\\n    <Priority>7</Priority>\\n  </Settings>\\n  <Actions Context=\\\"Author\\\">\\n    <Exec>\\n      <Command>cmd.exe</Command>\\n      <Arguments>/c powershell -enc dABlAHMAdAA=</Arguments>\\n    </Exec>\\n  </Actions>\\n  <Principals>\\n    <Principal id=\\\"Author\\\">\\n      <UserId>example.org\\\\user1</UserId>\\n      <LogonType>InteractiveToken</LogonType>\\n      <RunLevel>LeastPrivilege</RunLevel>\\n    </Principal>\\n  </Principals>\\n</Task>\", \"TaskName\": \"\\\\WindowsUpdateHelper\"}, \"event_id\": \"4698\", \"keywords\": [\"Audit Success\"], \"opcode\": \"Info\", \"process\": {\"pid\": 604, \"thread\": {\"id\": 7152}}, \"provider_guid\": \"{54849625-5478-4994-A5BA-3E3B0328C30D}\", \"provider_name\": \"Microsoft-Windows-Security-Auditing\", \"record_id\": 1677734, \"task\": \"Other Object Access Events\"}}"
  },
  "expected": {
    "message": "{\"@timestamp\": \"2026-03-12T13:53:34.557Z\", \"@version\": \"1\", \"agent\": {\"ephemeral_id\": \"d965b291-8915-49db-9313-45633ac533ce\", \"id\": \"bbc3a849-f9d7-4ec1-bed4-019e0cccd386\", \"name\": \"server.test\", \"type\": \"winlogbeat\", \"version\": \"9.2.2\"}, \"ecs\": {\"version\": \"8.0.0\"}, \"event\": {\"action\": \"Other Object Access Events\", \"code\": \"4698\", \"created\": \"2026-03-12T13:53:35.402Z\", \"kind\": \"event\", \"original\": \"Une t\\u00e2che planifi\\u00e9e a \\u00e9t\\u00e9 cr\\u00e9\\u00e9e.\\n\\nSujet :\\n\\tID de s\\u00e9curit\\u00e9 :\\t\\tS-1-5-21-1831788523-2305298816-1220292042-500\\n\\tNom du compte :\\t\\tuser1\\n\\tDomaine du compte :\\t\\texample.org\\n\\tID d\\u2019ouverture de session :\\t\\t0x9edf9\\n\\nInformations sur la t\\u00e2che :\\n\\tNom de la t\\u00e2che : \\t\\t\\\\WindowsUpdateHelper\\n\\tContenu de la t\\u00e2che : \\t\\t<?xml version=\\\"1.0\\\" encoding=\\\"UTF-16\\\"?>\\n<Task version=\\\"1.2\\\" xmlns=\\\"http://schemas.microsoft.com/windows/2004/02/mit/task\\\">\\n  <RegistrationInfo>\\n    <Date>2026-03-12T14:53:34</Date>\\n    <Author>example.org\\\\user1</Author>\\n    <URI>\\\\WindowsUpdateHelper</URI>\\n  </RegistrationInfo>\\n  <Triggers>\\n    <TimeTrigger>\\n      <StartBoundary>2026-03-12T00:00:00</StartBoundary>\\n      <Enabled>true</Enabled>\\n    </TimeTrigger>\\n  </Triggers>\\n  <Settings>\\n    <MultipleInstancesPolicy>IgnoreNew</MultipleInstancesPolicy>\\n    <DisallowStartIfOnBatteries>true</DisallowStartIfOnBatteries>\\n    <StopIfGoingOnBatteries>true</StopIfGoingOnBatteries>\\n    <AllowHardTerminate>true</AllowHardTerminate>\\n    <StartWhenAvailable>false</StartWhenAvailable>\\n    <RunOnlyIfNetworkAvailable>false</RunOnlyIfNetworkAvailable>\\n    <IdleSettings>\\n      <Duration>PT10M</Duration>\\n      <WaitTimeout>PT1H</WaitTimeout>\\n      <StopOnIdleEnd>true</StopOnIdleEnd>\\n      <RestartOnIdle>false</RestartOnIdle>\\n    </IdleSettings>\\n    <AllowStartOnDemand>true</AllowStartOnDemand>\\n    <Enabled>true</Enabled>\\n    <Hidden>false</Hidden>\\n    <RunOnlyIfIdle>false</RunOnlyIfIdle>\\n    <WakeToRun>false</WakeToRun>\\n    <ExecutionTimeLimit>PT72H</ExecutionTimeLimit>\\n    <Priority>7</Priority>\\n  </Settings>\\n  <Actions Context=\\\"Author\\\">\\n    <Exec>\\n      <Command>cmd.exe</Command>\\n      <Arguments>/c powershell -enc dABlAHMAdAA=</Arguments>\\n    </Exec>\\n  </Actions>\\n  <Principals>\\n    <Principal id=\\\"Author\\\">\\n      <UserId>example.org\\\\user1</UserId>\\n      <LogonType>InteractiveToken</LogonType>\\n      <RunLevel>LeastPrivilege</RunLevel>\\n    </Principal>\\n  </Principals>\\n</Task>\\n\\t\", \"outcome\": \"success\", \"provider\": \"Microsoft-Windows-Security-Auditing\"}, \"host\": {\"architecture\": \"x86_64\", \"hostname\": \"server.test\", \"id\": \"96663a62-d7c3-4eb3-86b4-8b8b72b641cf\", \"ip\": [\"2001:db8::1\", \"198.51.100.149\"], \"mac\": [\"00-00-5E-00-53-01\"], \"name\": \"server.test\", \"os\": {\"build\": \"17763.737\", \"family\": \"windows\", \"kernel\": \"10.0.17763.737 (WinBuild.160101.0800)\", \"name\": \"Windows Server 2019 Essentials\", \"platform\": \"windows\", \"type\": \"windows\", \"version\": \"10.0\"}}, \"log\": {\"level\": \"information\"}, \"message\": \"Une t\\u00e2che planifi\\u00e9e a \\u00e9t\\u00e9 cr\\u00e9\\u00e9e.\\n\\nSujet :\\n\\tID de s\\u00e9curit\\u00e9 :\\t\\tS-1-5-21-1831788523-2305298816-1220292042-500\\n\\tNom du compte :\\t\\tuser1\\n\\tDomaine du compte :\\t\\texample.org\\n\\tID d\\u2019ouverture de session :\\t\\t0x9edf9\\n\\nInformations sur la t\\u00e2che :\\n\\tNom de la t\\u00e2che : \\t\\t\\\\WindowsUpdateHelper\\n\\tContenu de la t\\u00e2che : \\t\\t<?xml version=\\\"1.0\\\" encoding=\\\"UTF-16\\\"?>\\n<Task version=\\\"1.2\\\" xmlns=\\\"http://schemas.microsoft.com/windows/2004/02/mit/task\\\">\\n  <RegistrationInfo>\\n    <Date>2026-03-12T14:53:34</Date>\\n    <Author>example.org\\\\user1</Author>\\n    <URI>\\\\WindowsUpdateHelper</URI>\\n  </RegistrationInfo>\\n  <Triggers>\\n    <TimeTrigger>\\n      <StartBoundary>2026-03-12T00:00:00</StartBoundary>\\n      <Enabled>true</Enabled>\\n    </TimeTrigger>\\n  </Triggers>\\n  <Settings>\\n    <MultipleInstancesPolicy>IgnoreNew</MultipleInstancesPolicy>\\n    <DisallowStartIfOnBatteries>true</DisallowStartIfOnBatteries>\\n    <StopIfGoingOnBatteries>true</StopIfGoingOnBatteries>\\n    <AllowHardTerminate>true</AllowHardTerminate>\\n    <StartWhenAvailable>false</StartWhenAvailable>\\n    <RunOnlyIfNetworkAvailable>false</RunOnlyIfNetworkAvailable>\\n    <IdleSettings>\\n      <Duration>PT10M</Duration>\\n      <WaitTimeout>PT1H</WaitTimeout>\\n      <StopOnIdleEnd>true</StopOnIdleEnd>\\n      <RestartOnIdle>false</RestartOnIdle>\\n    </IdleSettings>\\n    <AllowStartOnDemand>true</AllowStartOnDemand>\\n    <Enabled>true</Enabled>\\n    <Hidden>false</Hidden>\\n    <RunOnlyIfIdle>false</RunOnlyIfIdle>\\n    <WakeToRun>false</WakeToRun>\\n    <ExecutionTimeLimit>PT72H</ExecutionTimeLimit>\\n    <Priority>7</Priority>\\n  </Settings>\\n  <Actions Context=\\\"Author\\\">\\n    <Exec>\\n      <Command>cmd.exe</Command>\\n      <Arguments>/c powershell -enc dABlAHMAdAA=</Arguments>\\n    </Exec>\\n  </Actions>\\n  <Principals>\\n    <Principal id=\\\"Author\\\">\\n      <UserId>example.org\\\\user1</UserId>\\n      <LogonType>InteractiveToken</LogonType>\\n      <RunLevel>LeastPrivilege</RunLevel>\\n    </Principal>\\n  </Principals>\\n</Task>\\n\\t\", \"tags\": [\"beats_input_codec_plain_applied\"], \"winlog\": {\"activity_id\": \"{C8C708AC-ACB8-0000-0E09-C7C8B8ACDC01}\", \"channel\": \"Security\", \"computer_name\": \"server.test.example.org\", \"event_data\": {\"SubjectDomainName\": \"example.org\", \"SubjectLogonId\": \"0x9edf9\", \"SubjectUserName\": \"user1\", \"SubjectUserSid\": \"S-1-5-21-1831788523-2305298816-1220292042-500\", \"TaskContent\": \"<?xml version=\\\"1.0\\\" encoding=\\\"UTF-16\\\"?>\\n<Task version=\\\"1.2\\\" xmlns=\\\"http://schemas.microsoft.com/windows/2004/02/mit/task\\\">\\n  <RegistrationInfo>\\n    <Date>2026-03-12T14:53:34</Date>\\n    <Author>example.org\\\\user1</Author>\\n    <URI>\\\\WindowsUpdateHelper</URI>\\n  </RegistrationInfo>\\n  <Triggers>\\n    <TimeTrigger>\\n      <StartBoundary>2026-03-12T00:00:00</StartBoundary>\\n      <Enabled>true</Enabled>\\n    </TimeTrigger>\\n  </Triggers>\\n  <Settings>\\n    <MultipleInstancesPolicy>IgnoreNew</MultipleInstancesPolicy>\\n    <DisallowStartIfOnBatteries>true</DisallowStartIfOnBatteries>\\n    <StopIfGoingOnBatteries>true</StopIfGoingOnBatteries>\\n    <AllowHardTerminate>true</AllowHardTerminate>\\n    <StartWhenAvailable>false</StartWhenAvailable>\\n    <RunOnlyIfNetworkAvailable>false</RunOnlyIfNetworkAvailable>\\n    <IdleSettings>\\n      <Duration>PT10M</Duration>\\n      <WaitTimeout>PT1H</WaitTimeout>\\n      <StopOnIdleEnd>true</StopOnIdleEnd>\\n      <RestartOnIdle>false</RestartOnIdle>\\n    </IdleSettings>\\n    <AllowStartOnDemand>true</AllowStartOnDemand>\\n    <Enabled>true</Enabled>\\n    <Hidden>false</Hidden>\\n    <RunOnlyIfIdle>false</RunOnlyIfIdle>\\n    <WakeToRun>false</WakeToRun>\\n    <ExecutionTimeLimit>PT72H</ExecutionTimeLimit>\\n    <Priority>7</Priority>\\n  </Settings>\\n  <Actions Context=\\\"Author\\\">\\n    <Exec>\\n      <Command>cmd.exe</Command>\\n      <Arguments>/c powershell -enc dABlAHMAdAA=</Arguments>\\n    </Exec>\\n  </Actions>\\n  <Principals>\\n    <Principal id=\\\"Author\\\">\\n      <UserId>example.org\\\\user1</UserId>\\n      <LogonType>InteractiveToken</LogonType>\\n      <RunLevel>LeastPrivilege</RunLevel>\\n    </Principal>\\n  </Principals>\\n</Task>\", \"TaskName\": \"\\\\WindowsUpdateHelper\"}, \"event_id\": \"4698\", \"keywords\": [\"Audit Success\"], \"opcode\": \"Info\", \"process\": {\"pid\": 604, \"thread\": {\"id\": 7152}}, \"provider_guid\": \"{54849625-5478-4994-A5BA-3E3B0328C30D}\", \"provider_name\": \"Microsoft-Windows-Security-Auditing\", \"record_id\": 1677734, \"task\": \"Other Object Access Events\"}}",
    "event": {
      "action": "Other Object Access Events",
      "code": "4698",
      "kind": "event",
      "module": "security",
      "original": "Une t\u00e2che planifi\u00e9e a \u00e9t\u00e9 cr\u00e9\u00e9e.\n\nSujet :\n\tID de s\u00e9curit\u00e9 :\t\tS-1-5-21-1831788523-2305298816-1220292042-500\n\tNom du compte :\t\tuser1\n\tDomaine du compte :\t\texample.org\n\tID d\u2019ouverture de session :\t\t0x9edf9\n\nInformations sur la t\u00e2che :\n\tNom de la t\u00e2che : \t\t\\WindowsUpdateHelper\n\tContenu de la t\u00e2che : \t\t<?xml version=\"1.0\" encoding=\"UTF-16\"?>\n<Task version=\"1.2\" xmlns=\"http://schemas.microsoft.com/windows/2004/02/mit/task\">\n  <RegistrationInfo>\n    <Date>2026-03-12T14:53:34</Date>\n    <Author>example.org\\user1</Author>\n    <URI>\\WindowsUpdateHelper</URI>\n  </RegistrationInfo>\n  <Triggers>\n    <TimeTrigger>\n      <StartBoundary>2026-03-12T00:00:00</StartBoundary>\n      <Enabled>true</Enabled>\n    </TimeTrigger>\n  </Triggers>\n  <Settings>\n    <MultipleInstancesPolicy>IgnoreNew</MultipleInstancesPolicy>\n    <DisallowStartIfOnBatteries>true</DisallowStartIfOnBatteries>\n    <StopIfGoingOnBatteries>true</StopIfGoingOnBatteries>\n    <AllowHardTerminate>true</AllowHardTerminate>\n    <StartWhenAvailable>false</StartWhenAvailable>\n    <RunOnlyIfNetworkAvailable>false</RunOnlyIfNetworkAvailable>\n    <IdleSettings>\n      <Duration>PT10M</Duration>\n      <WaitTimeout>PT1H</WaitTimeout>\n      <StopOnIdleEnd>true</StopOnIdleEnd>\n      <RestartOnIdle>false</RestartOnIdle>\n    </IdleSettings>\n    <AllowStartOnDemand>true</AllowStartOnDemand>\n    <Enabled>true</Enabled>\n    <Hidden>false</Hidden>\n    <RunOnlyIfIdle>false</RunOnlyIfIdle>\n    <WakeToRun>false</WakeToRun>\n    <ExecutionTimeLimit>PT72H</ExecutionTimeLimit>\n    <Priority>7</Priority>\n  </Settings>\n  <Actions Context=\"Author\">\n    <Exec>\n      <Command>cmd.exe</Command>\n      <Arguments>/c powershell -enc dABlAHMAdAA=</Arguments>\n    </Exec>\n  </Actions>\n  <Principals>\n    <Principal id=\"Author\">\n      <UserId>example.org\\user1</UserId>\n      <LogonType>InteractiveToken</LogonType>\n      <RunLevel>LeastPrivilege</RunLevel>\n    </Principal>\n  </Principals>\n</Task>\n\t",
      "outcome": "success",
      "provider": "Microsoft-Windows-Security-Auditing"
    },
    "@timestamp": "2026-03-12T13:53:34.557000Z",
    "action": {
      "id": 4698,
      "outcome": "success",
      "properties": {
        "Keywords": [
          "Audit Success"
        ],
        "Opcode": "Info",
        "ProviderGUID": "{54849625-5478-4994-A5BA-3E3B0328C30D}",
        "SourceName": "Microsoft-Windows-Security-Auditing",
        "SubjectDomainName": "example.org",
        "SubjectLogonId": "0x9edf9",
        "SubjectUserName": "user1",
        "SubjectUserSid": "S-1-5-21-1831788523-2305298816-1220292042-500",
        "TaskContent": "<?xml version=\"1.0\" encoding=\"UTF-16\"?>\n<Task version=\"1.2\" xmlns=\"http://schemas.microsoft.com/windows/2004/02/mit/task\">\n  <RegistrationInfo>\n    <Date>2026-03-12T14:53:34</Date>\n    <Author>example.org\\user1</Author>\n    <URI>\\WindowsUpdateHelper</URI>\n  </RegistrationInfo>\n  <Triggers>\n    <TimeTrigger>\n      <StartBoundary>2026-03-12T00:00:00</StartBoundary>\n      <Enabled>true</Enabled>\n    </TimeTrigger>\n  </Triggers>\n  <Settings>\n    <MultipleInstancesPolicy>IgnoreNew</MultipleInstancesPolicy>\n    <DisallowStartIfOnBatteries>true</DisallowStartIfOnBatteries>\n    <StopIfGoingOnBatteries>true</StopIfGoingOnBatteries>\n    <AllowHardTerminate>true</AllowHardTerminate>\n    <StartWhenAvailable>false</StartWhenAvailable>\n    <RunOnlyIfNetworkAvailable>false</RunOnlyIfNetworkAvailable>\n    <IdleSettings>\n      <Duration>PT10M</Duration>\n      <WaitTimeout>PT1H</WaitTimeout>\n      <StopOnIdleEnd>true</StopOnIdleEnd>\n      <RestartOnIdle>false</RestartOnIdle>\n    </IdleSettings>\n    <AllowStartOnDemand>true</AllowStartOnDemand>\n    <Enabled>true</Enabled>\n    <Hidden>false</Hidden>\n    <RunOnlyIfIdle>false</RunOnlyIfIdle>\n    <WakeToRun>false</WakeToRun>\n    <ExecutionTimeLimit>PT72H</ExecutionTimeLimit>\n    <Priority>7</Priority>\n  </Settings>\n  <Actions Context=\"Author\">\n    <Exec>\n      <Command>cmd.exe</Command>\n      <Arguments>/c powershell -enc dABlAHMAdAA=</Arguments>\n    </Exec>\n  </Actions>\n  <Principals>\n    <Principal id=\"Author\">\n      <UserId>example.org\\user1</UserId>\n      <LogonType>InteractiveToken</LogonType>\n      <RunLevel>LeastPrivilege</RunLevel>\n    </Principal>\n  </Principals>\n</Task>",
        "TaskContentNew_Args": "/c powershell -enc dABlAHMAdAA=",
        "TaskContentNew_Command": "cmd.exe",
        "TaskName": "\\WindowsUpdateHelper"
      },
      "record_id": 1677734,
      "type": "Security"
    },
    "agent": {
      "ephemeral_id": "d965b291-8915-49db-9313-45633ac533ce",
      "id": "bbc3a849-f9d7-4ec1-bed4-019e0cccd386",
      "name": "server.test",
      "type": "winlogbeat",
      "version": "9.2.2"
    },
    "host": {
      "architecture": "x86_64",
      "hostname": "server.test",
      "id": "96663a62-d7c3-4eb3-86b4-8b8b72b641cf",
      "ip": [
        "198.51.100.149",
        "2001:db8::1"
      ],
      "mac": [
        "00-00-5E-00-53-01"
      ],
      "name": "server.test",
      "os": {
        "build": "17763.737",
        "family": "windows",
        "kernel": "10.0.17763.737 (WinBuild.160101.0800)",
        "name": "Windows Server 2019 Essentials",
        "platform": "windows",
        "type": "windows",
        "version": "10.0"
      }
    },
    "log": {
      "level": "information"
    },
    "observer": {
      "product": "Winlogbeat",
      "type": "agent",
      "vendor": "Elastic"
    },
    "process": {
      "command_line": "cmd.exe /c powershell -enc dABlAHMAdAA=",
      "pid": 604,
      "thread": {
        "id": 7152
      }
    },
    "related": {
      "hosts": [
        "server.test"
      ],
      "ip": [
        "198.51.100.149",
        "2001:db8::1"
      ],
      "user": [
        "user1"
      ]
    },
    "user": {
      "domain": "example.org",
      "id": "S-1-5-21-1831788523-2305298816-1220292042-500",
      "name": "user1"
    },
    "winlog": {
      "activity_id": "{c8c708ac-acb8-0000-0e09-c7c8b8acdc01}",
      "channel": "Security",
      "computer_name": "server.test.example.org",
      "event_id": "4698",
      "keywords": [
        "Audit Success"
      ],
      "logon": {
        "id": "0x9edf9"
      },
      "opcode": "Info",
      "process": {
        "pid": 604,
        "thread": {
          "id": 7152
        }
      },
      "provider_guid": "{54849625-5478-4994-a5ba-3e3b0328c30d}",
      "provider_name": "Microsoft-Windows-Security-Auditing",
      "record_id": "1677734",
      "task": "Other Object Access Events"
    }
  }
}