{
  "input": {
    "message": "{\n  \"Version\": 1,\n  \"Type\": 20048,\n  \"TypeComputedMap\": \"External\",\n  \"Severity\": 4,\n  \"ServerReserved\": 0,\n  \"Attributes\": 32,\n  \"AttributesComputedBitMap\": [\n    \"External\"\n  ],\n  \"EventGuid\": \"{5838A063-4210-4268-ADB0-39FC5B55A212}\",\n  \"GenerateIncident\": false,\n  \"Timestamp\": \"2024-03-22T14:01:26.6589969+00:00\",\n  \"TimestampRaw\": 133555896866589969,\n  \"SpecificData\": {\n    \"Action\": {\n      \"PolicyGuid\": \"{DFDA0F76-10AF-4615-B093-7AA46CC2E7A3}\",\n      \"PolicyVersion\": 5,\n      \"RuleGuid\": \"{63B63F11-7C06-4555-9542-3F7E795B98EE}\",\n      \"BaseRuleGuid\": \"{9B076C45-6373-4A4E-9310-F139A66794B4}\",\n      \"IdentifierGuid\": \"{00000000-0000-0000-0000-000000000000}\",\n      \"Blocked\": false,\n      \"RequestMoveToQuarantine\": false,\n      \"UserDecision\": false,\n      \"SourceProcessKilled\": false\n    },\n    \"Description\": \"localized:EventForwarding_WinDefender_MalwareProtectionStateMalwareActionTaken\",\n    \"OriginType\": 2,\n    \"ExtraData\": {\n      \"_SourceCategory\": 0,\n      \"_HideFromUsers\": 1,\n      \"_OriginalText\": \"2024 Mar 22 14:01:25 WinEvtLog: Microsoft-Windows-Windows Defender/Operational: INFORMATION(1117): Microsoft-Windows-Windows Defender: SYSTEM: NT AUTHORITY: DESKTOP-001: Microsoft Defender Antivirus has taken action to protect this machine from malware or other potentially unwanted software.   For more information please see the following:  https://go.microsoft.com/fwlink/?linkid=37020&name=Trojan:Win32/BatTamper.A&threatid=2147818424&enterprise=0   \\tName: Trojan:Win32/BatTamper.A   \\tID: 2147818424   \\tSeverity: Severe   \\tCategory: Trojan   \\tPath: file:_C:\\\\Users\\\\Lab\\\\Downloads\\\\TurnOffAV.ps1; webfile:_C:\\\\Users\\\\Lab\\\\Downloads\\\\TurnOffAV.ps1|https://github.com/|pid:13760,ProcessStart:133555896788321048   \\tDetection Origin: Internet   \\tDetection Type: Concrete   \\tDetection Source: Downloads and attachments   \\tUser: NT AUTHORITY\\\\SYSTEM   \\tProcess Name: Unknown   \\tAction: Quarantine   \\tAction Status:  No additional actions required   \\tError Code: 0x00000000   \\tError description: The operation completed successfully.    \\tSecurity intelligence Version: AV: 1.407.619.0, AS: 1.407.619.0, NIS: 1.407.619.0   \\tEngine Version: AM: 1.1.24020.9, NIS: 1.1.24020.9\",\n      \"program_name\": \"WinEvtLog\",\n      \"_NormalizerNames\": \"syslog-1-date-fmt-4, syslog-1-solaris-progname-1\",\n      \"_NormalizerIds\": \"4, 6\",\n      \"_FileType\": \"windows\",\n      \"_ExtractorIds\": \"1\",\n      \"_ExtractorNames\": \"windows\",\n      \"_RuleDescription\": \"localized:EventForwarding_WinDefender_MalwareProtectionStateMalwareActionTaken\",\n      \"_RuleId\": 13,\n      \"_RuleImportedId\": 24,\n      \"_RuleKeywords\": \"windows-defender\",\n      \"_RuleLevel\": 6,\n      \"__EvtXml\": {\n        \"Event\": {\n          \"System\": {\n            \"Provider\": {\n              \"Name\": \"Microsoft-Windows-Windows Defender\",\n              \"Guid\": \"{11cd958a-c507-4ef3-b3f2-5fd9dfbd2c78}\"\n            },\n            \"EventID\": \"1117\",\n            \"Version\": \"0\",\n            \"Level\": \"4\",\n            \"Task\": \"0\",\n            \"Opcode\": \"0\",\n            \"Keywords\": \"0x8000000000000000\",\n            \"TimeCreated\": {\n              \"SystemTime\": \"2024-03-22T14:01:25.6359716Z\"\n            },\n            \"EventRecordID\": \"613\",\n            \"Correlation\": {},\n            \"Execution\": {\n              \"ProcessID\": \"5384\",\n              \"ThreadID\": \"4576\"\n            },\n            \"Channel\": \"Microsoft-Windows-Windows Defender/Operational\",\n            \"Computer\": \"DESKTOP-001\",\n            \"Security\": {\n              \"UserID\": \"S-1-5-18\"\n            }\n          },\n          \"EventData\": {\n            \"Product Name\": \"Microsoft Defender Antivirus\",\n            \"Product Version\": \"4.18.23110.3\",\n            \"Detection ID\": \"{9C26ADFE-43AA-4884-9765-A2EC223DC7E0}\",\n            \"Detection Time\": \"2024-03-22T14:01:20.550Z\",\n            \"Threat ID\": \"2147818424\",\n            \"Threat Name\": \"Trojan:Win32/BatTamper.A\",\n            \"Severity ID\": \"5\",\n            \"Severity Name\": \"Severe\",\n            \"Category ID\": \"8\",\n            \"Category Name\": \"Trojan\",\n            \"FWLink\": \"https://go.microsoft.com/fwlink/?linkid=37020&name=Trojan:Win32/BatTamper.A&threatid=2147818424&enterprise=0\",\n            \"Status Code\": \"4\",\n            \"State\": \"2\",\n            \"Source ID\": \"4\",\n            \"Source Name\": \"Downloads and attachments\",\n            \"Process Name\": \"Unknown\",\n            \"Detection User\": \"DESKTOP-001\\\\Lab\",\n            \"Path\": \"file:_C:\\\\Users\\\\Lab\\\\Downloads\\\\TurnOffAV.ps1; webfile:_C:\\\\Users\\\\Lab\\\\Downloads\\\\TurnOffAV.ps1|https://github.com/|pid:13760,ProcessStart:133555896788321048\",\n            \"Origin ID\": \"4\",\n            \"Origin Name\": \"Internet\",\n            \"Execution ID\": \"0\",\n            \"Execution Name\": \"Unknown\",\n            \"Type ID\": \"0\",\n            \"Type Name\": \"Concrete\",\n            \"Pre Execution Status\": \"0\",\n            \"Action ID\": \"2\",\n            \"Action Name\": \"Quarantine\",\n            \"Error Code\": \"0x00000000\",\n            \"Error Description\": \"The operation completed successfully. \",\n            \"Post Clean Status\": \"0\",\n            \"Additional Actions ID\": \"0\",\n            \"Additional Actions String\": \"No additional actions required\",\n            \"Remediation User\": \"NT AUTHORITY\\\\SYSTEM\",\n            \"Security intelligence Version\": \"AV: 1.407.619.0, AS: 1.407.619.0, NIS: 1.407.619.0\",\n            \"Engine Version\": \"AM: 1.1.24020.9, NIS: 1.1.24020.9\"\n          }\n        }\n      }\n    },\n    \"Fields\": {\n      \"_RuleGuid\": \"{63B63F11-7C06-4555-9542-3F7E795B98EE}\",\n      \"_BaseRuleGuid\": \"{9B076C45-6373-4A4E-9310-F139A66794B4}\"\n    }\n  },\n  \"AdditionalData\": {\n    \"AgentAddresses\": [\n      \"192.168.0.1\"\n    ],\n    \"AgentGroupGuid\": \"{8C2850C0-1A73-4CBC-9831-5AA5D1438AF2}\",\n    \"AgentGroupName\": \"Desktop\",\n    \"AgentGuid\": \"{0E6DAED4-3505-4F96-9F8D-55FBC85CA4C7}\",\n    \"AgentName\": \"DESKTOP-001\",\n    \"CategoryName\": \"External\",\n    \"IncidentGuid\": null,\n    \"Message\": \"Windows Defender: The antimalware platform performed an action to protect your system from malware or other potentially unwanted software.\",\n    \"PolicyName\": \"Lab Policy\",\n    \"SeverityName\": \"Warning\"\n  }\n}",
    "sekoiaio": {
      "intake": {
        "dialect": "StormShield Endpoint Security",
        "dialect_uuid": "f5e6cf5e-bd9f-4caf-9098-fe4a9e0aeaa0"
      }
    }
  },
  "expected": {
    "message": "{\n  \"Version\": 1,\n  \"Type\": 20048,\n  \"TypeComputedMap\": \"External\",\n  \"Severity\": 4,\n  \"ServerReserved\": 0,\n  \"Attributes\": 32,\n  \"AttributesComputedBitMap\": [\n    \"External\"\n  ],\n  \"EventGuid\": \"{5838A063-4210-4268-ADB0-39FC5B55A212}\",\n  \"GenerateIncident\": false,\n  \"Timestamp\": \"2024-03-22T14:01:26.6589969+00:00\",\n  \"TimestampRaw\": 133555896866589969,\n  \"SpecificData\": {\n    \"Action\": {\n      \"PolicyGuid\": \"{DFDA0F76-10AF-4615-B093-7AA46CC2E7A3}\",\n      \"PolicyVersion\": 5,\n      \"RuleGuid\": \"{63B63F11-7C06-4555-9542-3F7E795B98EE}\",\n      \"BaseRuleGuid\": \"{9B076C45-6373-4A4E-9310-F139A66794B4}\",\n      \"IdentifierGuid\": \"{00000000-0000-0000-0000-000000000000}\",\n      \"Blocked\": false,\n      \"RequestMoveToQuarantine\": false,\n      \"UserDecision\": false,\n      \"SourceProcessKilled\": false\n    },\n    \"Description\": \"localized:EventForwarding_WinDefender_MalwareProtectionStateMalwareActionTaken\",\n    \"OriginType\": 2,\n    \"ExtraData\": {\n      \"_SourceCategory\": 0,\n      \"_HideFromUsers\": 1,\n      \"_OriginalText\": \"2024 Mar 22 14:01:25 WinEvtLog: Microsoft-Windows-Windows Defender/Operational: INFORMATION(1117): Microsoft-Windows-Windows Defender: SYSTEM: NT AUTHORITY: DESKTOP-001: Microsoft Defender Antivirus has taken action to protect this machine from malware or other potentially unwanted software.   For more information please see the following:  https://go.microsoft.com/fwlink/?linkid=37020&name=Trojan:Win32/BatTamper.A&threatid=2147818424&enterprise=0   \\tName: Trojan:Win32/BatTamper.A   \\tID: 2147818424   \\tSeverity: Severe   \\tCategory: Trojan   \\tPath: file:_C:\\\\Users\\\\Lab\\\\Downloads\\\\TurnOffAV.ps1; webfile:_C:\\\\Users\\\\Lab\\\\Downloads\\\\TurnOffAV.ps1|https://github.com/|pid:13760,ProcessStart:133555896788321048   \\tDetection Origin: Internet   \\tDetection Type: Concrete   \\tDetection Source: Downloads and attachments   \\tUser: NT AUTHORITY\\\\SYSTEM   \\tProcess Name: Unknown   \\tAction: Quarantine   \\tAction Status:  No additional actions required   \\tError Code: 0x00000000   \\tError description: The operation completed successfully.    \\tSecurity intelligence Version: AV: 1.407.619.0, AS: 1.407.619.0, NIS: 1.407.619.0   \\tEngine Version: AM: 1.1.24020.9, NIS: 1.1.24020.9\",\n      \"program_name\": \"WinEvtLog\",\n      \"_NormalizerNames\": \"syslog-1-date-fmt-4, syslog-1-solaris-progname-1\",\n      \"_NormalizerIds\": \"4, 6\",\n      \"_FileType\": \"windows\",\n      \"_ExtractorIds\": \"1\",\n      \"_ExtractorNames\": \"windows\",\n      \"_RuleDescription\": \"localized:EventForwarding_WinDefender_MalwareProtectionStateMalwareActionTaken\",\n      \"_RuleId\": 13,\n      \"_RuleImportedId\": 24,\n      \"_RuleKeywords\": \"windows-defender\",\n      \"_RuleLevel\": 6,\n      \"__EvtXml\": {\n        \"Event\": {\n          \"System\": {\n            \"Provider\": {\n              \"Name\": \"Microsoft-Windows-Windows Defender\",\n              \"Guid\": \"{11cd958a-c507-4ef3-b3f2-5fd9dfbd2c78}\"\n            },\n            \"EventID\": \"1117\",\n            \"Version\": \"0\",\n            \"Level\": \"4\",\n            \"Task\": \"0\",\n            \"Opcode\": \"0\",\n            \"Keywords\": \"0x8000000000000000\",\n            \"TimeCreated\": {\n              \"SystemTime\": \"2024-03-22T14:01:25.6359716Z\"\n            },\n            \"EventRecordID\": \"613\",\n            \"Correlation\": {},\n            \"Execution\": {\n              \"ProcessID\": \"5384\",\n              \"ThreadID\": \"4576\"\n            },\n            \"Channel\": \"Microsoft-Windows-Windows Defender/Operational\",\n            \"Computer\": \"DESKTOP-001\",\n            \"Security\": {\n              \"UserID\": \"S-1-5-18\"\n            }\n          },\n          \"EventData\": {\n            \"Product Name\": \"Microsoft Defender Antivirus\",\n            \"Product Version\": \"4.18.23110.3\",\n            \"Detection ID\": \"{9C26ADFE-43AA-4884-9765-A2EC223DC7E0}\",\n            \"Detection Time\": \"2024-03-22T14:01:20.550Z\",\n            \"Threat ID\": \"2147818424\",\n            \"Threat Name\": \"Trojan:Win32/BatTamper.A\",\n            \"Severity ID\": \"5\",\n            \"Severity Name\": \"Severe\",\n            \"Category ID\": \"8\",\n            \"Category Name\": \"Trojan\",\n            \"FWLink\": \"https://go.microsoft.com/fwlink/?linkid=37020&name=Trojan:Win32/BatTamper.A&threatid=2147818424&enterprise=0\",\n            \"Status Code\": \"4\",\n            \"State\": \"2\",\n            \"Source ID\": \"4\",\n            \"Source Name\": \"Downloads and attachments\",\n            \"Process Name\": \"Unknown\",\n            \"Detection User\": \"DESKTOP-001\\\\Lab\",\n            \"Path\": \"file:_C:\\\\Users\\\\Lab\\\\Downloads\\\\TurnOffAV.ps1; webfile:_C:\\\\Users\\\\Lab\\\\Downloads\\\\TurnOffAV.ps1|https://github.com/|pid:13760,ProcessStart:133555896788321048\",\n            \"Origin ID\": \"4\",\n            \"Origin Name\": \"Internet\",\n            \"Execution ID\": \"0\",\n            \"Execution Name\": \"Unknown\",\n            \"Type ID\": \"0\",\n            \"Type Name\": \"Concrete\",\n            \"Pre Execution Status\": \"0\",\n            \"Action ID\": \"2\",\n            \"Action Name\": \"Quarantine\",\n            \"Error Code\": \"0x00000000\",\n            \"Error Description\": \"The operation completed successfully. \",\n            \"Post Clean Status\": \"0\",\n            \"Additional Actions ID\": \"0\",\n            \"Additional Actions String\": \"No additional actions required\",\n            \"Remediation User\": \"NT AUTHORITY\\\\SYSTEM\",\n            \"Security intelligence Version\": \"AV: 1.407.619.0, AS: 1.407.619.0, NIS: 1.407.619.0\",\n            \"Engine Version\": \"AM: 1.1.24020.9, NIS: 1.1.24020.9\"\n          }\n        }\n      }\n    },\n    \"Fields\": {\n      \"_RuleGuid\": \"{63B63F11-7C06-4555-9542-3F7E795B98EE}\",\n      \"_BaseRuleGuid\": \"{9B076C45-6373-4A4E-9310-F139A66794B4}\"\n    }\n  },\n  \"AdditionalData\": {\n    \"AgentAddresses\": [\n      \"192.168.0.1\"\n    ],\n    \"AgentGroupGuid\": \"{8C2850C0-1A73-4CBC-9831-5AA5D1438AF2}\",\n    \"AgentGroupName\": \"Desktop\",\n    \"AgentGuid\": \"{0E6DAED4-3505-4F96-9F8D-55FBC85CA4C7}\",\n    \"AgentName\": \"DESKTOP-001\",\n    \"CategoryName\": \"External\",\n    \"IncidentGuid\": null,\n    \"Message\": \"Windows Defender: The antimalware platform performed an action to protect your system from malware or other potentially unwanted software.\",\n    \"PolicyName\": \"Lab Policy\",\n    \"SeverityName\": \"Warning\"\n  }\n}",
    "event": {
      "code": "1117",
      "provider": "Microsoft-Windows-Windows Defender",
      "reason": "Windows Defender: The antimalware platform performed an action to protect your system from malware or other potentially unwanted software.",
      "severity": 4
    },
    "@timestamp": "2024-03-22T14:01:26.658996Z",
    "action": {
      "id": "1117",
      "properties": {
        "ActionId": "2",
        "ActionName": "Quarantine",
        "AdditionalActionsId": "0",
        "AdditionalActionsString": "No additional actions required",
        "CategoryId": "8",
        "CategoryName": "Trojan",
        "DetectionId": "{9C26ADFE-43AA-4884-9765-A2EC223DC7E0}",
        "DetectionTime": "2024-03-22T14:01:20.550Z",
        "DetectionUser": "DESKTOP-001\\Lab",
        "EngineVersion": "AM: 1.1.24020.9, NIS: 1.1.24020.9",
        "ErrorCode": "0x00000000",
        "ErrorDescription": "The operation completed successfully. ",
        "ExecutionId": "0",
        "ExecutionName": "Unknown",
        "Fwlink": "https://go.microsoft.com/fwlink/?linkid=37020&name=Trojan:Win32/BatTamper.A&threatid=2147818424&enterprise=0",
        "OriginId": "4",
        "OriginName": "Internet",
        "Path": "file:_C:\\Users\\Lab\\Downloads\\TurnOffAV.ps1; webfile:_C:\\Users\\Lab\\Downloads\\TurnOffAV.ps1|https://github.com/|pid:13760,ProcessStart:133555896788321048",
        "PostCleanStatus": "0",
        "PreExecutionStatus": "0",
        "ProcessName": "Unknown",
        "ProductName": "Microsoft Defender Antivirus",
        "ProductVersion": "4.18.23110.3",
        "RemediationUser": "NT AUTHORITY\\SYSTEM",
        "SecurityIntelligenceVersion": "AV: 1.407.619.0, AS: 1.407.619.0, NIS: 1.407.619.0",
        "SeverityId": "5",
        "SeverityName": "Severe",
        "SourceId": "4",
        "SourceName": "Downloads and attachments",
        "State": "2",
        "StatusCode": "4",
        "Task": "0",
        "ThreatId": "2147818424",
        "ThreatName": "Trojan:Win32/BatTamper.A",
        "TypeId": "0",
        "TypeName": "Concrete"
      },
      "record_id": "613"
    },
    "process": {
      "pid": 5384,
      "thread": {
        "id": 4576
      }
    },
    "rule": {
      "ruleset": "Lab Policy",
      "uuid": "63B63F11-7C06-4555-9542-3F7E795B98EE"
    },
    "stormshield": {
      "ses": {
        "action": {
          "blocked": false,
          "user_decision": false
        },
        "categoryname": "External",
        "level": "Warning",
        "source_process": {
          "killed": false
        },
        "type": "20048"
      }
    }
  }
}