{
  "input": {
    "message": "{\"EventTime\":\"2025-11-25 17:38:02\",\"Hostname\":\"host.domain.test\",\"Keywords\":-9214364837600034816,\"EventType\":\"AUDIT_SUCCESS\",\"SeverityValue\":2,\"Severity\":\"INFO\",\"EventID\":4769,\"SourceName\":\"Microsoft-Windows-Security-Auditing\",\"ProviderGuid\":\"{11111111-1111-1111-1111-111111111111}\",\"Version\":2,\"Task\":14337,\"OpcodeValue\":0,\"RecordNumber\":683916304,\"ProcessID\":796,\"ThreadID\":4448,\"Channel\":\"Security\",\"Message\":\"A Kerberos service ticket was requested.\\r\\n\\r\\nAccount Information:\\r\\n\\tAccount Name:\\t\\taccount-name@domain.test\\r\\n\\tAccount Domain:\\t\\tdomain.test\\r\\n\\tLogon GUID:\\t\\t{22222222-2222-2222-2222-222222222222}\\r\\n\\tMSDS-SupportedEncryptionTypes:\\tN/A\\r\\n\\tAvailable Keys:\\tN/A\\r\\n\\r\\nService Information:\\r\\n\\tService Name:\\t\\tSRVC01$\\r\\n\\tService ID:\\t\\tS-1-2-3-4\\r\\n\\tMSDS-SupportedEncryptionTypes:\\t0x1C (RC4, AES128-SHA96, AES256-SHA96)\\r\\n\\tAvailable Keys:\\tAES-SHA1, RC4\\r\\n\\r\\nDomain Controller Information:\\r\\n\\tMSDS-SupportedEncryptionTypes:\\t0x1F (DES, RC4, AES128-SHA96, AES256-SHA96)\\r\\n\\tAvailable Keys:\\tAES-SHA1, RC4\\r\\n\\r\\nNetwork Information:\\r\\n\\tClient Address:\\t\\t::ffff:1.2.3.4\\r\\n\\tClient Port:\\t\\t53144\\r\\n\\tAdvertized Etypes:\\t\\n\\t\\tAES256-CTS-HMAC-SHA1-96\\n\\t\\tAES128-CTS-HMAC-SHA1-96\\n\\t\\tRC4-HMAC-NT\\n\\t\\tRC4-HMAC-NT-EXP\\n\\t\\tRC4-HMAC-OLD-EXP\\r\\n\\r\\nAdditional Information:\\r\\n\\tTicket Options:\\t\\t0x40810000\\r\\n\\tTicket Encryption Type:\\t0x12\\r\\n\\tSession Encryption Type:\\t0x12\\r\\n\\tFailure Code:\\t\\t0x0\\r\\n\\tTransited Services:\\t-\\r\\n\\r\\nTicket information\\r\\n\\tRequest ticket hash:\\t\\tVAIXNdFEyWI0z3gaYamdaznNkwWtNdqm23iCLsm/Spo=\\r\\n\\tResponse ticket hash:\\t\\tC2I3p4iZbgj4NpBsNJLYgND6dQxtHMkgcdT4Km6Q4oI=\\r\\n\\r\\nThis event is generated every time access is requested to a resource such as a computer or a Windows service.  The service name indicates the resource to which access was requested.\\r\\n\\r\\nThis event can be correlated with Windows logon events by comparing the Logon GUID fields in each event.  The logon event occurs on the machine that was accessed, which is often a different machine than the domain controller which issued the service ticket.\\r\\n\\r\\nPre-authentication types, ticket options, encryption types and result codes are defined in RFC 4120.\",\"Category\":\"Kerberos Service Ticket Operations\",\"Opcode\":\"Info\",\"TargetUserName\":\"account-name@domain.test\",\"TargetDomainName\":\"domain.test\",\"ServiceName\":\"SRVC01$\",\"ServiceSid\":\"S-1-2-3-4\",\"TicketOptions\":\"0x40810000\",\"TicketEncryptionType\":\"0x12\",\"IpAddress\":\"::ffff:1.2.3.4\",\"IpPort\":\"53144\",\"Status\":\"0x0\",\"LogonGuid\":\"{22222222-2222-2222-2222-222222222222}\",\"TransmittedServices\":\"-\",\"RequestTicketHash\":\"VAIXNdFEyWI0z3gaYamdaznNkwWtNdqm23iCLsm/Spo=\",\"ResponseTicketHash\":\"C2I3p4iZbgj4NpBsNJLYgND6dQxtHMkgcdT4Km6Q4oI=\",\"AccountSupportedEncryptionTypes\":\"N/A\",\"AccountAvailableKeys\":\"N/A\",\"ServiceSupportedEncryptionTypes\":\"0x1C (RC4, AES128-SHA96, AES256-SHA96)\",\"ServiceAvailableKeys\":\"AES-SHA1, RC4\",\"DCSupportedEncryptionTypes\":\"0x1F (DES, RC4, AES128-SHA96, AES256-SHA96)\",\"DCAvailableKeys\":\"AES-SHA1, RC4\",\"ClientAdvertizedEncryptionTypes\":\"\\n\\t\\tAES256-CTS-HMAC-SHA1-96\\n\\t\\tAES128-CTS-HMAC-SHA1-96\\n\\t\\tRC4-HMAC-NT\\n\\t\\tRC4-HMAC-NT-EXP\\n\\t\\tRC4-HMAC-OLD-EXP\",\"SessionKeyEncryptionType\":\"0x12\",\"EventReceivedTime\":\"2025-11-25 17:38:03\",\"SourceModuleName\":\"SecurityLog\",\"SourceModuleType\":\"im_msvistalog\"}",
    "sekoiaio": {
      "intake": {
        "dialect": "Windows",
        "dialect_uuid": "9281438c-f7c3-4001-9bcc-45fd108ba1be"
      }
    }
  },
  "expected": {
    "message": "{\"EventTime\":\"2025-11-25 17:38:02\",\"Hostname\":\"host.domain.test\",\"Keywords\":-9214364837600034816,\"EventType\":\"AUDIT_SUCCESS\",\"SeverityValue\":2,\"Severity\":\"INFO\",\"EventID\":4769,\"SourceName\":\"Microsoft-Windows-Security-Auditing\",\"ProviderGuid\":\"{11111111-1111-1111-1111-111111111111}\",\"Version\":2,\"Task\":14337,\"OpcodeValue\":0,\"RecordNumber\":683916304,\"ProcessID\":796,\"ThreadID\":4448,\"Channel\":\"Security\",\"Message\":\"A Kerberos service ticket was requested.\\r\\n\\r\\nAccount Information:\\r\\n\\tAccount Name:\\t\\taccount-name@domain.test\\r\\n\\tAccount Domain:\\t\\tdomain.test\\r\\n\\tLogon GUID:\\t\\t{22222222-2222-2222-2222-222222222222}\\r\\n\\tMSDS-SupportedEncryptionTypes:\\tN/A\\r\\n\\tAvailable Keys:\\tN/A\\r\\n\\r\\nService Information:\\r\\n\\tService Name:\\t\\tSRVC01$\\r\\n\\tService ID:\\t\\tS-1-2-3-4\\r\\n\\tMSDS-SupportedEncryptionTypes:\\t0x1C (RC4, AES128-SHA96, AES256-SHA96)\\r\\n\\tAvailable Keys:\\tAES-SHA1, RC4\\r\\n\\r\\nDomain Controller Information:\\r\\n\\tMSDS-SupportedEncryptionTypes:\\t0x1F (DES, RC4, AES128-SHA96, AES256-SHA96)\\r\\n\\tAvailable Keys:\\tAES-SHA1, RC4\\r\\n\\r\\nNetwork Information:\\r\\n\\tClient Address:\\t\\t::ffff:1.2.3.4\\r\\n\\tClient Port:\\t\\t53144\\r\\n\\tAdvertized Etypes:\\t\\n\\t\\tAES256-CTS-HMAC-SHA1-96\\n\\t\\tAES128-CTS-HMAC-SHA1-96\\n\\t\\tRC4-HMAC-NT\\n\\t\\tRC4-HMAC-NT-EXP\\n\\t\\tRC4-HMAC-OLD-EXP\\r\\n\\r\\nAdditional Information:\\r\\n\\tTicket Options:\\t\\t0x40810000\\r\\n\\tTicket Encryption Type:\\t0x12\\r\\n\\tSession Encryption Type:\\t0x12\\r\\n\\tFailure Code:\\t\\t0x0\\r\\n\\tTransited Services:\\t-\\r\\n\\r\\nTicket information\\r\\n\\tRequest ticket hash:\\t\\tVAIXNdFEyWI0z3gaYamdaznNkwWtNdqm23iCLsm/Spo=\\r\\n\\tResponse ticket hash:\\t\\tC2I3p4iZbgj4NpBsNJLYgND6dQxtHMkgcdT4Km6Q4oI=\\r\\n\\r\\nThis event is generated every time access is requested to a resource such as a computer or a Windows service.  The service name indicates the resource to which access was requested.\\r\\n\\r\\nThis event can be correlated with Windows logon events by comparing the Logon GUID fields in each event.  The logon event occurs on the machine that was accessed, which is often a different machine than the domain controller which issued the service ticket.\\r\\n\\r\\nPre-authentication types, ticket options, encryption types and result codes are defined in RFC 4120.\",\"Category\":\"Kerberos Service Ticket Operations\",\"Opcode\":\"Info\",\"TargetUserName\":\"account-name@domain.test\",\"TargetDomainName\":\"domain.test\",\"ServiceName\":\"SRVC01$\",\"ServiceSid\":\"S-1-2-3-4\",\"TicketOptions\":\"0x40810000\",\"TicketEncryptionType\":\"0x12\",\"IpAddress\":\"::ffff:1.2.3.4\",\"IpPort\":\"53144\",\"Status\":\"0x0\",\"LogonGuid\":\"{22222222-2222-2222-2222-222222222222}\",\"TransmittedServices\":\"-\",\"RequestTicketHash\":\"VAIXNdFEyWI0z3gaYamdaznNkwWtNdqm23iCLsm/Spo=\",\"ResponseTicketHash\":\"C2I3p4iZbgj4NpBsNJLYgND6dQxtHMkgcdT4Km6Q4oI=\",\"AccountSupportedEncryptionTypes\":\"N/A\",\"AccountAvailableKeys\":\"N/A\",\"ServiceSupportedEncryptionTypes\":\"0x1C (RC4, AES128-SHA96, AES256-SHA96)\",\"ServiceAvailableKeys\":\"AES-SHA1, RC4\",\"DCSupportedEncryptionTypes\":\"0x1F (DES, RC4, AES128-SHA96, AES256-SHA96)\",\"DCAvailableKeys\":\"AES-SHA1, RC4\",\"ClientAdvertizedEncryptionTypes\":\"\\n\\t\\tAES256-CTS-HMAC-SHA1-96\\n\\t\\tAES128-CTS-HMAC-SHA1-96\\n\\t\\tRC4-HMAC-NT\\n\\t\\tRC4-HMAC-NT-EXP\\n\\t\\tRC4-HMAC-OLD-EXP\",\"SessionKeyEncryptionType\":\"0x12\",\"EventReceivedTime\":\"2025-11-25 17:38:03\",\"SourceModuleName\":\"SecurityLog\",\"SourceModuleType\":\"im_msvistalog\"}",
    "event": {
      "code": "4769",
      "message": "A Kerberos service ticket was requested.\r\n\r\nAccount Information:\r\n\tAccount Name:\t\taccount-name@domain.test\r\n\tAccount Domain:\t\tdomain.test\r\n\tLogon GUID:\t\t{22222222-2222-2222-2222-222222222222}\r\n\tMSDS-SupportedEncryptionTypes:\tN/A\r\n\tAvailable Keys:\tN/A\r\n\r\nService Information:\r\n\tService Name:\t\tSRVC01$\r\n\tService ID:\t\tS-1-2-3-4\r\n\tMSDS-SupportedEncryptionTypes:\t0x1C (RC4, AES128-SHA96, AES256-SHA96)\r\n\tAvailable Keys:\tAES-SHA1, RC4\r\n\r\nDomain Controller Information:\r\n\tMSDS-SupportedEncryptionTypes:\t0x1F (DES, RC4, AES128-SHA96, AES256-SHA96)\r\n\tAvailable Keys:\tAES-SHA1, RC4\r\n\r\nNetwork Information:\r\n\tClient Address:\t\t::ffff:1.2.3.4\r\n\tClient Port:\t\t53144\r\n\tAdvertized Etypes:\t\n\t\tAES256-CTS-HMAC-SHA1-96\n\t\tAES128-CTS-HMAC-SHA1-96\n\t\tRC4-HMAC-NT\n\t\tRC4-HMAC-NT-EXP\n\t\tRC4-HMAC-OLD-EXP\r\n\r\nAdditional Information:\r\n\tTicket Options:\t\t0x40810000\r\n\tTicket Encryption Type:\t0x12\r\n\tSession Encryption Type:\t0x12\r\n\tFailure Code:\t\t0x0\r\n\tTransited Services:\t-\r\n\r\nTicket information\r\n\tRequest ticket hash:\t\tVAIXNdFEyWI0z3gaYamdaznNkwWtNdqm23iCLsm/Spo=\r\n\tResponse ticket hash:\t\tC2I3p4iZbgj4NpBsNJLYgND6dQxtHMkgcdT4Km6Q4oI=\r\n\r\nThis event is generated every time access is requested to a resource such as a computer or a Windows service.  The service name indicates the resource to which access was requested.\r\n\r\nThis event can be correlated with Windows logon events by comparing the Logon GUID fields in each event.  The logon event occurs on the machine that was accessed, which is often a different machine than the domain controller which issued the service ticket.\r\n\r\nPre-authentication types, ticket options, encryption types and result codes are defined in RFC 4120.",
      "outcome": "success",
      "provider": "Microsoft-Windows-Security-Auditing"
    },
    "action": {
      "id": 4769,
      "name": "A Kerberos service ticket was requested",
      "outcome": "success",
      "properties": {
        "Category": "Kerberos Service Ticket Operations",
        "EventType": "AUDIT_SUCCESS",
        "FailureCode": "0x0",
        "IpAddress": "::ffff:1.2.3.4",
        "IpPort": "53144",
        "Keywords": "-9214364837600034816",
        "OpcodeValue": 0,
        "ProviderGuid": "{11111111-1111-1111-1111-111111111111}",
        "ServiceName": "SRVC01$",
        "ServiceSid": "S-1-2-3-4",
        "Severity": "INFO",
        "SourceName": "Microsoft-Windows-Security-Auditing",
        "Status": "0x0",
        "TargetDomainName": "domain.test",
        "TargetUserName": "account-name@domain.test",
        "Task": "14337",
        "TicketEncryptionType": "0x12",
        "TicketOptions": "0x40810000",
        "TransmittedServices": "-"
      },
      "record_id": 683916304,
      "type": "Security"
    },
    "host": {
      "hostname": "host",
      "name": "host.domain.test"
    },
    "log": {
      "hostname": "host.domain.test",
      "level": "info"
    },
    "os": {
      "family": "windows",
      "platform": "windows"
    },
    "process": {
      "id": 796,
      "pid": 796,
      "thread": {
        "id": 4448
      }
    },
    "related": {
      "hosts": [
        "host"
      ],
      "ip": [
        "1.2.3.4"
      ],
      "user": [
        "account-name@domain.test"
      ]
    },
    "source": {
      "address": "1.2.3.4",
      "ip": "1.2.3.4"
    },
    "user": {
      "target": {
        "domain": "domain.test",
        "name": "account-name@domain.test"
      }
    }
  }
}