{
  "input": {
    "message": "{\"EventTime\":\"2023-08-22 14:58:41\",\"Hostname\":\"hostfoo\",\"Keywords\":-9223372036854775808,\"EventType\":\"INFO\",\"SeverityValue\":2,\"Severity\":\"INFO\",\"EventID\":1,\"SourceName\":\"Microsoft-Windows-Sysmon\",\"ProviderGuid\":\"{5770385F-C22A-43E0-BF4C-06F5698FFBD9}\",\"Version\":5,\"Task\":1,\"OpcodeValue\":0,\"RecordNumber\":4244505,\"ProcessID\":2932,\"ThreadID\":3956,\"Channel\":\"Microsoft-Windows-Sysmon/Operational\",\"Domain\":\"NT AUTHORITY\",\"AccountName\":\"SYSTEM\",\"UserID\":\"S-1-5-18\",\"AccountType\":\"User\",\"Message\":\"Process Create:\\\\r\\\\nRuleName: -\\\\r\\\\nUtcTime: 2023-08-22 12:58:41.279\\\\r\\\\nProcessGuid: {478F86EF-B101-64E4-F904-00000000E900}\\\\r\\\\nProcessId: 5524\\\\r\\\\nImage: C:\\\\\\\\Windows\\\\\\\\System32\\\\\\\\WindowsPowerShell\\\\\\\\v1.0\\\\\\\\powershell.exe\\\\r\\\\nFileVersion: 10.0.14409.1005 (rs1_srvoob.161208-1155)\\\\r\\\\nDescription: Windows PowerShell\\\\r\\\\nProduct: Microsoft\u00ae Windows\u00ae Operating System\\\\r\\\\nCompany: Microsoft Corporation\\\\r\\\\nOriginalFileName: PowerShell.EXE\\\\r\\\\nCommandLine: powershell.exe -file C:/Dir/Scripts/Nagios/Get-LocalAdmGroupMembership/Get-LocalAdmGroupMembership.ps1\\\\r\\\\nCurrentDirectory: C:\\\\\\\\Program Files\\\\\\\\NSClient++\\\\\\\\\\\\r\\\\nUser: NT AUTHORITY\\\\\\\\SYSTEM\\\\r\\\\nLogonGuid: {478F86EF-58DE-64E4-E703-000000000000}\\\\r\\\\nLogonId: 0x3E7\\\\r\\\\nTerminalSessionId: 0\\\\r\\\\nIntegrityLevel: System\\\\r\\\\nHashes: SHA1=E5B0A0F4A59D6D5377332EECE20F8F3DF5CEBE4E,MD5=B3AD5364CF04B6AB05616DD483AAF618,SHA256=7375ADEDB82FD62CEFC6B6FD20A704A164E056022F3B8C2E1B94F3A9B8361478\\\\r\\\\nParentProcessGuid: {478F86EF-58E2-64E4-2600-00000000E900}\\\\r\\\\nParentProcessId: 1776\\\\r\\\\nParentImage: C:\\\\\\\\Program Files\\\\\\\\NSClient++\\\\\\\\nscp.exe\\\\r\\\\nParentCommandLine: \\\"C:\\\\\\\\Program Files\\\\\\\\NSClient++\\\\\\\\nscp.exe\\\" service --run --name nscp\\\\r\\\\nParentUser: NT AUTHORITY\\\\\\\\SYSTEM\",\"Category\":\"Process Create (rule: ProcessCreate)\",\"Opcode\":\"Info\",\"RuleName\":\"-\",\"UtcTime\":\"2023-08-22 12:58:41.279\",\"ProcessGuid\":\"{478F86EF-B101-64E4-F904-00000000E900}\",\"Image\":\"C:\\\\\\\\Windows\\\\\\\\System32\\\\\\\\WindowsPowerShell\\\\\\\\v1.0\\\\\\\\powershell.exe\",\"FileVersion\":\"10.0.14409.1005 (rs1_srvoob.161208-1155)\",\"Description\":\"Windows PowerShell\",\"Product\":\"Microsoft\u00ae Windows\u00ae Operating System\",\"Company\":\"Microsoft Corporation\",\"OriginalFileName\":\"PowerShell.EXE\",\"CommandLine\":\"powershell.exe -file C:/Dir/Scripts/Nagios/Get-LocalAdmGroupMembership/Get-LocalAdmGroupMembership.ps1\",\"CurrentDirectory\":\"C:\\\\\\\\Program Files\\\\\\\\NSClient++\\\\\\\\\",\"User\":\"NT AUTHORITY\\\\\\\\SYSTEM\",\"LogonGuid\":\"{478F86EF-58DE-64E4-E703-000000000000}\",\"LogonId\":\"0x3e7\",\"TerminalSessionId\":\"0\",\"IntegrityLevel\":\"System\",\"Hashes\":\"SHA1=E5B0A0F4A59D6D5377332EECE20F8F3DF5CEBE4E,MD5=B3AD5364CF04B6AB05616DD483AAF618,SHA256=7375ADEDB82FD62CEFC6B6FD20A704A164E056022F3B8C2E1B94F3A9B8361478\",\"ParentProcessGuid\":\"{478F86EF-58E2-64E4-2600-00000000E900}\",\"ParentProcessId\":\"1776\",\"ParentImage\":\"C:\\\\\\\\Program Files\\\\\\\\NSClient++\\\\\\\\nscp.exe\",\"ParentCommandLine\":\"\\\"C:\\\\\\\\Program Files\\\\\\\\NSClient++\\\\\\\\nscp.exe\\\" service --run --name nscp\",\"ParentUser\":\"NT AUTHORITY\\\\\\\\SYSTEM\",\"EventReceivedTime\":\"2023-08-22 14:58:42\",\"SourceModuleName\":\"in\",\"SourceModuleType\":\"im_msvistalog\"}"
  },
  "expected": {
    "message": "{\"EventTime\":\"2023-08-22 14:58:41\",\"Hostname\":\"hostfoo\",\"Keywords\":-9223372036854775808,\"EventType\":\"INFO\",\"SeverityValue\":2,\"Severity\":\"INFO\",\"EventID\":1,\"SourceName\":\"Microsoft-Windows-Sysmon\",\"ProviderGuid\":\"{5770385F-C22A-43E0-BF4C-06F5698FFBD9}\",\"Version\":5,\"Task\":1,\"OpcodeValue\":0,\"RecordNumber\":4244505,\"ProcessID\":2932,\"ThreadID\":3956,\"Channel\":\"Microsoft-Windows-Sysmon/Operational\",\"Domain\":\"NT AUTHORITY\",\"AccountName\":\"SYSTEM\",\"UserID\":\"S-1-5-18\",\"AccountType\":\"User\",\"Message\":\"Process Create:\\\\r\\\\nRuleName: -\\\\r\\\\nUtcTime: 2023-08-22 12:58:41.279\\\\r\\\\nProcessGuid: {478F86EF-B101-64E4-F904-00000000E900}\\\\r\\\\nProcessId: 5524\\\\r\\\\nImage: C:\\\\\\\\Windows\\\\\\\\System32\\\\\\\\WindowsPowerShell\\\\\\\\v1.0\\\\\\\\powershell.exe\\\\r\\\\nFileVersion: 10.0.14409.1005 (rs1_srvoob.161208-1155)\\\\r\\\\nDescription: Windows PowerShell\\\\r\\\\nProduct: Microsoft\u00ae Windows\u00ae Operating System\\\\r\\\\nCompany: Microsoft Corporation\\\\r\\\\nOriginalFileName: PowerShell.EXE\\\\r\\\\nCommandLine: powershell.exe -file C:/Dir/Scripts/Nagios/Get-LocalAdmGroupMembership/Get-LocalAdmGroupMembership.ps1\\\\r\\\\nCurrentDirectory: C:\\\\\\\\Program Files\\\\\\\\NSClient++\\\\\\\\\\\\r\\\\nUser: NT AUTHORITY\\\\\\\\SYSTEM\\\\r\\\\nLogonGuid: {478F86EF-58DE-64E4-E703-000000000000}\\\\r\\\\nLogonId: 0x3E7\\\\r\\\\nTerminalSessionId: 0\\\\r\\\\nIntegrityLevel: System\\\\r\\\\nHashes: SHA1=E5B0A0F4A59D6D5377332EECE20F8F3DF5CEBE4E,MD5=B3AD5364CF04B6AB05616DD483AAF618,SHA256=7375ADEDB82FD62CEFC6B6FD20A704A164E056022F3B8C2E1B94F3A9B8361478\\\\r\\\\nParentProcessGuid: {478F86EF-58E2-64E4-2600-00000000E900}\\\\r\\\\nParentProcessId: 1776\\\\r\\\\nParentImage: C:\\\\\\\\Program Files\\\\\\\\NSClient++\\\\\\\\nscp.exe\\\\r\\\\nParentCommandLine: \\\"C:\\\\\\\\Program Files\\\\\\\\NSClient++\\\\\\\\nscp.exe\\\" service --run --name nscp\\\\r\\\\nParentUser: NT AUTHORITY\\\\\\\\SYSTEM\",\"Category\":\"Process Create (rule: ProcessCreate)\",\"Opcode\":\"Info\",\"RuleName\":\"-\",\"UtcTime\":\"2023-08-22 12:58:41.279\",\"ProcessGuid\":\"{478F86EF-B101-64E4-F904-00000000E900}\",\"Image\":\"C:\\\\\\\\Windows\\\\\\\\System32\\\\\\\\WindowsPowerShell\\\\\\\\v1.0\\\\\\\\powershell.exe\",\"FileVersion\":\"10.0.14409.1005 (rs1_srvoob.161208-1155)\",\"Description\":\"Windows PowerShell\",\"Product\":\"Microsoft\u00ae Windows\u00ae Operating System\",\"Company\":\"Microsoft Corporation\",\"OriginalFileName\":\"PowerShell.EXE\",\"CommandLine\":\"powershell.exe -file C:/Dir/Scripts/Nagios/Get-LocalAdmGroupMembership/Get-LocalAdmGroupMembership.ps1\",\"CurrentDirectory\":\"C:\\\\\\\\Program Files\\\\\\\\NSClient++\\\\\\\\\",\"User\":\"NT AUTHORITY\\\\\\\\SYSTEM\",\"LogonGuid\":\"{478F86EF-58DE-64E4-E703-000000000000}\",\"LogonId\":\"0x3e7\",\"TerminalSessionId\":\"0\",\"IntegrityLevel\":\"System\",\"Hashes\":\"SHA1=E5B0A0F4A59D6D5377332EECE20F8F3DF5CEBE4E,MD5=B3AD5364CF04B6AB05616DD483AAF618,SHA256=7375ADEDB82FD62CEFC6B6FD20A704A164E056022F3B8C2E1B94F3A9B8361478\",\"ParentProcessGuid\":\"{478F86EF-58E2-64E4-2600-00000000E900}\",\"ParentProcessId\":\"1776\",\"ParentImage\":\"C:\\\\\\\\Program Files\\\\\\\\NSClient++\\\\\\\\nscp.exe\",\"ParentCommandLine\":\"\\\"C:\\\\\\\\Program Files\\\\\\\\NSClient++\\\\\\\\nscp.exe\\\" service --run --name nscp\",\"ParentUser\":\"NT AUTHORITY\\\\\\\\SYSTEM\",\"EventReceivedTime\":\"2023-08-22 14:58:42\",\"SourceModuleName\":\"in\",\"SourceModuleType\":\"im_msvistalog\"}",
    "event": {
      "code": "1",
      "message": "Process Create:\\r\\nRuleName: -\\r\\nUtcTime: 2023-08-22 12:58:41.279\\r\\nProcessGuid: {478F86EF-B101-64E4-F904-00000000E900}\\r\\nProcessId: 5524\\r\\nImage: C:\\\\Windows\\\\System32\\\\WindowsPowerShell\\\\v1.0\\\\powershell.exe\\r\\nFileVersion: 10.0.14409.1005 (rs1_srvoob.161208-1155)\\r\\nDescription: Windows PowerShell\\r\\nProduct: Microsoft\u00ae Windows\u00ae Operating System\\r\\nCompany: Microsoft Corporation\\r\\nOriginalFileName: PowerShell.EXE\\r\\nCommandLine: powershell.exe -file C:/Dir/Scripts/Nagios/Get-LocalAdmGroupMembership/Get-LocalAdmGroupMembership.ps1\\r\\nCurrentDirectory: C:\\\\Program Files\\\\NSClient++\\\\\\r\\nUser: NT AUTHORITY\\\\SYSTEM\\r\\nLogonGuid: {478F86EF-58DE-64E4-E703-000000000000}\\r\\nLogonId: 0x3E7\\r\\nTerminalSessionId: 0\\r\\nIntegrityLevel: System\\r\\nHashes: SHA1=E5B0A0F4A59D6D5377332EECE20F8F3DF5CEBE4E,MD5=B3AD5364CF04B6AB05616DD483AAF618,SHA256=7375ADEDB82FD62CEFC6B6FD20A704A164E056022F3B8C2E1B94F3A9B8361478\\r\\nParentProcessGuid: {478F86EF-58E2-64E4-2600-00000000E900}\\r\\nParentProcessId: 1776\\r\\nParentImage: C:\\\\Program Files\\\\NSClient++\\\\nscp.exe\\r\\nParentCommandLine: \"C:\\\\Program Files\\\\NSClient++\\\\nscp.exe\" service --run --name nscp\\r\\nParentUser: NT AUTHORITY\\\\SYSTEM",
      "provider": "Microsoft-Windows-Sysmon",
      "reason": "Windows PowerShell"
    },
    "@timestamp": "2023-08-22T12:58:41.279000Z",
    "action": {
      "id": 1,
      "name": "Process creation",
      "properties": {
        "AccountName": "SYSTEM",
        "AccountType": "User",
        "Category": "Process Create (rule: ProcessCreate)",
        "Description": "Windows PowerShell",
        "Domain": "NT AUTHORITY",
        "EventType": "INFO",
        "FileVersion": "10.0.14409.1005 (rs1_srvoob.161208-1155)",
        "Image": "C:\\\\Windows\\\\System32\\\\WindowsPowerShell\\\\v1.0\\\\powershell.exe",
        "Keywords": "-9223372036854775808",
        "OpcodeValue": 0,
        "ParentImage": "C:\\\\Program Files\\\\NSClient++\\\\nscp.exe",
        "ProcessGuid": "{478F86EF-B101-64E4-F904-00000000E900}",
        "Product": "10.0.14409.1005 (rs1_srvoob.161208-1155)",
        "ProviderGuid": "{5770385F-C22A-43E0-BF4C-06F5698FFBD9}",
        "Severity": "INFO",
        "SourceName": "Microsoft-Windows-Sysmon",
        "Task": 1,
        "User": "NT AUTHORITY\\\\SYSTEM"
      },
      "record_id": 4244505,
      "type": "Microsoft-Windows-Sysmon/Operational"
    },
    "host": {
      "hostname": "hostfoo",
      "name": "hostfoo"
    },
    "log": {
      "hostname": "hostfoo",
      "level": "info"
    },
    "os": {
      "family": "windows",
      "platform": "windows"
    },
    "process": {
      "command_line": "powershell.exe -file C:/Dir/Scripts/Nagios/Get-LocalAdmGroupMembership/Get-LocalAdmGroupMembership.ps1",
      "executable": "C:\\\\Windows\\\\System32\\\\WindowsPowerShell\\\\v1.0\\\\powershell.exe",
      "hash": {
        "md5": "b3ad5364cf04b6ab05616dd483aaf618",
        "sha1": "e5b0a0f4a59d6d5377332eece20f8f3df5cebe4e",
        "sha256": "7375adedb82fd62cefc6b6fd20a704a164e056022f3b8c2e1b94f3a9b8361478"
      },
      "id": 2932,
      "name": "powershell.exe",
      "parent": {
        "command_line": "C:\\\\Program Files\\\\NSClient++\\\\nscp.exe service --run --name nscp",
        "executable": "C:\\\\Program Files\\\\NSClient++\\\\nscp.exe",
        "name": "nscp.exe",
        "working_directory": "C:\\\\Program Files\\\\NSClient++\\\\"
      },
      "pid": 2932,
      "ppid": "1776",
      "thread": {
        "id": 3956
      },
      "working_directory": "C:\\\\Program Files\\\\NSClient++\\\\"
    },
    "related": {
      "hash": [
        "7375adedb82fd62cefc6b6fd20a704a164e056022f3b8c2e1b94f3a9b8361478",
        "b3ad5364cf04b6ab05616dd483aaf618",
        "e5b0a0f4a59d6d5377332eece20f8f3df5cebe4e"
      ],
      "hosts": [
        "hostfoo"
      ],
      "user": [
        "NT AUTHORITY\\\\SYSTEM"
      ]
    },
    "user": {
      "domain": "NT AUTHORITY",
      "id": "S-1-5-18",
      "name": "NT AUTHORITY\\\\SYSTEM"
    }
  }
}