{
  "input": {
    "message": "{\"EventTime\":\"2025-11-24 17:18:26\",\"Hostname\":\"host.example.com\",\"Keywords\":-9214364837600034816,\"EventType\":\"AUDIT_SUCCESS\",\"SeverityValue\":2,\"Severity\":\"INFO\",\"EventID\":4769,\"SourceName\":\"Microsoft-Windows-Security-Auditing\",\"ProviderGuid\":\"{11111111-1111-1111-1111-111111111111}\",\"Version\":0,\"Task\":14337,\"OpcodeValue\":0,\"RecordNumber\":15473033,\"ProcessID\":624,\"ThreadID\":2136,\"Channel\":\"Security\",\"Message\":\"A Kerberos host.example.com ticket was requested.\\r\\n\\r\\nAccount Information:\\r\\n\\tAccount Name:\\t\\taccount$@host.example.com\\r\\n\\tAccount Domain:\\t\\thost.LOCAL\\r\\n\\tLogon GUID:\\t\\t{22222222-2222-2222-2222-22222222}\\r\\n\\r\\nService Information:\\r\\n\\tService Name:\\t\\tservice$\\r\\n\\tService ID:\\t\\tS-1-2-3-4\\r\\n\\r\\nNetwork Information:\\r\\n\\tClient Address:\\t\\t::ffff:1.2.3.4\\r\\n\\tClient Port:\\t\\t35778\\r\\n\\r\\nAdditional Information:\\r\\n\\tTicket Options:\\t\\t0x40830000\\r\\n\\tTicket Encryption Type:\\t0x12\\r\\n\\tFailure Code:\\t\\t0x0\\r\\n\\tTransited Services:\\t\\r\\n\\t\\taccount$@host.example.com\\r\\n\\r\\nThis event is generated every time access is requested to a resource such as a computer or a Windows service.  The host.example.com name indicates the resource to which access was requested.\\r\\n\\r\\nThis event can be correlated with Windows logon events by comparing the Logon GUID fields in each event.  The logon event occurs on the machine that was accessed, which is often a different machine than the domain controller which issued the host.example.com ticket.\\r\\n\\r\\nTicket options, encryption types, and failure codes are defined in RFC 4120.\",\"Category\":\"Kerberos Service Ticket Operations\",\"Opcode\":\"Info\",\"TargetUserName\":\"User1\",\"TargetDomainName\":\"host.example.com\",\"ServiceName\":\"host.example.com$\",\"ServiceSid\":\"S-1-2-3-4\",\"TicketOptions\":\"0x40830000\",\"TicketEncryptionType\":\"0x12\",\"IpAddress\":\"::ffff:1.2.3.4\",\"IpPort\":\"35778\",\"Status\":\"0x0\",\"LogonGuid\":\"{22222222-2222-2222-2222-22222222}\",\"TransmittedServices\":\"\\r\\n\\t\\taccount$@host.example.com\",\"EventReceivedTime\":\"2025-11-24 17:20:41\",\"SourceModuleName\":\"SecurityLog\",\"SourceModuleType\":\"im_msvistalog\"}",
    "sekoiaio": {
      "intake": {
        "dialect": "Windows",
        "dialect_uuid": "9281438c-f7c3-4001-9bcc-45fd108ba1be"
      }
    }
  },
  "expected": {
    "message": "{\"EventTime\":\"2025-11-24 17:18:26\",\"Hostname\":\"host.example.com\",\"Keywords\":-9214364837600034816,\"EventType\":\"AUDIT_SUCCESS\",\"SeverityValue\":2,\"Severity\":\"INFO\",\"EventID\":4769,\"SourceName\":\"Microsoft-Windows-Security-Auditing\",\"ProviderGuid\":\"{11111111-1111-1111-1111-111111111111}\",\"Version\":0,\"Task\":14337,\"OpcodeValue\":0,\"RecordNumber\":15473033,\"ProcessID\":624,\"ThreadID\":2136,\"Channel\":\"Security\",\"Message\":\"A Kerberos host.example.com ticket was requested.\\r\\n\\r\\nAccount Information:\\r\\n\\tAccount Name:\\t\\taccount$@host.example.com\\r\\n\\tAccount Domain:\\t\\thost.LOCAL\\r\\n\\tLogon GUID:\\t\\t{22222222-2222-2222-2222-22222222}\\r\\n\\r\\nService Information:\\r\\n\\tService Name:\\t\\tservice$\\r\\n\\tService ID:\\t\\tS-1-2-3-4\\r\\n\\r\\nNetwork Information:\\r\\n\\tClient Address:\\t\\t::ffff:1.2.3.4\\r\\n\\tClient Port:\\t\\t35778\\r\\n\\r\\nAdditional Information:\\r\\n\\tTicket Options:\\t\\t0x40830000\\r\\n\\tTicket Encryption Type:\\t0x12\\r\\n\\tFailure Code:\\t\\t0x0\\r\\n\\tTransited Services:\\t\\r\\n\\t\\taccount$@host.example.com\\r\\n\\r\\nThis event is generated every time access is requested to a resource such as a computer or a Windows service.  The host.example.com name indicates the resource to which access was requested.\\r\\n\\r\\nThis event can be correlated with Windows logon events by comparing the Logon GUID fields in each event.  The logon event occurs on the machine that was accessed, which is often a different machine than the domain controller which issued the host.example.com ticket.\\r\\n\\r\\nTicket options, encryption types, and failure codes are defined in RFC 4120.\",\"Category\":\"Kerberos Service Ticket Operations\",\"Opcode\":\"Info\",\"TargetUserName\":\"User1\",\"TargetDomainName\":\"host.example.com\",\"ServiceName\":\"host.example.com$\",\"ServiceSid\":\"S-1-2-3-4\",\"TicketOptions\":\"0x40830000\",\"TicketEncryptionType\":\"0x12\",\"IpAddress\":\"::ffff:1.2.3.4\",\"IpPort\":\"35778\",\"Status\":\"0x0\",\"LogonGuid\":\"{22222222-2222-2222-2222-22222222}\",\"TransmittedServices\":\"\\r\\n\\t\\taccount$@host.example.com\",\"EventReceivedTime\":\"2025-11-24 17:20:41\",\"SourceModuleName\":\"SecurityLog\",\"SourceModuleType\":\"im_msvistalog\"}",
    "event": {
      "code": "4769",
      "message": "A Kerberos host.example.com ticket was requested.\r\n\r\nAccount Information:\r\n\tAccount Name:\t\taccount$@host.example.com\r\n\tAccount Domain:\t\thost.LOCAL\r\n\tLogon GUID:\t\t{22222222-2222-2222-2222-22222222}\r\n\r\nService Information:\r\n\tService Name:\t\tservice$\r\n\tService ID:\t\tS-1-2-3-4\r\n\r\nNetwork Information:\r\n\tClient Address:\t\t::ffff:1.2.3.4\r\n\tClient Port:\t\t35778\r\n\r\nAdditional Information:\r\n\tTicket Options:\t\t0x40830000\r\n\tTicket Encryption Type:\t0x12\r\n\tFailure Code:\t\t0x0\r\n\tTransited Services:\t\r\n\t\taccount$@host.example.com\r\n\r\nThis event is generated every time access is requested to a resource such as a computer or a Windows service.  The host.example.com name indicates the resource to which access was requested.\r\n\r\nThis event can be correlated with Windows logon events by comparing the Logon GUID fields in each event.  The logon event occurs on the machine that was accessed, which is often a different machine than the domain controller which issued the host.example.com ticket.\r\n\r\nTicket options, encryption types, and failure codes are defined in RFC 4120.",
      "outcome": "success",
      "provider": "Microsoft-Windows-Security-Auditing"
    },
    "action": {
      "id": 4769,
      "name": "A Kerberos service ticket was requested",
      "outcome": "success",
      "properties": {
        "Category": "Kerberos Service Ticket Operations",
        "EventType": "AUDIT_SUCCESS",
        "FailureCode": "0x0",
        "IpAddress": "::ffff:1.2.3.4",
        "IpPort": "35778",
        "Keywords": "-9214364837600034816",
        "OpcodeValue": 0,
        "ProviderGuid": "{11111111-1111-1111-1111-111111111111}",
        "ServiceName": "host.example.com$",
        "ServiceSid": "S-1-2-3-4",
        "Severity": "INFO",
        "SourceName": "Microsoft-Windows-Security-Auditing",
        "Status": "0x0",
        "TargetDomainName": "host.example.com",
        "TargetUserName": "User1",
        "Task": 14337,
        "TicketEncryptionType": "0x12",
        "TicketOptions": "0x40830000",
        "TransmittedServices": "\r\n\t\taccount$@host.example.com"
      },
      "record_id": 15473033,
      "type": "Security"
    },
    "host": {
      "hostname": "host",
      "name": "host.example.com"
    },
    "log": {
      "hostname": "host.example.com",
      "level": "info"
    },
    "os": {
      "family": "windows",
      "platform": "windows"
    },
    "process": {
      "id": 624,
      "pid": 624,
      "thread": {
        "id": 2136
      }
    },
    "related": {
      "hosts": [
        "host"
      ],
      "ip": [
        "1.2.3.4"
      ],
      "user": [
        "User1"
      ]
    },
    "source": {
      "address": "1.2.3.4",
      "ip": "1.2.3.4"
    },
    "user": {
      "target": {
        "domain": "host.example.com",
        "name": "User1"
      }
    }
  }
}