{
  "input": {
    "message": "{\"EventTime\":\"2010-12-29 17:08:50\",\"Hostname\":\"example.com\",\"Keywords\":4611686018427387904,\"EventType\":\"INFO\",\"SeverityValue\":2,\"Severity\":\"INFO\",\"EventID\":60,\"SourceName\":\"Microsoft-Windows-Bits-Client\",\"ProviderGuid\":\"{EF1CC15B-46C1-414E-BB95-E76B077BD51E}\",\"Version\":1,\"Task\":0,\"OpcodeValue\":2,\"RecordNumber\":206,\"ActivityID\":\"{510DF63E-554F-4823-8F87-A23BDEDE0898}\",\"ProcessID\":7908,\"ThreadID\":2432,\"Channel\":\"Microsoft-Windows-Bits-Client/Operational\",\"Domain\":\"example.com\",\"AccountName\":\"SYSTEM\",\"UserID\":\"S-1-5-18\",\"AccountType\":\"User\",\"Message\":\"BITS stopped transferring the sharpbitsTestX.zip transfer job that is associated with the https://codeplexarchive.blob.core.windows.net/archive/projects/sharpbits/sharpbits.zip URL. The status code is 0x0.\",\"Opcode\":\"Stop\",\"transferId\":\"{510df63e-554f-4823-8f87-a23bdede0898}\",\"name\":\"sharpbitsTestX.zip\",\"Id\":\"{c10c39b1-5f4e-47bc-a848-dc7505233471}\",\"url\":\"https://example.com/\",\"hr\":\"0\",\"fileTime\":\"2018-02-05T22:41:26.0000000Z\",\"fileLength\":\"524444\",\"bytesTotal\":\"524444\",\"bytesTransferred\":\"524444\",\"peerProtocolFlags\":\"0\",\"bytesTransferredFromPeer\":\"0\",\"AdditionalInfoHr\":\"0\",\"PeerContextInfo\":\"0\",\"bandwidthLimit\":\"18446744073709551615\",\"ignoreBandwidthLimitsOnLan\":\"false\",\"EventReceivedTime\":\"2010-12-29 17:08:51\",\"SourceModuleName\":\"eventlog6\",\"SourceModuleType\":\"im_msvistalog\"}"
  },
  "expected": {
    "message": "{\"EventTime\":\"2010-12-29 17:08:50\",\"Hostname\":\"example.com\",\"Keywords\":4611686018427387904,\"EventType\":\"INFO\",\"SeverityValue\":2,\"Severity\":\"INFO\",\"EventID\":60,\"SourceName\":\"Microsoft-Windows-Bits-Client\",\"ProviderGuid\":\"{EF1CC15B-46C1-414E-BB95-E76B077BD51E}\",\"Version\":1,\"Task\":0,\"OpcodeValue\":2,\"RecordNumber\":206,\"ActivityID\":\"{510DF63E-554F-4823-8F87-A23BDEDE0898}\",\"ProcessID\":7908,\"ThreadID\":2432,\"Channel\":\"Microsoft-Windows-Bits-Client/Operational\",\"Domain\":\"example.com\",\"AccountName\":\"SYSTEM\",\"UserID\":\"S-1-5-18\",\"AccountType\":\"User\",\"Message\":\"BITS stopped transferring the sharpbitsTestX.zip transfer job that is associated with the https://codeplexarchive.blob.core.windows.net/archive/projects/sharpbits/sharpbits.zip URL. The status code is 0x0.\",\"Opcode\":\"Stop\",\"transferId\":\"{510df63e-554f-4823-8f87-a23bdede0898}\",\"name\":\"sharpbitsTestX.zip\",\"Id\":\"{c10c39b1-5f4e-47bc-a848-dc7505233471}\",\"url\":\"https://example.com/\",\"hr\":\"0\",\"fileTime\":\"2018-02-05T22:41:26.0000000Z\",\"fileLength\":\"524444\",\"bytesTotal\":\"524444\",\"bytesTransferred\":\"524444\",\"peerProtocolFlags\":\"0\",\"bytesTransferredFromPeer\":\"0\",\"AdditionalInfoHr\":\"0\",\"PeerContextInfo\":\"0\",\"bandwidthLimit\":\"18446744073709551615\",\"ignoreBandwidthLimitsOnLan\":\"false\",\"EventReceivedTime\":\"2010-12-29 17:08:51\",\"SourceModuleName\":\"eventlog6\",\"SourceModuleType\":\"im_msvistalog\"}",
    "event": {
      "code": "60",
      "message": "BITS stopped transferring the sharpbitsTestX.zip transfer job that is associated with the https://codeplexarchive.blob.core.windows.net/archive/projects/sharpbits/sharpbits.zip URL. The status code is 0x0.",
      "provider": "Microsoft-Windows-Bits-Client"
    },
    "action": {
      "id": 60,
      "name": "BITS has stopped transferring the BITS Transfer job",
      "properties": {
        "AccountName": "SYSTEM",
        "AccountType": "User",
        "BytesTotal": 524444,
        "Domain": "example.com",
        "EventType": "INFO",
        "Id": "{c10c39b1-5f4e-47bc-a848-dc7505233471}",
        "Keywords": "4611686018427387904",
        "OpcodeValue": 2,
        "ProviderGuid": "{EF1CC15B-46C1-414E-BB95-E76B077BD51E}",
        "Severity": "INFO",
        "SourceName": "Microsoft-Windows-Bits-Client",
        "Task": "0",
        "bytesTransferred": "524444"
      },
      "record_id": 206,
      "type": "Microsoft-Windows-Bits-Client/Operational"
    },
    "destination": {
      "address": "example.com",
      "domain": "example.com",
      "size_in_char": 11
    },
    "file": {
      "name": "sharpbitsTestX.zip",
      "path": "sharpbitsTestX.zip",
      "size": 524444
    },
    "host": {
      "hostname": "example",
      "name": "example.com"
    },
    "log": {
      "hostname": "example.com",
      "level": "info"
    },
    "os": {
      "family": "windows",
      "platform": "windows"
    },
    "process": {
      "id": 7908,
      "pid": 7908,
      "thread": {
        "id": 2432
      }
    },
    "related": {
      "hosts": [
        "example",
        "example.com"
      ],
      "user": [
        "SYSTEM"
      ]
    },
    "url": {
      "domain": "example.com",
      "full": "https://example.com/",
      "original": "https://example.com/",
      "path": "/",
      "port": 443,
      "registered_domain": "example.com",
      "scheme": "https",
      "top_level_domain": "com"
    },
    "user": {
      "domain": "example.com",
      "id": "S-1-5-18",
      "name": "SYSTEM"
    }
  }
}