{
  "input": {
    "message": "{\"EventTime\":\"2010-12-29 17:08:37\",\"Hostname\":\"example.com\",\"Keywords\":4611686018427387904,\"EventType\":\"INFO\",\"SeverityValue\":2,\"Severity\":\"INFO\",\"EventID\":16403,\"SourceName\":\"Microsoft-Windows-Bits-Client\",\"ProviderGuid\":\"{EF1CC15B-46C1-414E-BB95-E76B077BD51E}\",\"Version\":0,\"Task\":0,\"OpcodeValue\":0,\"RecordNumber\":199,\"ActivityID\":\"{60ACDE36-DDFA-0001-6410-AD60FADDD601}\",\"ProcessID\":7908,\"ThreadID\":2432,\"Channel\":\"Microsoft-Windows-Bits-Client/Operational\",\"Domain\":\"example.com\",\"AccountName\":\"user1\",\"UserID\":\"user1\",\"AccountType\":\"User\",\"Opcode\":\"Info\",\"User\":\"DESKTOP-FOOBARZ\\\\userXYZ\",\"jobTitle\":\"sharpbitsTest.zip\",\"jobId\":\"{bbe838b2-40bc-49ec-adbb-2251f6030f40}\",\"jobOwner\":\"DESKTOP-FOOBARZ\\\\userXYZ\",\"fileCount\":\"1\",\"RemoteName\":\"https://example.com/\",\"LocalName\":\"ANONYMIZED_VALUE\",\"ClientProcessStartKey\":\"2251799813685416\",\"EventReceivedTime\":\"2010-12-29 17:08:39\",\"SourceModuleName\":\"eventlog6\",\"SourceModuleType\":\"im_msvistalog\"}"
  },
  "expected": {
    "message": "{\"EventTime\":\"2010-12-29 17:08:37\",\"Hostname\":\"example.com\",\"Keywords\":4611686018427387904,\"EventType\":\"INFO\",\"SeverityValue\":2,\"Severity\":\"INFO\",\"EventID\":16403,\"SourceName\":\"Microsoft-Windows-Bits-Client\",\"ProviderGuid\":\"{EF1CC15B-46C1-414E-BB95-E76B077BD51E}\",\"Version\":0,\"Task\":0,\"OpcodeValue\":0,\"RecordNumber\":199,\"ActivityID\":\"{60ACDE36-DDFA-0001-6410-AD60FADDD601}\",\"ProcessID\":7908,\"ThreadID\":2432,\"Channel\":\"Microsoft-Windows-Bits-Client/Operational\",\"Domain\":\"example.com\",\"AccountName\":\"user1\",\"UserID\":\"user1\",\"AccountType\":\"User\",\"Opcode\":\"Info\",\"User\":\"DESKTOP-FOOBARZ\\\\userXYZ\",\"jobTitle\":\"sharpbitsTest.zip\",\"jobId\":\"{bbe838b2-40bc-49ec-adbb-2251f6030f40}\",\"jobOwner\":\"DESKTOP-FOOBARZ\\\\userXYZ\",\"fileCount\":\"1\",\"RemoteName\":\"https://example.com/\",\"LocalName\":\"ANONYMIZED_VALUE\",\"ClientProcessStartKey\":\"2251799813685416\",\"EventReceivedTime\":\"2010-12-29 17:08:39\",\"SourceModuleName\":\"eventlog6\",\"SourceModuleType\":\"im_msvistalog\"}",
    "event": {
      "code": "16403",
      "provider": "Microsoft-Windows-Bits-Client"
    },
    "action": {
      "id": 16403,
      "properties": {
        "AccountName": "userXYZ",
        "AccountType": "User",
        "Domain": "DESKTOP-FOOBARZ",
        "EventType": "INFO",
        "Keywords": "4611686018427387904",
        "LocalName": "C:\\Users\\userXYZ\\Downloads\\sharpbits.zip",
        "OpcodeValue": 0,
        "ProviderGuid": "{EF1CC15B-46C1-414E-BB95-E76B077BD51E}",
        "Severity": "INFO",
        "SourceName": "Microsoft-Windows-Bits-Client",
        "Task": 0,
        "User": "DESKTOP-FOOBARZ\\userXYZ",
        "jobTitle": "sharpbitsTest.zip"
      },
      "record_id": 199,
      "type": "Microsoft-Windows-Bits-Client/Operational"
    },
    "destination": {
      "address": "codeplexarchive.blob.core.windows.net",
      "domain": "example.com",
      "size_in_char": 37
    },
    "file": {
      "name": "sharpbits.zip",
      "owner": "DESKTOP-FOOBARZ\\userXYZ",
      "path": "ANONYMIZED_VALUE"
    },
    "host": {
      "hostname": "example.com",
      "name": "example.com"
    },
    "log": {
      "hostname": "DESKTOP-FOOBARZ",
      "level": "info"
    },
    "os": {
      "family": "windows",
      "platform": "windows"
    },
    "process": {
      "id": 7908,
      "pid": 7908,
      "thread": {
        "id": 2432
      }
    },
    "related": {
      "hosts": [
        "DESKTOP-FOOBARZ",
        "codeplexarchive.blob.core.windows.net"
      ],
      "user": [
        "DESKTOP-FOOBARZ\\userXYZ",
        "userXYZ"
      ]
    },
    "url": {
      "domain": "example.com",
      "full": "https://example.com/",
      "original": "https://example.com/",
      "path": "/archive/projects/sharpbits/sharpbits.zip",
      "port": 443,
      "registered_domain": "windows.net",
      "scheme": "https",
      "subdomain": "codeplexarchive.blob.core",
      "top_level_domain": "net"
    },
    "user": {
      "domain": "example.com",
      "id": "00000000-0000-0000-0000-000000000000",
      "name": "user1"
    }
  }
}