{
  "input": {
    "event": {
      "sekoiaio": {
        "intake": {
          "dialect": "Windows",
          "dialect_uuid": "9281438c-f7c3-4001-9bcc-45fd108ba1be"
        }
      }
    },
    "message": "{\"EventTime\":\"2010-12-29 17:08:50\",\"Hostname\":\"DESKTOP-FOOBAR\",\"Keywords\":4611686018427387904,\"EventType\":\"INFO\",\"SeverityValue\":2,\"Severity\":\"INFO\",\"EventID\":60,\"SourceName\":\"Microsoft-Windows-Bits-Client\",\"ProviderGuid\":\"{EF1CC15B-46C1-414E-BB95-E76B077BD51E}\",\"Version\":1,\"Task\":0,\"OpcodeValue\":2,\"RecordNumber\":206,\"ActivityID\":\"{510DF63E-554F-4823-8F87-A23BDEDE0898}\",\"ProcessID\":7908,\"ThreadID\":2432,\"Channel\":\"Microsoft-Windows-Bits-Client/Operational\",\"Domain\":\"NT AUTHORITY\",\"AccountName\":\"SYSTEM\",\"UserID\":\"S-1-5-18\",\"AccountType\":\"User\",\"Message\":\"BITS stopped transferring the sharpbitsTestX.zip transfer job that is associated with the https://codeplexarchive.blob.core.windows.net/archive/projects/sharpbits/sharpbits.zip URL. The status code is 0x0.\",\"Opcode\":\"Stop\",\"transferId\":\"{510df63e-554f-4823-8f87-a23bdede0898}\",\"name\":\"sharpbitsTestX.zip\",\"Id\":\"{c10c39b1-5f4e-47bc-a848-dc7505233471}\",\"url\":\"https://codeplexarchive.blob.core.windows.net/archive/projects/sharpbits/sharpbits.zip\",\"hr\":\"0\",\"fileTime\":\"2018-02-05T22:41:26.0000000Z\",\"fileLength\":\"524444\",\"bytesTotal\":\"524444\",\"bytesTransferred\":\"524444\",\"peerProtocolFlags\":\"0\",\"bytesTransferredFromPeer\":\"0\",\"AdditionalInfoHr\":\"0\",\"PeerContextInfo\":\"0\",\"bandwidthLimit\":\"18446744073709551615\",\"ignoreBandwidthLimitsOnLan\":\"false\",\"EventReceivedTime\":\"2010-12-29 17:08:51\",\"SourceModuleName\":\"eventlog6\",\"SourceModuleType\":\"im_msvistalog\"}"
  },
  "expected": {
    "message": "{\"EventTime\":\"2010-12-29 17:08:50\",\"Hostname\":\"DESKTOP-FOOBAR\",\"Keywords\":4611686018427387904,\"EventType\":\"INFO\",\"SeverityValue\":2,\"Severity\":\"INFO\",\"EventID\":60,\"SourceName\":\"Microsoft-Windows-Bits-Client\",\"ProviderGuid\":\"{EF1CC15B-46C1-414E-BB95-E76B077BD51E}\",\"Version\":1,\"Task\":0,\"OpcodeValue\":2,\"RecordNumber\":206,\"ActivityID\":\"{510DF63E-554F-4823-8F87-A23BDEDE0898}\",\"ProcessID\":7908,\"ThreadID\":2432,\"Channel\":\"Microsoft-Windows-Bits-Client/Operational\",\"Domain\":\"NT AUTHORITY\",\"AccountName\":\"SYSTEM\",\"UserID\":\"S-1-5-18\",\"AccountType\":\"User\",\"Message\":\"BITS stopped transferring the sharpbitsTestX.zip transfer job that is associated with the https://codeplexarchive.blob.core.windows.net/archive/projects/sharpbits/sharpbits.zip URL. The status code is 0x0.\",\"Opcode\":\"Stop\",\"transferId\":\"{510df63e-554f-4823-8f87-a23bdede0898}\",\"name\":\"sharpbitsTestX.zip\",\"Id\":\"{c10c39b1-5f4e-47bc-a848-dc7505233471}\",\"url\":\"https://codeplexarchive.blob.core.windows.net/archive/projects/sharpbits/sharpbits.zip\",\"hr\":\"0\",\"fileTime\":\"2018-02-05T22:41:26.0000000Z\",\"fileLength\":\"524444\",\"bytesTotal\":\"524444\",\"bytesTransferred\":\"524444\",\"peerProtocolFlags\":\"0\",\"bytesTransferredFromPeer\":\"0\",\"AdditionalInfoHr\":\"0\",\"PeerContextInfo\":\"0\",\"bandwidthLimit\":\"18446744073709551615\",\"ignoreBandwidthLimitsOnLan\":\"false\",\"EventReceivedTime\":\"2010-12-29 17:08:51\",\"SourceModuleName\":\"eventlog6\",\"SourceModuleType\":\"im_msvistalog\"}",
    "event": {
      "code": "60",
      "provider": "Microsoft-Windows-Bits-Client",
      "message": "BITS stopped transferring the sharpbitsTestX.zip transfer job that is associated with the https://codeplexarchive.blob.core.windows.net/archive/projects/sharpbits/sharpbits.zip URL. The status code is 0x0."
    },
    "file": {
      "name": "sharpbitstestx.zip",
      "size": 524444,
      "path": "sharpbitstestx.zip"
    },
    "action": {
      "record_id": 206,
      "type": "Microsoft-Windows-Bits-Client/Operational",
      "id": 60,
      "properties": {
        "Keywords": "4611686018427387904",
        "EventType": "INFO",
        "Severity": "INFO",
        "SourceName": "Microsoft-Windows-Bits-Client",
        "ProviderGuid": "{EF1CC15B-46C1-414E-BB95-E76B077BD51E}",
        "Task": 0,
        "OpcodeValue": 2,
        "Domain": "NT AUTHORITY",
        "AccountName": "SYSTEM",
        "AccountType": "User",
        "Id": "{c10c39b1-5f4e-47bc-a848-dc7505233471}",
        "bytesTransferred": "524444",
        "BytesTotal": "524444"
      },
      "name": "BITS has stopped transferring the BITS Transfer job"
    },
    "log": {
      "hostname": "DESKTOP-FOOBAR",
      "level": "info"
    },
    "host": {
      "hostname": "DESKTOP-FOOBAR",
      "name": "DESKTOP-FOOBAR"
    },
    "os": {
      "family": "windows",
      "platform": "windows"
    },
    "process": {
      "thread": {
        "id": 2432
      },
      "pid": 7908,
      "id": 7908
    },
    "url": {
      "original": "https://codeplexarchive.blob.core.windows.net/archive/projects/sharpbits/sharpbits.zip",
      "full": "https://codeplexarchive.blob.core.windows.net/archive/projects/sharpbits/sharpbits.zip",
      "domain": "codeplexarchive.blob.core.windows.net",
      "scheme": "https",
      "path": "/archive/projects/sharpbits/sharpbits.zip",
      "top_level_domain": "net",
      "subdomain": "codeplexarchive.blob.core",
      "registered_domain": "windows.net",
      "port": 443
    },
    "user": {
      "id": "S-1-5-18",
      "name": "SYSTEM",
      "domain": "NT AUTHORITY"
    },
    "destination": {
      "domain": "codeplexarchive.blob.core.windows.net",
      "address": "codeplexarchive.blob.core.windows.net",
      "size_in_char": 37
    },
    "related": {
      "hosts": [
        "DESKTOP-FOOBAR",
        "codeplexarchive.blob.core.windows.net"
      ],
      "user": [
        "SYSTEM"
      ]
    }
  }
}