{
  "input": {
    "message": "{\"EventTime\":\"2010-11-05 15:26:31\",\"Hostname\":\"example.com\",\"Keywords\":-9223372036854775808,\"EventType\":\"WARNING\",\"SeverityValue\":3,\"Severity\":\"WARNING\",\"EventID\":1116,\"SourceName\":\"Microsoft-Windows-Windows Defender\",\"ProviderGuid\":\"{11CD958A-C507-4EF3-B3F2-5FD9DFBD2C78}\",\"Version\":0,\"Task\":0,\"OpcodeValue\":0,\"RecordNumber\":424,\"ProcessID\":2484,\"ThreadID\":9244,\"Channel\":\"Microsoft-Windows-Windows Defender/Operational\",\"Domain\":\"example.com\",\"AccountName\":\"user1\",\"UserID\":\"S-1-5-18\",\"AccountType\":\"User\",\"Message\":\"Antivirus Windows Defender a d\\u00c3\\u00a9tect\\u00c3\\u00a9 un logiciel malveillant ou potentiellement ind\\u00c3\\u00a9sirable.\\r\\n Pour plus d\\u00e2\\u20ac\\u2122informations, reportez-vous aux \\u00c3\\u00a9l\\u00c3\\u00a9ments suivants :\\r\\nhttps://go.microsoft.com/fwlink/?linkid=37020&name=HackTool:Win64/Mikatz!dha&threatid=2147705511&enterprise=0\\r\\n \\tNom : HackTool:Win64/Mikatz!dha\\r\\n \\tID : 2147705511\\r\\n \\tGravit\\u00c3\\u00a9 : \\u00c3\\u2030lev\\u00c3\\u00a9e\\r\\n \\tCat\\u00c3\\u00a9gorie : Outil\\r\\n \\tChemin : file:_C:\\\\Users\\\\r1\\\\Downloads\\\\tmp2\\\\tmp2\\\\Win32\\\\mimidrv.sys\\r\\n \\tOrigine de la d\\u00c3\\u00a9tection : Ordinateur local\\r\\n \\tType de d\\u00c3\\u00a9tection : Concret\\r\\n \\tSource de d\\u00c3\\u00a9tection : Protection en temps r\\u00c3\\u00a9el\\r\\n \\tUtilisateur : DESKTOP-FOOBARZ\\\\r1\\r\\n \\tNom du processus : C:\\\\Windows\\\\explorer.exe\\r\\n \\tVersion de la veille de s\\u00c3\\u00a9curit\\u00c3\\u00a9 : AV: 1.325.803.0, AS: 1.325.803.0, NIS: 1.325.803.0\\r\\n \\tVersion du moteur : AM: 1.1.17500.4, NIS: 1.1.17500.4\",\"Opcode\":\"Informations\",\"Product Name\":\"%%827\",\"Product Version\":\"4.18.2009.7\",\"Detection ID\":\"{3A24708D-3147-43F8-B63D-60CAD6A64298}\",\"Detection Time\":\"2010-11-05T14:26:30.985Z\",\"Threat ID\":\"2147705511\",\"Threat Name\":\"HackTool:Win64/Mikatz!dha\",\"Severity ID\":\"4\",\"Severity Name\":\"\\u00c3\\u2030lev\\u00c3\\u00a9e\",\"Category ID\":\"34\",\"Category Name\":\"Outil\",\"FWLink\":\"https://go.microsoft.com/fwlink/?linkid=37020&amp;name=HackTool:Win64/Mikatz!dha&amp;threatid=2147705511&amp;enterprise=0\",\"Status Code\":\"1\",\"State\":\"1\",\"Source ID\":\"3\",\"Source Name\":\"%%818\",\"Process Name\":\"C:\\\\Windows\\\\explorer.exe\",\"Detection User\":\"DESKTOP-FOOBARZ\\\\r1\",\"Path\":\"file:_C:\\\\Users\\\\r1\\\\Downloads\\\\tmp2\\\\tmp2\\\\Win32\\\\mimidrv.sys\",\"Origin ID\":\"1\",\"Origin Name\":\"%%845\",\"Execution ID\":\"1\",\"Execution Name\":\"%%813\",\"Type ID\":\"0\",\"Type Name\":\"%%822\",\"Pre Execution Status\":\"0\",\"Action ID\":\"9\",\"Action Name\":\"%%887\",\"Error Code\":\"0x00000000\",\"Error Description\":\"L\\u00e2\\u20ac\\u2122op\\u00c3\\u00a9ration a r\\u00c3\\u00a9ussi. \",\"Post Clean Status\":\"0\",\"Additional Actions ID\":\"0\",\"Additional Actions String\":\"No additional actions required\",\"Security intelligence Version\":\"AV: 1.325.803.0, AS: 1.325.803.0, NIS: 1.325.803.0\",\"Engine Version\":\"AM: 1.1.17500.4, NIS: 1.1.17500.4\",\"EventReceivedTime\":\"2010-11-05 15:26:39\",\"SourceModuleName\":\"eventlog2\",\"SourceModuleType\":\"im_msvistalog\"}"
  },
  "expected": {
    "message": "{\"EventTime\":\"2010-11-05 15:26:31\",\"Hostname\":\"example.com\",\"Keywords\":-9223372036854775808,\"EventType\":\"WARNING\",\"SeverityValue\":3,\"Severity\":\"WARNING\",\"EventID\":1116,\"SourceName\":\"Microsoft-Windows-Windows Defender\",\"ProviderGuid\":\"{11CD958A-C507-4EF3-B3F2-5FD9DFBD2C78}\",\"Version\":0,\"Task\":0,\"OpcodeValue\":0,\"RecordNumber\":424,\"ProcessID\":2484,\"ThreadID\":9244,\"Channel\":\"Microsoft-Windows-Windows Defender/Operational\",\"Domain\":\"example.com\",\"AccountName\":\"user1\",\"UserID\":\"S-1-5-18\",\"AccountType\":\"User\",\"Message\":\"Antivirus Windows Defender a d\\u00c3\\u00a9tect\\u00c3\\u00a9 un logiciel malveillant ou potentiellement ind\\u00c3\\u00a9sirable.\\r\\n Pour plus d\\u00e2\\u20ac\\u2122informations, reportez-vous aux \\u00c3\\u00a9l\\u00c3\\u00a9ments suivants :\\r\\nhttps://go.microsoft.com/fwlink/?linkid=37020&name=HackTool:Win64/Mikatz!dha&threatid=2147705511&enterprise=0\\r\\n \\tNom : HackTool:Win64/Mikatz!dha\\r\\n \\tID : 2147705511\\r\\n \\tGravit\\u00c3\\u00a9 : \\u00c3\\u2030lev\\u00c3\\u00a9e\\r\\n \\tCat\\u00c3\\u00a9gorie : Outil\\r\\n \\tChemin : file:_C:\\\\Users\\\\r1\\\\Downloads\\\\tmp2\\\\tmp2\\\\Win32\\\\mimidrv.sys\\r\\n \\tOrigine de la d\\u00c3\\u00a9tection : Ordinateur local\\r\\n \\tType de d\\u00c3\\u00a9tection : Concret\\r\\n \\tSource de d\\u00c3\\u00a9tection : Protection en temps r\\u00c3\\u00a9el\\r\\n \\tUtilisateur : DESKTOP-FOOBARZ\\\\r1\\r\\n \\tNom du processus : C:\\\\Windows\\\\explorer.exe\\r\\n \\tVersion de la veille de s\\u00c3\\u00a9curit\\u00c3\\u00a9 : AV: 1.325.803.0, AS: 1.325.803.0, NIS: 1.325.803.0\\r\\n \\tVersion du moteur : AM: 1.1.17500.4, NIS: 1.1.17500.4\",\"Opcode\":\"Informations\",\"Product Name\":\"%%827\",\"Product Version\":\"4.18.2009.7\",\"Detection ID\":\"{3A24708D-3147-43F8-B63D-60CAD6A64298}\",\"Detection Time\":\"2010-11-05T14:26:30.985Z\",\"Threat ID\":\"2147705511\",\"Threat Name\":\"HackTool:Win64/Mikatz!dha\",\"Severity ID\":\"4\",\"Severity Name\":\"\\u00c3\\u2030lev\\u00c3\\u00a9e\",\"Category ID\":\"34\",\"Category Name\":\"Outil\",\"FWLink\":\"https://go.microsoft.com/fwlink/?linkid=37020&amp;name=HackTool:Win64/Mikatz!dha&amp;threatid=2147705511&amp;enterprise=0\",\"Status Code\":\"1\",\"State\":\"1\",\"Source ID\":\"3\",\"Source Name\":\"%%818\",\"Process Name\":\"C:\\\\Windows\\\\explorer.exe\",\"Detection User\":\"DESKTOP-FOOBARZ\\\\r1\",\"Path\":\"file:_C:\\\\Users\\\\r1\\\\Downloads\\\\tmp2\\\\tmp2\\\\Win32\\\\mimidrv.sys\",\"Origin ID\":\"1\",\"Origin Name\":\"%%845\",\"Execution ID\":\"1\",\"Execution Name\":\"%%813\",\"Type ID\":\"0\",\"Type Name\":\"%%822\",\"Pre Execution Status\":\"0\",\"Action ID\":\"9\",\"Action Name\":\"%%887\",\"Error Code\":\"0x00000000\",\"Error Description\":\"L\\u00e2\\u20ac\\u2122op\\u00c3\\u00a9ration a r\\u00c3\\u00a9ussi. \",\"Post Clean Status\":\"0\",\"Additional Actions ID\":\"0\",\"Additional Actions String\":\"No additional actions required\",\"Security intelligence Version\":\"AV: 1.325.803.0, AS: 1.325.803.0, NIS: 1.325.803.0\",\"Engine Version\":\"AM: 1.1.17500.4, NIS: 1.1.17500.4\",\"EventReceivedTime\":\"2010-11-05 15:26:39\",\"SourceModuleName\":\"eventlog2\",\"SourceModuleType\":\"im_msvistalog\"}",
    "event": {
      "code": "1116",
      "message": "Antivirus Windows Defender a d\u00c3\u00a9tect\u00c3\u00a9 un logiciel malveillant ou potentiellement ind\u00c3\u00a9sirable.\r\n Pour plus d\u00e2\u20ac\u2122informations, reportez-vous aux \u00c3\u00a9l\u00c3\u00a9ments suivants :\r\nhttps://go.microsoft.com/fwlink/?linkid=37020&name=HackTool:Win64/Mikatz!dha&threatid=2147705511&enterprise=0\r\n \tNom : HackTool:Win64/Mikatz!dha\r\n \tID : 2147705511\r\n \tGravit\u00c3\u00a9 : \u00c3\u2030lev\u00c3\u00a9e\r\n \tCat\u00c3\u00a9gorie : Outil\r\n \tChemin : file:_C:\\Users\\r1\\Downloads\\tmp2\\tmp2\\Win32\\mimidrv.sys\r\n \tOrigine de la d\u00c3\u00a9tection : Ordinateur local\r\n \tType de d\u00c3\u00a9tection : Concret\r\n \tSource de d\u00c3\u00a9tection : Protection en temps r\u00c3\u00a9el\r\n \tUtilisateur : DESKTOP-FOOBARZ\\r1\r\n \tNom du processus : C:\\Windows\\explorer.exe\r\n \tVersion de la veille de s\u00c3\u00a9curit\u00c3\u00a9 : AV: 1.325.803.0, AS: 1.325.803.0, NIS: 1.325.803.0\r\n \tVersion du moteur : AM: 1.1.17500.4, NIS: 1.1.17500.4",
      "provider": "Microsoft-Windows-Windows Defender"
    },
    "action": {
      "id": 1116,
      "name": "The antimalware platform detected malware or other potentially unwanted software.",
      "properties": {
        "AccountName": "user1",
        "AccountType": "User",
        "AdditionalActionsID": "0",
        "AdditionalActionsString": "No additional actions required",
        "DetectionUser": "DESKTOP-FOOBARZ\\r1",
        "Domain": "example.com",
        "ErrorCode": "0x00000000",
        "EventType": "WARNING",
        "Execution Name": "%%813",
        "Keywords": "-9223372036854775808",
        "OpcodeValue": 0,
        "Path": "file:_C:\\Users\\r1\\Downloads\\tmp2\\tmp2\\Win32\\mimidrv.sys",
        "ProcessName": "C:\\Windows\\explorer.exe",
        "ProviderGuid": "{11CD958A-C507-4EF3-B3F2-5FD9DFBD2C78}",
        "Severity": "WARNING",
        "SourceName": "Microsoft-Windows-Windows Defender",
        "Task": "0",
        "ThreatName": "HackTool:Win64/Mikatz!dha"
      },
      "record_id": 424,
      "type": "Microsoft-Windows-Windows Defender/Operational"
    },
    "host": {
      "hostname": "example",
      "name": "example.com"
    },
    "log": {
      "hostname": "example.com",
      "level": "warning"
    },
    "os": {
      "family": "windows",
      "platform": "windows"
    },
    "process": {
      "id": 2484,
      "pid": 2484,
      "thread": {
        "id": 9244
      }
    },
    "related": {
      "hosts": [
        "example"
      ],
      "user": [
        "user1"
      ]
    },
    "user": {
      "domain": "example.com",
      "id": "S-1-5-18",
      "name": "user1"
    }
  }
}