{
  "input": {
    "message": "{\"EventTime\":\"2012-12-22 20:25:26\",\"Hostname\":\"DESKTOP-FOOBARZ\",\"Keywords\":-9223372036854775808,\"EventType\":\"INFO\",\"SeverityValue\":2,\"Severity\":\"INFO\",\"EventID\":1151,\"SourceName\":\"Microsoft-Windows-Windows Defender\",\"ProviderGuid\":\"{11CD958A-C507-4EF3-B3F2-5FD9DFBD2C78}\",\"Version\":0,\"Task\":0,\"OpcodeValue\":0,\"RecordNumber\":215,\"ProcessID\":5472,\"ThreadID\":5596,\"Channel\":\"Microsoft-Windows-Windows Defender/Operational\",\"Domain\":\"AUTORITE NT\",\"AccountName\":\"Syst\u00e8me\",\"UserID\":\"S-1-5-18\",\"AccountType\":\"User\",\"Message\":\"Rapport d'int\u00e9grit\u00e9 du client Endpoint Protection (heure UTC)\u00a0: \\r\\n \\tVersion de plateforme\u00a0:  4.18.2011.6\\r\\n \\tVersion de moteur\u00a0:  1.1.19900.2\\r\\n \\tVersion du moteur du syst\u00e8me d\u2019inspection du r\u00e9seau en temps r\u00e9el\u00a0:  1.1.19900.2\\r\\n \\tVersion de la veille de s\u00e9curit\u00e9 Antivirus\u00a0:  1.381.814.0\\r\\n \\tVersion de la la veille de s\u00e9curit\u00e9 du logiciel anti-espion\u00a0:  1.381.814.0\\r\\n \\tVersion de la veille de s\u00e9curit\u00e9 du syst\u00e8me d\u2019inspection du r\u00e9seau en temps r\u00e9el\u00a0:  1.381.814.0\\r\\n \\t\u00c9tat RTP\u00a0:  Activ\u00e9\\r\\n \\t\u00c9tat OA\u00a0:  Activ\u00e9\\r\\n \\t\u00c9tat OAV\u00a0:  Activ\u00e9\\r\\n \\t\u00c9tat BM\u00a0:  Activ\u00e9\\r\\n \\t\u00c2ge de la veille de s\u00e9curit\u00e9 de l'antivirus\u00a0:  1\\r\\n \\t\u00c2ge de la veille de s\u00e9curit\u00e9 du logiciel anti-espion\u00a0:  1\\r\\n \\t\u00c2ge de la derni\u00e8re analyse rapide\u00a0:  1\\r\\n \\t\u00c2ge de la derni\u00e8re analyse compl\u00e8te\u00a0:  4294967295\\r\\n \\tHeure de cr\u00e9ation de la veille de s\u00e9curit\u00e9 de l'antivirus\u00a0:  21/12/2012 01:50:25\\r\\n \\tHeure de cr\u00e9ation de la veille de s\u00e9curit\u00e9 du logiciel anti-espion\u00a0:  21/12/2012 01:50:26\\r\\n \\tHeure de d\u00e9but la derni\u00e8re analyse rapide\u00a0:  21/12/2012 10:30:01\\r\\n \\tHeure de fin de la derni\u00e8re analyse rapide\u00a0:  21/12/2012 10:40:38\\r\\n \\tSource de la derni\u00e8re analyse rapide\u00a0:  2\\r\\n \\tHeure de d\u00e9but de la derni\u00e8re analyse compl\u00e8te\u00a0:  01/01/1601 00:00:00\\r\\n \\tHeure de fin de la derni\u00e8re analyse compl\u00e8te\u00a0:  01/01/1601 00:00:00\\r\\n \\tSource de la derni\u00e8re analyse compl\u00e8te\u00a0:  0\\r\\n \\tStatut du produit\u00a0:  0x00080000\\r\\n\",\"Opcode\":\"Informations\",\"Product Name\":\"Antivirus Microsoft Defender\",\"Platform version\":\"4.18.2011.6\",\"Engine version\":\"1.1.19900.2\",\"NRI engine version\":\"1.1.19900.2\",\"AV security intelligence version\":\"1.381.814.0\",\"AS security intelligence version\":\"1.381.814.0\",\"NRI security intelligence version\":\"1.381.814.0\",\"RTP state\":\"Activ\u00e9\",\"OA state\":\"Activ\u00e9\",\"IOAV state\":\"Activ\u00e9\",\"BM state\":\"Activ\u00e9\",\"Last AV security intelligence age\":\"1\",\"Last AS security intelligence age\":\"1\",\"Last quick scan age\":\"1\",\"Last full scan age\":\"4294967295\",\"AV security intelligence creation time\":\"21/12/2012 01:50:25\",\"AS security intelligence creation time\":\"21/12/2012 01:50:26\",\"Last quick scan start time\":\"21/12/2012 10:30:01\",\"Last quick scan end time\":\"21/12/2012 10:40:38\",\"Last quick scan source\":\"2\",\"Last full scan start time\":\"01/01/1601 00:00:00\",\"Last full scan end time\":\"01/01/1601 00:00:00\",\"Last full scan source\":\"0\",\"Product status\":\"0x00080000\",\"EventReceivedTime\":\"2012-12-22 20:25:28\",\"SourceModuleName\":\"evtx_win\",\"SourceModuleType\":\"im_msvistalog\"}"
  },
  "expected": {
    "message": "{\"EventTime\":\"2012-12-22 20:25:26\",\"Hostname\":\"DESKTOP-FOOBARZ\",\"Keywords\":-9223372036854775808,\"EventType\":\"INFO\",\"SeverityValue\":2,\"Severity\":\"INFO\",\"EventID\":1151,\"SourceName\":\"Microsoft-Windows-Windows Defender\",\"ProviderGuid\":\"{11CD958A-C507-4EF3-B3F2-5FD9DFBD2C78}\",\"Version\":0,\"Task\":0,\"OpcodeValue\":0,\"RecordNumber\":215,\"ProcessID\":5472,\"ThreadID\":5596,\"Channel\":\"Microsoft-Windows-Windows Defender/Operational\",\"Domain\":\"AUTORITE NT\",\"AccountName\":\"Syst\u00e8me\",\"UserID\":\"S-1-5-18\",\"AccountType\":\"User\",\"Message\":\"Rapport d'int\u00e9grit\u00e9 du client Endpoint Protection (heure UTC)\u00a0: \\r\\n \\tVersion de plateforme\u00a0:  4.18.2011.6\\r\\n \\tVersion de moteur\u00a0:  1.1.19900.2\\r\\n \\tVersion du moteur du syst\u00e8me d\u2019inspection du r\u00e9seau en temps r\u00e9el\u00a0:  1.1.19900.2\\r\\n \\tVersion de la veille de s\u00e9curit\u00e9 Antivirus\u00a0:  1.381.814.0\\r\\n \\tVersion de la la veille de s\u00e9curit\u00e9 du logiciel anti-espion\u00a0:  1.381.814.0\\r\\n \\tVersion de la veille de s\u00e9curit\u00e9 du syst\u00e8me d\u2019inspection du r\u00e9seau en temps r\u00e9el\u00a0:  1.381.814.0\\r\\n \\t\u00c9tat RTP\u00a0:  Activ\u00e9\\r\\n \\t\u00c9tat OA\u00a0:  Activ\u00e9\\r\\n \\t\u00c9tat OAV\u00a0:  Activ\u00e9\\r\\n \\t\u00c9tat BM\u00a0:  Activ\u00e9\\r\\n \\t\u00c2ge de la veille de s\u00e9curit\u00e9 de l'antivirus\u00a0:  1\\r\\n \\t\u00c2ge de la veille de s\u00e9curit\u00e9 du logiciel anti-espion\u00a0:  1\\r\\n \\t\u00c2ge de la derni\u00e8re analyse rapide\u00a0:  1\\r\\n \\t\u00c2ge de la derni\u00e8re analyse compl\u00e8te\u00a0:  4294967295\\r\\n \\tHeure de cr\u00e9ation de la veille de s\u00e9curit\u00e9 de l'antivirus\u00a0:  21/12/2012 01:50:25\\r\\n \\tHeure de cr\u00e9ation de la veille de s\u00e9curit\u00e9 du logiciel anti-espion\u00a0:  21/12/2012 01:50:26\\r\\n \\tHeure de d\u00e9but la derni\u00e8re analyse rapide\u00a0:  21/12/2012 10:30:01\\r\\n \\tHeure de fin de la derni\u00e8re analyse rapide\u00a0:  21/12/2012 10:40:38\\r\\n \\tSource de la derni\u00e8re analyse rapide\u00a0:  2\\r\\n \\tHeure de d\u00e9but de la derni\u00e8re analyse compl\u00e8te\u00a0:  01/01/1601 00:00:00\\r\\n \\tHeure de fin de la derni\u00e8re analyse compl\u00e8te\u00a0:  01/01/1601 00:00:00\\r\\n \\tSource de la derni\u00e8re analyse compl\u00e8te\u00a0:  0\\r\\n \\tStatut du produit\u00a0:  0x00080000\\r\\n\",\"Opcode\":\"Informations\",\"Product Name\":\"Antivirus Microsoft Defender\",\"Platform version\":\"4.18.2011.6\",\"Engine version\":\"1.1.19900.2\",\"NRI engine version\":\"1.1.19900.2\",\"AV security intelligence version\":\"1.381.814.0\",\"AS security intelligence version\":\"1.381.814.0\",\"NRI security intelligence version\":\"1.381.814.0\",\"RTP state\":\"Activ\u00e9\",\"OA state\":\"Activ\u00e9\",\"IOAV state\":\"Activ\u00e9\",\"BM state\":\"Activ\u00e9\",\"Last AV security intelligence age\":\"1\",\"Last AS security intelligence age\":\"1\",\"Last quick scan age\":\"1\",\"Last full scan age\":\"4294967295\",\"AV security intelligence creation time\":\"21/12/2012 01:50:25\",\"AS security intelligence creation time\":\"21/12/2012 01:50:26\",\"Last quick scan start time\":\"21/12/2012 10:30:01\",\"Last quick scan end time\":\"21/12/2012 10:40:38\",\"Last quick scan source\":\"2\",\"Last full scan start time\":\"01/01/1601 00:00:00\",\"Last full scan end time\":\"01/01/1601 00:00:00\",\"Last full scan source\":\"0\",\"Product status\":\"0x00080000\",\"EventReceivedTime\":\"2012-12-22 20:25:28\",\"SourceModuleName\":\"evtx_win\",\"SourceModuleType\":\"im_msvistalog\"}",
    "event": {
      "code": "1151",
      "message": "Rapport d'int\u00e9grit\u00e9 du client Endpoint Protection (heure UTC)\u00a0: \r\n \tVersion de plateforme\u00a0:  4.18.2011.6\r\n \tVersion de moteur\u00a0:  1.1.19900.2\r\n \tVersion du moteur du syst\u00e8me d\u2019inspection du r\u00e9seau en temps r\u00e9el\u00a0:  1.1.19900.2\r\n \tVersion de la veille de s\u00e9curit\u00e9 Antivirus\u00a0:  1.381.814.0\r\n \tVersion de la la veille de s\u00e9curit\u00e9 du logiciel anti-espion\u00a0:  1.381.814.0\r\n \tVersion de la veille de s\u00e9curit\u00e9 du syst\u00e8me d\u2019inspection du r\u00e9seau en temps r\u00e9el\u00a0:  1.381.814.0\r\n \t\u00c9tat RTP\u00a0:  Activ\u00e9\r\n \t\u00c9tat OA\u00a0:  Activ\u00e9\r\n \t\u00c9tat OAV\u00a0:  Activ\u00e9\r\n \t\u00c9tat BM\u00a0:  Activ\u00e9\r\n \t\u00c2ge de la veille de s\u00e9curit\u00e9 de l'antivirus\u00a0:  1\r\n \t\u00c2ge de la veille de s\u00e9curit\u00e9 du logiciel anti-espion\u00a0:  1\r\n \t\u00c2ge de la derni\u00e8re analyse rapide\u00a0:  1\r\n \t\u00c2ge de la derni\u00e8re analyse compl\u00e8te\u00a0:  4294967295\r\n \tHeure de cr\u00e9ation de la veille de s\u00e9curit\u00e9 de l'antivirus\u00a0:  21/12/2012 01:50:25\r\n \tHeure de cr\u00e9ation de la veille de s\u00e9curit\u00e9 du logiciel anti-espion\u00a0:  21/12/2012 01:50:26\r\n \tHeure de d\u00e9but la derni\u00e8re analyse rapide\u00a0:  21/12/2012 10:30:01\r\n \tHeure de fin de la derni\u00e8re analyse rapide\u00a0:  21/12/2012 10:40:38\r\n \tSource de la derni\u00e8re analyse rapide\u00a0:  2\r\n \tHeure de d\u00e9but de la derni\u00e8re analyse compl\u00e8te\u00a0:  01/01/1601 00:00:00\r\n \tHeure de fin de la derni\u00e8re analyse compl\u00e8te\u00a0:  01/01/1601 00:00:00\r\n \tSource de la derni\u00e8re analyse compl\u00e8te\u00a0:  0\r\n \tStatut du produit\u00a0:  0x00080000\r\n",
      "provider": "Microsoft-Windows-Windows Defender"
    },
    "action": {
      "id": 1151,
      "properties": {
        "AccountName": "Syst\u00e8me",
        "AccountType": "User",
        "Domain": "AUTORITE NT",
        "EventType": "INFO",
        "Keywords": "-9223372036854775808",
        "LastASSecurityIntelligenceAge": "1",
        "LastAVSecurityIntelligenceAge": "1",
        "LastFullScanAge": "4294967295",
        "LastQuickScanAge": "1",
        "OpcodeValue": 0,
        "ProviderGuid": "{11CD958A-C507-4EF3-B3F2-5FD9DFBD2C78}",
        "Severity": "INFO",
        "SourceName": "Microsoft-Windows-Windows Defender",
        "Task": 0
      },
      "record_id": 215,
      "type": "Microsoft-Windows-Windows Defender/Operational"
    },
    "host": {
      "hostname": "DESKTOP-FOOBARZ",
      "name": "DESKTOP-FOOBARZ"
    },
    "log": {
      "hostname": "DESKTOP-FOOBARZ",
      "level": "info"
    },
    "os": {
      "family": "windows",
      "platform": "windows"
    },
    "process": {
      "id": 5472,
      "pid": 5472,
      "thread": {
        "id": 5596
      }
    },
    "related": {
      "hosts": [
        "DESKTOP-FOOBARZ"
      ],
      "user": [
        "Syst\u00e8me"
      ]
    },
    "user": {
      "domain": "AUTORITE NT",
      "id": "S-1-5-18",
      "name": "Syst\u00e8me"
    }
  }
}