{
  "input": {
    "message": "{\"EventTime\":\"2025-02-19 15:06:10\",\"Hostname\":\"example.local\",\"Keywords\":-9223372036854775808,\"EventType\":\"INFO\",\"SeverityValue\":2,\"Severity\":\"INFO\",\"EventID\":26,\"SourceName\":\"Microsoft-Windows-Sysmon\",\"ProviderGuid\":\"{5484DFB4-A0D7-4293-A9C6-6592CF89443D}\",\"Version\":5,\"Task\":26,\"OpcodeValue\":0,\"RecordNumber\":448394,\"ProcessID\":5516,\"ThreadID\":6796,\"Channel\":\"Microsoft-Windows-Sysmon/Operational\",\"Domain\":\"example.com\",\"AccountName\":\"user1\",\"UserID\":\"S-1-5-18\",\"AccountType\":\"User\",\"Message\":\"File Delete logged:\\r\\nRuleName: -\\r\\nUtcTime: 2025-02-19 14:06:10.346\\r\\nProcessGuid: {555ee446-df65-413b-9955-2aa8ff894a46}\\r\\nProcessId: 3912\\r\\nUser: DOMAIN\\\\Syst\\u00e8me\\r\\nImage: C:\\\\Program Files\\\\Common Files\\\\Microsoft Shared\\\\ClickToRun\\\\OfficeClickToRun.exe\\r\\nTargetFilename: C:\\\\Program Files\\\\Microsoft Office\\\\Updates\\\\Detection\\\\VersionOfficeC2R1BD706D9-DD1F-450E-BD30-CD48ECF4B36B\\\\v64.hash\\r\\nHashes: MD5=098F6BCD4621D373CADE4E832627B4F6,SHA256=9F86D081884C7D659A2FEAA0C55AD015A3BF4F1B2B0B822CD15D6C15B0F00A08,IMPHASH=00000000000000000000000000000000\\r\\nIsExecutable: false\",\"Category\":\"File Delete logged (rule: FileDeleteDetected)\",\"Opcode\":\"Informations\",\"RuleName\":\"-\",\"UtcTime\":\"2025-02-19 14:06:10.346\",\"ProcessGuid\":\"{555ee446-df65-413b-9955-2aa8ff894a46}\",\"User\":\"DOMAIN\\\\Syst\\u00e8me\",\"Image\":\"C:\\\\Program Files\\\\Common Files\\\\Microsoft Shared\\\\ClickToRun\\\\OfficeClickToRun.exe\",\"TargetFilename\":\"C:\\\\Program Files\\\\Microsoft Office\\\\Updates\\\\Detection\\\\VersionOfficeC2R1BD706D9-DD1F-450E-BD30-CD48ECF4B36B\\\\v64.hash\",\"Hashes\":\"MD5=098F6BCD4621D373CADE4E832627B4F6,SHA256=9F86D081884C7D659A2FEAA0C55AD015A3BF4F1B2B0B822CD15D6C15B0F00A08,IMPHASH=00000000000000000000000000000000\",\"IsExecutable\":\"false\",\"EventReceivedTime\":\"2025-02-19 15:06:10\",\"SourceModuleName\":\"evtx_win\",\"SourceModuleType\":\"im_msvistalog\"}"
  },
  "expected": {
    "message": "{\"EventTime\":\"2025-02-19 15:06:10\",\"Hostname\":\"example.local\",\"Keywords\":-9223372036854775808,\"EventType\":\"INFO\",\"SeverityValue\":2,\"Severity\":\"INFO\",\"EventID\":26,\"SourceName\":\"Microsoft-Windows-Sysmon\",\"ProviderGuid\":\"{5484DFB4-A0D7-4293-A9C6-6592CF89443D}\",\"Version\":5,\"Task\":26,\"OpcodeValue\":0,\"RecordNumber\":448394,\"ProcessID\":5516,\"ThreadID\":6796,\"Channel\":\"Microsoft-Windows-Sysmon/Operational\",\"Domain\":\"example.com\",\"AccountName\":\"user1\",\"UserID\":\"S-1-5-18\",\"AccountType\":\"User\",\"Message\":\"File Delete logged:\\r\\nRuleName: -\\r\\nUtcTime: 2025-02-19 14:06:10.346\\r\\nProcessGuid: {555ee446-df65-413b-9955-2aa8ff894a46}\\r\\nProcessId: 3912\\r\\nUser: DOMAIN\\\\Syst\\u00e8me\\r\\nImage: C:\\\\Program Files\\\\Common Files\\\\Microsoft Shared\\\\ClickToRun\\\\OfficeClickToRun.exe\\r\\nTargetFilename: C:\\\\Program Files\\\\Microsoft Office\\\\Updates\\\\Detection\\\\VersionOfficeC2R1BD706D9-DD1F-450E-BD30-CD48ECF4B36B\\\\v64.hash\\r\\nHashes: MD5=098F6BCD4621D373CADE4E832627B4F6,SHA256=9F86D081884C7D659A2FEAA0C55AD015A3BF4F1B2B0B822CD15D6C15B0F00A08,IMPHASH=00000000000000000000000000000000\\r\\nIsExecutable: false\",\"Category\":\"File Delete logged (rule: FileDeleteDetected)\",\"Opcode\":\"Informations\",\"RuleName\":\"-\",\"UtcTime\":\"2025-02-19 14:06:10.346\",\"ProcessGuid\":\"{555ee446-df65-413b-9955-2aa8ff894a46}\",\"User\":\"DOMAIN\\\\Syst\\u00e8me\",\"Image\":\"C:\\\\Program Files\\\\Common Files\\\\Microsoft Shared\\\\ClickToRun\\\\OfficeClickToRun.exe\",\"TargetFilename\":\"C:\\\\Program Files\\\\Microsoft Office\\\\Updates\\\\Detection\\\\VersionOfficeC2R1BD706D9-DD1F-450E-BD30-CD48ECF4B36B\\\\v64.hash\",\"Hashes\":\"MD5=098F6BCD4621D373CADE4E832627B4F6,SHA256=9F86D081884C7D659A2FEAA0C55AD015A3BF4F1B2B0B822CD15D6C15B0F00A08,IMPHASH=00000000000000000000000000000000\",\"IsExecutable\":\"false\",\"EventReceivedTime\":\"2025-02-19 15:06:10\",\"SourceModuleName\":\"evtx_win\",\"SourceModuleType\":\"im_msvistalog\"}",
    "event": {
      "code": "26",
      "message": "File Delete logged:\r\nRuleName: -\r\nUtcTime: 2025-02-19 14:06:10.346\r\nProcessGuid: {555ee446-df65-413b-9955-2aa8ff894a46}\r\nProcessId: 3912\r\nUser: DOMAIN\\Syst\u00e8me\r\nImage: C:\\Program Files\\Common Files\\Microsoft Shared\\ClickToRun\\OfficeClickToRun.exe\r\nTargetFilename: C:\\Program Files\\Microsoft Office\\Updates\\Detection\\VersionOfficeC2R1BD706D9-DD1F-450E-BD30-CD48ECF4B36B\\v64.hash\r\nHashes: MD5=098F6BCD4621D373CADE4E832627B4F6,SHA256=9F86D081884C7D659A2FEAA0C55AD015A3BF4F1B2B0B822CD15D6C15B0F00A08,IMPHASH=00000000000000000000000000000000\r\nIsExecutable: false",
      "provider": "Microsoft-Windows-Sysmon"
    },
    "@timestamp": "2025-02-19T14:06:10.346000Z",
    "action": {
      "id": 26,
      "properties": {
        "AccountName": "user1",
        "AccountType": "User",
        "Category": "File Delete logged (rule: FileDeleteDetected)",
        "Domain": "example.com",
        "EventType": "INFO",
        "Image": "C:\\Program Files\\Common Files\\Microsoft Shared\\ClickToRun\\OfficeClickToRun.exe",
        "Keywords": "-9223372036854775808",
        "OpcodeValue": 0,
        "ProcessGuid": "{555ee446-df65-413b-9955-2aa8ff894a46}",
        "ProviderGuid": "{5484DFB4-A0D7-4293-A9C6-6592CF89443D}",
        "Severity": "INFO",
        "SourceName": "Microsoft-Windows-Sysmon",
        "TargetFilename": "C:\\Program Files\\Microsoft Office\\Updates\\Detection\\VersionOfficeC2R1BD706D9-DD1F-450E-BD30-CD48ECF4B36B\\v64.hash",
        "Task": "26",
        "User": "DOMAIN\\Syst\u00e8me"
      },
      "record_id": 448394,
      "type": "Microsoft-Windows-Sysmon/Operational"
    },
    "file": {
      "hash": {
        "md5": "098f6bcd4621d373cade4e832627b4f6",
        "sha256": "9f86d081884c7d659a2feaa0c55ad015a3bf4f1b2b0b822cd15d6c15b0f00a08"
      },
      "name": "v64.hash",
      "path": "C:\\Program Files\\Microsoft Office\\Updates\\Detection\\VersionOfficeC2R1BD706D9-DD1F-450E-BD30-CD48ECF4B36B\\v64.hash",
      "pe": {
        "imphash": "00000000000000000000000000000000"
      }
    },
    "host": {
      "hostname": "example",
      "name": "example.local"
    },
    "log": {
      "hostname": "example.local",
      "level": "info"
    },
    "os": {
      "family": "windows",
      "platform": "windows"
    },
    "process": {
      "executable": "C:\\Program Files\\Common Files\\Microsoft Shared\\ClickToRun\\OfficeClickToRun.exe",
      "id": 3912,
      "name": "OfficeClickToRun.exe",
      "pid": 3912,
      "thread": {
        "id": 6796
      },
      "working_directory": "C:\\Program Files\\Common Files\\Microsoft Shared\\ClickToRun\\"
    },
    "related": {
      "hash": [
        "098f6bcd4621d373cade4e832627b4f6",
        "9f86d081884c7d659a2feaa0c55ad015a3bf4f1b2b0b822cd15d6c15b0f00a08"
      ],
      "hosts": [
        "example"
      ],
      "user": [
        "Syst\u00e8me"
      ]
    },
    "rule": {
      "name": "-"
    },
    "user": {
      "domain": "DOMAIN",
      "id": "S-1-5-18",
      "name": "Syst\u00e8me"
    }
  }
}