{
  "input": {
    "message": "{\n   \"EventTime\":\"2024-09-18 10:08:41\",\n   \"Hostname\":\"test\",\n   \"Keywords\":-9214364837600034816,\n   \"EventType\":\"AUDIT_SUCCESS\",\n   \"SeverityValue\":2,\n   \"Severity\":\"INFO\",\n   \"EventID\":6272,\n   \"SourceName\":\"Microsoft-Windows-Security-Auditing\",\n   \"ProviderGuid\":\"{54849625-5478-4994-A5BA-3E3B0328C30D}\",\n   \"Version\":2,\n   \"Task\":12552,\n   \"OpcodeValue\":0,\n   \"RecordNumber\":2324634,\n   \"ActivityID\":\"{9481D23D-07F2-4816-AE0F-1DD10B0E2623}\",\n   \"ProcessID\":672,\n   \"ThreadID\":3752,\n   \"Channel\":\"Security\",\n   \"Message\":\"Le serveur NPS a accord\u00e9 l'acc\u00e8s \u00e0 un utilisateur.\\r\\n\\r\\nUtilisateur :\\r\\n\\tID de s\u00e9curit\u00e9 :\\t\\t\\tS-1-5-21-1144814905-142744507-1539857752-6068\\r\\n\\tNom de compte :\\t\\t\\tadmp000535\\r\\n\\tDomaine de compte :\\t\\t\\tNT01\\r\\n\\tNom de compte complet :\\\\.net/Administrateurs/ITUser/ADMP000535\\r\\n\\r\\nOrdinateur client :\\r\\n\\tID de s\u00e9curit\u00e9 :\\t\\t\\tS-1-0-0\\r\\n\\tNom de compte :\\t\\t\\t-\\r\\n\\tNom de compte complet :\\t-\\r\\n\\tIdentificateur de la station appel\u00e9e :\\t\\t10.79.39.70\\r\\n\\tIdentificateur de la station appelante :\\t\\t10.24.25.25\\r\\n\\r\\nServeur NAS :\\r\\n\\tAdresse IPv4 du serveur NAS :\\t\\t10.79.39.70\\r\\n\\tAdresse IPv6 du serveur NAS :\\t\\t-\\r\\n\\tIdentificateur du serveur NAS :\\t\\t\\t-\\r\\n\\tType de port du serveur NAS :\\t\\t\\tVirtuel\\r\\n\\tPort du serveur NAS :\\t\\t\\t450560\\r\\n\\r\\nClient RADIUS :\\r\\n\\tNom convivial du client :\\t\\tFW01\\r\\n\\tAdresse IP du client :\\t\\t\\t10.79.39.70\\r\\n\\r\\nInformations d\u00e9taill\u00e9es sur l'authentification :\\r\\n\\tNom de strat\u00e9gie de demande de connexion :\\tinterface_admin_reseau\\r\\n\\tNom de strat\u00e9gie r\u00e9seau :\\t\\tFWASA01_Admin\\r\\n\\tFournisseur d'authentification :\\t\\tRADIUS distant vers le mappage utilisateur Windows\\r\\n\\tServeur d'authentification :\\t\\t10.79.48.23\\r\\n\\tType d'authentification :\\t\\t-\\r\\n\\tType EAP :\\t\\t\\t-\\r\\n\\tIdentificateur de la session du compte :\\t\\t-\\r\\n\\tR\u00e9sultats de la journalisation :\\t\\t\\tLes informations de suivi ont \u00e9t\u00e9 inscrites dans le fichier journal local.\\r\\n\",\n   \"Category\":\"Network Policy Server\",\n   \"Opcode\":\"Informations\",\n   \"SubjectUserSid\":\"S-1-5-21-1144814905-142744507-1539857752-6068\",\n   \"SubjectUserName\":\"admp000535\",\n   \"SubjectDomainName\":\"NT01\",\n   \"FullyQualifiedSubjectUserName\":\"test.net/Administrateurs/ITUser/ADMP000535\",\n   \"SubjectMachineSID\":\"S-1-0-0\",\n   \"SubjectMachineName\":\"-\",\n   \"FullyQualifiedSubjectMachineName\":\"-\",\n   \"CalledStationID\":\"10.79.39.70\",\n   \"CallingStationID\":\"10.24.25.25\",\n   \"NASIPv4Address\":\"10.79.39.70\",\n   \"NASIPv6Address\":\"-\",\n   \"NASIdentifier\":\"-\",\n   \"NASPortType\":\"Virtuel\",\n   \"NASPort\":\"450560\",\n   \"ClientName\":\"FW01\",\n   \"ClientIPAddress\":\"10.79.39.70\",\n   \"ProxyPolicyName\":\"interface_admin_reseau\",\n   \"NetworkPolicyName\":\"FWASA01_Admin\",\n   \"AuthenticationProvider\":\"RADIUS distant vers le mappage utilisateur Windows\",\n   \"AuthenticationServer\":\"10.79.48.23\",\n   \"AuthenticationType\":\"-\",\n   \"EAPType\":\"-\",\n   \"AccountSessionIdentifier\":\"-\",\n   \"LoggingResult\":\"Les informations de suivi ont \u00e9t\u00e9 inscrites dans le fichier journal local.\",\n   \"EventReceivedTime\":\"2024-09-18 10:09:24\",\n   \"SourceModuleName\":\"eventlog41\",\n   \"SourceModuleType\":\"im_msvistalog\"\n}"
  },
  "expected": {
    "message": "{\n   \"EventTime\":\"2024-09-18 10:08:41\",\n   \"Hostname\":\"test\",\n   \"Keywords\":-9214364837600034816,\n   \"EventType\":\"AUDIT_SUCCESS\",\n   \"SeverityValue\":2,\n   \"Severity\":\"INFO\",\n   \"EventID\":6272,\n   \"SourceName\":\"Microsoft-Windows-Security-Auditing\",\n   \"ProviderGuid\":\"{54849625-5478-4994-A5BA-3E3B0328C30D}\",\n   \"Version\":2,\n   \"Task\":12552,\n   \"OpcodeValue\":0,\n   \"RecordNumber\":2324634,\n   \"ActivityID\":\"{9481D23D-07F2-4816-AE0F-1DD10B0E2623}\",\n   \"ProcessID\":672,\n   \"ThreadID\":3752,\n   \"Channel\":\"Security\",\n   \"Message\":\"Le serveur NPS a accord\u00e9 l'acc\u00e8s \u00e0 un utilisateur.\\r\\n\\r\\nUtilisateur :\\r\\n\\tID de s\u00e9curit\u00e9 :\\t\\t\\tS-1-5-21-1144814905-142744507-1539857752-6068\\r\\n\\tNom de compte :\\t\\t\\tadmp000535\\r\\n\\tDomaine de compte :\\t\\t\\tNT01\\r\\n\\tNom de compte complet :\\\\.net/Administrateurs/ITUser/ADMP000535\\r\\n\\r\\nOrdinateur client :\\r\\n\\tID de s\u00e9curit\u00e9 :\\t\\t\\tS-1-0-0\\r\\n\\tNom de compte :\\t\\t\\t-\\r\\n\\tNom de compte complet :\\t-\\r\\n\\tIdentificateur de la station appel\u00e9e :\\t\\t10.79.39.70\\r\\n\\tIdentificateur de la station appelante :\\t\\t10.24.25.25\\r\\n\\r\\nServeur NAS :\\r\\n\\tAdresse IPv4 du serveur NAS :\\t\\t10.79.39.70\\r\\n\\tAdresse IPv6 du serveur NAS :\\t\\t-\\r\\n\\tIdentificateur du serveur NAS :\\t\\t\\t-\\r\\n\\tType de port du serveur NAS :\\t\\t\\tVirtuel\\r\\n\\tPort du serveur NAS :\\t\\t\\t450560\\r\\n\\r\\nClient RADIUS :\\r\\n\\tNom convivial du client :\\t\\tFW01\\r\\n\\tAdresse IP du client :\\t\\t\\t10.79.39.70\\r\\n\\r\\nInformations d\u00e9taill\u00e9es sur l'authentification :\\r\\n\\tNom de strat\u00e9gie de demande de connexion :\\tinterface_admin_reseau\\r\\n\\tNom de strat\u00e9gie r\u00e9seau :\\t\\tFWASA01_Admin\\r\\n\\tFournisseur d'authentification :\\t\\tRADIUS distant vers le mappage utilisateur Windows\\r\\n\\tServeur d'authentification :\\t\\t10.79.48.23\\r\\n\\tType d'authentification :\\t\\t-\\r\\n\\tType EAP :\\t\\t\\t-\\r\\n\\tIdentificateur de la session du compte :\\t\\t-\\r\\n\\tR\u00e9sultats de la journalisation :\\t\\t\\tLes informations de suivi ont \u00e9t\u00e9 inscrites dans le fichier journal local.\\r\\n\",\n   \"Category\":\"Network Policy Server\",\n   \"Opcode\":\"Informations\",\n   \"SubjectUserSid\":\"S-1-5-21-1144814905-142744507-1539857752-6068\",\n   \"SubjectUserName\":\"admp000535\",\n   \"SubjectDomainName\":\"NT01\",\n   \"FullyQualifiedSubjectUserName\":\"test.net/Administrateurs/ITUser/ADMP000535\",\n   \"SubjectMachineSID\":\"S-1-0-0\",\n   \"SubjectMachineName\":\"-\",\n   \"FullyQualifiedSubjectMachineName\":\"-\",\n   \"CalledStationID\":\"10.79.39.70\",\n   \"CallingStationID\":\"10.24.25.25\",\n   \"NASIPv4Address\":\"10.79.39.70\",\n   \"NASIPv6Address\":\"-\",\n   \"NASIdentifier\":\"-\",\n   \"NASPortType\":\"Virtuel\",\n   \"NASPort\":\"450560\",\n   \"ClientName\":\"FW01\",\n   \"ClientIPAddress\":\"10.79.39.70\",\n   \"ProxyPolicyName\":\"interface_admin_reseau\",\n   \"NetworkPolicyName\":\"FWASA01_Admin\",\n   \"AuthenticationProvider\":\"RADIUS distant vers le mappage utilisateur Windows\",\n   \"AuthenticationServer\":\"10.79.48.23\",\n   \"AuthenticationType\":\"-\",\n   \"EAPType\":\"-\",\n   \"AccountSessionIdentifier\":\"-\",\n   \"LoggingResult\":\"Les informations de suivi ont \u00e9t\u00e9 inscrites dans le fichier journal local.\",\n   \"EventReceivedTime\":\"2024-09-18 10:09:24\",\n   \"SourceModuleName\":\"eventlog41\",\n   \"SourceModuleType\":\"im_msvistalog\"\n}",
    "event": {
      "code": "6272",
      "message": "Le serveur NPS a accord\u00e9 l'acc\u00e8s \u00e0 un utilisateur.\r\n\r\nUtilisateur :\r\n\tID de s\u00e9curit\u00e9 :\t\t\tS-1-5-21-1144814905-142744507-1539857752-6068\r\n\tNom de compte :\t\t\tadmp000535\r\n\tDomaine de compte :\t\t\tNT01\r\n\tNom de compte complet :\\.net/Administrateurs/ITUser/ADMP000535\r\n\r\nOrdinateur client :\r\n\tID de s\u00e9curit\u00e9 :\t\t\tS-1-0-0\r\n\tNom de compte :\t\t\t-\r\n\tNom de compte complet :\t-\r\n\tIdentificateur de la station appel\u00e9e :\t\t10.79.39.70\r\n\tIdentificateur de la station appelante :\t\t10.24.25.25\r\n\r\nServeur NAS :\r\n\tAdresse IPv4 du serveur NAS :\t\t10.79.39.70\r\n\tAdresse IPv6 du serveur NAS :\t\t-\r\n\tIdentificateur du serveur NAS :\t\t\t-\r\n\tType de port du serveur NAS :\t\t\tVirtuel\r\n\tPort du serveur NAS :\t\t\t450560\r\n\r\nClient RADIUS :\r\n\tNom convivial du client :\t\tFW01\r\n\tAdresse IP du client :\t\t\t10.79.39.70\r\n\r\nInformations d\u00e9taill\u00e9es sur l'authentification :\r\n\tNom de strat\u00e9gie de demande de connexion :\tinterface_admin_reseau\r\n\tNom de strat\u00e9gie r\u00e9seau :\t\tFWASA01_Admin\r\n\tFournisseur d'authentification :\t\tRADIUS distant vers le mappage utilisateur Windows\r\n\tServeur d'authentification :\t\t10.79.48.23\r\n\tType d'authentification :\t\t-\r\n\tType EAP :\t\t\t-\r\n\tIdentificateur de la session du compte :\t\t-\r\n\tR\u00e9sultats de la journalisation :\t\t\tLes informations de suivi ont \u00e9t\u00e9 inscrites dans le fichier journal local.\r\n",
      "outcome": "success",
      "provider": "Microsoft-Windows-Security-Auditing"
    },
    "action": {
      "id": 6272,
      "name": "Network Policy Server granted access to a user",
      "outcome": "success",
      "properties": {
        "AuthenticationProvider": "RADIUS distant vers le mappage utilisateur Windows",
        "AuthenticationServer": "10.79.48.23",
        "AuthenticationType": "-",
        "CallingStationID": "10.24.25.25",
        "Category": "Network Policy Server",
        "ClientIPAddress": "10.79.39.70",
        "ClientName": "FW01",
        "EAPType": "-",
        "EventType": "AUDIT_SUCCESS",
        "Keywords": "-9214364837600034816",
        "NASIdentifier": "-",
        "NASPort": "450560",
        "NASPortType": "Virtuel",
        "NetworkPolicyName": "FWASA01_Admin",
        "OpcodeValue": 0,
        "ProviderGuid": "{54849625-5478-4994-A5BA-3E3B0328C30D}",
        "ProxyPolicyName": "interface_admin_reseau",
        "Severity": "INFO",
        "SourceName": "Microsoft-Windows-Security-Auditing",
        "SubjectDomainName": "NT01",
        "SubjectUserName": "admp000535",
        "SubjectUserSid": "S-1-5-21-1144814905-142744507-1539857752-6068",
        "Task": 12552
      },
      "record_id": 2324634,
      "type": "Security"
    },
    "destination": {
      "address": "test",
      "domain": "test",
      "ip": "10.79.48.23",
      "size_in_char": 4
    },
    "host": {
      "hostname": "test",
      "name": "test"
    },
    "log": {
      "hostname": "test",
      "level": "info"
    },
    "os": {
      "family": "windows",
      "platform": "windows"
    },
    "process": {
      "id": 672,
      "pid": 672,
      "thread": {
        "id": 3752
      }
    },
    "related": {
      "hosts": [
        "test"
      ],
      "ip": [
        "10.24.25.25",
        "10.79.48.23"
      ],
      "user": [
        "admp000535"
      ]
    },
    "source": {
      "address": "10.24.25.25",
      "ip": "10.24.25.25"
    },
    "url": {
      "domain": "test"
    },
    "user": {
      "domain": "NT01",
      "id": "S-1-5-21-1144814905-142744507-1539857752-6068",
      "name": "admp000535"
    }
  }
}