{
  "input": {
    "message": "{\"EventTime\":\"2024-09-18 10:08:41\",\"Hostname\":\"test\",\"Keywords\":-9214364837600034816,\"EventType\":\"AUDIT_SUCCESS\",\"SeverityValue\":2,\"Severity\":\"INFO\",\"EventID\":6272,\"SourceName\":\"Microsoft-Windows-Security-Auditing\",\"ProviderGuid\":\"{54849625-5478-4994-A5BA-3E3B0328C30D}\",\"Version\":2,\"Task\":12552,\"OpcodeValue\":0,\"RecordNumber\":2324634,\"ActivityID\":\"{9481D23D-07F2-4816-AE0F-1DD10B0E2623}\",\"ProcessID\":672,\"ThreadID\":3752,\"Channel\":\"Security\",\"Message\":\"Le serveur NPS a accord\\u00e9 l'acc\\u00e8s \\u00e0 un utilisateur.\\r\\n\\r\\nUtilisateur :\\r\\n\\tID de s\\u00e9curit\\u00e9 :\\t\\t\\tS-1-5-21-1144814905-142744507-1539857752-6068\\r\\n\\tNom de compte :\\t\\t\\tadmp000535\\r\\n\\tDomaine de compte :\\t\\t\\tNT01\\r\\n\\tNom de compte complet :\\\\.net/Administrateurs/ITUser/ADMP000535\\r\\n\\r\\nOrdinateur client :\\r\\n\\tID de s\\u00e9curit\\u00e9 :\\t\\t\\tS-1-0-0\\r\\n\\tNom de compte :\\t\\t\\t-\\r\\n\\tNom de compte complet :\\t-\\r\\n\\tIdentificateur de la station appel\\u00e9e :\\t\\t10.79.39.70\\r\\n\\tIdentificateur de la station appelante :\\t\\t10.24.25.25\\r\\n\\r\\nServeur NAS :\\r\\n\\tAdresse IPv4 du serveur NAS :\\t\\t10.79.39.70\\r\\n\\tAdresse IPv6 du serveur NAS :\\t\\t-\\r\\n\\tIdentificateur du serveur NAS :\\t\\t\\t-\\r\\n\\tType de port du serveur NAS :\\t\\t\\tVirtuel\\r\\n\\tPort du serveur NAS :\\t\\t\\t450560\\r\\n\\r\\nClient RADIUS :\\r\\n\\tNom convivial du client :\\t\\tFW01\\r\\n\\tAdresse IP du client :\\t\\t\\t10.79.39.70\\r\\n\\r\\nInformations d\\u00e9taill\\u00e9es sur l'authentification :\\r\\n\\tNom de strat\\u00e9gie de demande de connexion :\\tinterface_admin_reseau\\r\\n\\tNom de strat\\u00e9gie r\\u00e9seau :\\t\\tFWASA01_Admin\\r\\n\\tFournisseur d'authentification :\\t\\tRADIUS distant vers le mappage utilisateur Windows\\r\\n\\tServeur d'authentification :\\t\\t10.79.48.23\\r\\n\\tType d'authentification :\\t\\t-\\r\\n\\tType EAP :\\t\\t\\t-\\r\\n\\tIdentificateur de la session du compte :\\t\\t-\\r\\n\\tR\\u00e9sultats de la journalisation :\\t\\t\\tLes informations de suivi ont \\u00e9t\\u00e9 inscrites dans le fichier journal local.\\r\\n\",\"Category\":\"Network Policy Server\",\"Opcode\":\"Informations\",\"SubjectUserSid\":\"user1\",\"SubjectUserName\":\"user1\",\"SubjectDomainName\":\"example.com\",\"FullyQualifiedSubjectUserName\":\"test.net/Administrateurs/ITUser/ADMP000535\",\"SubjectMachineSID\":\"S-1-0-0\",\"SubjectMachineName\":\"-\",\"FullyQualifiedSubjectMachineName\":\"-\",\"CalledStationID\":\"10.79.39.70\",\"CallingStationID\":\"10.24.25.25\",\"NASIPv4Address\":\"10.79.39.70\",\"NASIPv6Address\":\"-\",\"NASIdentifier\":\"-\",\"NASPortType\":\"Virtuel\",\"NASPort\":\"450560\",\"ClientName\":\"FW01\",\"ClientIPAddress\":\"10.79.39.70\",\"ProxyPolicyName\":\"interface_admin_reseau\",\"NetworkPolicyName\":\"FWASA01_Admin\",\"AuthenticationProvider\":\"RADIUS distant vers le mappage utilisateur Windows\",\"AuthenticationServer\":\"10.79.48.23\",\"AuthenticationType\":\"-\",\"EAPType\":\"-\",\"AccountSessionIdentifier\":\"-\",\"LoggingResult\":\"Les informations de suivi ont \\u00e9t\\u00e9 inscrites dans le fichier journal local.\",\"EventReceivedTime\":\"2024-09-18 10:09:24\",\"SourceModuleName\":\"eventlog41\",\"SourceModuleType\":\"im_msvistalog\"}"
  },
  "expected": {
    "message": "{\"EventTime\":\"2024-09-18 10:08:41\",\"Hostname\":\"test\",\"Keywords\":-9214364837600034816,\"EventType\":\"AUDIT_SUCCESS\",\"SeverityValue\":2,\"Severity\":\"INFO\",\"EventID\":6272,\"SourceName\":\"Microsoft-Windows-Security-Auditing\",\"ProviderGuid\":\"{54849625-5478-4994-A5BA-3E3B0328C30D}\",\"Version\":2,\"Task\":12552,\"OpcodeValue\":0,\"RecordNumber\":2324634,\"ActivityID\":\"{9481D23D-07F2-4816-AE0F-1DD10B0E2623}\",\"ProcessID\":672,\"ThreadID\":3752,\"Channel\":\"Security\",\"Message\":\"Le serveur NPS a accord\\u00e9 l'acc\\u00e8s \\u00e0 un utilisateur.\\r\\n\\r\\nUtilisateur :\\r\\n\\tID de s\\u00e9curit\\u00e9 :\\t\\t\\tS-1-5-21-1144814905-142744507-1539857752-6068\\r\\n\\tNom de compte :\\t\\t\\tadmp000535\\r\\n\\tDomaine de compte :\\t\\t\\tNT01\\r\\n\\tNom de compte complet :\\\\.net/Administrateurs/ITUser/ADMP000535\\r\\n\\r\\nOrdinateur client :\\r\\n\\tID de s\\u00e9curit\\u00e9 :\\t\\t\\tS-1-0-0\\r\\n\\tNom de compte :\\t\\t\\t-\\r\\n\\tNom de compte complet :\\t-\\r\\n\\tIdentificateur de la station appel\\u00e9e :\\t\\t10.79.39.70\\r\\n\\tIdentificateur de la station appelante :\\t\\t10.24.25.25\\r\\n\\r\\nServeur NAS :\\r\\n\\tAdresse IPv4 du serveur NAS :\\t\\t10.79.39.70\\r\\n\\tAdresse IPv6 du serveur NAS :\\t\\t-\\r\\n\\tIdentificateur du serveur NAS :\\t\\t\\t-\\r\\n\\tType de port du serveur NAS :\\t\\t\\tVirtuel\\r\\n\\tPort du serveur NAS :\\t\\t\\t450560\\r\\n\\r\\nClient RADIUS :\\r\\n\\tNom convivial du client :\\t\\tFW01\\r\\n\\tAdresse IP du client :\\t\\t\\t10.79.39.70\\r\\n\\r\\nInformations d\\u00e9taill\\u00e9es sur l'authentification :\\r\\n\\tNom de strat\\u00e9gie de demande de connexion :\\tinterface_admin_reseau\\r\\n\\tNom de strat\\u00e9gie r\\u00e9seau :\\t\\tFWASA01_Admin\\r\\n\\tFournisseur d'authentification :\\t\\tRADIUS distant vers le mappage utilisateur Windows\\r\\n\\tServeur d'authentification :\\t\\t10.79.48.23\\r\\n\\tType d'authentification :\\t\\t-\\r\\n\\tType EAP :\\t\\t\\t-\\r\\n\\tIdentificateur de la session du compte :\\t\\t-\\r\\n\\tR\\u00e9sultats de la journalisation :\\t\\t\\tLes informations de suivi ont \\u00e9t\\u00e9 inscrites dans le fichier journal local.\\r\\n\",\"Category\":\"Network Policy Server\",\"Opcode\":\"Informations\",\"SubjectUserSid\":\"user1\",\"SubjectUserName\":\"user1\",\"SubjectDomainName\":\"example.com\",\"FullyQualifiedSubjectUserName\":\"test.net/Administrateurs/ITUser/ADMP000535\",\"SubjectMachineSID\":\"S-1-0-0\",\"SubjectMachineName\":\"-\",\"FullyQualifiedSubjectMachineName\":\"-\",\"CalledStationID\":\"10.79.39.70\",\"CallingStationID\":\"10.24.25.25\",\"NASIPv4Address\":\"10.79.39.70\",\"NASIPv6Address\":\"-\",\"NASIdentifier\":\"-\",\"NASPortType\":\"Virtuel\",\"NASPort\":\"450560\",\"ClientName\":\"FW01\",\"ClientIPAddress\":\"10.79.39.70\",\"ProxyPolicyName\":\"interface_admin_reseau\",\"NetworkPolicyName\":\"FWASA01_Admin\",\"AuthenticationProvider\":\"RADIUS distant vers le mappage utilisateur Windows\",\"AuthenticationServer\":\"10.79.48.23\",\"AuthenticationType\":\"-\",\"EAPType\":\"-\",\"AccountSessionIdentifier\":\"-\",\"LoggingResult\":\"Les informations de suivi ont \\u00e9t\\u00e9 inscrites dans le fichier journal local.\",\"EventReceivedTime\":\"2024-09-18 10:09:24\",\"SourceModuleName\":\"eventlog41\",\"SourceModuleType\":\"im_msvistalog\"}",
    "event": {
      "code": "6272",
      "message": "Le serveur NPS a accord\u00e9 l'acc\u00e8s \u00e0 un utilisateur.\r\n\r\nUtilisateur :\r\n\tID de s\u00e9curit\u00e9 :\t\t\tS-1-5-21-1144814905-142744507-1539857752-6068\r\n\tNom de compte :\t\t\tadmp000535\r\n\tDomaine de compte :\t\t\tNT01\r\n\tNom de compte complet :\\.net/Administrateurs/ITUser/ADMP000535\r\n\r\nOrdinateur client :\r\n\tID de s\u00e9curit\u00e9 :\t\t\tS-1-0-0\r\n\tNom de compte :\t\t\t-\r\n\tNom de compte complet :\t-\r\n\tIdentificateur de la station appel\u00e9e :\t\t10.79.39.70\r\n\tIdentificateur de la station appelante :\t\t10.24.25.25\r\n\r\nServeur NAS :\r\n\tAdresse IPv4 du serveur NAS :\t\t10.79.39.70\r\n\tAdresse IPv6 du serveur NAS :\t\t-\r\n\tIdentificateur du serveur NAS :\t\t\t-\r\n\tType de port du serveur NAS :\t\t\tVirtuel\r\n\tPort du serveur NAS :\t\t\t450560\r\n\r\nClient RADIUS :\r\n\tNom convivial du client :\t\tFW01\r\n\tAdresse IP du client :\t\t\t10.79.39.70\r\n\r\nInformations d\u00e9taill\u00e9es sur l'authentification :\r\n\tNom de strat\u00e9gie de demande de connexion :\tinterface_admin_reseau\r\n\tNom de strat\u00e9gie r\u00e9seau :\t\tFWASA01_Admin\r\n\tFournisseur d'authentification :\t\tRADIUS distant vers le mappage utilisateur Windows\r\n\tServeur d'authentification :\t\t10.79.48.23\r\n\tType d'authentification :\t\t-\r\n\tType EAP :\t\t\t-\r\n\tIdentificateur de la session du compte :\t\t-\r\n\tR\u00e9sultats de la journalisation :\t\t\tLes informations de suivi ont \u00e9t\u00e9 inscrites dans le fichier journal local.\r\n",
      "outcome": "success",
      "provider": "Microsoft-Windows-Security-Auditing"
    },
    "action": {
      "id": 6272,
      "name": "Network Policy Server granted access to a user",
      "outcome": "success",
      "properties": {
        "AuthenticationProvider": "RADIUS distant vers le mappage utilisateur Windows",
        "AuthenticationServer": "10.79.48.23",
        "AuthenticationType": "-",
        "CallingStationID": "10.24.25.25",
        "Category": "Network Policy Server",
        "ClientIPAddress": "10.79.39.70",
        "ClientName": "FW01",
        "EAPType": "-",
        "EventType": "AUDIT_SUCCESS",
        "Keywords": "-9214364837600034816",
        "NASIdentifier": "-",
        "NASPort": "450560",
        "NASPortType": "Virtuel",
        "NetworkPolicyName": "FWASA01_Admin",
        "OpcodeValue": 0,
        "ProviderGuid": "{54849625-5478-4994-A5BA-3E3B0328C30D}",
        "ProxyPolicyName": "interface_admin_reseau",
        "Severity": "INFO",
        "SourceName": "Microsoft-Windows-Security-Auditing",
        "SubjectDomainName": "NT01",
        "SubjectUserName": "user1",
        "SubjectUserSid": "00000000-0000-0000-0000-000000000000",
        "Task": 12552
      },
      "record_id": 2324634,
      "type": "Security"
    },
    "destination": {
      "address": "10.79.48.23",
      "ip": "10.79.48.23"
    },
    "host": {
      "hostname": "test",
      "name": "test"
    },
    "log": {
      "hostname": "test",
      "level": "info"
    },
    "os": {
      "family": "windows",
      "platform": "windows"
    },
    "process": {
      "id": 672,
      "pid": 672,
      "thread": {
        "id": 3752
      }
    },
    "related": {
      "hosts": [
        "test"
      ],
      "ip": [
        "10.24.25.25",
        "10.79.48.23"
      ],
      "user": [
        "admp000535"
      ]
    },
    "source": {
      "address": "10.24.25.25",
      "ip": "10.24.25.25"
    },
    "user": {
      "domain": "example.com",
      "id": "00000000-0000-0000-0000-000000000000",
      "name": "user1"
    }
  }
}