{
  "input": {
    "message": "{\"EventTime\":\"2023-10-26 12:34:55\",\"Hostname\":\"hostname.example.org\",\"Keywords\":-9214364837600034816,\"EventType\":\"AUDIT_SUCCESS\",\"SeverityValue\":2,\"Severity\":\"INFO\",\"EventID\":5136,\"SourceName\":\"Microsoft-Windows-Security-Auditing\",\"ProviderGuid\":\"{54849625-5478-4994-A5BA-3E3B0328C30D}\",\"Version\":0,\"Task\":14081,\"OpcodeValue\":0,\"RecordNumber\":3509403758,\"ProcessID\":724,\"ThreadID\":868,\"Channel\":\"Security\",\"Message\":\"Un objet du service d\\u2019annuaire a \\u00e9t\\u00e9 modifi\\u00e9.\\r\\n\\t\\r\\nSujet :\\r\\n\\tID de s\\u00e9curit\\u00e9 :\\t\\tS-1-5-18\\r\\n\\tNom du compte :\\t\\tSyst\\u00e8me\\r\\n\\tDomaine du compte :\\t\\tAUTORITE NT\\r\\n\\tID d\\u2019ouverture de session :\\t\\t0x16CDFB96\\r\\n\\r\\nService d\\u2019annuaire :\\r\\n\\tNom :\\texample.org\\r\\n\\tType :\\tServices de domaine Active Directory\\r\\n\\t\\r\\nObjet :\\r\\n\\tDN :\\tDC=dhcp,DC=example.org,cn=MicrosoftDNS,cn=System,DC=example,DC=org\\r\\n\\tGUID :\\t{2b7f344c-843a-4056-b411-7114b87974a4}\\r\\n\\tClasse :\\tdnsNode\\r\\n\\t\\r\\nAttribut :\\r\\n\\tNom complet LDAP :\\tdNSTombstoned\\r\\n\\tSyntaxe (OID) :\\t2.5.5.8\\r\\n\\tValeur :\\tFALSE\\r\\n\\t\\r\\nOp\\u00e9ration :\\r\\n\\tType :\\tFinance\\r\\n\\tID de corr\\u00e9lation :\\t{0d91bb0f-05ef-470e-9ba3-ecd9be52703c}\\r\\n\\tID de corr\\u00e9lation d\\u2019application :\\t-\",\"Category\":\"Directory Service Changes\",\"Opcode\":\"Informations\",\"OpCorrelationID\":\"{0d91bb0f-05ef-470e-9ba3-ecd9be52703c}\",\"AppCorrelationID\":\"-\",\"SubjectUserSid\":\"S-1-5-18\",\"SubjectUserName\":\"user1\",\"SubjectDomainName\":\"example.com\",\"SubjectLogonId\":\"0x16cdfb96\",\"DSName\":\"example.org\",\"DSType\":\"%%14676\",\"ObjectDN\":\"DC=dhcp,DC=example.org,cn=MicrosoftDNS,cn=System,DC=example,DC=org\",\"ObjectGUID\":\"{2b7f344c-843a-4056-b411-7114b87974a4}\",\"ObjectClass\":\"dnsNode\",\"AttributeLDAPDisplayName\":\"dNSTombstoned\",\"AttributeSyntaxOID\":\"2.5.5.8\",\"AttributeValue\":\"FALSE\",\"OperationType\":\"%%14674\",\"EventReceivedTime\":\"2023-10-26 12:34:56\",\"SourceModuleName\":\"eventlog3\",\"SourceModuleType\":\"im_msvistalog\"}"
  },
  "expected": {
    "message": "{\"EventTime\":\"2023-10-26 12:34:55\",\"Hostname\":\"hostname.example.org\",\"Keywords\":-9214364837600034816,\"EventType\":\"AUDIT_SUCCESS\",\"SeverityValue\":2,\"Severity\":\"INFO\",\"EventID\":5136,\"SourceName\":\"Microsoft-Windows-Security-Auditing\",\"ProviderGuid\":\"{54849625-5478-4994-A5BA-3E3B0328C30D}\",\"Version\":0,\"Task\":14081,\"OpcodeValue\":0,\"RecordNumber\":3509403758,\"ProcessID\":724,\"ThreadID\":868,\"Channel\":\"Security\",\"Message\":\"Un objet du service d\\u2019annuaire a \\u00e9t\\u00e9 modifi\\u00e9.\\r\\n\\t\\r\\nSujet :\\r\\n\\tID de s\\u00e9curit\\u00e9 :\\t\\tS-1-5-18\\r\\n\\tNom du compte :\\t\\tSyst\\u00e8me\\r\\n\\tDomaine du compte :\\t\\tAUTORITE NT\\r\\n\\tID d\\u2019ouverture de session :\\t\\t0x16CDFB96\\r\\n\\r\\nService d\\u2019annuaire :\\r\\n\\tNom :\\texample.org\\r\\n\\tType :\\tServices de domaine Active Directory\\r\\n\\t\\r\\nObjet :\\r\\n\\tDN :\\tDC=dhcp,DC=example.org,cn=MicrosoftDNS,cn=System,DC=example,DC=org\\r\\n\\tGUID :\\t{2b7f344c-843a-4056-b411-7114b87974a4}\\r\\n\\tClasse :\\tdnsNode\\r\\n\\t\\r\\nAttribut :\\r\\n\\tNom complet LDAP :\\tdNSTombstoned\\r\\n\\tSyntaxe (OID) :\\t2.5.5.8\\r\\n\\tValeur :\\tFALSE\\r\\n\\t\\r\\nOp\\u00e9ration :\\r\\n\\tType :\\tFinance\\r\\n\\tID de corr\\u00e9lation :\\t{0d91bb0f-05ef-470e-9ba3-ecd9be52703c}\\r\\n\\tID de corr\\u00e9lation d\\u2019application :\\t-\",\"Category\":\"Directory Service Changes\",\"Opcode\":\"Informations\",\"OpCorrelationID\":\"{0d91bb0f-05ef-470e-9ba3-ecd9be52703c}\",\"AppCorrelationID\":\"-\",\"SubjectUserSid\":\"S-1-5-18\",\"SubjectUserName\":\"user1\",\"SubjectDomainName\":\"example.com\",\"SubjectLogonId\":\"0x16cdfb96\",\"DSName\":\"example.org\",\"DSType\":\"%%14676\",\"ObjectDN\":\"DC=dhcp,DC=example.org,cn=MicrosoftDNS,cn=System,DC=example,DC=org\",\"ObjectGUID\":\"{2b7f344c-843a-4056-b411-7114b87974a4}\",\"ObjectClass\":\"dnsNode\",\"AttributeLDAPDisplayName\":\"dNSTombstoned\",\"AttributeSyntaxOID\":\"2.5.5.8\",\"AttributeValue\":\"FALSE\",\"OperationType\":\"%%14674\",\"EventReceivedTime\":\"2023-10-26 12:34:56\",\"SourceModuleName\":\"eventlog3\",\"SourceModuleType\":\"im_msvistalog\"}",
    "event": {
      "code": "5136",
      "message": "Un objet du service d\u2019annuaire a \u00e9t\u00e9 modifi\u00e9.\r\n\t\r\nSujet :\r\n\tID de s\u00e9curit\u00e9 :\t\tS-1-5-18\r\n\tNom du compte :\t\tSyst\u00e8me\r\n\tDomaine du compte :\t\tAUTORITE NT\r\n\tID d\u2019ouverture de session :\t\t0x16CDFB96\r\n\r\nService d\u2019annuaire :\r\n\tNom :\texample.org\r\n\tType :\tServices de domaine Active Directory\r\n\t\r\nObjet :\r\n\tDN :\tDC=dhcp,DC=example.org,cn=MicrosoftDNS,cn=System,DC=example,DC=org\r\n\tGUID :\t{2b7f344c-843a-4056-b411-7114b87974a4}\r\n\tClasse :\tdnsNode\r\n\t\r\nAttribut :\r\n\tNom complet LDAP :\tdNSTombstoned\r\n\tSyntaxe (OID) :\t2.5.5.8\r\n\tValeur :\tFALSE\r\n\t\r\nOp\u00e9ration :\r\n\tType :\tFinance\r\n\tID de corr\u00e9lation :\t{0d91bb0f-05ef-470e-9ba3-ecd9be52703c}\r\n\tID de corr\u00e9lation d\u2019application :\t-",
      "outcome": "success",
      "provider": "Microsoft-Windows-Security-Auditing"
    },
    "action": {
      "id": 5136,
      "name": "A directory service object was modified",
      "outcome": "success",
      "properties": {
        "AttributeLDAPDisplayName": "dNSTombstoned",
        "AttributeSyntaxOID": "2.5.5.8",
        "AttributeValue": "FALSE",
        "Category": "Directory Service Changes",
        "EventType": "AUDIT_SUCCESS",
        "Keywords": "-9214364837600034816",
        "ObjectClass": "dnsNode",
        "ObjectDN": "DC=dhcp,DC=example.org,cn=MicrosoftDNS,cn=System,DC=example,DC=org",
        "ObjectGUID": "{2b7f344c-843a-4056-b411-7114b87974a4}",
        "OpcodeValue": 0,
        "OperationType": "%%14674",
        "ProviderGuid": "{54849625-5478-4994-A5BA-3E3B0328C30D}",
        "Severity": "INFO",
        "SourceName": "Microsoft-Windows-Security-Auditing",
        "SubjectDomainName": "example.com",
        "SubjectLogonId": "0x16cdfb96",
        "SubjectUserName": "user1",
        "SubjectUserSid": "S-1-5-18",
        "Task": 14081
      },
      "record_id": 3509403758,
      "type": "Security"
    },
    "host": {
      "hostname": "hostname",
      "name": "hostname.example.org"
    },
    "log": {
      "hostname": "hostname.example.org",
      "level": "info"
    },
    "os": {
      "family": "windows",
      "platform": "windows"
    },
    "process": {
      "id": 724,
      "pid": 724,
      "thread": {
        "id": 868
      }
    },
    "related": {
      "hosts": [
        "hostname"
      ],
      "user": [
        "user1"
      ]
    },
    "user": {
      "domain": "example.com",
      "id": "S-1-5-18",
      "name": "user1"
    }
  }
}