{
  "input": {
    "message": "{\"EventTime\": \"2023-08-22 09:46:33\", \"Hostname\": \"hostname.example.org\", \"Keywords\": 36028797018963968, \"EventType\": \"WARNING\", \"SeverityValue\": 3, \"Severity\": \"WARNING\", \"EventID\": 39, \"SourceName\": \"Microsoft-Windows-Kerberos-Key-Distribution-Center\", \"ProviderGuid\": \"{3FD9DA1A-5A54-46C5-9A26-9BD7C0685056}\", \"Version\": 0, \"Task\": 0, \"OpcodeValue\": 0, \"RecordNumber\": 1673393, \"ProcessID\": 0, \"ThreadID\": 0, \"Channel\": \"System\", \"Message\": \"Le centre de distribution de cl\\u00e9s (KDC) a rencontr\\u00e9 un certificat utilisateur valide mais qui n\\u2019a pas pu \\u00eatre mapp\\u00e9 \\u00e0 un utilisateur de mani\\u00e8re s\\u00e9curis\\u00e9e (par exemple via un mappage explicite, un mappage d\\u2019approbation de cl\\u00e9 ou un SID). Ces certificats doivent \\u00eatre remplac\\u00e9s ou mapp\\u00e9s directement \\u00e0 l\\u2019utilisateur via un mappage explicite. Consultez https://go.microsoft.com/fwlink/?linkid=2189925 pour en savoir plus.\\r\\n\\r\\n  Utilisateur : JDOE\\r\\n  Sujet du certificat :\\u00e9metteur de certificat  @@@OID.0.9.2342.19200300.100.1.1=JDOE, CN=JOHN DOE, OU=1111 222222222, O=EXAMPLE, C=FR\\r\\n  :num\\u00e9ro de s\\u00e9rie du certificat  EXAMPLE_ORG_Authentification\\r\\n  :empreinte de certificat  78F88CB45C07B31EC7CF2239\\r\\n  : A519392EE6D0CB8C3C1F9D74F951A4A8299F8889\\r\\n\", \"AccountName\": \"JDOE\", \"Subject\": \"@@@OID.0.9.2342.19200300.100.1.1=JDOE, CN=JOHN DOE, OU=1111 222222222, O=EXAMPLE, C=FR\", \"Issuer\": \"EXAMPLE_ORG_Authentification\", \"SerialNumber\": \"78F88CB45C07B31EC7CF2239\", \"Thumbprint\": \"A519392EE6D0CB8C3C1F9D74F951A4A8299F8889\", \"EventReceivedTime\": \"2023-08-22 09:46:34\", \"SourceModuleName\": \"eventlog\", \"SourceModuleType\": \"im_msvistalog\"}"
  },
  "expected": {
    "message": "{\"EventTime\": \"2023-08-22 09:46:33\", \"Hostname\": \"hostname.example.org\", \"Keywords\": 36028797018963968, \"EventType\": \"WARNING\", \"SeverityValue\": 3, \"Severity\": \"WARNING\", \"EventID\": 39, \"SourceName\": \"Microsoft-Windows-Kerberos-Key-Distribution-Center\", \"ProviderGuid\": \"{3FD9DA1A-5A54-46C5-9A26-9BD7C0685056}\", \"Version\": 0, \"Task\": 0, \"OpcodeValue\": 0, \"RecordNumber\": 1673393, \"ProcessID\": 0, \"ThreadID\": 0, \"Channel\": \"System\", \"Message\": \"Le centre de distribution de cl\\u00e9s (KDC) a rencontr\\u00e9 un certificat utilisateur valide mais qui n\\u2019a pas pu \\u00eatre mapp\\u00e9 \\u00e0 un utilisateur de mani\\u00e8re s\\u00e9curis\\u00e9e (par exemple via un mappage explicite, un mappage d\\u2019approbation de cl\\u00e9 ou un SID). Ces certificats doivent \\u00eatre remplac\\u00e9s ou mapp\\u00e9s directement \\u00e0 l\\u2019utilisateur via un mappage explicite. Consultez https://go.microsoft.com/fwlink/?linkid=2189925 pour en savoir plus.\\r\\n\\r\\n  Utilisateur : JDOE\\r\\n  Sujet du certificat :\\u00e9metteur de certificat  @@@OID.0.9.2342.19200300.100.1.1=JDOE, CN=JOHN DOE, OU=1111 222222222, O=EXAMPLE, C=FR\\r\\n  :num\\u00e9ro de s\\u00e9rie du certificat  EXAMPLE_ORG_Authentification\\r\\n  :empreinte de certificat  78F88CB45C07B31EC7CF2239\\r\\n  : A519392EE6D0CB8C3C1F9D74F951A4A8299F8889\\r\\n\", \"AccountName\": \"JDOE\", \"Subject\": \"@@@OID.0.9.2342.19200300.100.1.1=JDOE, CN=JOHN DOE, OU=1111 222222222, O=EXAMPLE, C=FR\", \"Issuer\": \"EXAMPLE_ORG_Authentification\", \"SerialNumber\": \"78F88CB45C07B31EC7CF2239\", \"Thumbprint\": \"A519392EE6D0CB8C3C1F9D74F951A4A8299F8889\", \"EventReceivedTime\": \"2023-08-22 09:46:34\", \"SourceModuleName\": \"eventlog\", \"SourceModuleType\": \"im_msvistalog\"}",
    "event": {
      "code": "39",
      "message": "Le centre de distribution de cl\u00e9s (KDC) a rencontr\u00e9 un certificat utilisateur valide mais qui n\u2019a pas pu \u00eatre mapp\u00e9 \u00e0 un utilisateur de mani\u00e8re s\u00e9curis\u00e9e (par exemple via un mappage explicite, un mappage d\u2019approbation de cl\u00e9 ou un SID). Ces certificats doivent \u00eatre remplac\u00e9s ou mapp\u00e9s directement \u00e0 l\u2019utilisateur via un mappage explicite. Consultez https://go.microsoft.com/fwlink/?linkid=2189925 pour en savoir plus.\r\n\r\n  Utilisateur : JDOE\r\n  Sujet du certificat :\u00e9metteur de certificat  @@@OID.0.9.2342.19200300.100.1.1=JDOE, CN=JOHN DOE, OU=1111 222222222, O=EXAMPLE, C=FR\r\n  :num\u00e9ro de s\u00e9rie du certificat  EXAMPLE_ORG_Authentification\r\n  :empreinte de certificat  78F88CB45C07B31EC7CF2239\r\n  : A519392EE6D0CB8C3C1F9D74F951A4A8299F8889\r\n",
      "provider": "Microsoft-Windows-Kerberos-Key-Distribution-Center"
    },
    "action": {
      "id": 39,
      "properties": {
        "AccountName": "JDOE",
        "EventType": "WARNING",
        "Issuer": "EXAMPLE_ORG_Authentification",
        "Keywords": "36028797018963968",
        "OpcodeValue": 0,
        "ProviderGuid": "{3FD9DA1A-5A54-46C5-9A26-9BD7C0685056}",
        "Severity": "WARNING",
        "SourceName": "Microsoft-Windows-Kerberos-Key-Distribution-Center",
        "Subject": "@@@OID.0.9.2342.19200300.100.1.1=JDOE, CN=JOHN DOE, OU=1111 222222222, O=EXAMPLE, C=FR",
        "Task": "0"
      },
      "record_id": 1673393,
      "type": "System"
    },
    "host": {
      "hostname": "hostname",
      "name": "hostname.example.org"
    },
    "log": {
      "hostname": "hostname.example.org",
      "level": "warning"
    },
    "os": {
      "family": "windows",
      "platform": "windows"
    },
    "process": {
      "id": 0,
      "pid": 0,
      "thread": {
        "id": 0
      }
    },
    "related": {
      "hosts": [
        "hostname"
      ],
      "user": [
        "JDOE"
      ]
    },
    "user": {
      "domain": "hostname.example.org",
      "name": "JDOE"
    }
  }
}