{
  "input": {
    "message": "{\"EventTime\":\"2023-07-27 12:58:38\",\"Hostname\":\"local.example.org\",\"Keywords\":-9223372036854775808,\"EventType\":\"INFO\",\"SeverityValue\":2,\"Severity\":\"INFO\",\"EventID\":1117,\"SourceName\":\"Microsoft-Windows-Windows Defender\",\"ProviderGuid\":\"{11CD958A-C507-4EF3-B3F2-5FD9DFBD2C78}\",\"Version\":0,\"Task\":0,\"OpcodeValue\":0,\"RecordNumber\":11190,\"ActivityID\":\"{0E8E4EFB-F7EC-487F-BE78-82B11D0D3DB7}\",\"ProcessID\":12848,\"ThreadID\":11792,\"Channel\":\"Microsoft-Windows-Windows Defender/Operational\",\"Domain\":\"example.com\",\"AccountName\":\"SYSTEM\",\"UserID\":\"S-1-5-18\",\"AccountType\":\"User\",\"Product Name\":\"Microsoft Defender Antivirus\",\"Product Version\":\"4.18.23050.9\",\"Detection ID\":\"{FEEEC80B-1F6D-4B88-81F9-19C54AF3F889}\",\"Detection Time\":\"2023-07-27T10:58:19.035Z\",\"Threat ID\":\"2147780199\",\"Threat Name\":\"Trojan:Script/Sabsik.FL.A!ml\",\"Severity ID\":\"5\",\"Severity Name\":\"Severe\",\"Category ID\":\"8\",\"Category Name\":\"Trojan\",\"FWLink\":\"https://go.microsoft.com/fwlink/?linkid=37020&amp;name=Trojan:Script/Sabsik.FL.A!ml&amp;threatid=2147780199&amp;enterprise=0\",\"Status Code\":\"3\",\"State\":\"2\",\"Source ID\":\"2\",\"Source Name\":\"System\",\"Process Name\":\"C:\\\\Program Files\\\\Cybereason ActiveProbe\\\\minionhost.exe\",\"Detection User\":\"NT AUTHORITY\\\\SYSTEM\",\"Path\":\"file:_C:\\\\Users\\\\john-doe\\\\AppData\\\\Local\\\\Microsoft\\\\Edge\\\\User Data\\\\Default\\\\Cache\\\\Cache_Data\\\\f_221f56\",\"Origin ID\":\"1\",\"Origin Name\":\"Local machine\",\"Execution ID\":\"1\",\"Execution Name\":\"Suspended\",\"Type ID\":\"8\",\"Type Name\":\"FastPath\",\"Pre Execution Status\":\"0\",\"Action ID\":\"2\",\"Action Name\":\"Quarantine\",\"Error Code\":\"0x00000000\",\"Error Description\":\"The operation completed successfully. \",\"Post Clean Status\":\"0\",\"Additional Actions ID\":\"0\",\"Additional Actions String\":\"No additional actions required\",\"Remediation User\":\"NT AUTHORITY\\\\SYSTEM\",\"Security intelligence Version\":\"AV: 1.393.1459.0, AS: 1.393.1459.0, NIS: 1.393.1459.0\",\"Engine Version\":\"AM: 1.1.23060.1005, NIS: 1.1.23060.1005\",\"EventReceivedTime\":\"2023-07-27 13:03:23\",\"SourceModuleName\":\"in\",\"SourceModuleType\":\"im_msvistalog\"}"
  },
  "expected": {
    "message": "{\"EventTime\":\"2023-07-27 12:58:38\",\"Hostname\":\"local.example.org\",\"Keywords\":-9223372036854775808,\"EventType\":\"INFO\",\"SeverityValue\":2,\"Severity\":\"INFO\",\"EventID\":1117,\"SourceName\":\"Microsoft-Windows-Windows Defender\",\"ProviderGuid\":\"{11CD958A-C507-4EF3-B3F2-5FD9DFBD2C78}\",\"Version\":0,\"Task\":0,\"OpcodeValue\":0,\"RecordNumber\":11190,\"ActivityID\":\"{0E8E4EFB-F7EC-487F-BE78-82B11D0D3DB7}\",\"ProcessID\":12848,\"ThreadID\":11792,\"Channel\":\"Microsoft-Windows-Windows Defender/Operational\",\"Domain\":\"example.com\",\"AccountName\":\"SYSTEM\",\"UserID\":\"S-1-5-18\",\"AccountType\":\"User\",\"Product Name\":\"Microsoft Defender Antivirus\",\"Product Version\":\"4.18.23050.9\",\"Detection ID\":\"{FEEEC80B-1F6D-4B88-81F9-19C54AF3F889}\",\"Detection Time\":\"2023-07-27T10:58:19.035Z\",\"Threat ID\":\"2147780199\",\"Threat Name\":\"Trojan:Script/Sabsik.FL.A!ml\",\"Severity ID\":\"5\",\"Severity Name\":\"Severe\",\"Category ID\":\"8\",\"Category Name\":\"Trojan\",\"FWLink\":\"https://go.microsoft.com/fwlink/?linkid=37020&amp;name=Trojan:Script/Sabsik.FL.A!ml&amp;threatid=2147780199&amp;enterprise=0\",\"Status Code\":\"3\",\"State\":\"2\",\"Source ID\":\"2\",\"Source Name\":\"System\",\"Process Name\":\"C:\\\\Program Files\\\\Cybereason ActiveProbe\\\\minionhost.exe\",\"Detection User\":\"NT AUTHORITY\\\\SYSTEM\",\"Path\":\"file:_C:\\\\Users\\\\john-doe\\\\AppData\\\\Local\\\\Microsoft\\\\Edge\\\\User Data\\\\Default\\\\Cache\\\\Cache_Data\\\\f_221f56\",\"Origin ID\":\"1\",\"Origin Name\":\"Local machine\",\"Execution ID\":\"1\",\"Execution Name\":\"Suspended\",\"Type ID\":\"8\",\"Type Name\":\"FastPath\",\"Pre Execution Status\":\"0\",\"Action ID\":\"2\",\"Action Name\":\"Quarantine\",\"Error Code\":\"0x00000000\",\"Error Description\":\"The operation completed successfully. \",\"Post Clean Status\":\"0\",\"Additional Actions ID\":\"0\",\"Additional Actions String\":\"No additional actions required\",\"Remediation User\":\"NT AUTHORITY\\\\SYSTEM\",\"Security intelligence Version\":\"AV: 1.393.1459.0, AS: 1.393.1459.0, NIS: 1.393.1459.0\",\"Engine Version\":\"AM: 1.1.23060.1005, NIS: 1.1.23060.1005\",\"EventReceivedTime\":\"2023-07-27 13:03:23\",\"SourceModuleName\":\"in\",\"SourceModuleType\":\"im_msvistalog\"}",
    "event": {
      "code": "1117",
      "provider": "Microsoft-Windows-Windows Defender"
    },
    "action": {
      "id": 1117,
      "properties": {
        "AccountName": "SYSTEM",
        "AccountType": "User",
        "AdditionalActionsID": "0",
        "AdditionalActionsString": "No additional actions required",
        "DetectionUser": "NT AUTHORITY\\SYSTEM",
        "Domain": "example.com",
        "ErrorCode": "0x00000000",
        "EventType": "INFO",
        "Execution Name": "Suspended",
        "Keywords": "-9223372036854775808",
        "OpcodeValue": 0,
        "Path": "file:_C:\\Users\\john-doe\\AppData\\Local\\Microsoft\\Edge\\User Data\\Default\\Cache\\Cache_Data\\f_221f56",
        "ProcessName": "C:\\Program Files\\Cybereason ActiveProbe\\minionhost.exe",
        "ProviderGuid": "{11CD958A-C507-4EF3-B3F2-5FD9DFBD2C78}",
        "Severity": "INFO",
        "SourceName": "Microsoft-Windows-Windows Defender",
        "Task": "0",
        "ThreatName": "Trojan:Script/Sabsik.FL.A!ml"
      },
      "record_id": 11190,
      "type": "Microsoft-Windows-Windows Defender/Operational"
    },
    "host": {
      "hostname": "local",
      "name": "local.example.org"
    },
    "log": {
      "hostname": "local.example.org",
      "level": "info"
    },
    "os": {
      "family": "windows",
      "platform": "windows"
    },
    "process": {
      "id": 12848,
      "pid": 12848,
      "thread": {
        "id": 11792
      }
    },
    "related": {
      "hosts": [
        "local"
      ],
      "user": [
        "SYSTEM"
      ]
    },
    "user": {
      "domain": "example.com",
      "id": "S-1-5-18",
      "name": "SYSTEM"
    }
  }
}