{
  "input": {
    "message": "{\"EventTime\": \"2026-04-10 18:42:08\", \"Hostname\": \"host.example.com\", \"Keywords\": -9214364837600034816, \"EventType\": \"AUDIT_SUCCESS\", \"SeverityValue\": 2, \"Severity\": \"INFO\", \"EventID\": 4886, \"SourceName\": \"Microsoft-Windows-Security-Auditing\", \"ProviderGuid\": \"{22222222-2222-2222-2222-222222222222}\", \"Version\": 1, \"Task\": 12805, \"OpcodeValue\": 0, \"RecordNumber\": 12909481, \"ActivityID\": \"{11111111-1111-1111-1111-111111111111}\", \"ProcessID\": 920, \"ThreadID\": 44824, \"Channel\": \"Security\", \"Message\": \"Certificate Services received a certificate request.\\r\\n\\t\\r\\nRequest ID:\\t4447384\\r\\nRequester:\\tJDOE\\\\User1\\r\\nAttributes:\\t\\nccm:EXAMPLE.jdoe.example\\r\\nSubject from CSR:\\tCN=EXAMPLE, OU=EVR, OU=Servers, OU=FR, OU=FRANCE, OU=Example, DC=jdoe, DC=example\\r\\nSubject Alternative Name from CSR:\\r\\n\\r\\nRequested Template:\\tNDSEClient\\r\\nRequestOSVersion:\\t6.2.9200.2\\r\\nRequestCSPProvider:\\tMicrosoft Strong Cryptographic Provider\\r\\nRequestClientInfo:\\t\\n\\tClientId: 0x5\\n\\tUser: host.example.com\\\\User1\\n\\tMachine: EXAMPLE.jdoe.example\\n\\tProcess: Some.Process.exe\\r\\nAuthentication Service:\\tKerberos\\r\\nAuthentication Level:\\tPrivacy\\r\\nDCOMorRPC:\\t\\tDCOM\", \"Category\": \"Certification Services\", \"Opcode\": \"Info\", \"RequestId\": \"4447384\", \"Requester\": \"host.example.com\\\\User1\", \"Attributes\": \"\\nccm:EXAMPLE.jdoe.example\", \"Subject\": \"CN=EXAMPLE, OU=EVR, OU=Servers, OU=FR, OU=FRANCE, OU=Example, DC=jdoe, DC=example\", \"CertificateTemplate\": \"NDSEClient\", \"RequestOSVersion\": \"6.2.9200.2\", \"RequestCSPProvider\": \"Microsoft Strong Cryptographic Provider\", \"RequestClientInfo\": \"\\n\\tClientId: 0x5\\n\\tUser: host.example.com\\\\User1\\n\\tMachine: EXAMPLE.jdoe.example\\n\\tProcess: Some.Process.exe\", \"AuthenticationService\": \"Kerberos\", \"AuthenticationLevel\": \"Privacy\", \"DCOMorRPC\": \"DCOM\", \"EventReceivedTime\": \"2026-04-10 18:42:09\", \"SourceModuleName\": \"SecurityLog\", \"SourceModuleType\": \"im_msvistalog\"}"
  },
  "expected": {
    "message": "{\"EventTime\": \"2026-04-10 18:42:08\", \"Hostname\": \"host.example.com\", \"Keywords\": -9214364837600034816, \"EventType\": \"AUDIT_SUCCESS\", \"SeverityValue\": 2, \"Severity\": \"INFO\", \"EventID\": 4886, \"SourceName\": \"Microsoft-Windows-Security-Auditing\", \"ProviderGuid\": \"{22222222-2222-2222-2222-222222222222}\", \"Version\": 1, \"Task\": 12805, \"OpcodeValue\": 0, \"RecordNumber\": 12909481, \"ActivityID\": \"{11111111-1111-1111-1111-111111111111}\", \"ProcessID\": 920, \"ThreadID\": 44824, \"Channel\": \"Security\", \"Message\": \"Certificate Services received a certificate request.\\r\\n\\t\\r\\nRequest ID:\\t4447384\\r\\nRequester:\\tJDOE\\\\User1\\r\\nAttributes:\\t\\nccm:EXAMPLE.jdoe.example\\r\\nSubject from CSR:\\tCN=EXAMPLE, OU=EVR, OU=Servers, OU=FR, OU=FRANCE, OU=Example, DC=jdoe, DC=example\\r\\nSubject Alternative Name from CSR:\\r\\n\\r\\nRequested Template:\\tNDSEClient\\r\\nRequestOSVersion:\\t6.2.9200.2\\r\\nRequestCSPProvider:\\tMicrosoft Strong Cryptographic Provider\\r\\nRequestClientInfo:\\t\\n\\tClientId: 0x5\\n\\tUser: host.example.com\\\\User1\\n\\tMachine: EXAMPLE.jdoe.example\\n\\tProcess: Some.Process.exe\\r\\nAuthentication Service:\\tKerberos\\r\\nAuthentication Level:\\tPrivacy\\r\\nDCOMorRPC:\\t\\tDCOM\", \"Category\": \"Certification Services\", \"Opcode\": \"Info\", \"RequestId\": \"4447384\", \"Requester\": \"host.example.com\\\\User1\", \"Attributes\": \"\\nccm:EXAMPLE.jdoe.example\", \"Subject\": \"CN=EXAMPLE, OU=EVR, OU=Servers, OU=FR, OU=FRANCE, OU=Example, DC=jdoe, DC=example\", \"CertificateTemplate\": \"NDSEClient\", \"RequestOSVersion\": \"6.2.9200.2\", \"RequestCSPProvider\": \"Microsoft Strong Cryptographic Provider\", \"RequestClientInfo\": \"\\n\\tClientId: 0x5\\n\\tUser: host.example.com\\\\User1\\n\\tMachine: EXAMPLE.jdoe.example\\n\\tProcess: Some.Process.exe\", \"AuthenticationService\": \"Kerberos\", \"AuthenticationLevel\": \"Privacy\", \"DCOMorRPC\": \"DCOM\", \"EventReceivedTime\": \"2026-04-10 18:42:09\", \"SourceModuleName\": \"SecurityLog\", \"SourceModuleType\": \"im_msvistalog\"}",
    "event": {
      "code": "4886",
      "message": "Certificate Services received a certificate request.\r\n\t\r\nRequest ID:\t4447384\r\nRequester:\tJDOE\\DOMAIN\r\nAttributes:\t\nccm:EXAMPLE.jdoe.example\r\nSubject from CSR:\tCN=EXAMPLE, OU=EVR, OU=Servers, OU=FR, OU=FRANCE, OU=Example, DC=jdoe, DC=example\r\nSubject Alternative Name from CSR:\r\n\r\nRequested Template:\tNDSEClient\r\nRequestOSVersion:\t6.2.9200.2\r\nRequestCSPProvider:\tMicrosoft Strong Cryptographic Provider\r\nRequestClientInfo:\t\n\tClientId: 0x5\n\tUser: JDOE\\DOMAIN\n\tMachine: EXAMPLE.jdoe.example\n\tProcess: Some.Process.exe\r\nAuthentication Service:\tKerberos\r\nAuthentication Level:\tPrivacy\r\nDCOMorRPC:\t\tDCOM",
      "outcome": "success",
      "provider": "Microsoft-Windows-Security-Auditing"
    },
    "action": {
      "id": 4886,
      "name": "Certificate Services received a certificate request",
      "outcome": "success",
      "properties": {
        "Attributes": "\nccm:EXAMPLE.jdoe.example",
        "Category": "Certification Services",
        "EventType": "AUDIT_SUCCESS",
        "Keywords": "-9214364837600034816",
        "OpcodeValue": 0,
        "ProviderGuid": "{22222222-2222-2222-2222-222222222222}",
        "Requester": "JDOE\\DOMAIN",
        "Severity": "INFO",
        "SourceName": "Microsoft-Windows-Security-Auditing",
        "Subject": "CN=EXAMPLE, OU=EVR, OU=Servers, OU=FR, OU=FRANCE, OU=Example, DC=jdoe, DC=example",
        "Task": 12805
      },
      "record_id": 12909481,
      "type": "Security"
    },
    "host": {
      "hostname": "HOSTNAME",
      "name": "host.example.com"
    },
    "log": {
      "hostname": "HOSTNAME.example",
      "level": "info"
    },
    "os": {
      "family": "windows",
      "platform": "windows"
    },
    "process": {
      "id": 920,
      "name": "Some.Process.exe",
      "pid": 920,
      "thread": {
        "id": 44824
      }
    },
    "related": {
      "hosts": [
        "HOSTNAME"
      ],
      "user": [
        "DOMAIN"
      ]
    },
    "user": {
      "domain": "host.example.com",
      "name": "User1"
    }
  }
}
