{
  "input": {
    "message": "{\"EventTime\":\"2023-09-25 15:29:18\",\"Hostname\":\"foo.net\",\"Keywords\":1152921504606846976,\"EventType\":\"VERBOSE\",\"SeverityValue\":1,\"Severity\":\"DEBUG\",\"EventID\":5408,\"SourceName\":\"Microsoft-Windows-FailoverClustering\",\"ProviderGuid\":\"{BAF908EA-3421-4CA9-9B84-6689B8C6F85F}\",\"Version\":0,\"Task\":0,\"OpcodeValue\":0,\"RecordNumber\":764816422,\"ActivityID\":\"{D938DD9B-F8EF-4227-A505-1169A1E3873E}\",\"ProcessID\":5440,\"ThreadID\":8428,\"Channel\":\"Microsoft-Windows-FailoverClustering/DiagnosticVerbose\",\"Domain\":\"NT AUTHORITY\",\"AccountName\":\"SYSTEM\",\"UserID\":\"S-1-5-18\",\"AccountType\":\"User\",\"Message\":\"{\\\"EventTime\\\":\\\"2023-09-25 15:29:18\\\",\\\"Hostname\\\":\\\"foo.net\\\",\\\"Keywords\\\":1152921504606846976,\\\"EventType\\\":\\\"VERBOSE\\\",\\\"SeverityValue\\\":1,\\\"Severity\\\":\\\"DEBUG\\\",\\\"EventID\\\":5408,\\\"SourceName\\\":\\\"Microsoft-Windows-FailoverClustering\\\",\\\"ProviderGuid\\\":\\\"{BAF908EA-3421-4CA9-9B84-6689B8C6F85F}\\\",\\\"Version\\\":0,\\\"Task\\\":0,\\\"OpcodeValue\\\":0,\\\"RecordNumber\\\":764816422,\\\"ActivityID\\\":\\\"{D938DD9B-F8EF-4227-A505-1169A1E3873E}\\\",\\\"ProcessID\\\":5440,\\\"ThreadID\\\":8428,\\\"Channel\\\":\\\"Microsoft-Windows-FailoverClustering/DiagnosticVerbose\\\",\\\"Domain\\\":\\\"NT AUTHORITY\\\",\\\"AccountName\\\":\\\"SYSTEM\\\",\\\"UserID\\\":\\\"S-1-5-18\\\",\\\"AccountType\\\":\\\"User\\\",\\\"Message\\\":\\\"[RCM] Sending Control Code GET_PRIVATE_PROPERTIES Id 25237136 \\\\r\\\\n\\\",\\\"Opcode\\\":\\\"Info\\\",\\\"LogString\\\":\\\"[RCM] Sending Control Code GET_PRIVATE_PROPERTIES Id 25237136 \\\\r\\\\n\\\",\\\"EventReceivedTime\\\":\\\"2023-09-25 15:29:18\\\",\\\"SourceModuleName\\\":\\\"eventlog\\\",\\\"SourceModuleType\\\":\\\"im_msvistalog\\\"}\",\"Opcode\":\"Info\",\"LogString\":\"[RCM] Sending Control Code GET_PRIVATE_PROPERTIES Id 25237136 \\r\\n\",\"EventReceivedTime\":\"2023-09-25 15:29:18\",\"SourceModuleName\":\"eventlog\",\"SourceModuleType\":\"im_msvistalog\"}\n"
  },
  "expected": {
    "message": "{\"EventTime\":\"2023-09-25 15:29:18\",\"Hostname\":\"foo.net\",\"Keywords\":1152921504606846976,\"EventType\":\"VERBOSE\",\"SeverityValue\":1,\"Severity\":\"DEBUG\",\"EventID\":5408,\"SourceName\":\"Microsoft-Windows-FailoverClustering\",\"ProviderGuid\":\"{BAF908EA-3421-4CA9-9B84-6689B8C6F85F}\",\"Version\":0,\"Task\":0,\"OpcodeValue\":0,\"RecordNumber\":764816422,\"ActivityID\":\"{D938DD9B-F8EF-4227-A505-1169A1E3873E}\",\"ProcessID\":5440,\"ThreadID\":8428,\"Channel\":\"Microsoft-Windows-FailoverClustering/DiagnosticVerbose\",\"Domain\":\"NT AUTHORITY\",\"AccountName\":\"SYSTEM\",\"UserID\":\"S-1-5-18\",\"AccountType\":\"User\",\"Message\":\"{\\\"EventTime\\\":\\\"2023-09-25 15:29:18\\\",\\\"Hostname\\\":\\\"foo.net\\\",\\\"Keywords\\\":1152921504606846976,\\\"EventType\\\":\\\"VERBOSE\\\",\\\"SeverityValue\\\":1,\\\"Severity\\\":\\\"DEBUG\\\",\\\"EventID\\\":5408,\\\"SourceName\\\":\\\"Microsoft-Windows-FailoverClustering\\\",\\\"ProviderGuid\\\":\\\"{BAF908EA-3421-4CA9-9B84-6689B8C6F85F}\\\",\\\"Version\\\":0,\\\"Task\\\":0,\\\"OpcodeValue\\\":0,\\\"RecordNumber\\\":764816422,\\\"ActivityID\\\":\\\"{D938DD9B-F8EF-4227-A505-1169A1E3873E}\\\",\\\"ProcessID\\\":5440,\\\"ThreadID\\\":8428,\\\"Channel\\\":\\\"Microsoft-Windows-FailoverClustering/DiagnosticVerbose\\\",\\\"Domain\\\":\\\"NT AUTHORITY\\\",\\\"AccountName\\\":\\\"SYSTEM\\\",\\\"UserID\\\":\\\"S-1-5-18\\\",\\\"AccountType\\\":\\\"User\\\",\\\"Message\\\":\\\"[RCM] Sending Control Code GET_PRIVATE_PROPERTIES Id 25237136 \\\\r\\\\n\\\",\\\"Opcode\\\":\\\"Info\\\",\\\"LogString\\\":\\\"[RCM] Sending Control Code GET_PRIVATE_PROPERTIES Id 25237136 \\\\r\\\\n\\\",\\\"EventReceivedTime\\\":\\\"2023-09-25 15:29:18\\\",\\\"SourceModuleName\\\":\\\"eventlog\\\",\\\"SourceModuleType\\\":\\\"im_msvistalog\\\"}\",\"Opcode\":\"Info\",\"LogString\":\"[RCM] Sending Control Code GET_PRIVATE_PROPERTIES Id 25237136 \\r\\n\",\"EventReceivedTime\":\"2023-09-25 15:29:18\",\"SourceModuleName\":\"eventlog\",\"SourceModuleType\":\"im_msvistalog\"}\n",
    "event": {
      "code": "5408",
      "provider": "Microsoft-Windows-FailoverClustering"
    },
    "action": {
      "id": 5408,
      "properties": {
        "AccountName": "SYSTEM",
        "AccountType": "User",
        "Domain": "NT AUTHORITY",
        "EventType": "VERBOSE",
        "Keywords": "1152921504606846976",
        "OpcodeValue": 0,
        "ProviderGuid": "{BAF908EA-3421-4CA9-9B84-6689B8C6F85F}",
        "Severity": "DEBUG",
        "SourceName": "Microsoft-Windows-FailoverClustering",
        "Task": 0
      },
      "record_id": 764816422,
      "type": "Microsoft-Windows-FailoverClustering/DiagnosticVerbose"
    },
    "host": {
      "hostname": "foo.net",
      "name": "foo.net"
    },
    "log": {
      "hostname": "foo.net",
      "level": "debug"
    },
    "os": {
      "family": "windows",
      "platform": "windows"
    },
    "process": {
      "id": 5440,
      "pid": 5440,
      "thread": {
        "id": 8428
      }
    },
    "related": {
      "hosts": [
        "foo.net"
      ],
      "user": [
        "SYSTEM"
      ]
    },
    "user": {
      "domain": "NT AUTHORITY",
      "id": "S-1-5-18",
      "name": "SYSTEM"
    }
  }
}