{
  "input": {
    "event": {
      "sekoiaio": {
        "intake": {
          "dialect": "Windows",
          "dialect_uuid": "9281438c-f7c3-4001-9bcc-45fd108ba1be"
        }
      }
    },
    "message": "{\"EventTime\":\"2011-01-07 14:09:58\",\"Hostname\":\"HOSTFOO\",\"Keywords\":-9214364837600034816,\"EventType\":\"AUDIT_SUCCESS\",\"SeverityValue\":2,\"Severity\":\"INFO\",\"EventID\":6416,\"SourceName\":\"Microsoft-Windows-Security-Auditing\",\"ProviderGuid\":\"{54849625-5478-4994-A5BA-3E3B0328C30D}\",\"Version\":1,\"Task\":13316,\"OpcodeValue\":0,\"RecordNumber\":16859866,\"ProcessID\":4,\"ThreadID\":6432,\"Channel\":\"Security\",\"Message\":\"A new external device was recognized by the system.\\r\\n\\r\\nSubject:\\r\\n\\tSecurity ID:\\t\\tS-1-5-18\\r\\n\\tAccount Name:\\t\\tHOSTFOO$\\r\\n\\tAccount Domain:\\t\\tKEY\\r\\n\\tLogon ID:\\t\\t0x3E7\\r\\n\\r\\nDevice ID:\\tSCSI\\\\Disk&Ven_VMware&Prod_Virtual_disk\\\\5&e55476b&0&000100\\r\\n\\r\\nDevice Name:\\tVMware Virtual disk SCSI Disk Device\\r\\n\\r\\nClass ID:\\t\\t{4d36e967-e325-11ce-bfc1-08002be10318}\\r\\n\\r\\nClass Name:\\tDiskDrive\\r\\n\\r\\nVendor IDs:\\t\\r\\n\\t\\tSCSI\\\\DiskVMware__Virtual_disk____2.0_\\r\\n\\t\\tSCSI\\\\DiskVMware__Virtual_disk____\\r\\n\\t\\tSCSI\\\\DiskVMware__\\r\\n\\t\\tSCSI\\\\VMware__Virtual_disk____2\\r\\n\\t\\tVMware__Virtual_disk____2\\r\\n\\t\\tGenDisk\\r\\n\\t\\t\\r\\n\\t\\t\\r\\n\\r\\nCompatible IDs:\\t\\r\\n\\t\\tSCSI\\\\Disk\\r\\n\\t\\tSCSI\\\\RAW\\r\\n\\t\\t\\r\\n\\t\\t\\r\\n\\r\\nLocation Information:\\t\\r\\n\\t\\tBus Number 0, Target Id 1, LUN 0\\r\\n\\t\\t\",\"Category\":\"Plug and Play Events\",\"Opcode\":\"Info\",\"SubjectUserSid\":\"S-1-5-18\",\"SubjectUserName\":\"HOSTFOO$\",\"SubjectDomainName\":\"KEY\",\"SubjectLogonId\":\"0x3e7\",\"DeviceId\":\"SCSI\\\\Disk&amp;Ven_VMware&amp;Prod_Virtual_disk\\\\5&amp;e55476b&amp;0&amp;000100\",\"DeviceDescription\":\"VMware Virtual disk SCSI Disk Device\",\"ClassId\":\"{4d36e967-e325-11ce-bfc1-08002be10318}\",\"ClassName\":\"DiskDrive\",\"VendorIds\":\"\\r\\n\\t\\tSCSI\\\\DiskVMware__Virtual_disk____2.0_\\r\\n\\t\\tSCSI\\\\DiskVMware__Virtual_disk____\\r\\n\\t\\tSCSI\\\\DiskVMware__\\r\\n\\t\\tSCSI\\\\VMware__Virtual_disk____2\\r\\n\\t\\tVMware__Virtual_disk____2\\r\\n\\t\\tGenDisk\\r\\n\\t\\t\\r\\n\\t\\t\",\"CompatibleIds\":\"\\r\\n\\t\\tSCSI\\\\Disk\\r\\n\\t\\tSCSI\\\\RAW\\r\\n\\t\\t\\r\\n\\t\\t\",\"LocationInformation\":\"\\r\\n\\t\\tBus Number 0, Target Id 1, LUN 0\\r\\n\\t\\t\",\"EventReceivedTime\":\"2011-01-07 14:09:59\",\"SourceModuleName\":\"in\",\"SourceModuleType\":\"im_msvistalog\"}"
  },
  "expected": {
    "os": {
      "family": "windows",
      "platform": "windows"
    },
    "action": {
      "type": "Security",
      "id": 6416,
      "name": "A new external device was recognized by the system.",
      "record_id": 16859866,
      "properties": [
        {
          "ClassName": "DiskDrive",
          "DeviceDescription": "VMware Virtual disk SCSI Disk Device",
          "Keywords": "-9214364837600034816",
          "OpcodeValue": 0,
          "SubjectLogonId": "0x3e7",
          "SubjectUserSid": "S-1-5-18",
          "Task": 13316,
          "Severity": "INFO",
          "SourceName": "Microsoft-Windows-Security-Auditing",
          "SubjectUserName": "HOSTFOO$",
          "SubjectDomainName": "KEY",
          "EventType": "AUDIT_SUCCESS",
          "ProviderGuid": "{54849625-5478-4994-A5BA-3E3B0328C30D}"
        }
      ],
      "outcome": "success"
    },
    "log": {
      "hostname": "HOSTFOO",
      "level": "info"
    },
    "user": {
      "id": "S-1-5-18",
      "domain": "KEY",
      "name": "HOSTFOO$"
    },
    "event": {
      "provider": "Microsoft-Windows-Security-Auditing",
      "id": "bf0f38e5-11db-4395-a96f-12c175bda993",
      "created": "2010-09-30T10:01:57+00:00",
      "code": 6416,
      "message": "A new external device was recognized by the system.\r\n\r\nSubject:\r\n\tSecurity ID:\t\tS-1-5-18\r\n\tAccount Name:\t\tHOSTFOO$\r\n\tAccount Domain:\t\tKEY\r\n\tLogon ID:\t\t0x3E7\r\n\r\nDevice ID:\tSCSI\\Disk&Ven_VMware&Prod_Virtual_disk\\5&e55476b&0&000100\r\n\r\nDevice Name:\tVMware Virtual disk SCSI Disk Device\r\n\r\nClass ID:\t\t{4d36e967-e325-11ce-bfc1-08002be10318}\r\n\r\nClass Name:\tDiskDrive\r\n\r\nVendor IDs:\t\r\n\t\tSCSI\\DiskVMware__Virtual_disk____2.0_\r\n\t\tSCSI\\DiskVMware__Virtual_disk____\r\n\t\tSCSI\\DiskVMware__\r\n\t\tSCSI\\VMware__Virtual_disk____2\r\n\t\tVMware__Virtual_disk____2\r\n\t\tGenDisk\r\n\t\t\r\n\t\t\r\n\r\nCompatible IDs:\t\r\n\t\tSCSI\\Disk\r\n\t\tSCSI\\RAW\r\n\t\t\r\n\t\t\r\n\r\nLocation Information:\t\r\n\t\tBus Number 0, Target Id 1, LUN 0\r\n\t\t"
    },
    "message": "{\"EventTime\":\"2011-01-07 14:09:58\",\"Hostname\":\"HOSTFOO\",\"Keywords\":-9214364837600034816,\"EventType\":\"AUDIT_SUCCESS\",\"SeverityValue\":2,\"Severity\":\"INFO\",\"EventID\":6416,\"SourceName\":\"Microsoft-Windows-Security-Auditing\",\"ProviderGuid\":\"{54849625-5478-4994-A5BA-3E3B0328C30D}\",\"Version\":1,\"Task\":13316,\"OpcodeValue\":0,\"RecordNumber\":16859866,\"ProcessID\":4,\"ThreadID\":6432,\"Channel\":\"Security\",\"Message\":\"A new external device was recognized by the system.\\r\\n\\r\\nSubject:\\r\\n\\tSecurity ID:\\t\\tS-1-5-18\\r\\n\\tAccount Name:\\t\\tHOSTFOO$\\r\\n\\tAccount Domain:\\t\\tKEY\\r\\n\\tLogon ID:\\t\\t0x3E7\\r\\n\\r\\nDevice ID:\\tSCSI\\\\Disk&Ven_VMware&Prod_Virtual_disk\\\\5&e55476b&0&000100\\r\\n\\r\\nDevice Name:\\tVMware Virtual disk SCSI Disk Device\\r\\n\\r\\nClass ID:\\t\\t{4d36e967-e325-11ce-bfc1-08002be10318}\\r\\n\\r\\nClass Name:\\tDiskDrive\\r\\n\\r\\nVendor IDs:\\t\\r\\n\\t\\tSCSI\\\\DiskVMware__Virtual_disk____2.0_\\r\\n\\t\\tSCSI\\\\DiskVMware__Virtual_disk____\\r\\n\\t\\tSCSI\\\\DiskVMware__\\r\\n\\t\\tSCSI\\\\VMware__Virtual_disk____2\\r\\n\\t\\tVMware__Virtual_disk____2\\r\\n\\t\\tGenDisk\\r\\n\\t\\t\\r\\n\\t\\t\\r\\n\\r\\nCompatible IDs:\\t\\r\\n\\t\\tSCSI\\\\Disk\\r\\n\\t\\tSCSI\\\\RAW\\r\\n\\t\\t\\r\\n\\t\\t\\r\\n\\r\\nLocation Information:\\t\\r\\n\\t\\tBus Number 0, Target Id 1, LUN 0\\r\\n\\t\\t\",\"Category\":\"Plug and Play Events\",\"Opcode\":\"Info\",\"SubjectUserSid\":\"S-1-5-18\",\"SubjectUserName\":\"HOSTFOO$\",\"SubjectDomainName\":\"KEY\",\"SubjectLogonId\":\"0x3e7\",\"DeviceId\":\"SCSI\\\\Disk&amp;Ven_VMware&amp;Prod_Virtual_disk\\\\5&amp;e55476b&amp;0&amp;000100\",\"DeviceDescription\":\"VMware Virtual disk SCSI Disk Device\",\"ClassId\":\"{4d36e967-e325-11ce-bfc1-08002be10318}\",\"ClassName\":\"DiskDrive\",\"VendorIds\":\"\\r\\n\\t\\tSCSI\\\\DiskVMware__Virtual_disk____2.0_\\r\\n\\t\\tSCSI\\\\DiskVMware__Virtual_disk____\\r\\n\\t\\tSCSI\\\\DiskVMware__\\r\\n\\t\\tSCSI\\\\VMware__Virtual_disk____2\\r\\n\\t\\tVMware__Virtual_disk____2\\r\\n\\t\\tGenDisk\\r\\n\\t\\t\\r\\n\\t\\t\",\"CompatibleIds\":\"\\r\\n\\t\\tSCSI\\\\Disk\\r\\n\\t\\tSCSI\\\\RAW\\r\\n\\t\\t\\r\\n\\t\\t\",\"LocationInformation\":\"\\r\\n\\t\\tBus Number 0, Target Id 1, LUN 0\\r\\n\\t\\t\",\"EventReceivedTime\":\"2011-01-07 14:09:59\",\"SourceModuleName\":\"in\",\"SourceModuleType\":\"im_msvistalog\"}",
    "process": {
      "id": 4,
      "pid": 4,
      "thread": {
        "id": 6432
      }
    },
    "type": "kafka",
    "related": {
      "user": [
        "HOSTFOO$"
      ]
    },
    "sekoiaio": {
      "intake": {
        "parsing_status": "success"
      }
    },
    "host": {
      "hostname": "HOSTFOO",
      "name": "HOSTFOO"
    }
  }
}