{
  "input": {
    "message": "{\"EventTime\":\"2026-09-03T14:51:04.550520+02:00\",\"Hostname\":\"SRV00002.example.com\",\"Keywords\":\"0x8020000000000000\",\"LevelValue\":0,\"EventType\":\"AUDIT_SUCCESS\",\"SeverityValue\":2,\"Severity\":\"INFO\",\"EventID\":4742,\"SourceName\":\"Microsoft-Windows-Security-Auditing\",\"ProviderGuid\":\"{54849625-5478-4994-A5BA-3E3B0328C30D}\",\"Version\":0,\"TaskValue\":13825,\"OpcodeValue\":0,\"RecordNumber\":6286962552,\"ExecutionProcessID\":1068,\"ExecutionThreadID\":2140,\"Channel\":\"Security\",\"Message\":\"A computer account was changed. Subject: Security ID: S-1-5-7 Account Name: ANONYMOUS LOGON Account Domain: host.example.com Logon ID: 0x3e6 Computer Account That Was Changed: Security ID: S-1-5-21-1111111111-2222222222-3333333333-1208480 Account Name: User1 Account Domain: host.example.com Changed Attributes: SAM Account Name: - Display Name: - User Principal Name: - Home Directory: - Home Drive: - Script Path: - Profile Path: - User Workstations: - Password Last Set: 9/3/2026 2:51:04 PM Account Expires: - Primary Group ID: - AllowedToDelegateTo: - Old UAC Value: - New UAC Value: - User Account Control: - User Parameters: - SID History: - Logon Hours: - DNS Host Name: - Service Principal Names: - Additional Information: Privileges: -\",\"Category\":\"Computer Account Management\",\"Opcode\":\"Info\",\"Level\":\"Information\",\"ComputerAccountChange\":\"-\",\"TargetUserName\":\"User1\",\"TargetDomainName\":\"host.example.com\",\"TargetSid\":\"S-1-5-21-1111111111-2222222222-3333333333-1208480\",\"SubjectUserSid\":\"S-1-5-7\",\"SubjectUserName\":\"ANONYMOUS LOGON\",\"SubjectDomainName\":\"host.example.com\",\"SubjectLogonId\":\"0x3e6\",\"PrivilegeList\":\"-\",\"SamAccountName\":\"-\",\"DisplayName\":\"-\",\"UserPrincipalName\":\"-\",\"HomeDirectory\":\"-\",\"HomePath\":\"-\",\"ScriptPath\":\"-\",\"ProfilePath\":\"-\",\"UserWorkstations\":\"-\",\"PasswordLastSet\":\"9/3/2026 2:51:04 PM\",\"AccountExpires\":\"-\",\"PrimaryGroupId\":\"-\",\"AllowedToDelegateTo\":\"-\",\"OldUacValue\":\"-\",\"NewUacValue\":\"-\",\"UserAccountControl\":\"-\",\"UserParameters\":\"-\",\"SidHistory\":\"-\",\"LogonHours\":\"-\",\"DnsHostName\":\"-\",\"ServicePrincipalNames\":\"-\",\"EventReceivedTime\":\"2026-09-03T14:51:05.590416+02:00\",\"SourceModuleName\":\"src_evtx\",\"SourceModuleType\":\"im_msvistalog\"}"
  },
  "expected": {
    "message": "{\"EventTime\":\"2026-09-03T14:51:04.550520+02:00\",\"Hostname\":\"SRV00002.example.com\",\"Keywords\":\"0x8020000000000000\",\"LevelValue\":0,\"EventType\":\"AUDIT_SUCCESS\",\"SeverityValue\":2,\"Severity\":\"INFO\",\"EventID\":4742,\"SourceName\":\"Microsoft-Windows-Security-Auditing\",\"ProviderGuid\":\"{54849625-5478-4994-A5BA-3E3B0328C30D}\",\"Version\":0,\"TaskValue\":13825,\"OpcodeValue\":0,\"RecordNumber\":6286962552,\"ExecutionProcessID\":1068,\"ExecutionThreadID\":2140,\"Channel\":\"Security\",\"Message\":\"A computer account was changed. Subject: Security ID: S-1-5-7 Account Name: ANONYMOUS LOGON Account Domain: host.example.com Logon ID: 0x3e6 Computer Account That Was Changed: Security ID: S-1-5-21-1111111111-2222222222-3333333333-1208480 Account Name: User1 Account Domain: host.example.com Changed Attributes: SAM Account Name: - Display Name: - User Principal Name: - Home Directory: - Home Drive: - Script Path: - Profile Path: - User Workstations: - Password Last Set: 9/3/2026 2:51:04 PM Account Expires: - Primary Group ID: - AllowedToDelegateTo: - Old UAC Value: - New UAC Value: - User Account Control: - User Parameters: - SID History: - Logon Hours: - DNS Host Name: - Service Principal Names: - Additional Information: Privileges: -\",\"Category\":\"Computer Account Management\",\"Opcode\":\"Info\",\"Level\":\"Information\",\"ComputerAccountChange\":\"-\",\"TargetUserName\":\"User1\",\"TargetDomainName\":\"host.example.com\",\"TargetSid\":\"S-1-5-21-1111111111-2222222222-3333333333-1208480\",\"SubjectUserSid\":\"S-1-5-7\",\"SubjectUserName\":\"ANONYMOUS LOGON\",\"SubjectDomainName\":\"host.example.com\",\"SubjectLogonId\":\"0x3e6\",\"PrivilegeList\":\"-\",\"SamAccountName\":\"-\",\"DisplayName\":\"-\",\"UserPrincipalName\":\"-\",\"HomeDirectory\":\"-\",\"HomePath\":\"-\",\"ScriptPath\":\"-\",\"ProfilePath\":\"-\",\"UserWorkstations\":\"-\",\"PasswordLastSet\":\"9/3/2026 2:51:04 PM\",\"AccountExpires\":\"-\",\"PrimaryGroupId\":\"-\",\"AllowedToDelegateTo\":\"-\",\"OldUacValue\":\"-\",\"NewUacValue\":\"-\",\"UserAccountControl\":\"-\",\"UserParameters\":\"-\",\"SidHistory\":\"-\",\"LogonHours\":\"-\",\"DnsHostName\":\"-\",\"ServicePrincipalNames\":\"-\",\"EventReceivedTime\":\"2026-09-03T14:51:05.590416+02:00\",\"SourceModuleName\":\"src_evtx\",\"SourceModuleType\":\"im_msvistalog\"}",
    "event": {
      "code": "4742",
      "message": "A computer account was changed. Subject: Security ID: S-1-5-7 Account Name: ANONYMOUS LOGON Account Domain: host.example.com Logon ID: 0x3e6 Computer Account That Was Changed: Security ID: S-1-5-21-1111111111-2222222222-3333333333-1208480 Account Name: User1 Account Domain: host.example.com Changed Attributes: SAM Account Name: - Display Name: - User Principal Name: - Home Directory: - Home Drive: - Script Path: - Profile Path: - User Workstations: - Password Last Set: 9/3/2026 2:51:04 PM Account Expires: - Primary Group ID: - AllowedToDelegateTo: - Old UAC Value: - New UAC Value: - User Account Control: - User Parameters: - SID History: - Logon Hours: - DNS Host Name: - Service Principal Names: - Additional Information: Privileges: -",
      "outcome": "success",
      "provider": "Microsoft-Windows-Security-Auditing"
    },
    "action": {
      "id": 4742,
      "name": "A computer account was changed",
      "outcome": "success",
      "properties": {
        "AllowedToDelegateTo": "-",
        "Category": "Computer Account Management",
        "DisplayName": "-",
        "DnsHostName": "-",
        "EventType": "AUDIT_SUCCESS",
        "HomeDirectory": "-",
        "Keywords": "0x8020000000000000",
        "NewUacValue": "-",
        "OldUacValue": "-",
        "OpcodeValue": 0,
        "PasswordLastSet": "9/3/2026 2:51:04 PM",
        "PrivilegeList": "-",
        "ProviderGuid": "{54849625-5478-4994-A5BA-3E3B0328C30D}",
        "SamAccountName": "-",
        "ScriptPath": "-",
        "ServicePrincipalNames": "-",
        "Severity": "INFO",
        "SidHistory": "-",
        "SourceName": "Microsoft-Windows-Security-Auditing",
        "SubjectDomainName": "host.example.com",
        "SubjectLogonId": "0x3e6",
        "SubjectUserName": "ANONYMOUS LOGON",
        "SubjectUserSid": "S-1-5-7",
        "TargetDomainName": "host.example.com",
        "TargetSid": "S-1-5-21-1111111111-2222222222-3333333333-1208480",
        "TargetUserName": "User1",
        "UserAccountControl": [
          "-"
        ],
        "UserPrincipalName": "-"
      },
      "record_id": 6286962552,
      "type": "Security"
    },
    "host": {
      "hostname": "host.example.com",
      "name": "SRV00002.example.com"
    },
    "log": {
      "hostname": "SRV00002.example.com",
      "level": "info"
    },
    "os": {
      "family": "windows",
      "platform": "windows"
    },
    "related": {
      "hosts": [
        "host.example.com"
      ],
      "user": [
        "ANONYMOUS LOGON",
        "User1"
      ]
    },
    "user": {
      "domain": "host.example.com",
      "id": "S-1-5-7",
      "name": "ANONYMOUS LOGON",
      "target": {
        "domain": "host.example.com",
        "name": "User1"
      }
    }
  }
}