{
  "input": {
    "message": "{\"EventTime\": \"2025-08-28 09:33:54\", \"Hostname\": \"hostname\", \"Keywords\": 4611686018427387904, \"EventType\": \"INFO\", \"SeverityValue\": 2, \"Severity\": \"INFO\", \"EventID\": 2500, \"SourceName\": \"Microsoft-Windows-Hyper-V-Compute\", \"ProviderGuid\": \"{17103E3F-3C6E-4677-BB17-3B267EB5BE57}\", \"Version\": 0, \"Task\": 0, \"OpcodeValue\": 0, \"RecordNumber\": 152, \"ProcessID\": 3660, \"ThreadID\": 6940, \"Channel\": \"Microsoft-Windows-Hyper-V-Compute-Operational\", \"Domain\": \"NT AUTHORITY\", \"AccountName\": \"SYSTEM\", \"UserID\": \"S-1-5-18\", \"AccountType\": \"User\", \"Message\": \"[6e042d14-63b2-4a78-bdb3-6f03445c3ec8] Create process, parameters '{\\\"CommandLine\\\":\\\"wcsetupagent.exe AddUserToUsersGroup WDAGUtilityAccount\\\",\\\"User\\\":\\\"NT AUTHORITY\\\\\\\\System\\\",\\\"ConsoleSize\\\":[0,0]}', result 0x00000000, process ID 3008\", \"Opcode\": \"Info\", \"EventReceivedTime\": \"2025-08-28 09:33:56\", \"SourceModuleName\": \"eventlog\", \"SourceModuleType\": \"im_msvistalog\"}"
  },
  "expected": {
    "message": "{\"EventTime\": \"2025-08-28 09:33:54\", \"Hostname\": \"hostname\", \"Keywords\": 4611686018427387904, \"EventType\": \"INFO\", \"SeverityValue\": 2, \"Severity\": \"INFO\", \"EventID\": 2500, \"SourceName\": \"Microsoft-Windows-Hyper-V-Compute\", \"ProviderGuid\": \"{17103E3F-3C6E-4677-BB17-3B267EB5BE57}\", \"Version\": 0, \"Task\": 0, \"OpcodeValue\": 0, \"RecordNumber\": 152, \"ProcessID\": 3660, \"ThreadID\": 6940, \"Channel\": \"Microsoft-Windows-Hyper-V-Compute-Operational\", \"Domain\": \"NT AUTHORITY\", \"AccountName\": \"SYSTEM\", \"UserID\": \"S-1-5-18\", \"AccountType\": \"User\", \"Message\": \"[6e042d14-63b2-4a78-bdb3-6f03445c3ec8] Create process, parameters '{\\\"CommandLine\\\":\\\"wcsetupagent.exe AddUserToUsersGroup WDAGUtilityAccount\\\",\\\"User\\\":\\\"NT AUTHORITY\\\\\\\\System\\\",\\\"ConsoleSize\\\":[0,0]}', result 0x00000000, process ID 3008\", \"Opcode\": \"Info\", \"EventReceivedTime\": \"2025-08-28 09:33:56\", \"SourceModuleName\": \"eventlog\", \"SourceModuleType\": \"im_msvistalog\"}",
    "event": {
      "code": "2500",
      "message": "[6e042d14-63b2-4a78-bdb3-6f03445c3ec8] Create process, parameters '{\"CommandLine\":\"wcsetupagent.exe AddUserToUsersGroup WDAGUtilityAccount\",\"User\":\"NT AUTHORITY\\\\System\",\"ConsoleSize\":[0,0]}', result 0x00000000, process ID 3008",
      "provider": "Microsoft-Windows-Hyper-V-Compute"
    },
    "action": {
      "id": 2500,
      "properties": {
        "AccountName": "SYSTEM",
        "AccountType": "User",
        "Domain": "NT AUTHORITY",
        "EventType": "INFO",
        "Keywords": "4611686018427387904",
        "OpcodeValue": 0,
        "ProviderGuid": "{17103E3F-3C6E-4677-BB17-3B267EB5BE57}",
        "Severity": "INFO",
        "SourceName": "Microsoft-Windows-Hyper-V-Compute",
        "Task": 0
      },
      "record_id": 152,
      "type": "Microsoft-Windows-Hyper-V-Compute-Operational"
    },
    "host": {
      "hostname": "hostname",
      "name": "hostname"
    },
    "log": {
      "hostname": "hostname",
      "level": "info"
    },
    "os": {
      "family": "windows",
      "platform": "windows"
    },
    "process": {
      "command_line": "wcsetupagent.exe AddUserToUsersGroup WDAGUtilityAccount",
      "id": 3660,
      "pid": 3008,
      "thread": {
        "id": 6940
      }
    },
    "related": {
      "hosts": [
        "hostname"
      ],
      "user": [
        "SYSTEM"
      ]
    },
    "user": {
      "domain": "NT AUTHORITY",
      "id": "S-1-5-18",
      "name": "SYSTEM"
    }
  }
}
