{
  "input": {
    "message": "{\"EventTime\": \"2023-08-30 08:58:21\", \"Hostname\": \"hostname.example.org\", \"Keywords\": -9218868437227405312, \"EventType\": \"AUDIT_FAILURE\", \"SeverityValue\": 4, \"Severity\": \"ERROR\", \"EventID\": 4768, \"SourceName\": \"Microsoft-Windows-Security-Auditing\", \"ProviderGuid\": \"{54849625-5478-4994-A5BA-3E3B0328C30D}\", \"Version\": 0, \"Task\": 14339, \"OpcodeValue\": 0, \"RecordNumber\": 971339700, \"ProcessID\": 572, \"ThreadID\": 8432, \"Channel\": \"Security\", \"Message\": \"Un ticket d\\u2019authentification Kerberos (TGT) a \\u00e9t\\u00e9 demand\\u00e9.\\r\\n\\r\\nInformations sur le compte :\\r\\n\\tNom du compte :\\t\\tjdoe\\r\\n\\tNom du domaine Kerberos fourni :\\tlocal.example.org\\r\\n\\tID de l\\u2019utilisateur :\\t\\t\\tS-1-0-0\\r\\n\\r\\nInformations sur le service :\\r\\n\\tNom du service :\\t\\tkrbtgt/local.example.org\\r\\n\\tID du service :\\t\\tS-1-0-0\\r\\n\\r\\nInformations sur le r\\u00e9seau :\\r\\n\\tAdresse du client :\\t\\t::ffff:10.24.20.7\\r\\n\\tPort client :\\t\\t49681\\r\\n\\r\\nInformations suppl\\u00e9mentaires :\\r\\n\\tOptions du ticket :\\t\\t0x40810010\\r\\n\\tCode de r\\u00e9sultat :\\t\\t0x4B\\r\\n\\tType de chiffrement du ticket :\\t0xFFFFFFFF\\r\\n\\tType de pr\\u00e9-authentification :\\t-\\r\\n\\r\\nInformations sur le certificat :\\r\\n\\tNom de l\\u2019\\u00e9metteur du certificat :\\t\\tCN=INDSI218\\r\\n\\tNum\\u00e9ro de s\\u00e9rie du certificat :\\t01\\r\\n\\t Empreinte num\\u00e9rique du certificat :\\t\\t4871F03F06CB961643295C961CA999D4AC43A0F9\\r\\n\\r\\nLes informations sur le certificat sont fournies uniquement si un certificat a \\u00e9t\\u00e9 utilis\\u00e9 pour la pr\\u00e9-authentification.\\r\\n\\r\\nLes types de pr\\u00e9-authentification, les options de ticket, les types de chiffrement et les codes de r\\u00e9sultats sont d\\u00e9finis dans la RFC 4120.\", \"Category\": \"Service d\\u2019authentification Kerberos\", \"Opcode\": \"Informations\", \"TargetUserName\": \"jdoe\", \"TargetDomainName\": \"local.example.org\", \"TargetSid\": \"S-1-0-0\", \"ServiceName\": \"krbtgt/local.example.org\", \"ServiceSid\": \"S-1-0-0\", \"TicketOptions\": \"0x40810010\", \"Status\": \"0x4b\", \"TicketEncryptionType\": \"0xffffffff\", \"PreAuthType\": \"-\", \"IpAddress\": \"::ffff:55.99.99.7\", \"IpPort\": \"49681\", \"CertIssuerName\": \"CN=INDSI218\", \"CertSerialNumber\": \"01\", \"CertThumbprint\": \"4871F03F06CB961643295C961CA999D4AC43A0F9\", \"EventReceivedTime\": \"2023-08-30 08:58:24\", \"SourceModuleName\": \"eventlog10\", \"SourceModuleType\": \"im_msvistalog\"}"
  },
  "expected": {
    "message": "{\"EventTime\": \"2023-08-30 08:58:21\", \"Hostname\": \"hostname.example.org\", \"Keywords\": -9218868437227405312, \"EventType\": \"AUDIT_FAILURE\", \"SeverityValue\": 4, \"Severity\": \"ERROR\", \"EventID\": 4768, \"SourceName\": \"Microsoft-Windows-Security-Auditing\", \"ProviderGuid\": \"{54849625-5478-4994-A5BA-3E3B0328C30D}\", \"Version\": 0, \"Task\": 14339, \"OpcodeValue\": 0, \"RecordNumber\": 971339700, \"ProcessID\": 572, \"ThreadID\": 8432, \"Channel\": \"Security\", \"Message\": \"Un ticket d\\u2019authentification Kerberos (TGT) a \\u00e9t\\u00e9 demand\\u00e9.\\r\\n\\r\\nInformations sur le compte :\\r\\n\\tNom du compte :\\t\\tjdoe\\r\\n\\tNom du domaine Kerberos fourni :\\tlocal.example.org\\r\\n\\tID de l\\u2019utilisateur :\\t\\t\\tS-1-0-0\\r\\n\\r\\nInformations sur le service :\\r\\n\\tNom du service :\\t\\tkrbtgt/local.example.org\\r\\n\\tID du service :\\t\\tS-1-0-0\\r\\n\\r\\nInformations sur le r\\u00e9seau :\\r\\n\\tAdresse du client :\\t\\t::ffff:10.24.20.7\\r\\n\\tPort client :\\t\\t49681\\r\\n\\r\\nInformations suppl\\u00e9mentaires :\\r\\n\\tOptions du ticket :\\t\\t0x40810010\\r\\n\\tCode de r\\u00e9sultat :\\t\\t0x4B\\r\\n\\tType de chiffrement du ticket :\\t0xFFFFFFFF\\r\\n\\tType de pr\\u00e9-authentification :\\t-\\r\\n\\r\\nInformations sur le certificat :\\r\\n\\tNom de l\\u2019\\u00e9metteur du certificat :\\t\\tCN=INDSI218\\r\\n\\tNum\\u00e9ro de s\\u00e9rie du certificat :\\t01\\r\\n\\t Empreinte num\\u00e9rique du certificat :\\t\\t4871F03F06CB961643295C961CA999D4AC43A0F9\\r\\n\\r\\nLes informations sur le certificat sont fournies uniquement si un certificat a \\u00e9t\\u00e9 utilis\\u00e9 pour la pr\\u00e9-authentification.\\r\\n\\r\\nLes types de pr\\u00e9-authentification, les options de ticket, les types de chiffrement et les codes de r\\u00e9sultats sont d\\u00e9finis dans la RFC 4120.\", \"Category\": \"Service d\\u2019authentification Kerberos\", \"Opcode\": \"Informations\", \"TargetUserName\": \"jdoe\", \"TargetDomainName\": \"local.example.org\", \"TargetSid\": \"S-1-0-0\", \"ServiceName\": \"krbtgt/local.example.org\", \"ServiceSid\": \"S-1-0-0\", \"TicketOptions\": \"0x40810010\", \"Status\": \"0x4b\", \"TicketEncryptionType\": \"0xffffffff\", \"PreAuthType\": \"-\", \"IpAddress\": \"::ffff:55.99.99.7\", \"IpPort\": \"49681\", \"CertIssuerName\": \"CN=INDSI218\", \"CertSerialNumber\": \"01\", \"CertThumbprint\": \"4871F03F06CB961643295C961CA999D4AC43A0F9\", \"EventReceivedTime\": \"2023-08-30 08:58:24\", \"SourceModuleName\": \"eventlog10\", \"SourceModuleType\": \"im_msvistalog\"}",
    "event": {
      "code": "4768",
      "message": "Un ticket d\u2019authentification Kerberos (TGT) a \u00e9t\u00e9 demand\u00e9.\r\n\r\nInformations sur le compte :\r\n\tNom du compte :\t\tjdoe\r\n\tNom du domaine Kerberos fourni :\tlocal.example.org\r\n\tID de l\u2019utilisateur :\t\t\tS-1-0-0\r\n\r\nInformations sur le service :\r\n\tNom du service :\t\tkrbtgt/local.example.org\r\n\tID du service :\t\tS-1-0-0\r\n\r\nInformations sur le r\u00e9seau :\r\n\tAdresse du client :\t\t::ffff:10.24.20.7\r\n\tPort client :\t\t49681\r\n\r\nInformations suppl\u00e9mentaires :\r\n\tOptions du ticket :\t\t0x40810010\r\n\tCode de r\u00e9sultat :\t\t0x4B\r\n\tType de chiffrement du ticket :\t0xFFFFFFFF\r\n\tType de pr\u00e9-authentification :\t-\r\n\r\nInformations sur le certificat :\r\n\tNom de l\u2019\u00e9metteur du certificat :\t\tCN=INDSI218\r\n\tNum\u00e9ro de s\u00e9rie du certificat :\t01\r\n\t Empreinte num\u00e9rique du certificat :\t\t4871F03F06CB961643295C961CA999D4AC43A0F9\r\n\r\nLes informations sur le certificat sont fournies uniquement si un certificat a \u00e9t\u00e9 utilis\u00e9 pour la pr\u00e9-authentification.\r\n\r\nLes types de pr\u00e9-authentification, les options de ticket, les types de chiffrement et les codes de r\u00e9sultats sont d\u00e9finis dans la RFC 4120.",
      "outcome": "failure",
      "provider": "Microsoft-Windows-Security-Auditing"
    },
    "action": {
      "id": 4768,
      "name": "A Kerberos authentication ticket (TGT) was requested",
      "outcome": "failure",
      "properties": {
        "Category": "Service d\u2019authentification Kerberos",
        "CertIssuerName": "CN=INDSI218",
        "CertSerialNumber": "01",
        "CertThumbprint": "4871F03F06CB961643295C961CA999D4AC43A0F9",
        "EventType": "AUDIT_FAILURE",
        "IpAddress": "::ffff:55.99.99.7",
        "IpPort": "49681",
        "Keywords": "-9218868437227405312",
        "OpcodeValue": 0,
        "PreAuthType": "-",
        "ProviderGuid": "{54849625-5478-4994-A5BA-3E3B0328C30D}",
        "ServiceName": "krbtgt/local.example.org",
        "ServiceSid": "S-1-0-0",
        "Severity": "ERROR",
        "SourceName": "Microsoft-Windows-Security-Auditing",
        "Status": "0x4b",
        "TargetDomainName": "local.example.org",
        "TargetSid": "S-1-0-0",
        "TargetUserName": "jdoe",
        "Task": 14339,
        "TicketEncryptionType": "0xffffffff",
        "TicketOptions": "0x40810010"
      },
      "record_id": 971339700,
      "type": "Security"
    },
    "host": {
      "hostname": "hostname.example.org",
      "name": "hostname.example.org"
    },
    "log": {
      "hostname": "hostname.example.org",
      "level": "error"
    },
    "os": {
      "family": "windows",
      "platform": "windows"
    },
    "process": {
      "id": 572,
      "pid": 572,
      "thread": {
        "id": 8432
      }
    },
    "related": {
      "hosts": [
        "hostname.example.org"
      ],
      "ip": [
        "55.99.99.7"
      ],
      "user": [
        "jdoe"
      ]
    },
    "source": {
      "address": "::ffff:55.99.99.7",
      "ip": "55.99.99.7"
    },
    "user": {
      "target": {
        "domain": "local.example.org",
        "name": "jdoe"
      }
    }
  }
}