{
  "input": {
    "message": "{\"EventTime\":\"2025-10-15 10:12:02\",\"Hostname\":\"example.com\",\"Keywords\":-9214364837600034816,\"EventType\":\"AUDIT_SUCCESS\",\"SeverityValue\":2,\"Severity\":\"INFO\",\"EventID\":5136,\"SourceName\":\"Microsoft-Windows-Security-Auditing\",\"ProviderGuid\":\"{00000000-0000-0000-0000-000000000000}\",\"Version\":0,\"Task\":14081,\"OpcodeValue\":0,\"RecordNumber\":1000000,\"ProcessID\":760,\"ThreadID\":892,\"Channel\":\"Security\",\"Message\":\"A directory service object was modified.\\r\\n\\t\\r\\nSubject:\\r\\n\\tSecurity ID:\\t\\tS-1-5-21-0000000000-0000000000-0000000000-00000\\r\\n\\tAccount Name:\\t\\tjohn.doe@test\\r\\n\\tAccount Domain:\\t\\tEXAMPLE\\r\\n\\tLogon ID:\\t\\t0x00000000\\r\\n\\r\\nDirectory Service:\\r\\n\\tName:\\texample.local\\r\\n\\tType:\\tActive Directory Domain Services\\r\\n\\t\\r\\nObject:\\r\\n\\tDN:\\tCN=HOST-01,CN=Computers,DC=example,DC=local\\r\\n\\tGUID:\\t{00000000-0000-0000-0000-000000000000}\\r\\n\\tClass:\\tcomputer\\r\\n\\t\\r\\nAttribute:\\r\\n\\tLDAP Display Name:\\tservicePrincipalName\\r\\n\\tSyntax (OID):\\t2.5.5.12\\r\\n\\tValue:\\tGC/HOST-01.example.local/example.local\\r\\n\\t\\r\\nOperation:\\r\\n\\tType:\\tValue Deleted\\r\\n\\tCorrelation ID:\\t{00000000-0000-0000-0000-000000000000}\\r\\n\\tApplication Correlation ID:\\t-\",\"Category\":\"Directory Service Changes\",\"Opcode\":\"Info\",\"OpCorrelationID\":\"{00000000-0000-0000-0000-000000000000}\",\"AppCorrelationID\":\"-\",\"SubjectUserSid\":\"S-1-2-3\",\"SubjectUserName\":\"S-1-2-3\",\"SubjectDomainName\":\"EXAMPLE\",\"SubjectLogonId\":\"0x00000000\",\"DSName\":\"example.local\",\"DSType\":\"%%14676\",\"ObjectDN\":\"CN=HOST-01,CN=Computers,DC=example,DC=local\",\"ObjectGUID\":\"{00000000-0000-0000-0000-000000000000}\",\"ObjectClass\":\"computer\",\"AttributeLDAPDisplayName\":\"servicePrincipalName\",\"AttributeSyntaxOID\":\"2.5.5.12\",\"AttributeValue\":\"GC/HOST-01.example.local/example.local\",\"OperationType\":\"%%14675\",\"EventReceivedTime\":\"2025-10-15 10:12:02\",\"SourceModuleName\":\"eventlog5\",\"SourceModuleType\":\"im_msvistalog\"}"
  },
  "expected": {
    "message": "{\"EventTime\":\"2025-10-15 10:12:02\",\"Hostname\":\"example.com\",\"Keywords\":-9214364837600034816,\"EventType\":\"AUDIT_SUCCESS\",\"SeverityValue\":2,\"Severity\":\"INFO\",\"EventID\":5136,\"SourceName\":\"Microsoft-Windows-Security-Auditing\",\"ProviderGuid\":\"{00000000-0000-0000-0000-000000000000}\",\"Version\":0,\"Task\":14081,\"OpcodeValue\":0,\"RecordNumber\":1000000,\"ProcessID\":760,\"ThreadID\":892,\"Channel\":\"Security\",\"Message\":\"A directory service object was modified.\\r\\n\\t\\r\\nSubject:\\r\\n\\tSecurity ID:\\t\\tS-1-5-21-0000000000-0000000000-0000000000-00000\\r\\n\\tAccount Name:\\t\\tjohn.doe@test\\r\\n\\tAccount Domain:\\t\\tEXAMPLE\\r\\n\\tLogon ID:\\t\\t0x00000000\\r\\n\\r\\nDirectory Service:\\r\\n\\tName:\\texample.local\\r\\n\\tType:\\tActive Directory Domain Services\\r\\n\\t\\r\\nObject:\\r\\n\\tDN:\\tCN=HOST-01,CN=Computers,DC=example,DC=local\\r\\n\\tGUID:\\t{00000000-0000-0000-0000-000000000000}\\r\\n\\tClass:\\tcomputer\\r\\n\\t\\r\\nAttribute:\\r\\n\\tLDAP Display Name:\\tservicePrincipalName\\r\\n\\tSyntax (OID):\\t2.5.5.12\\r\\n\\tValue:\\tGC/HOST-01.example.local/example.local\\r\\n\\t\\r\\nOperation:\\r\\n\\tType:\\tValue Deleted\\r\\n\\tCorrelation ID:\\t{00000000-0000-0000-0000-000000000000}\\r\\n\\tApplication Correlation ID:\\t-\",\"Category\":\"Directory Service Changes\",\"Opcode\":\"Info\",\"OpCorrelationID\":\"{00000000-0000-0000-0000-000000000000}\",\"AppCorrelationID\":\"-\",\"SubjectUserSid\":\"S-1-2-3\",\"SubjectUserName\":\"S-1-2-3\",\"SubjectDomainName\":\"EXAMPLE\",\"SubjectLogonId\":\"0x00000000\",\"DSName\":\"example.local\",\"DSType\":\"%%14676\",\"ObjectDN\":\"CN=HOST-01,CN=Computers,DC=example,DC=local\",\"ObjectGUID\":\"{00000000-0000-0000-0000-000000000000}\",\"ObjectClass\":\"computer\",\"AttributeLDAPDisplayName\":\"servicePrincipalName\",\"AttributeSyntaxOID\":\"2.5.5.12\",\"AttributeValue\":\"GC/HOST-01.example.local/example.local\",\"OperationType\":\"%%14675\",\"EventReceivedTime\":\"2025-10-15 10:12:02\",\"SourceModuleName\":\"eventlog5\",\"SourceModuleType\":\"im_msvistalog\"}",
    "event": {
      "code": "5136",
      "message": "A directory service object was modified.\r\n\t\r\nSubject:\r\n\tSecurity ID:\t\tS-1-5-21-0000000000-0000000000-0000000000-00000\r\n\tAccount Name:\t\tjohn.doe@test\r\n\tAccount Domain:\t\tEXAMPLE\r\n\tLogon ID:\t\t0x00000000\r\n\r\nDirectory Service:\r\n\tName:\texample.local\r\n\tType:\tActive Directory Domain Services\r\n\t\r\nObject:\r\n\tDN:\tCN=HOST-01,CN=Computers,DC=example,DC=local\r\n\tGUID:\t{00000000-0000-0000-0000-000000000000}\r\n\tClass:\tcomputer\r\n\t\r\nAttribute:\r\n\tLDAP Display Name:\tservicePrincipalName\r\n\tSyntax (OID):\t2.5.5.12\r\n\tValue:\tGC/HOST-01.example.local/example.local\r\n\t\r\nOperation:\r\n\tType:\tValue Deleted\r\n\tCorrelation ID:\t{00000000-0000-0000-0000-000000000000}\r\n\tApplication Correlation ID:\t-",
      "outcome": "success",
      "provider": "Microsoft-Windows-Security-Auditing"
    },
    "action": {
      "id": 5136,
      "name": "A directory service object was modified",
      "outcome": "success",
      "properties": {
        "AttributeLDAPDisplayName": "servicePrincipalName",
        "AttributeSyntaxOID": "2.5.5.12",
        "AttributeValue": "GC/HOST-01.example.local/example.local",
        "Category": "Directory Service Changes",
        "EventType": "AUDIT_SUCCESS",
        "Keywords": "-9214364837600034816",
        "ObjectClass": "computer",
        "ObjectDN": "CN=HOST-01,CN=Computers,DC=example,DC=local",
        "ObjectGUID": "{00000000-0000-0000-0000-000000000000}",
        "OpcodeValue": 0,
        "OperationType": "Value Deleted",
        "ProviderGuid": "{00000000-0000-0000-0000-000000000000}",
        "Severity": "INFO",
        "SourceName": "Microsoft-Windows-Security-Auditing",
        "SubjectDomainName": "EXAMPLE",
        "SubjectLogonId": "0x00000000",
        "SubjectUserName": "user1",
        "SubjectUserSid": "S-1-2-3",
        "Task": 14081
      },
      "record_id": 1000000,
      "type": "Security"
    },
    "host": {
      "hostname": "example",
      "name": "example.com"
    },
    "log": {
      "hostname": "example.com",
      "level": "info"
    },
    "os": {
      "family": "windows",
      "platform": "windows"
    },
    "process": {
      "id": 760,
      "pid": 760,
      "thread": {
        "id": 892
      }
    },
    "related": {
      "hosts": [
        "example"
      ],
      "user": [
        "user1"
      ]
    },
    "user": {
      "domain": "EXAMPLE",
      "id": "user1",
      "name": "user1"
    }
  }
}
