{
  "input": {
    "message": "{\"EventTime\": \"2026-01-27 08:04:42\", \"Hostname\": \"EXAMPLE-02.example.local\", \"Keywords\": -9214364837600034816, \"EventType\": \"AUDIT_SUCCESS\", \"SeverityValue\": 2, \"Severity\": \"INFO\", \"EventID\": 4728, \"SourceName\": \"Microsoft-Windows-Security-Auditing\", \"ProviderGuid\": \"{11111111-1111-1111-1111-111111111111}\", \"Version\": 0, \"Task\": 13826, \"OpcodeValue\": 0, \"RecordNumber\": 123456, \"ProcessID\": 644, \"ThreadID\": 2644, \"Channel\": \"Security\", \"Category\": \"Security Group Management\", \"Opcode\": \"Info\", \"MemberName\": \"CN=JOHN Doe,OU=Service Afrique,OU=Unit1,OU=Unit2,OU=Unit3,OU=Unit4,DC=example,DC=local\", \"MemberSid\": \"S-1-2-3-4\", \"TargetUserName\": \"User1\", \"TargetDomainName\": \"EXAMPLE\", \"TargetSid\": \"S-1-2-0\", \"SubjectUserSid\": \"S-1-2-3\", \"SubjectUserName\": \"REDACTED\", \"SubjectDomainName\": \"EXAMPLE\", \"SubjectLogonId\": \"0xaabbccddee\", \"PrivilegeList\": \"-\", \"EventReceivedTime\": \"2026-01-27 08:04:44\", \"SourceModuleName\": \"eventlog4\", \"SourceModuleType\": \"im_msvistalog\", \"UtcTime\": \"2026-01-27 08:04:42\"}"
  },
  "expected": {
    "message": "{\"EventTime\": \"2026-01-27 08:04:42\", \"Hostname\": \"EXAMPLE-02.example.local\", \"Keywords\": -9214364837600034816, \"EventType\": \"AUDIT_SUCCESS\", \"SeverityValue\": 2, \"Severity\": \"INFO\", \"EventID\": 4728, \"SourceName\": \"Microsoft-Windows-Security-Auditing\", \"ProviderGuid\": \"{11111111-1111-1111-1111-111111111111}\", \"Version\": 0, \"Task\": 13826, \"OpcodeValue\": 0, \"RecordNumber\": 123456, \"ProcessID\": 644, \"ThreadID\": 2644, \"Channel\": \"Security\", \"Category\": \"Security Group Management\", \"Opcode\": \"Info\", \"MemberName\": \"CN=JOHN Doe,OU=Service Afrique,OU=Unit1,OU=Unit2,OU=Unit3,OU=Unit4,DC=example,DC=local\", \"MemberSid\": \"S-1-2-3-4\", \"TargetUserName\": \"User1\", \"TargetDomainName\": \"EXAMPLE\", \"TargetSid\": \"S-1-2-0\", \"SubjectUserSid\": \"S-1-2-3\", \"SubjectUserName\": \"REDACTED\", \"SubjectDomainName\": \"EXAMPLE\", \"SubjectLogonId\": \"0xaabbccddee\", \"PrivilegeList\": \"-\", \"EventReceivedTime\": \"2026-01-27 08:04:44\", \"SourceModuleName\": \"eventlog4\", \"SourceModuleType\": \"im_msvistalog\", \"UtcTime\": \"2026-01-27 08:04:42\"}",
    "event": {
      "code": "4728",
      "outcome": "success",
      "provider": "Microsoft-Windows-Security-Auditing"
    },
    "@timestamp": "2026-01-27T08:04:42Z",
    "action": {
      "id": 4728,
      "name": "A member was added to a security-enabled global group",
      "outcome": "success",
      "properties": {
        "Category": "Security Group Management",
        "EventType": "AUDIT_SUCCESS",
        "Keywords": "-9214364837600034816",
        "MemberName": "CN=JOHN Doe,OU=Service Afrique,OU=Unit1,OU=Unit2,OU=Unit3,OU=Unit4,DC=example,DC=local",
        "MemberSid": "S-1-2-3-4",
        "OpcodeValue": 0,
        "PrivilegeList": "-",
        "ProviderGuid": "{11111111-1111-1111-1111-111111111111}",
        "Severity": "INFO",
        "SourceName": "Microsoft-Windows-Security-Auditing",
        "SubjectDomainName": "EXAMPLE",
        "SubjectLogonId": "0xaabbccddee",
        "SubjectUserName": "REDACTED",
        "SubjectUserSid": "S-1-2-3",
        "TargetDomainName": "EXAMPLE",
        "TargetSid": "S-1-2-0",
        "TargetUserName": "User1",
        "Task": 13826
      },
      "record_id": 123456,
      "type": "Security"
    },
    "host": {
      "hostname": "EXAMPLE-02",
      "name": "EXAMPLE-02.example.local"
    },
    "log": {
      "hostname": "EXAMPLE-02.example.local",
      "level": "info"
    },
    "os": {
      "family": "windows",
      "platform": "windows"
    },
    "process": {
      "id": 644,
      "pid": 644,
      "thread": {
        "id": 2644
      }
    },
    "related": {
      "hosts": [
        "EXAMPLE-02"
      ],
      "user": [
        "JOHN Doe",
        "REDACTED"
      ]
    },
    "user": {
      "domain": "EXAMPLE",
      "id": "S-1-2-3",
      "name": "REDACTED",
      "target": {
        "domain": "EXAMPLE",
        "name": "JOHN Doe"
      }
    }
  }
}