{
  "input": {
    "message": "{\"EventTime\":\"2011-01-07 14:09:58\",\"Hostname\":\"example.com\",\"Keywords\":-9214364837600034816,\"EventType\":\"AUDIT_SUCCESS\",\"SeverityValue\":2,\"Severity\":\"INFO\",\"EventID\":6416,\"SourceName\":\"Microsoft-Windows-Security-Auditing\",\"ProviderGuid\":\"{54849625-5478-4994-A5BA-3E3B0328C30D}\",\"Version\":1,\"Task\":13316,\"OpcodeValue\":0,\"RecordNumber\":16859866,\"ProcessID\":4,\"ThreadID\":6432,\"Channel\":\"Security\",\"Message\":\"A new external device was recognized by the system.\\r\\n\\r\\nSubject:\\r\\n\\tSecurity ID:\\t\\tS-1-5-18\\r\\n\\tAccount Name:\\t\\tHOSTFOO$\\r\\n\\tAccount Domain:\\t\\tKEY\\r\\n\\tLogon ID:\\t\\t0x3E7\\r\\n\\r\\nDevice ID:\\tSCSI\\\\Disk&Ven_VMware&Prod_Virtual_disk\\\\5&e55476b&0&000100\\r\\n\\r\\nDevice Name:\\tVMware Virtual disk SCSI Disk Device\\r\\n\\r\\nClass ID:\\t\\t{4d36e967-e325-11ce-bfc1-08002be10318}\\r\\n\\r\\nClass Name:\\tDiskDrive\\r\\n\\r\\nVendor IDs:\\t\\r\\n\\t\\tSCSI\\\\DiskVMware__Virtual_disk____2.0_\\r\\n\\t\\tSCSI\\\\DiskVMware__Virtual_disk____\\r\\n\\t\\tSCSI\\\\DiskVMware__\\r\\n\\t\\tSCSI\\\\VMware__Virtual_disk____2\\r\\n\\t\\tVMware__Virtual_disk____2\\r\\n\\t\\tGenDisk\\r\\n\\t\\t\\r\\n\\t\\t\\r\\n\\r\\nCompatible IDs:\\t\\r\\n\\t\\tSCSI\\\\Disk\\r\\n\\t\\tSCSI\\\\RAW\\r\\n\\t\\t\\r\\n\\t\\t\\r\\n\\r\\nLocation Information:\\t\\r\\n\\t\\tBus Number 0, Target Id 1, LUN 0\\r\\n\\t\\t\",\"Category\":\"Plug and Play Events\",\"Opcode\":\"Info\",\"SubjectUserSid\":\"S-1-5-18\",\"SubjectUserName\":\"user1\",\"SubjectDomainName\":\"example.com\",\"SubjectLogonId\":\"0x3e7\",\"DeviceId\":\"SCSI\\\\Disk&amp;Ven_VMware&amp;Prod_Virtual_disk\\\\5&amp;e55476b&amp;0&amp;000100\",\"DeviceDescription\":\"VMware Virtual disk SCSI Disk Device\",\"ClassId\":\"{4d36e967-e325-11ce-bfc1-08002be10318}\",\"ClassName\":\"DiskDrive\",\"VendorIds\":\"\\r\\n\\t\\tSCSI\\\\DiskVMware__Virtual_disk____2.0_\\r\\n\\t\\tSCSI\\\\DiskVMware__Virtual_disk____\\r\\n\\t\\tSCSI\\\\DiskVMware__\\r\\n\\t\\tSCSI\\\\VMware__Virtual_disk____2\\r\\n\\t\\tVMware__Virtual_disk____2\\r\\n\\t\\tGenDisk\\r\\n\\t\\t\\r\\n\\t\\t\",\"CompatibleIds\":\"\\r\\n\\t\\tSCSI\\\\Disk\\r\\n\\t\\tSCSI\\\\RAW\\r\\n\\t\\t\\r\\n\\t\\t\",\"LocationInformation\":\"\\r\\n\\t\\tBus Number 0, Target Id 1, LUN 0\\r\\n\\t\\t\",\"EventReceivedTime\":\"2011-01-07 14:09:59\",\"SourceModuleName\":\"in\",\"SourceModuleType\":\"im_msvistalog\"}"
  },
  "expected": {
    "message": "{\"EventTime\":\"2011-01-07 14:09:58\",\"Hostname\":\"example.com\",\"Keywords\":-9214364837600034816,\"EventType\":\"AUDIT_SUCCESS\",\"SeverityValue\":2,\"Severity\":\"INFO\",\"EventID\":6416,\"SourceName\":\"Microsoft-Windows-Security-Auditing\",\"ProviderGuid\":\"{54849625-5478-4994-A5BA-3E3B0328C30D}\",\"Version\":1,\"Task\":13316,\"OpcodeValue\":0,\"RecordNumber\":16859866,\"ProcessID\":4,\"ThreadID\":6432,\"Channel\":\"Security\",\"Message\":\"A new external device was recognized by the system.\\r\\n\\r\\nSubject:\\r\\n\\tSecurity ID:\\t\\tS-1-5-18\\r\\n\\tAccount Name:\\t\\tHOSTFOO$\\r\\n\\tAccount Domain:\\t\\tKEY\\r\\n\\tLogon ID:\\t\\t0x3E7\\r\\n\\r\\nDevice ID:\\tSCSI\\\\Disk&Ven_VMware&Prod_Virtual_disk\\\\5&e55476b&0&000100\\r\\n\\r\\nDevice Name:\\tVMware Virtual disk SCSI Disk Device\\r\\n\\r\\nClass ID:\\t\\t{4d36e967-e325-11ce-bfc1-08002be10318}\\r\\n\\r\\nClass Name:\\tDiskDrive\\r\\n\\r\\nVendor IDs:\\t\\r\\n\\t\\tSCSI\\\\DiskVMware__Virtual_disk____2.0_\\r\\n\\t\\tSCSI\\\\DiskVMware__Virtual_disk____\\r\\n\\t\\tSCSI\\\\DiskVMware__\\r\\n\\t\\tSCSI\\\\VMware__Virtual_disk____2\\r\\n\\t\\tVMware__Virtual_disk____2\\r\\n\\t\\tGenDisk\\r\\n\\t\\t\\r\\n\\t\\t\\r\\n\\r\\nCompatible IDs:\\t\\r\\n\\t\\tSCSI\\\\Disk\\r\\n\\t\\tSCSI\\\\RAW\\r\\n\\t\\t\\r\\n\\t\\t\\r\\n\\r\\nLocation Information:\\t\\r\\n\\t\\tBus Number 0, Target Id 1, LUN 0\\r\\n\\t\\t\",\"Category\":\"Plug and Play Events\",\"Opcode\":\"Info\",\"SubjectUserSid\":\"S-1-5-18\",\"SubjectUserName\":\"user1\",\"SubjectDomainName\":\"example.com\",\"SubjectLogonId\":\"0x3e7\",\"DeviceId\":\"SCSI\\\\Disk&amp;Ven_VMware&amp;Prod_Virtual_disk\\\\5&amp;e55476b&amp;0&amp;000100\",\"DeviceDescription\":\"VMware Virtual disk SCSI Disk Device\",\"ClassId\":\"{4d36e967-e325-11ce-bfc1-08002be10318}\",\"ClassName\":\"DiskDrive\",\"VendorIds\":\"\\r\\n\\t\\tSCSI\\\\DiskVMware__Virtual_disk____2.0_\\r\\n\\t\\tSCSI\\\\DiskVMware__Virtual_disk____\\r\\n\\t\\tSCSI\\\\DiskVMware__\\r\\n\\t\\tSCSI\\\\VMware__Virtual_disk____2\\r\\n\\t\\tVMware__Virtual_disk____2\\r\\n\\t\\tGenDisk\\r\\n\\t\\t\\r\\n\\t\\t\",\"CompatibleIds\":\"\\r\\n\\t\\tSCSI\\\\Disk\\r\\n\\t\\tSCSI\\\\RAW\\r\\n\\t\\t\\r\\n\\t\\t\",\"LocationInformation\":\"\\r\\n\\t\\tBus Number 0, Target Id 1, LUN 0\\r\\n\\t\\t\",\"EventReceivedTime\":\"2011-01-07 14:09:59\",\"SourceModuleName\":\"in\",\"SourceModuleType\":\"im_msvistalog\"}",
    "event": {
      "code": "6416",
      "message": "A new external device was recognized by the system.\r\n\r\nSubject:\r\n\tSecurity ID:\t\tS-1-5-18\r\n\tAccount Name:\t\tHOSTFOO$\r\n\tAccount Domain:\t\tKEY\r\n\tLogon ID:\t\t0x3E7\r\n\r\nDevice ID:\tSCSI\\Disk&Ven_VMware&Prod_Virtual_disk\\5&e55476b&0&000100\r\n\r\nDevice Name:\tVMware Virtual disk SCSI Disk Device\r\n\r\nClass ID:\t\t{4d36e967-e325-11ce-bfc1-08002be10318}\r\n\r\nClass Name:\tDiskDrive\r\n\r\nVendor IDs:\t\r\n\t\tSCSI\\DiskVMware__Virtual_disk____2.0_\r\n\t\tSCSI\\DiskVMware__Virtual_disk____\r\n\t\tSCSI\\DiskVMware__\r\n\t\tSCSI\\VMware__Virtual_disk____2\r\n\t\tVMware__Virtual_disk____2\r\n\t\tGenDisk\r\n\t\t\r\n\t\t\r\n\r\nCompatible IDs:\t\r\n\t\tSCSI\\Disk\r\n\t\tSCSI\\RAW\r\n\t\t\r\n\t\t\r\n\r\nLocation Information:\t\r\n\t\tBus Number 0, Target Id 1, LUN 0\r\n\t\t",
      "outcome": "success",
      "provider": "Microsoft-Windows-Security-Auditing"
    },
    "action": {
      "id": 6416,
      "name": "A new external device was recognized by the system.",
      "outcome": "success",
      "properties": {
        "Category": "Plug and Play Events",
        "ClassName": "DiskDrive",
        "DeviceDescription": "VMware Virtual disk SCSI Disk Device",
        "EventType": "AUDIT_SUCCESS",
        "Keywords": "-9214364837600034816",
        "OpcodeValue": 0,
        "ProviderGuid": "{54849625-5478-4994-A5BA-3E3B0328C30D}",
        "Severity": "INFO",
        "SourceName": "Microsoft-Windows-Security-Auditing",
        "SubjectDomainName": "example.com",
        "SubjectLogonId": "0x3e7",
        "SubjectUserName": "user1",
        "SubjectUserSid": "S-1-5-18",
        "Task": "13316"
      },
      "record_id": 16859866,
      "type": "Security"
    },
    "host": {
      "hostname": "example",
      "name": "example.com"
    },
    "log": {
      "hostname": "example.com",
      "level": "info"
    },
    "os": {
      "family": "windows",
      "platform": "windows"
    },
    "process": {
      "id": 4,
      "pid": 4,
      "thread": {
        "id": 6432
      }
    },
    "related": {
      "hosts": [
        "example"
      ],
      "user": [
        "user1"
      ]
    },
    "user": {
      "domain": "example.com",
      "id": "S-1-5-18",
      "name": "user1"
    }
  }
}