{
  "input": {
    "message": "{\"EventTime\": \"2023-08-22 14:40:12\", \"Hostname\": \"hostname.example.org\", \"Keywords\": -9214364837600034816, \"EventType\": \"AUDIT_SUCCESS\", \"SeverityValue\": 2, \"Severity\": \"INFO\", \"EventID\": 4670, \"SourceName\": \"Microsoft-Windows-Security-Auditing\", \"ProviderGuid\": \"{54849625-5478-4994-A5BA-3E3B0328C30D}\", \"Version\": 0, \"Task\": 13570, \"OpcodeValue\": 0, \"RecordNumber\": 1711795990, \"ProcessID\": 4, \"ThreadID\": 5708, \"Channel\": \"Security\", \"Message\": \"Les autorisations sur un objet ont \\u00e9t\\u00e9 modifi\\u00e9es.\\r\\n\\r\\nSujet\\u00a0:\\r\\n\\tID de s\\u00e9curit\\u00e9\\u00a0:\\t\\tS-1-5-18\\r\\n\\tNom du compte\\u00a0:\\t\\tJDOE\\r\\n\\tDomaine du compte\\u00a0:\\t\\tEXAMPLE\\r\\n\\tID d\\u2019ouverture de session\\u00a0:\\t\\t0x3E7\\r\\n\\r\\nObjet\\u00a0:\\r\\n\\tServeur de l\\u2019objet\\u00a0:\\tSecurity\\r\\n\\tType d\\u2019objet\\u00a0:\\tToken\\r\\n\\tNom de l\\u2019objet\\u00a0:\\t-\\r\\n\\tID du handle\\u00a0:\\t0x2214\\r\\n\\r\\nProcessus\\u00a0:\\r\\n\\tID du processus\\u00a0:\\t0x3f8\\r\\n\\tNom du processus\\u00a0:\\tC:\\\\Windows\\\\System32\\\\svchost.exe\\r\\n\\r\\nModification des autorisations\\u00a0:\\r\\n\\tDescripteur de s\\u00e9curit\\u00e9 d\\u2019origine\\u00a0:\\tD:(A;;GA;;;SY)(A;;GA;;;NS)\\r\\n\\tNouveau descripteur de s\\u00e9curit\\u00e9\\u00a0:\\tD:(A;;GA;;;SY)(A;;RC;;;OW)(A;;GA;;;S-1-5-86-111111111-22222222-3333333333-44444444-5555555555)\", \"Category\": \"Modification de la strat\\u00e9gie d\\u2019autorisation\", \"Opcode\": \"Informations\", \"SubjectUserSid\": \"S-1-5-18\", \"SubjectUserName\": \"JDOE\", \"SubjectDomainName\": \"EXAMPLE\", \"SubjectLogonId\": \"0x3e7\", \"ObjectServer\": \"Security\", \"ObjectType\": \"Token\", \"ObjectName\": \"-\", \"HandleId\": \"0x2214\", \"OldSd\": \"D:(A;;GA;;;SY)(A;;GA;;;NS)\", \"NewSd\": \"D:(A;;GA;;;SY)(A;;RC;;;OW)(A;;GA;;;S-1-5-86-111111111-22222222-3333333333-44444444-5555555555)\", \"ProcessName\": \"C:\\\\Windows\\\\System32\\\\svchost.exe\", \"EventReceivedTime\": \"2023-08-22 14:40:15\", \"SourceModuleName\": \"eventlog\", \"SourceModuleType\": \"im_msvistalog\"}"
  },
  "expected": {
    "message": "{\"EventTime\": \"2023-08-22 14:40:12\", \"Hostname\": \"hostname.example.org\", \"Keywords\": -9214364837600034816, \"EventType\": \"AUDIT_SUCCESS\", \"SeverityValue\": 2, \"Severity\": \"INFO\", \"EventID\": 4670, \"SourceName\": \"Microsoft-Windows-Security-Auditing\", \"ProviderGuid\": \"{54849625-5478-4994-A5BA-3E3B0328C30D}\", \"Version\": 0, \"Task\": 13570, \"OpcodeValue\": 0, \"RecordNumber\": 1711795990, \"ProcessID\": 4, \"ThreadID\": 5708, \"Channel\": \"Security\", \"Message\": \"Les autorisations sur un objet ont \\u00e9t\\u00e9 modifi\\u00e9es.\\r\\n\\r\\nSujet\\u00a0:\\r\\n\\tID de s\\u00e9curit\\u00e9\\u00a0:\\t\\tS-1-5-18\\r\\n\\tNom du compte\\u00a0:\\t\\tJDOE\\r\\n\\tDomaine du compte\\u00a0:\\t\\tEXAMPLE\\r\\n\\tID d\\u2019ouverture de session\\u00a0:\\t\\t0x3E7\\r\\n\\r\\nObjet\\u00a0:\\r\\n\\tServeur de l\\u2019objet\\u00a0:\\tSecurity\\r\\n\\tType d\\u2019objet\\u00a0:\\tToken\\r\\n\\tNom de l\\u2019objet\\u00a0:\\t-\\r\\n\\tID du handle\\u00a0:\\t0x2214\\r\\n\\r\\nProcessus\\u00a0:\\r\\n\\tID du processus\\u00a0:\\t0x3f8\\r\\n\\tNom du processus\\u00a0:\\tC:\\\\Windows\\\\System32\\\\svchost.exe\\r\\n\\r\\nModification des autorisations\\u00a0:\\r\\n\\tDescripteur de s\\u00e9curit\\u00e9 d\\u2019origine\\u00a0:\\tD:(A;;GA;;;SY)(A;;GA;;;NS)\\r\\n\\tNouveau descripteur de s\\u00e9curit\\u00e9\\u00a0:\\tD:(A;;GA;;;SY)(A;;RC;;;OW)(A;;GA;;;S-1-5-86-111111111-22222222-3333333333-44444444-5555555555)\", \"Category\": \"Modification de la strat\\u00e9gie d\\u2019autorisation\", \"Opcode\": \"Informations\", \"SubjectUserSid\": \"S-1-5-18\", \"SubjectUserName\": \"JDOE\", \"SubjectDomainName\": \"EXAMPLE\", \"SubjectLogonId\": \"0x3e7\", \"ObjectServer\": \"Security\", \"ObjectType\": \"Token\", \"ObjectName\": \"-\", \"HandleId\": \"0x2214\", \"OldSd\": \"D:(A;;GA;;;SY)(A;;GA;;;NS)\", \"NewSd\": \"D:(A;;GA;;;SY)(A;;RC;;;OW)(A;;GA;;;S-1-5-86-111111111-22222222-3333333333-44444444-5555555555)\", \"ProcessName\": \"C:\\\\Windows\\\\System32\\\\svchost.exe\", \"EventReceivedTime\": \"2023-08-22 14:40:15\", \"SourceModuleName\": \"eventlog\", \"SourceModuleType\": \"im_msvistalog\"}",
    "event": {
      "code": "4670",
      "message": "Les autorisations sur un objet ont \u00e9t\u00e9 modifi\u00e9es.\r\n\r\nSujet\u00a0:\r\n\tID de s\u00e9curit\u00e9\u00a0:\t\tS-1-5-18\r\n\tNom du compte\u00a0:\t\tJDOE\r\n\tDomaine du compte\u00a0:\t\tEXAMPLE\r\n\tID d\u2019ouverture de session\u00a0:\t\t0x3E7\r\n\r\nObjet\u00a0:\r\n\tServeur de l\u2019objet\u00a0:\tSecurity\r\n\tType d\u2019objet\u00a0:\tToken\r\n\tNom de l\u2019objet\u00a0:\t-\r\n\tID du handle\u00a0:\t0x2214\r\n\r\nProcessus\u00a0:\r\n\tID du processus\u00a0:\t0x3f8\r\n\tNom du processus\u00a0:\tC:\\Windows\\System32\\svchost.exe\r\n\r\nModification des autorisations\u00a0:\r\n\tDescripteur de s\u00e9curit\u00e9 d\u2019origine\u00a0:\tD:(A;;GA;;;SY)(A;;GA;;;NS)\r\n\tNouveau descripteur de s\u00e9curit\u00e9\u00a0:\tD:(A;;GA;;;SY)(A;;RC;;;OW)(A;;GA;;;S-1-5-86-111111111-22222222-3333333333-44444444-5555555555)",
      "outcome": "success",
      "provider": "Microsoft-Windows-Security-Auditing"
    },
    "action": {
      "id": 4670,
      "name": "Permissions on an object were changed",
      "outcome": "success",
      "properties": {
        "Category": "Modification de la strat\u00e9gie d\u2019autorisation",
        "EventType": "AUDIT_SUCCESS",
        "HandleId": "0x2214",
        "Keywords": "-9214364837600034816",
        "NewSd": "D:(A;;GA;;;SY)(A;;RC;;;OW)(A;;GA;;;S-1-5-86-111111111-22222222-3333333333-44444444-5555555555)",
        "ObjectName": "-",
        "ObjectServer": "Security",
        "ObjectType": "Token",
        "OldSd": "D:(A;;GA;;;SY)(A;;GA;;;NS)",
        "OpcodeValue": 0,
        "ProcessName": "C:\\Windows\\System32\\svchost.exe",
        "ProviderGuid": "{54849625-5478-4994-A5BA-3E3B0328C30D}",
        "Severity": "INFO",
        "SourceName": "Microsoft-Windows-Security-Auditing",
        "SubjectDomainName": "EXAMPLE",
        "SubjectLogonId": "0x3e7",
        "SubjectUserName": "JDOE",
        "SubjectUserSid": "S-1-5-18",
        "Task": "13570"
      },
      "record_id": 1711795990,
      "type": "Security"
    },
    "host": {
      "hostname": "hostname",
      "name": "hostname.example.org"
    },
    "log": {
      "hostname": "hostname.example.org",
      "level": "info"
    },
    "os": {
      "family": "windows",
      "platform": "windows"
    },
    "process": {
      "executable": "C:\\Windows\\System32\\svchost.exe",
      "id": 4,
      "name": "svchost.exe",
      "pid": 4,
      "thread": {
        "id": 5708
      },
      "working_directory": "C:\\Windows\\System32\\"
    },
    "related": {
      "hosts": [
        "hostname"
      ],
      "user": [
        "JDOE"
      ]
    },
    "user": {
      "domain": "EXAMPLE",
      "id": "S-1-5-18",
      "name": "JDOE"
    }
  }
}