{
  "input": {
    "message": "{\"EventTime\":\"2024-03-27 10:57:48\",\"Hostname\":\"server001.example.org\",\"Keywords\":-9214364837600035000,\"EventType\":\"AUDIT_SUCCESS\",\"SeverityValue\":2,\"Severity\":\"INFO\",\"EventID\":4698,\"SourceName\":\"Microsoft-Windows-Security-Auditing\",\"ProviderGuid\":\"{70F17275-E2D6-40BF-9990-D3347AD59BBF}\",\"Version\":1,\"Task\":12804,\"OpcodeValue\":0,\"RecordNumber\":60217389,\"ActivityID\":\"{70F17275-E2D6-40BF-9990-D3347AD59BBF}\",\"ProcessID\":816,\"ThreadID\":3272,\"Channel\":\"Security\",\"SubjectUserSid\":\"S-1-5-18\",\"SubjectUserName\":\"JDOE$\",\"SubjectDomainName\":\"EXAMPLE\",\"SubjectLogonId\":\"0x3e7\",\"TaskName\":\"\\\\MicrosoftEdgeUpdateBrowserReplacementTask\",\"TaskContent\":\"&lt;?xml version=\\\"1.0\\\" encoding=\\\"UTF-16\\\"?&gt;\\r\\n&lt;Task version=\\\"1.2\\\" xmlns=\\\"http://schemas.microsoft.com/windows/2004/02/mit/task\\\"&gt;\\r\\n  &lt;RegistrationInfo&gt;\\r\\n    &lt;Version&gt;1.3.185.27&lt;/Version&gt;\\r\\n    &lt;Description&gt;Keeps your Microsoft software up to date. If this task is disabled or stopped, your Microsoft software will not be kept up to date, meaning security vulnerabilities that may arise cannot be fixed and features may not work. This task uninstalls itself when there is no Microsoft software using it.&lt;/Description&gt;\\r\\n    &lt;URI&gt;\\\\MicrosoftEdgeUpdateBrowserReplacementTask&lt;/URI&gt;\\r\\n  &lt;/RegistrationInfo&gt;\\r\\n  &lt;Triggers&gt;\\r\\n    &lt;BootTrigger&gt;\\r\\n      &lt;Enabled&gt;true&lt;/Enabled&gt;\\r\\n    &lt;/BootTrigger&gt;\\r\\n  &lt;/Triggers&gt;\\r\\n  &lt;Principals&gt;\\r\\n    &lt;Principal id=\\\"Author\\\"&gt;\\r\\n      &lt;UserId&gt;S-1-5-18&lt;/UserId&gt;\\r\\n      &lt;RunLevel&gt;HighestAvailable&lt;/RunLevel&gt;\\r\\n    &lt;/Principal&gt;\\r\\n  &lt;/Principals&gt;\\r\\n  &lt;Settings&gt;\\r\\n    &lt;MultipleInstancesPolicy&gt;IgnoreNew&lt;/MultipleInstancesPolicy&gt;\\r\\n    &lt;DisallowStartIfOnBatteries&gt;false&lt;/DisallowStartIfOnBatteries&gt;\\r\\n    &lt;StartWhenAvailable&gt;true&lt;/StartWhenAvailable&gt;\\r\\n    &lt;RunOnlyIfNetworkAvailable&gt;false&lt;/RunOnlyIfNetworkAvailable&gt;\\r\\n    &lt;Enabled&gt;true&lt;/Enabled&gt;\\r\\n    &lt;RunOnlyIfIdle&gt;false&lt;/RunOnlyIfIdle&gt;\\r\\n    &lt;WakeToRun&gt;false&lt;/WakeToRun&gt;\\r\\n    &lt;ExecutionTimeLimit&gt;PT72H&lt;/ExecutionTimeLimit&gt;\\r\\n    &lt;Priority&gt;4&lt;/Priority&gt;\\r\\n  &lt;/Settings&gt;\\r\\n  &lt;Actions Context=\\\"Author\\\"&gt;\\r\\n    &lt;Exec&gt;\\r\\n      &lt;Command&gt;C:\\\\Program Files (x86)\\\\Microsoft\\\\EdgeUpdate\\\\MicrosoftEdgeUpdate.exe&lt;/Command&gt;\\r\\n      &lt;Arguments&gt;/browserreplacement&lt;/Arguments&gt;\\r\\n    &lt;/Exec&gt;\\r\\n  &lt;/Actions&gt;\\r\\n&lt;/Task&gt;\",\"ClientProcessStartKey\":\"20829148276605418\",\"ClientProcessId\":\"5632\",\"ParentProcessId\":\"808\",\"RpcCallClientLocality\":\"0\",\"FQDN\":\"server001.example.org\",\"EventReceivedTime\":\"2024-03-27 10:58:34\",\"SourceModuleName\":\"eventlog\",\"SourceModuleType\":\"im_msvistalog\"}"
  },
  "expected": {
    "message": "{\"EventTime\":\"2024-03-27 10:57:48\",\"Hostname\":\"server001.example.org\",\"Keywords\":-9214364837600035000,\"EventType\":\"AUDIT_SUCCESS\",\"SeverityValue\":2,\"Severity\":\"INFO\",\"EventID\":4698,\"SourceName\":\"Microsoft-Windows-Security-Auditing\",\"ProviderGuid\":\"{70F17275-E2D6-40BF-9990-D3347AD59BBF}\",\"Version\":1,\"Task\":12804,\"OpcodeValue\":0,\"RecordNumber\":60217389,\"ActivityID\":\"{70F17275-E2D6-40BF-9990-D3347AD59BBF}\",\"ProcessID\":816,\"ThreadID\":3272,\"Channel\":\"Security\",\"SubjectUserSid\":\"S-1-5-18\",\"SubjectUserName\":\"JDOE$\",\"SubjectDomainName\":\"EXAMPLE\",\"SubjectLogonId\":\"0x3e7\",\"TaskName\":\"\\\\MicrosoftEdgeUpdateBrowserReplacementTask\",\"TaskContent\":\"&lt;?xml version=\\\"1.0\\\" encoding=\\\"UTF-16\\\"?&gt;\\r\\n&lt;Task version=\\\"1.2\\\" xmlns=\\\"http://schemas.microsoft.com/windows/2004/02/mit/task\\\"&gt;\\r\\n  &lt;RegistrationInfo&gt;\\r\\n    &lt;Version&gt;1.3.185.27&lt;/Version&gt;\\r\\n    &lt;Description&gt;Keeps your Microsoft software up to date. If this task is disabled or stopped, your Microsoft software will not be kept up to date, meaning security vulnerabilities that may arise cannot be fixed and features may not work. This task uninstalls itself when there is no Microsoft software using it.&lt;/Description&gt;\\r\\n    &lt;URI&gt;\\\\MicrosoftEdgeUpdateBrowserReplacementTask&lt;/URI&gt;\\r\\n  &lt;/RegistrationInfo&gt;\\r\\n  &lt;Triggers&gt;\\r\\n    &lt;BootTrigger&gt;\\r\\n      &lt;Enabled&gt;true&lt;/Enabled&gt;\\r\\n    &lt;/BootTrigger&gt;\\r\\n  &lt;/Triggers&gt;\\r\\n  &lt;Principals&gt;\\r\\n    &lt;Principal id=\\\"Author\\\"&gt;\\r\\n      &lt;UserId&gt;S-1-5-18&lt;/UserId&gt;\\r\\n      &lt;RunLevel&gt;HighestAvailable&lt;/RunLevel&gt;\\r\\n    &lt;/Principal&gt;\\r\\n  &lt;/Principals&gt;\\r\\n  &lt;Settings&gt;\\r\\n    &lt;MultipleInstancesPolicy&gt;IgnoreNew&lt;/MultipleInstancesPolicy&gt;\\r\\n    &lt;DisallowStartIfOnBatteries&gt;false&lt;/DisallowStartIfOnBatteries&gt;\\r\\n    &lt;StartWhenAvailable&gt;true&lt;/StartWhenAvailable&gt;\\r\\n    &lt;RunOnlyIfNetworkAvailable&gt;false&lt;/RunOnlyIfNetworkAvailable&gt;\\r\\n    &lt;Enabled&gt;true&lt;/Enabled&gt;\\r\\n    &lt;RunOnlyIfIdle&gt;false&lt;/RunOnlyIfIdle&gt;\\r\\n    &lt;WakeToRun&gt;false&lt;/WakeToRun&gt;\\r\\n    &lt;ExecutionTimeLimit&gt;PT72H&lt;/ExecutionTimeLimit&gt;\\r\\n    &lt;Priority&gt;4&lt;/Priority&gt;\\r\\n  &lt;/Settings&gt;\\r\\n  &lt;Actions Context=\\\"Author\\\"&gt;\\r\\n    &lt;Exec&gt;\\r\\n      &lt;Command&gt;C:\\\\Program Files (x86)\\\\Microsoft\\\\EdgeUpdate\\\\MicrosoftEdgeUpdate.exe&lt;/Command&gt;\\r\\n      &lt;Arguments&gt;/browserreplacement&lt;/Arguments&gt;\\r\\n    &lt;/Exec&gt;\\r\\n  &lt;/Actions&gt;\\r\\n&lt;/Task&gt;\",\"ClientProcessStartKey\":\"20829148276605418\",\"ClientProcessId\":\"5632\",\"ParentProcessId\":\"808\",\"RpcCallClientLocality\":\"0\",\"FQDN\":\"server001.example.org\",\"EventReceivedTime\":\"2024-03-27 10:58:34\",\"SourceModuleName\":\"eventlog\",\"SourceModuleType\":\"im_msvistalog\"}",
    "event": {
      "code": "4698",
      "outcome": "success",
      "provider": "Microsoft-Windows-Security-Auditing"
    },
    "action": {
      "id": 4698,
      "name": "A scheduled task was created",
      "outcome": "success",
      "properties": {
        "EventType": "AUDIT_SUCCESS",
        "Keywords": "-9214364837600035000",
        "OpcodeValue": 0,
        "ProviderGuid": "{70F17275-E2D6-40BF-9990-D3347AD59BBF}",
        "Severity": "INFO",
        "SourceName": "Microsoft-Windows-Security-Auditing",
        "SubjectDomainName": "EXAMPLE",
        "SubjectLogonId": "0x3e7",
        "SubjectUserName": "JDOE$",
        "SubjectUserSid": "S-1-5-18",
        "Task": 12804,
        "TaskContent": "&lt;?xml version=\"1.0\" encoding=\"UTF-16\"?&gt;\r\n&lt;Task version=\"1.2\" xmlns=\"http://schemas.microsoft.com/windows/2004/02/mit/task\"&gt;\r\n  &lt;RegistrationInfo&gt;\r\n    &lt;Version&gt;1.3.185.27&lt;/Version&gt;\r\n    &lt;Description&gt;Keeps your Microsoft software up to date. If this task is disabled or stopped, your Microsoft software will not be kept up to date, meaning security vulnerabilities that may arise cannot be fixed and features may not work. This task uninstalls itself when there is no Microsoft software using it.&lt;/Description&gt;\r\n    &lt;URI&gt;\\MicrosoftEdgeUpdateBrowserReplacementTask&lt;/URI&gt;\r\n  &lt;/RegistrationInfo&gt;\r\n  &lt;Triggers&gt;\r\n    &lt;BootTrigger&gt;\r\n      &lt;Enabled&gt;true&lt;/Enabled&gt;\r\n    &lt;/BootTrigger&gt;\r\n  &lt;/Triggers&gt;\r\n  &lt;Principals&gt;\r\n    &lt;Principal id=\"Author\"&gt;\r\n      &lt;UserId&gt;S-1-5-18&lt;/UserId&gt;\r\n      &lt;RunLevel&gt;HighestAvailable&lt;/RunLevel&gt;\r\n    &lt;/Principal&gt;\r\n  &lt;/Principals&gt;\r\n  &lt;Settings&gt;\r\n    &lt;MultipleInstancesPolicy&gt;IgnoreNew&lt;/MultipleInstancesPolicy&gt;\r\n    &lt;DisallowStartIfOnBatteries&gt;false&lt;/DisallowStartIfOnBatteries&gt;\r\n    &lt;StartWhenAvailable&gt;true&lt;/StartWhenAvailable&gt;\r\n    &lt;RunOnlyIfNetworkAvailable&gt;false&lt;/RunOnlyIfNetworkAvailable&gt;\r\n    &lt;Enabled&gt;true&lt;/Enabled&gt;\r\n    &lt;RunOnlyIfIdle&gt;false&lt;/RunOnlyIfIdle&gt;\r\n    &lt;WakeToRun&gt;false&lt;/WakeToRun&gt;\r\n    &lt;ExecutionTimeLimit&gt;PT72H&lt;/ExecutionTimeLimit&gt;\r\n    &lt;Priority&gt;4&lt;/Priority&gt;\r\n  &lt;/Settings&gt;\r\n  &lt;Actions Context=\"Author\"&gt;\r\n    &lt;Exec&gt;\r\n      &lt;Command&gt;C:\\Program Files (x86)\\Microsoft\\EdgeUpdate\\MicrosoftEdgeUpdate.exe&lt;/Command&gt;\r\n      &lt;Arguments&gt;/browserreplacement&lt;/Arguments&gt;\r\n    &lt;/Exec&gt;\r\n  &lt;/Actions&gt;\r\n&lt;/Task&gt;",
        "TaskContentNew_Args": "/browserreplacement",
        "TaskContentNew_Command": "C:\\Program Files (x86)\\Microsoft\\EdgeUpdate\\MicrosoftEdgeUpdate.exe",
        "TaskName": "\\MicrosoftEdgeUpdateBrowserReplacementTask"
      },
      "record_id": 60217389,
      "type": "Security"
    },
    "host": {
      "hostname": "example.com",
      "name": "server001.example.org"
    },
    "log": {
      "hostname": "server001.example.org",
      "level": "info"
    },
    "os": {
      "family": "windows",
      "platform": "windows"
    },
    "process": {
      "id": 816,
      "pid": 816,
      "ppid": "808",
      "thread": {
        "id": 3272
      }
    },
    "related": {
      "hosts": [
        "server001"
      ],
      "user": [
        "JDOE$"
      ]
    },
    "user": {
      "domain": "EXAMPLE",
      "id": "S-1-5-18",
      "name": "JDOE$"
    }
  }
}