{
  "input": {
    "message": "{\n  \"EventTime\": \"2025-10-15 10:12:02\",\n  \"Hostname\": \"HOST-01.example.local\",\n  \"Keywords\": -9214364837600034816,\n  \"EventType\": \"AUDIT_SUCCESS\",\n  \"SeverityValue\": 2,\n  \"Severity\": \"INFO\",\n  \"EventID\": 5136,\n  \"SourceName\": \"Microsoft-Windows-Security-Auditing\",\n  \"ProviderGuid\": \"{00000000-0000-0000-0000-000000000000}\",\n  \"Version\": 0,\n  \"Task\": 14081,\n  \"OpcodeValue\": 0,\n  \"RecordNumber\": 1000000,\n  \"ProcessID\": 760,\n  \"ThreadID\": 892,\n  \"Channel\": \"Security\",\n  \"Message\": \"A directory service object was modified.\\r\\n\\t\\r\\nSubject:\\r\\n\\tSecurity ID:\\t\\tS-1-5-21-0000000000-0000000000-0000000000-00000\\r\\n\\tAccount Name:\\t\\tjohn.doe@test\\r\\n\\tAccount Domain:\\t\\tEXAMPLE\\r\\n\\tLogon ID:\\t\\t0x00000000\\r\\n\\r\\nDirectory Service:\\r\\n\\tName:\\texample.local\\r\\n\\tType:\\tActive Directory Domain Services\\r\\n\\t\\r\\nObject:\\r\\n\\tDN:\\tCN=HOST-01,CN=Computers,DC=example,DC=local\\r\\n\\tGUID:\\t{00000000-0000-0000-0000-000000000000}\\r\\n\\tClass:\\tcomputer\\r\\n\\t\\r\\nAttribute:\\r\\n\\tLDAP Display Name:\\tservicePrincipalName\\r\\n\\tSyntax (OID):\\t2.5.5.12\\r\\n\\tValue:\\tGC/HOST-01.example.local/example.local\\r\\n\\t\\r\\nOperation:\\r\\n\\tType:\\tValue Deleted\\r\\n\\tCorrelation ID:\\t{00000000-0000-0000-0000-000000000000}\\r\\n\\tApplication Correlation ID:\\t-\",\n  \"Category\": \"Directory Service Changes\",\n  \"Opcode\": \"Info\",\n  \"OpCorrelationID\": \"{00000000-0000-0000-0000-000000000000}\",\n  \"AppCorrelationID\": \"-\",\n  \"SubjectUserSid\": \"S-1-5-21-0000000000-0000000000-0000000000-00000\",\n  \"SubjectUserName\": \"john.doe@test\",\n  \"SubjectDomainName\": \"EXAMPLE\",\n  \"SubjectLogonId\": \"0x00000000\",\n  \"DSName\": \"example.local\",\n  \"DSType\": \"%%14676\",\n  \"ObjectDN\": \"CN=HOST-01,CN=Computers,DC=example,DC=local\",\n  \"ObjectGUID\": \"{00000000-0000-0000-0000-000000000000}\",\n  \"ObjectClass\": \"computer\",\n  \"AttributeLDAPDisplayName\": \"servicePrincipalName\",\n  \"AttributeSyntaxOID\": \"2.5.5.12\",\n  \"AttributeValue\": \"GC/HOST-01.example.local/example.local\",\n  \"OperationType\": \"%%14675\",\n  \"EventReceivedTime\": \"2025-10-15 10:12:02\",\n  \"SourceModuleName\": \"eventlog5\",\n  \"SourceModuleType\": \"im_msvistalog\"\n}"
  },
  "expected": {
    "message": "{\n  \"EventTime\": \"2025-10-15 10:12:02\",\n  \"Hostname\": \"HOST-01.example.local\",\n  \"Keywords\": -9214364837600034816,\n  \"EventType\": \"AUDIT_SUCCESS\",\n  \"SeverityValue\": 2,\n  \"Severity\": \"INFO\",\n  \"EventID\": 5136,\n  \"SourceName\": \"Microsoft-Windows-Security-Auditing\",\n  \"ProviderGuid\": \"{00000000-0000-0000-0000-000000000000}\",\n  \"Version\": 0,\n  \"Task\": 14081,\n  \"OpcodeValue\": 0,\n  \"RecordNumber\": 1000000,\n  \"ProcessID\": 760,\n  \"ThreadID\": 892,\n  \"Channel\": \"Security\",\n  \"Message\": \"A directory service object was modified.\\r\\n\\t\\r\\nSubject:\\r\\n\\tSecurity ID:\\t\\tS-1-5-21-0000000000-0000000000-0000000000-00000\\r\\n\\tAccount Name:\\t\\tjohn.doe@test\\r\\n\\tAccount Domain:\\t\\tEXAMPLE\\r\\n\\tLogon ID:\\t\\t0x00000000\\r\\n\\r\\nDirectory Service:\\r\\n\\tName:\\texample.local\\r\\n\\tType:\\tActive Directory Domain Services\\r\\n\\t\\r\\nObject:\\r\\n\\tDN:\\tCN=HOST-01,CN=Computers,DC=example,DC=local\\r\\n\\tGUID:\\t{00000000-0000-0000-0000-000000000000}\\r\\n\\tClass:\\tcomputer\\r\\n\\t\\r\\nAttribute:\\r\\n\\tLDAP Display Name:\\tservicePrincipalName\\r\\n\\tSyntax (OID):\\t2.5.5.12\\r\\n\\tValue:\\tGC/HOST-01.example.local/example.local\\r\\n\\t\\r\\nOperation:\\r\\n\\tType:\\tValue Deleted\\r\\n\\tCorrelation ID:\\t{00000000-0000-0000-0000-000000000000}\\r\\n\\tApplication Correlation ID:\\t-\",\n  \"Category\": \"Directory Service Changes\",\n  \"Opcode\": \"Info\",\n  \"OpCorrelationID\": \"{00000000-0000-0000-0000-000000000000}\",\n  \"AppCorrelationID\": \"-\",\n  \"SubjectUserSid\": \"S-1-5-21-0000000000-0000000000-0000000000-00000\",\n  \"SubjectUserName\": \"john.doe@test\",\n  \"SubjectDomainName\": \"EXAMPLE\",\n  \"SubjectLogonId\": \"0x00000000\",\n  \"DSName\": \"example.local\",\n  \"DSType\": \"%%14676\",\n  \"ObjectDN\": \"CN=HOST-01,CN=Computers,DC=example,DC=local\",\n  \"ObjectGUID\": \"{00000000-0000-0000-0000-000000000000}\",\n  \"ObjectClass\": \"computer\",\n  \"AttributeLDAPDisplayName\": \"servicePrincipalName\",\n  \"AttributeSyntaxOID\": \"2.5.5.12\",\n  \"AttributeValue\": \"GC/HOST-01.example.local/example.local\",\n  \"OperationType\": \"%%14675\",\n  \"EventReceivedTime\": \"2025-10-15 10:12:02\",\n  \"SourceModuleName\": \"eventlog5\",\n  \"SourceModuleType\": \"im_msvistalog\"\n}",
    "event": {
      "code": "5136",
      "message": "A directory service object was modified.\r\n\t\r\nSubject:\r\n\tSecurity ID:\t\tS-1-5-21-0000000000-0000000000-0000000000-00000\r\n\tAccount Name:\t\tjohn.doe@test\r\n\tAccount Domain:\t\tEXAMPLE\r\n\tLogon ID:\t\t0x00000000\r\n\r\nDirectory Service:\r\n\tName:\texample.local\r\n\tType:\tActive Directory Domain Services\r\n\t\r\nObject:\r\n\tDN:\tCN=HOST-01,CN=Computers,DC=example,DC=local\r\n\tGUID:\t{00000000-0000-0000-0000-000000000000}\r\n\tClass:\tcomputer\r\n\t\r\nAttribute:\r\n\tLDAP Display Name:\tservicePrincipalName\r\n\tSyntax (OID):\t2.5.5.12\r\n\tValue:\tGC/HOST-01.example.local/example.local\r\n\t\r\nOperation:\r\n\tType:\tValue Deleted\r\n\tCorrelation ID:\t{00000000-0000-0000-0000-000000000000}\r\n\tApplication Correlation ID:\t-",
      "outcome": "success",
      "provider": "Microsoft-Windows-Security-Auditing"
    },
    "action": {
      "id": 5136,
      "name": "A directory service object was modified",
      "outcome": "success",
      "properties": {
        "AttributeLDAPDisplayName": "servicePrincipalName",
        "AttributeValue": "GC/HOST-01.example.local/example.local",
        "Category": "Directory Service Changes",
        "EventType": "AUDIT_SUCCESS",
        "Keywords": "-9214364837600034816",
        "ObjectClass": "computer",
        "ObjectDN": "CN=HOST-01,CN=Computers,DC=example,DC=local",
        "ObjectGUID": "{00000000-0000-0000-0000-000000000000}",
        "OpcodeValue": 0,
        "OperationType": "Value Deleted",
        "ProviderGuid": "{00000000-0000-0000-0000-000000000000}",
        "Severity": "INFO",
        "SourceName": "Microsoft-Windows-Security-Auditing",
        "SubjectDomainName": "EXAMPLE",
        "SubjectLogonId": "0x00000000",
        "SubjectUserName": "john.doe@test",
        "SubjectUserSid": "S-1-5-21-0000000000-0000000000-0000000000-00000",
        "Task": 14081
      },
      "record_id": 1000000,
      "type": "Security"
    },
    "host": {
      "hostname": "HOST-01",
      "name": "HOST-01.example.local"
    },
    "log": {
      "hostname": "HOST-01.example.local",
      "level": "info"
    },
    "os": {
      "family": "windows",
      "platform": "windows"
    },
    "process": {
      "id": 760,
      "pid": 760,
      "thread": {
        "id": 892
      }
    },
    "related": {
      "hosts": [
        "HOST-01"
      ],
      "user": [
        "john.doe@test"
      ]
    },
    "user": {
      "domain": "EXAMPLE",
      "id": "S-1-5-21-0000000000-0000000000-0000000000-00000",
      "name": "john.doe@test"
    }
  }
}