{
  "input": {
    "message": "{\"EventTime\":\"2023-08-22 09:46:34\",\"Hostname\":\"hostname.example.org\",\"Keywords\":-9214364837600034816,\"EventType\":\"AUDIT_SUCCESS\",\"SeverityValue\":2,\"Severity\":\"INFO\",\"EventID\":4768,\"SourceName\":\"Microsoft-Windows-Security-Auditing\",\"ProviderGuid\":\"{54849625-5478-4994-A5BA-3E3B0328C30D}\",\"Version\":0,\"Task\":14339,\"OpcodeValue\":0,\"RecordNumber\":2089533206,\"ProcessID\":660,\"ThreadID\":4536,\"Channel\":\"Security\",\"Message\":\"Un ticket d\\u2019authentification Kerberos (TGT) a \\u00e9t\\u00e9 demand\\u00e9.\\r\\n\\r\\nInformations sur le compte\\u00a0:\\r\\n\\tNom du compte\\u00a0:\\t\\\\JDOE\\r\\n\\tNom du domaine Kerberos fourni\\u00a0:\\tlocal.example.org\\r\\n\\tID de l\\u2019utilisateur\\u00a0:\\t\\t\\tS-1-5-21-1111111111-2222222222-3333333333-444444\\r\\n\\r\\nInformations sur le service\\u00a0:\\r\\n\\tNom du service\\u00a0:\\t\\tkrbtgt\\r\\n\\tID du service\\u00a0:\\t\\tS-1-5-21-1111111111-2222222222-3333333333-555\\r\\n\\r\\nInformations sur le r\\u00e9seau\\u00a0:\\r\\n\\tAdresse du client\\u00a0:\\t\\t::ffff:1.2.3.4\\r\\n\\tPort client\\u00a0:\\t\\t61359\\r\\n\\r\\nInformations suppl\\u00e9mentaires\\u00a0:\\r\\n\\tOptions du ticket\\u00a0:\\t\\t0x40810010\\r\\n\\tCode de r\\u00e9sultat\\u00a0:\\t\\t0x0\\r\\n\\tType de chiffrement du ticket\\u00a0:\\t0x12\\r\\n\\tType de pr\\u00e9-authentification\\u00a0:\\t15\\r\\n\\r\\nInformations sur le certificat\\u00a0:\\r\\n\\tNom de l\\u2019\\u00e9metteur du certificat\\u00a0:\\t\\tEXAMPLE_ORG_Authentification\\r\\n\\tNum\\u00e9ro de s\\u00e9rie du certificat\\u00a0:\\t78F88CB4AFBAB3AC089E147A\\r\\n\\t Empreinte num\\u00e9rique du certificat\\u00a0:\\t\\t32BE1AF04D9E00A97E0A17C6A335CEB5A7B6F60D\\r\\n\\r\\nLes informations sur le certificat sont fournies uniquement si un certificat a \\u00e9t\\u00e9 utilis\\u00e9 pour la pr\\u00e9-authentification.\\r\\n\\r\\nLes types de pr\\u00e9-authentification, les options de ticket, les types de chiffrement et les codes de r\\u00e9sultats sont d\\u00e9finis dans la RFC 4120.\",\"Category\":\"Service d\\u2019authentification Kerberos\",\"Opcode\":\"Informations\",\"TargetUserName\":\"JDOE\",\"TargetDomainName\":\"local.example.org\",\"TargetSid\":\"S-1-5-21-1111111111-2222222222-3333333333-444444\",\"ServiceName\":\"krbtgt\",\"ServiceSid\":\"S-1-5-21-1111111111-2222222222-3333333333-555\",\"TicketOptions\":\"0x40810010\",\"Status\":\"0x0\",\"TicketEncryptionType\":\"0x12\",\"PreAuthType\":\"15\",\"IpAddress\":\"::ffff:1.2.3.4\",\"IpPort\":\"61359\",\"CertIssuerName\":\"EXAMPLE_ORG_Authentification\",\"CertSerialNumber\":\"78F88CB4AFBAB3AC089E147A\",\"CertThumbprint\":\"32BE1AF04D9E00A97E0A17C6A335CEB5A7B6F60D\",\"EventReceivedTime\":\"2023-08-22 09:59:11\",\"SourceModuleName\":\"eventlog\",\"SourceModuleType\":\"im_msvistalog\"}"
  },
  "expected": {
    "message": "{\"EventTime\":\"2023-08-22 09:46:34\",\"Hostname\":\"hostname.example.org\",\"Keywords\":-9214364837600034816,\"EventType\":\"AUDIT_SUCCESS\",\"SeverityValue\":2,\"Severity\":\"INFO\",\"EventID\":4768,\"SourceName\":\"Microsoft-Windows-Security-Auditing\",\"ProviderGuid\":\"{54849625-5478-4994-A5BA-3E3B0328C30D}\",\"Version\":0,\"Task\":14339,\"OpcodeValue\":0,\"RecordNumber\":2089533206,\"ProcessID\":660,\"ThreadID\":4536,\"Channel\":\"Security\",\"Message\":\"Un ticket d\\u2019authentification Kerberos (TGT) a \\u00e9t\\u00e9 demand\\u00e9.\\r\\n\\r\\nInformations sur le compte\\u00a0:\\r\\n\\tNom du compte\\u00a0:\\t\\\\JDOE\\r\\n\\tNom du domaine Kerberos fourni\\u00a0:\\tlocal.example.org\\r\\n\\tID de l\\u2019utilisateur\\u00a0:\\t\\t\\tS-1-5-21-1111111111-2222222222-3333333333-444444\\r\\n\\r\\nInformations sur le service\\u00a0:\\r\\n\\tNom du service\\u00a0:\\t\\tkrbtgt\\r\\n\\tID du service\\u00a0:\\t\\tS-1-5-21-1111111111-2222222222-3333333333-555\\r\\n\\r\\nInformations sur le r\\u00e9seau\\u00a0:\\r\\n\\tAdresse du client\\u00a0:\\t\\t::ffff:1.2.3.4\\r\\n\\tPort client\\u00a0:\\t\\t61359\\r\\n\\r\\nInformations suppl\\u00e9mentaires\\u00a0:\\r\\n\\tOptions du ticket\\u00a0:\\t\\t0x40810010\\r\\n\\tCode de r\\u00e9sultat\\u00a0:\\t\\t0x0\\r\\n\\tType de chiffrement du ticket\\u00a0:\\t0x12\\r\\n\\tType de pr\\u00e9-authentification\\u00a0:\\t15\\r\\n\\r\\nInformations sur le certificat\\u00a0:\\r\\n\\tNom de l\\u2019\\u00e9metteur du certificat\\u00a0:\\t\\tEXAMPLE_ORG_Authentification\\r\\n\\tNum\\u00e9ro de s\\u00e9rie du certificat\\u00a0:\\t78F88CB4AFBAB3AC089E147A\\r\\n\\t Empreinte num\\u00e9rique du certificat\\u00a0:\\t\\t32BE1AF04D9E00A97E0A17C6A335CEB5A7B6F60D\\r\\n\\r\\nLes informations sur le certificat sont fournies uniquement si un certificat a \\u00e9t\\u00e9 utilis\\u00e9 pour la pr\\u00e9-authentification.\\r\\n\\r\\nLes types de pr\\u00e9-authentification, les options de ticket, les types de chiffrement et les codes de r\\u00e9sultats sont d\\u00e9finis dans la RFC 4120.\",\"Category\":\"Service d\\u2019authentification Kerberos\",\"Opcode\":\"Informations\",\"TargetUserName\":\"JDOE\",\"TargetDomainName\":\"local.example.org\",\"TargetSid\":\"S-1-5-21-1111111111-2222222222-3333333333-444444\",\"ServiceName\":\"krbtgt\",\"ServiceSid\":\"S-1-5-21-1111111111-2222222222-3333333333-555\",\"TicketOptions\":\"0x40810010\",\"Status\":\"0x0\",\"TicketEncryptionType\":\"0x12\",\"PreAuthType\":\"15\",\"IpAddress\":\"::ffff:1.2.3.4\",\"IpPort\":\"61359\",\"CertIssuerName\":\"EXAMPLE_ORG_Authentification\",\"CertSerialNumber\":\"78F88CB4AFBAB3AC089E147A\",\"CertThumbprint\":\"32BE1AF04D9E00A97E0A17C6A335CEB5A7B6F60D\",\"EventReceivedTime\":\"2023-08-22 09:59:11\",\"SourceModuleName\":\"eventlog\",\"SourceModuleType\":\"im_msvistalog\"}",
    "event": {
      "code": "4768",
      "message": "Un ticket d\u2019authentification Kerberos (TGT) a \u00e9t\u00e9 demand\u00e9.\r\n\r\nInformations sur le compte\u00a0:\r\n\tNom du compte\u00a0:\t\\JDOE\r\n\tNom du domaine Kerberos fourni\u00a0:\tlocal.example.org\r\n\tID de l\u2019utilisateur\u00a0:\t\t\tS-1-5-21-1111111111-2222222222-3333333333-444444\r\n\r\nInformations sur le service\u00a0:\r\n\tNom du service\u00a0:\t\tkrbtgt\r\n\tID du service\u00a0:\t\tS-1-5-21-1111111111-2222222222-3333333333-555\r\n\r\nInformations sur le r\u00e9seau\u00a0:\r\n\tAdresse du client\u00a0:\t\t::ffff:1.2.3.4\r\n\tPort client\u00a0:\t\t61359\r\n\r\nInformations suppl\u00e9mentaires\u00a0:\r\n\tOptions du ticket\u00a0:\t\t0x40810010\r\n\tCode de r\u00e9sultat\u00a0:\t\t0x0\r\n\tType de chiffrement du ticket\u00a0:\t0x12\r\n\tType de pr\u00e9-authentification\u00a0:\t15\r\n\r\nInformations sur le certificat\u00a0:\r\n\tNom de l\u2019\u00e9metteur du certificat\u00a0:\t\tEXAMPLE_ORG_Authentification\r\n\tNum\u00e9ro de s\u00e9rie du certificat\u00a0:\t78F88CB4AFBAB3AC089E147A\r\n\t Empreinte num\u00e9rique du certificat\u00a0:\t\t32BE1AF04D9E00A97E0A17C6A335CEB5A7B6F60D\r\n\r\nLes informations sur le certificat sont fournies uniquement si un certificat a \u00e9t\u00e9 utilis\u00e9 pour la pr\u00e9-authentification.\r\n\r\nLes types de pr\u00e9-authentification, les options de ticket, les types de chiffrement et les codes de r\u00e9sultats sont d\u00e9finis dans la RFC 4120.",
      "outcome": "success",
      "provider": "Microsoft-Windows-Security-Auditing"
    },
    "action": {
      "id": 4768,
      "name": "A Kerberos authentication ticket (TGT) was requested",
      "outcome": "success",
      "properties": {
        "Category": "Service d\u2019authentification Kerberos",
        "CertIssuerName": "EXAMPLE_ORG_Authentification",
        "CertSerialNumber": "78F88CB4AFBAB3AC089E147A",
        "CertThumbprint": "32BE1AF04D9E00A97E0A17C6A335CEB5A7B6F60D",
        "EventType": "AUDIT_SUCCESS",
        "IpAddress": "::ffff:1.2.3.4",
        "IpPort": "61359",
        "Keywords": "-9214364837600034816",
        "OpcodeValue": 0,
        "PreAuthType": "15",
        "ProviderGuid": "{54849625-5478-4994-A5BA-3E3B0328C30D}",
        "ServiceName": "krbtgt",
        "ServiceSid": "S-1-5-21-1111111111-2222222222-3333333333-555",
        "Severity": "INFO",
        "SourceName": "Microsoft-Windows-Security-Auditing",
        "Status": "0x0",
        "TargetDomainName": "local.example.org",
        "TargetSid": "S-1-5-21-1111111111-2222222222-3333333333-444444",
        "TargetUserName": "JDOE",
        "Task": 14339,
        "TicketEncryptionType": "0x12",
        "TicketOptions": "0x40810010"
      },
      "record_id": 2089533206,
      "type": "Security"
    },
    "host": {
      "hostname": "hostname",
      "name": "hostname.example.org"
    },
    "log": {
      "hostname": "hostname.example.org",
      "level": "info"
    },
    "os": {
      "family": "windows",
      "platform": "windows"
    },
    "process": {
      "id": 660,
      "pid": 660,
      "thread": {
        "id": 4536
      }
    },
    "related": {
      "hosts": [
        "hostname"
      ],
      "ip": [
        "1.2.3.4"
      ],
      "user": [
        "JDOE"
      ]
    },
    "source": {
      "address": "1.2.3.4",
      "ip": "1.2.3.4"
    },
    "user": {
      "target": {
        "domain": "local.example.org",
        "name": "JDOE"
      }
    }
  }
}