{
  "input": {
    "message": "{\"EventTime\":\"2010-05-22 15:37:23\",\"Hostname\":\"FOOBAZ11\",\"Keywords\":-9214364837600034816,\"EventType\":\"AUDIT_SUCCESS\",\"SeverityValue\":2,\"Severity\":\"INFO\",\"EventID\":4768,\"SourceName\":\"Microsoft-Windows-Security-Auditing\",\"ProviderGuid\":\"{54849625-5478-4994-A5BA-3E3B0328C30D}\",\"Version\":0,\"Task\":14339,\"OpcodeValue\":0,\"RecordNumber\":26287385371,\"ProcessID\":1796,\"ThreadID\":17268,\"Channel\":\"Security\",\"Message\":\"A Kerberos authentication ticket (TGT) was requested.\\r\\n\\r\\nAccount Information:\\r\\n\\tAccount Name:\\t\\tFOO$\\r\\n\\tSupplied Realm Name:\\tKEY.HOSTFOO.INT\\r\\n\\tUser ID:\\t\\t\\tS-1-5-21-1574594750-1263408776-2012955550-83436\\r\\n\\r\\nService Information:\\r\\n\\tService Name:\\t\\tkrbtgt\\r\\n\\tService ID:\\t\\tS-1-5-21-1574594750-1263408776-2012955550-502\\r\\n\\r\\nNetwork Information:\\r\\n\\tClient Address:\\t\\t::ffff:1.1.1.1\\r\\n\\tClient Port:\\t\\t65016\\r\\n\\r\\nAdditional Information:\\r\\n\\tTicket Options:\\t\\t0x40810010\\r\\n\\tResult Code:\\t\\t0x0\\r\\n\\tTicket Encryption Type:\\t0x12\\r\\n\\tPre-Authentication Type:\\t2\\r\\n\\r\\nCertificate Information:\\r\\n\\tCertificate Issuer Name:\\t\\t\\r\\n\\tCertificate Serial Number:\\t\\r\\n\\tCertificate Thumbprint:\\t\\t\\r\\n\\r\\nCertificate information is only provided if a certificate was used for pre-authentication.\\r\\n\\r\\nPre-authentication types, ticket options, encryption types and result codes are defined in RFC 4120.\",\"Category\":\"Kerberos Authentication Service\",\"Opcode\":\"Info\",\"TargetUserName\":\"FOO$\",\"TargetDomainName\":\"KEY.HOSTFOO.INT\",\"TargetSid\":\"S-1-5-21-1574594750-1263408776-2012955550-83436\",\"ServiceName\":\"krbtgt\",\"ServiceSid\":\"S-1-5-21-1574594750-1263408776-2012955550-502\",\"TicketOptions\":\"0x40810010\",\"Status\":\"0x0\",\"TicketEncryptionType\":\"0x12\",\"PreAuthType\":\"2\",\"IpAddress\":\"::ffff:1.1.1.1\",\"IpPort\":\"65016\",\"EventReceivedTime\":\"2010-05-22 15:37:24\",\"SourceModuleName\":\"in\",\"SourceModuleType\":\"im_msvistalog\"}"
  },
  "expected": {
    "message": "{\"EventTime\":\"2010-05-22 15:37:23\",\"Hostname\":\"FOOBAZ11\",\"Keywords\":-9214364837600034816,\"EventType\":\"AUDIT_SUCCESS\",\"SeverityValue\":2,\"Severity\":\"INFO\",\"EventID\":4768,\"SourceName\":\"Microsoft-Windows-Security-Auditing\",\"ProviderGuid\":\"{54849625-5478-4994-A5BA-3E3B0328C30D}\",\"Version\":0,\"Task\":14339,\"OpcodeValue\":0,\"RecordNumber\":26287385371,\"ProcessID\":1796,\"ThreadID\":17268,\"Channel\":\"Security\",\"Message\":\"A Kerberos authentication ticket (TGT) was requested.\\r\\n\\r\\nAccount Information:\\r\\n\\tAccount Name:\\t\\tFOO$\\r\\n\\tSupplied Realm Name:\\tKEY.HOSTFOO.INT\\r\\n\\tUser ID:\\t\\t\\tS-1-5-21-1574594750-1263408776-2012955550-83436\\r\\n\\r\\nService Information:\\r\\n\\tService Name:\\t\\tkrbtgt\\r\\n\\tService ID:\\t\\tS-1-5-21-1574594750-1263408776-2012955550-502\\r\\n\\r\\nNetwork Information:\\r\\n\\tClient Address:\\t\\t::ffff:1.1.1.1\\r\\n\\tClient Port:\\t\\t65016\\r\\n\\r\\nAdditional Information:\\r\\n\\tTicket Options:\\t\\t0x40810010\\r\\n\\tResult Code:\\t\\t0x0\\r\\n\\tTicket Encryption Type:\\t0x12\\r\\n\\tPre-Authentication Type:\\t2\\r\\n\\r\\nCertificate Information:\\r\\n\\tCertificate Issuer Name:\\t\\t\\r\\n\\tCertificate Serial Number:\\t\\r\\n\\tCertificate Thumbprint:\\t\\t\\r\\n\\r\\nCertificate information is only provided if a certificate was used for pre-authentication.\\r\\n\\r\\nPre-authentication types, ticket options, encryption types and result codes are defined in RFC 4120.\",\"Category\":\"Kerberos Authentication Service\",\"Opcode\":\"Info\",\"TargetUserName\":\"FOO$\",\"TargetDomainName\":\"KEY.HOSTFOO.INT\",\"TargetSid\":\"S-1-5-21-1574594750-1263408776-2012955550-83436\",\"ServiceName\":\"krbtgt\",\"ServiceSid\":\"S-1-5-21-1574594750-1263408776-2012955550-502\",\"TicketOptions\":\"0x40810010\",\"Status\":\"0x0\",\"TicketEncryptionType\":\"0x12\",\"PreAuthType\":\"2\",\"IpAddress\":\"::ffff:1.1.1.1\",\"IpPort\":\"65016\",\"EventReceivedTime\":\"2010-05-22 15:37:24\",\"SourceModuleName\":\"in\",\"SourceModuleType\":\"im_msvistalog\"}",
    "event": {
      "code": "4768",
      "message": "A Kerberos authentication ticket (TGT) was requested.\r\n\r\nAccount Information:\r\n\tAccount Name:\t\tFOO$\r\n\tSupplied Realm Name:\tKEY.HOSTFOO.INT\r\n\tUser ID:\t\t\tS-1-5-21-1574594750-1263408776-2012955550-83436\r\n\r\nService Information:\r\n\tService Name:\t\tkrbtgt\r\n\tService ID:\t\tS-1-5-21-1574594750-1263408776-2012955550-502\r\n\r\nNetwork Information:\r\n\tClient Address:\t\t::ffff:1.1.1.1\r\n\tClient Port:\t\t65016\r\n\r\nAdditional Information:\r\n\tTicket Options:\t\t0x40810010\r\n\tResult Code:\t\t0x0\r\n\tTicket Encryption Type:\t0x12\r\n\tPre-Authentication Type:\t2\r\n\r\nCertificate Information:\r\n\tCertificate Issuer Name:\t\t\r\n\tCertificate Serial Number:\t\r\n\tCertificate Thumbprint:\t\t\r\n\r\nCertificate information is only provided if a certificate was used for pre-authentication.\r\n\r\nPre-authentication types, ticket options, encryption types and result codes are defined in RFC 4120.",
      "outcome": "success",
      "provider": "Microsoft-Windows-Security-Auditing"
    },
    "action": {
      "id": 4768,
      "name": "A Kerberos authentication ticket (TGT) was requested",
      "outcome": "success",
      "properties": {
        "Category": "Kerberos Authentication Service",
        "EventType": "AUDIT_SUCCESS",
        "IpAddress": "::ffff:1.1.1.1",
        "IpPort": "65016",
        "Keywords": "-9214364837600034816",
        "OpcodeValue": 0,
        "PreAuthType": "2",
        "ProviderGuid": "{54849625-5478-4994-A5BA-3E3B0328C30D}",
        "ServiceName": "krbtgt",
        "ServiceSid": "S-1-5-21-1574594750-1263408776-2012955550-502",
        "Severity": "INFO",
        "SourceName": "Microsoft-Windows-Security-Auditing",
        "Status": "0x0",
        "TargetDomainName": "KEY.HOSTFOO.INT",
        "TargetSid": "S-1-5-21-1574594750-1263408776-2012955550-83436",
        "TargetUserName": "FOO$",
        "Task": 14339,
        "TicketEncryptionType": "0x12",
        "TicketOptions": "0x40810010"
      },
      "record_id": 26287385371,
      "type": "Security"
    },
    "host": {
      "hostname": "FOOBAZ11",
      "name": "FOOBAZ11"
    },
    "log": {
      "hostname": "FOOBAZ11",
      "level": "info"
    },
    "os": {
      "family": "windows",
      "platform": "windows"
    },
    "process": {
      "id": 1796,
      "pid": 1796,
      "thread": {
        "id": 17268
      }
    },
    "related": {
      "hosts": [
        "FOOBAZ11"
      ],
      "ip": [
        "1.1.1.1"
      ],
      "user": [
        "FOO$"
      ]
    },
    "source": {
      "address": "::ffff:1.1.1.1",
      "ip": "1.1.1.1"
    },
    "user": {
      "target": {
        "domain": "KEY.HOSTFOO.INT",
        "name": "FOO$"
      }
    }
  }
}