{
  "input": {
    "message": "{\"EventTime\":\"2011-04-12 17:42:04\",\"Hostname\":\"PCFOO.corp.net\",\"Keywords\":-9214364837600034816,\"EventType\":\"AUDIT_SUCCESS\",\"SeverityValue\":2,\"Severity\":\"INFO\",\"EventID\":4624,\"SourceName\":\"Microsoft-Windows-Security-Auditing\",\"ProviderGuid\":\"{54849625-5478-4994-A5BA-3E3B0328C30D}\",\"Version\":2,\"Task\":12544,\"OpcodeValue\":0,\"RecordNumber\":504041,\"ActivityID\":\"{593B242C-183A-44F2-8977-2A836ABEC213}\",\"ProcessID\":996,\"ThreadID\":1920,\"Channel\":\"Security\",\"Message\":\"L'ouverture de session d'un compte s'est correctement d\u00e9roul\u00e9e.\\r\\n\\r\\nObjet :\\r\\n\\tID de s\u00e9curit\u00e9 :\\t\\tS-1-5-18\\r\\n\\tNom du compte :\\t\\tPCFOO$\\r\\n\\tDomaine du compte :\\t\\tFOOBAR\\r\\n\\tID d'ouverture de session :\\t\\t0x3E7\\r\\n\\r\\nInformations d'ouverture de session :\\r\\n\\tType d'ouverture de session :\\t\\t9\\r\\n\\tMode administrateur restreint :\\t-\\r\\n\\tCompte virtuel :\\t\\tNon\\r\\n\\tJeton \u00e9lev\u00e9 :\\t\\tOui\\r\\n\\r\\nNiveau d'emprunt d'identit\u00e9 :\\t\\tEmprunt d\u2019identit\u00e9\\r\\n\\r\\nNouvelle ouverture de session :\\r\\n\\tID de s\u00e9curit\u00e9 :\\t\\tS-1-5-18\\r\\n\\tNom du compte :\\t\\tSyst\u00e8me\\r\\n\\tDomaine du compte :\\t\\tAUTORITE NT\\r\\n\\tID d'ouverture de session :\\t\\t0x7E767BC\\r\\n\\tID d'ouverture de session li\u00e9e :\\t\\t0x0\\r\\n\\tNom du compte r\u00e9seau :\\tsvc_admin_sccm\\r\\n\\tDomaine du compte r\u00e9seau :\\tFOOBAR\\r\\n\\tGUID d'ouverture de session :\\t\\t{00000000-0000-0000-0000-000000000000}\\r\\n\\r\\nInformations sur le processus :\\r\\n\\tID du processus :\\t\\t0x2780\\r\\n\\tNom du processus :\\t\\tC:\\\\Windows\\\\CCM\\\\CcmExec.exe\\r\\n\\r\\nInformations sur le r\u00e9seau :\\r\\n\\tNom de la station de travail :\\t-\\r\\n\\tAdresse du r\u00e9seau source :\\t-\\r\\n\\tPort source :\\t\\t-\\r\\n\\r\\nInformations d\u00e9taill\u00e9es sur l'authentification :\\r\\n\\tProcessus d'ouverture de session :\\t\\tAdvapi  \\r\\n\\tPackage d'authentification :\\tNegotiate\\r\\n\\tServices en transit :\\t-\\r\\n\\tNom du package (NTLM uniquement) :\\t-\\r\\n\\tLongueur de la cl\u00e9 :\\t\\t0\\r\\n\\r\\nCet \u00e9v\u00e9nement est g\u00e9n\u00e9r\u00e9 lors de la cr\u00e9ation d'une ouverture de session. Il est g\u00e9n\u00e9r\u00e9 sur l'ordinateur sur lequel l'ouverture de session a \u00e9t\u00e9 effectu\u00e9e.\\r\\n\\r\\nLe champ Objet indique le compte sur le syst\u00e8me local qui a demand\u00e9 l'ouverture de session. Il s'agit le plus souvent d'un service, comme le service Serveur, ou un processus local tel que Winlogon.exe ou Services.exe.\\r\\n\\r\\nLe champ Type d'ouverture de session indique le type d'ouverture de session qui s'est produit. Les types les plus courants sont 2 (interactif) et 3 (r\u00e9seau).\\r\\n\\r\\nLe champ Nouvelle ouverture de session indique le compte pour lequel la nouvelle ouverture de session a \u00e9t\u00e9 cr\u00e9\u00e9e, par exemple, le compte qui s'est connect\u00e9.\\r\\n\\r\\nLes champs relatifs au r\u00e9seau indiquent la provenance d'une demande d'ouverture de session \u00e0 distance. Le nom de la station de travail n'\u00e9tant pas toujours disponible, peut \u00eatre laiss\u00e9 vide dans certains cas.\\r\\n\\r\\nLe champ du niveau d'emprunt d'identit\u00e9 indique la port\u00e9e de l'emprunt d'identit\u00e9 que peut prendre un processus dans la session d'ouverture de session.\\r\\n\\r\\nLes champs relatifs aux informations d'authentification fournissent des d\u00e9tails sur cette demande d'ouverture de session sp\u00e9cifique.\\r\\n\\t- Le GUID d'ouverture de session est un identificateur unique pouvant servir \u00e0 associer cet \u00e9v\u00e9nement \u00e0 un \u00e9v\u00e9nement KDC .\\r\\n\\t- Les services en transit indiquent les services interm\u00e9diaires qui ont particip\u00e9 \u00e0 cette demande d'ouverture de session.\\r\\n\\t- Nom du package indique quel est le sous-protocole qui a \u00e9t\u00e9 utilis\u00e9 parmi les protocoles NTLM.\\r\\n\\t- La longueur de la cl\u00e9 indique la longueur de la cl\u00e9 de session g\u00e9n\u00e9r\u00e9e. Elle a la valeur 0 si aucune cl\u00e9 de session n'a \u00e9t\u00e9 demand\u00e9e.\",\"Category\":\"Logon\",\"Opcode\":\"Informations\",\"SubjectUserSid\":\"S-1-5-18\",\"SubjectUserName\":\"PCFOO$\",\"SubjectDomainName\":\"FOOBAR\",\"SubjectLogonId\":\"0x3e7\",\"TargetUserSid\":\"S-1-5-18\",\"TargetUserName\":\"Syst\u00e8me\",\"TargetDomainName\":\"AUTORITE NT\",\"TargetLogonId\":\"0x7e767bc\",\"LogonType\":\"9\",\"LogonProcessName\":\"Advapi  \",\"AuthenticationPackageName\":\"Negotiate\",\"WorkstationName\":\"-\",\"LogonGuid\":\"{00000000-0000-0000-0000-000000000000}\",\"TransmittedServices\":\"-\",\"LmPackageName\":\"-\",\"KeyLength\":\"0\",\"ProcessName\":\"C:\\\\Windows\\\\CCM\\\\CcmExec.exe\",\"IpAddress\":\"-\",\"IpPort\":\"-\",\"ImpersonationLevel\":\"%%1833\",\"RestrictedAdminMode\":\"-\",\"TargetOutboundUserName\":\"svc_admin_sccm\",\"TargetOutboundDomainName\":\"FOOBAR\",\"VirtualAccount\":\"%%1843\",\"TargetLinkedLogonId\":\"0x0\",\"ElevatedToken\":\"%%1842\",\"EventReceivedTime\":\"2011-04-12 17:42:06\",\"SourceModuleName\":\"evtx_win\",\"SourceModuleType\":\"im_msvistalog\"}"
  },
  "expected": {
    "message": "{\"EventTime\":\"2011-04-12 17:42:04\",\"Hostname\":\"PCFOO.corp.net\",\"Keywords\":-9214364837600034816,\"EventType\":\"AUDIT_SUCCESS\",\"SeverityValue\":2,\"Severity\":\"INFO\",\"EventID\":4624,\"SourceName\":\"Microsoft-Windows-Security-Auditing\",\"ProviderGuid\":\"{54849625-5478-4994-A5BA-3E3B0328C30D}\",\"Version\":2,\"Task\":12544,\"OpcodeValue\":0,\"RecordNumber\":504041,\"ActivityID\":\"{593B242C-183A-44F2-8977-2A836ABEC213}\",\"ProcessID\":996,\"ThreadID\":1920,\"Channel\":\"Security\",\"Message\":\"L'ouverture de session d'un compte s'est correctement d\u00e9roul\u00e9e.\\r\\n\\r\\nObjet :\\r\\n\\tID de s\u00e9curit\u00e9 :\\t\\tS-1-5-18\\r\\n\\tNom du compte :\\t\\tPCFOO$\\r\\n\\tDomaine du compte :\\t\\tFOOBAR\\r\\n\\tID d'ouverture de session :\\t\\t0x3E7\\r\\n\\r\\nInformations d'ouverture de session :\\r\\n\\tType d'ouverture de session :\\t\\t9\\r\\n\\tMode administrateur restreint :\\t-\\r\\n\\tCompte virtuel :\\t\\tNon\\r\\n\\tJeton \u00e9lev\u00e9 :\\t\\tOui\\r\\n\\r\\nNiveau d'emprunt d'identit\u00e9 :\\t\\tEmprunt d\u2019identit\u00e9\\r\\n\\r\\nNouvelle ouverture de session :\\r\\n\\tID de s\u00e9curit\u00e9 :\\t\\tS-1-5-18\\r\\n\\tNom du compte :\\t\\tSyst\u00e8me\\r\\n\\tDomaine du compte :\\t\\tAUTORITE NT\\r\\n\\tID d'ouverture de session :\\t\\t0x7E767BC\\r\\n\\tID d'ouverture de session li\u00e9e :\\t\\t0x0\\r\\n\\tNom du compte r\u00e9seau :\\tsvc_admin_sccm\\r\\n\\tDomaine du compte r\u00e9seau :\\tFOOBAR\\r\\n\\tGUID d'ouverture de session :\\t\\t{00000000-0000-0000-0000-000000000000}\\r\\n\\r\\nInformations sur le processus :\\r\\n\\tID du processus :\\t\\t0x2780\\r\\n\\tNom du processus :\\t\\tC:\\\\Windows\\\\CCM\\\\CcmExec.exe\\r\\n\\r\\nInformations sur le r\u00e9seau :\\r\\n\\tNom de la station de travail :\\t-\\r\\n\\tAdresse du r\u00e9seau source :\\t-\\r\\n\\tPort source :\\t\\t-\\r\\n\\r\\nInformations d\u00e9taill\u00e9es sur l'authentification :\\r\\n\\tProcessus d'ouverture de session :\\t\\tAdvapi  \\r\\n\\tPackage d'authentification :\\tNegotiate\\r\\n\\tServices en transit :\\t-\\r\\n\\tNom du package (NTLM uniquement) :\\t-\\r\\n\\tLongueur de la cl\u00e9 :\\t\\t0\\r\\n\\r\\nCet \u00e9v\u00e9nement est g\u00e9n\u00e9r\u00e9 lors de la cr\u00e9ation d'une ouverture de session. Il est g\u00e9n\u00e9r\u00e9 sur l'ordinateur sur lequel l'ouverture de session a \u00e9t\u00e9 effectu\u00e9e.\\r\\n\\r\\nLe champ Objet indique le compte sur le syst\u00e8me local qui a demand\u00e9 l'ouverture de session. Il s'agit le plus souvent d'un service, comme le service Serveur, ou un processus local tel que Winlogon.exe ou Services.exe.\\r\\n\\r\\nLe champ Type d'ouverture de session indique le type d'ouverture de session qui s'est produit. Les types les plus courants sont 2 (interactif) et 3 (r\u00e9seau).\\r\\n\\r\\nLe champ Nouvelle ouverture de session indique le compte pour lequel la nouvelle ouverture de session a \u00e9t\u00e9 cr\u00e9\u00e9e, par exemple, le compte qui s'est connect\u00e9.\\r\\n\\r\\nLes champs relatifs au r\u00e9seau indiquent la provenance d'une demande d'ouverture de session \u00e0 distance. Le nom de la station de travail n'\u00e9tant pas toujours disponible, peut \u00eatre laiss\u00e9 vide dans certains cas.\\r\\n\\r\\nLe champ du niveau d'emprunt d'identit\u00e9 indique la port\u00e9e de l'emprunt d'identit\u00e9 que peut prendre un processus dans la session d'ouverture de session.\\r\\n\\r\\nLes champs relatifs aux informations d'authentification fournissent des d\u00e9tails sur cette demande d'ouverture de session sp\u00e9cifique.\\r\\n\\t- Le GUID d'ouverture de session est un identificateur unique pouvant servir \u00e0 associer cet \u00e9v\u00e9nement \u00e0 un \u00e9v\u00e9nement KDC .\\r\\n\\t- Les services en transit indiquent les services interm\u00e9diaires qui ont particip\u00e9 \u00e0 cette demande d'ouverture de session.\\r\\n\\t- Nom du package indique quel est le sous-protocole qui a \u00e9t\u00e9 utilis\u00e9 parmi les protocoles NTLM.\\r\\n\\t- La longueur de la cl\u00e9 indique la longueur de la cl\u00e9 de session g\u00e9n\u00e9r\u00e9e. Elle a la valeur 0 si aucune cl\u00e9 de session n'a \u00e9t\u00e9 demand\u00e9e.\",\"Category\":\"Logon\",\"Opcode\":\"Informations\",\"SubjectUserSid\":\"S-1-5-18\",\"SubjectUserName\":\"PCFOO$\",\"SubjectDomainName\":\"FOOBAR\",\"SubjectLogonId\":\"0x3e7\",\"TargetUserSid\":\"S-1-5-18\",\"TargetUserName\":\"Syst\u00e8me\",\"TargetDomainName\":\"AUTORITE NT\",\"TargetLogonId\":\"0x7e767bc\",\"LogonType\":\"9\",\"LogonProcessName\":\"Advapi  \",\"AuthenticationPackageName\":\"Negotiate\",\"WorkstationName\":\"-\",\"LogonGuid\":\"{00000000-0000-0000-0000-000000000000}\",\"TransmittedServices\":\"-\",\"LmPackageName\":\"-\",\"KeyLength\":\"0\",\"ProcessName\":\"C:\\\\Windows\\\\CCM\\\\CcmExec.exe\",\"IpAddress\":\"-\",\"IpPort\":\"-\",\"ImpersonationLevel\":\"%%1833\",\"RestrictedAdminMode\":\"-\",\"TargetOutboundUserName\":\"svc_admin_sccm\",\"TargetOutboundDomainName\":\"FOOBAR\",\"VirtualAccount\":\"%%1843\",\"TargetLinkedLogonId\":\"0x0\",\"ElevatedToken\":\"%%1842\",\"EventReceivedTime\":\"2011-04-12 17:42:06\",\"SourceModuleName\":\"evtx_win\",\"SourceModuleType\":\"im_msvistalog\"}",
    "event": {
      "action": "authentication_alternative_credentials",
      "category": [
        "authentication"
      ],
      "code": "4624",
      "message": "L'ouverture de session d'un compte s'est correctement d\u00e9roul\u00e9e.\r\n\r\nObjet :\r\n\tID de s\u00e9curit\u00e9 :\t\tS-1-5-18\r\n\tNom du compte :\t\tPCFOO$\r\n\tDomaine du compte :\t\tFOOBAR\r\n\tID d'ouverture de session :\t\t0x3E7\r\n\r\nInformations d'ouverture de session :\r\n\tType d'ouverture de session :\t\t9\r\n\tMode administrateur restreint :\t-\r\n\tCompte virtuel :\t\tNon\r\n\tJeton \u00e9lev\u00e9 :\t\tOui\r\n\r\nNiveau d'emprunt d'identit\u00e9 :\t\tEmprunt d\u2019identit\u00e9\r\n\r\nNouvelle ouverture de session :\r\n\tID de s\u00e9curit\u00e9 :\t\tS-1-5-18\r\n\tNom du compte :\t\tSyst\u00e8me\r\n\tDomaine du compte :\t\tAUTORITE NT\r\n\tID d'ouverture de session :\t\t0x7E767BC\r\n\tID d'ouverture de session li\u00e9e :\t\t0x0\r\n\tNom du compte r\u00e9seau :\tsvc_admin_sccm\r\n\tDomaine du compte r\u00e9seau :\tFOOBAR\r\n\tGUID d'ouverture de session :\t\t{00000000-0000-0000-0000-000000000000}\r\n\r\nInformations sur le processus :\r\n\tID du processus :\t\t0x2780\r\n\tNom du processus :\t\tC:\\Windows\\CCM\\CcmExec.exe\r\n\r\nInformations sur le r\u00e9seau :\r\n\tNom de la station de travail :\t-\r\n\tAdresse du r\u00e9seau source :\t-\r\n\tPort source :\t\t-\r\n\r\nInformations d\u00e9taill\u00e9es sur l'authentification :\r\n\tProcessus d'ouverture de session :\t\tAdvapi  \r\n\tPackage d'authentification :\tNegotiate\r\n\tServices en transit :\t-\r\n\tNom du package (NTLM uniquement) :\t-\r\n\tLongueur de la cl\u00e9 :\t\t0\r\n\r\nCet \u00e9v\u00e9nement est g\u00e9n\u00e9r\u00e9 lors de la cr\u00e9ation d'une ouverture de session. Il est g\u00e9n\u00e9r\u00e9 sur l'ordinateur sur lequel l'ouverture de session a \u00e9t\u00e9 effectu\u00e9e.\r\n\r\nLe champ Objet indique le compte sur le syst\u00e8me local qui a demand\u00e9 l'ouverture de session. Il s'agit le plus souvent d'un service, comme le service Serveur, ou un processus local tel que Winlogon.exe ou Services.exe.\r\n\r\nLe champ Type d'ouverture de session indique le type d'ouverture de session qui s'est produit. Les types les plus courants sont 2 (interactif) et 3 (r\u00e9seau).\r\n\r\nLe champ Nouvelle ouverture de session indique le compte pour lequel la nouvelle ouverture de session a \u00e9t\u00e9 cr\u00e9\u00e9e, par exemple, le compte qui s'est connect\u00e9.\r\n\r\nLes champs relatifs au r\u00e9seau indiquent la provenance d'une demande d'ouverture de session \u00e0 distance. Le nom de la station de travail n'\u00e9tant pas toujours disponible, peut \u00eatre laiss\u00e9 vide dans certains cas.\r\n\r\nLe champ du niveau d'emprunt d'identit\u00e9 indique la port\u00e9e de l'emprunt d'identit\u00e9 que peut prendre un processus dans la session d'ouverture de session.\r\n\r\nLes champs relatifs aux informations d'authentification fournissent des d\u00e9tails sur cette demande d'ouverture de session sp\u00e9cifique.\r\n\t- Le GUID d'ouverture de session est un identificateur unique pouvant servir \u00e0 associer cet \u00e9v\u00e9nement \u00e0 un \u00e9v\u00e9nement KDC .\r\n\t- Les services en transit indiquent les services interm\u00e9diaires qui ont particip\u00e9 \u00e0 cette demande d'ouverture de session.\r\n\t- Nom du package indique quel est le sous-protocole qui a \u00e9t\u00e9 utilis\u00e9 parmi les protocoles NTLM.\r\n\t- La longueur de la cl\u00e9 indique la longueur de la cl\u00e9 de session g\u00e9n\u00e9r\u00e9e. Elle a la valeur 0 si aucune cl\u00e9 de session n'a \u00e9t\u00e9 demand\u00e9e.",
      "outcome": "success",
      "provider": "Microsoft-Windows-Security-Auditing",
      "type": [
        "start"
      ]
    },
    "action": {
      "id": 4624,
      "name": "An account was successfully logged on",
      "outcome": "success",
      "properties": {
        "AuthenticationPackageName": "Negotiate",
        "Category": "Logon",
        "EventType": "AUDIT_SUCCESS",
        "IpAddress": "-",
        "IpPort": "-",
        "KeyLength": "0",
        "Keywords": "-9214364837600034816",
        "LogonProcessName": "Advapi  ",
        "LogonType": "9",
        "OpcodeValue": 0,
        "ProcessName": "C:\\Windows\\CCM\\CcmExec.exe",
        "ProviderGuid": "{54849625-5478-4994-A5BA-3E3B0328C30D}",
        "Severity": "INFO",
        "SourceName": "Microsoft-Windows-Security-Auditing",
        "SubjectDomainName": "FOOBAR",
        "SubjectLogonId": "0x3e7",
        "SubjectUserName": "PCFOO$",
        "SubjectUserSid": "S-1-5-18",
        "TargetDomainName": "AUTORITE NT",
        "TargetLogonId": "0x7e767bc",
        "TargetOutboundDomainName": "FOOBAR",
        "TargetOutboundUserName": "svc_admin_sccm",
        "TargetUserName": "Syst\u00e8me",
        "TargetUserSid": "S-1-5-18",
        "Task": 12544,
        "WorkstationName": "-"
      },
      "record_id": 504041,
      "type": "Security"
    },
    "host": {
      "hostname": "PCFOO.corp.net",
      "name": "PCFOO.corp.net"
    },
    "log": {
      "hostname": "PCFOO.corp.net",
      "level": "info"
    },
    "os": {
      "family": "windows",
      "platform": "windows"
    },
    "process": {
      "executable": "C:\\Windows\\CCM\\CcmExec.exe",
      "id": 996,
      "name": "CcmExec.exe",
      "pid": 996,
      "thread": {
        "id": 1920
      },
      "working_directory": "C:\\Windows\\CCM\\"
    },
    "related": {
      "hosts": [
        "PCFOO.corp.net"
      ],
      "user": [
        "PCFOO$",
        "Syst\u00e8me"
      ]
    },
    "sekoiaio": {
      "authentication": {
        "process": {
          "name": "Advapi  "
        }
      },
      "client": {
        "name": "PCFOO.corp.net",
        "os": {
          "type": "windows"
        }
      },
      "server": {
        "name": "PCFOO.corp.net",
        "os": {
          "type": "windows"
        }
      }
    },
    "user": {
      "domain": "FOOBAR",
      "id": "S-1-5-18",
      "name": "PCFOO$",
      "target": {
        "domain": "AUTORITE NT",
        "id": "S-1-5-18",
        "name": "Syst\u00e8me"
      }
    }
  }
}