{
  "input": {
    "message": "{\"EventID\":4624,\"Channel\":\"Security\",\"SourceName\":\"Microsoft-Windows-Security-Auditing\",\"Hostname\":\"host01.example.com\",\"EventType\":\"AUDIT_SUCCESS\",\"RecordNumber\":10442087,\"UtcTime\":\"2026-08-27T15:03:44.771Z\",\"SubjectUserSid\":\"S-1-5-18\",\"SubjectUserName\":\"host01$\",\"SubjectDomainName\":\"example.com\",\"SubjectLogonId\":\"0x3e7\",\"TargetUserSid\":\"S-1-5-21-1004336348-1177238915-682003330-4501\",\"TargetUserName\":\"user02\",\"TargetDomainName\":\"example.org\",\"TargetLogonId\":\"0x9a4c2f\",\"LogonType\":\"3\",\"ImpersonationLevel\":\"%%1840\",\"LogonProcessName\":\"NtLmSsp\",\"AuthenticationPackageName\":\"NTLM\",\"WorkstationName\":\"host02.example.com\",\"IpAddress\":\"192.0.2.10\",\"IpPort\":\"50122\",\"Message\":\"An account was successfully logged on.\\r\\n\\r\\nSubject:\\r\\n\\tSecurity ID:\\t\\tS-1-5-18\\r\\n\\tAccount Name:\\t\\thost01$\\r\\n\\tAccount Domain:\\t\\texample.com\\r\\n\\r\\nLogon Type:\\t\\t3\\r\\n\\r\\nNew Logon:\\r\\n\\tSecurity ID:\\t\\tS-1-5-21-1004336348-1177238915-682003330-4501\\r\\n\\tAccount Name:\\t\\tuser02\\r\\n\\tAccount Domain:\\t\\texample.org\\r\\n\\r\\nImpersonation Level:\\t\\tImpersonation\"}"
  },
  "expected": {
    "message": "{\"EventID\":4624,\"Channel\":\"Security\",\"SourceName\":\"Microsoft-Windows-Security-Auditing\",\"Hostname\":\"host01.example.com\",\"EventType\":\"AUDIT_SUCCESS\",\"RecordNumber\":10442087,\"UtcTime\":\"2026-08-27T15:03:44.771Z\",\"SubjectUserSid\":\"S-1-5-18\",\"SubjectUserName\":\"host01$\",\"SubjectDomainName\":\"example.com\",\"SubjectLogonId\":\"0x3e7\",\"TargetUserSid\":\"S-1-5-21-1004336348-1177238915-682003330-4501\",\"TargetUserName\":\"user02\",\"TargetDomainName\":\"example.org\",\"TargetLogonId\":\"0x9a4c2f\",\"LogonType\":\"3\",\"ImpersonationLevel\":\"%%1840\",\"LogonProcessName\":\"NtLmSsp\",\"AuthenticationPackageName\":\"NTLM\",\"WorkstationName\":\"host02.example.com\",\"IpAddress\":\"192.0.2.10\",\"IpPort\":\"50122\",\"Message\":\"An account was successfully logged on.\\r\\n\\r\\nSubject:\\r\\n\\tSecurity ID:\\t\\tS-1-5-18\\r\\n\\tAccount Name:\\t\\thost01$\\r\\n\\tAccount Domain:\\t\\texample.com\\r\\n\\r\\nLogon Type:\\t\\t3\\r\\n\\r\\nNew Logon:\\r\\n\\tSecurity ID:\\t\\tS-1-5-21-1004336348-1177238915-682003330-4501\\r\\n\\tAccount Name:\\t\\tuser02\\r\\n\\tAccount Domain:\\t\\texample.org\\r\\n\\r\\nImpersonation Level:\\t\\tImpersonation\"}",
    "event": {
      "action": "authentication_network",
      "category": [
        "authentication"
      ],
      "code": "4624",
      "message": "An account was successfully logged on.\r\n\r\nSubject:\r\n\tSecurity ID:\t\tS-1-5-18\r\n\tAccount Name:\t\thost01$\r\n\tAccount Domain:\t\texample.com\r\n\r\nLogon Type:\t\t3\r\n\r\nNew Logon:\r\n\tSecurity ID:\t\tS-1-5-21-1004336348-1177238915-682003330-4501\r\n\tAccount Name:\t\tuser02\r\n\tAccount Domain:\t\texample.org\r\n\r\nImpersonation Level:\t\tImpersonation",
      "outcome": "success",
      "provider": "Microsoft-Windows-Security-Auditing",
      "type": [
        "start"
      ]
    },
    "@timestamp": "2026-08-27T15:03:44.771000Z",
    "action": {
      "id": 4624,
      "name": "An account was successfully logged on",
      "outcome": "success",
      "properties": {
        "AuthenticationPackageName": "NTLM",
        "EventType": "AUDIT_SUCCESS",
        "ImpersonationLevel": "%%1840",
        "IpAddress": "192.0.2.10",
        "IpPort": "50122",
        "LogonProcessName": "NtLmSsp",
        "LogonType": "3",
        "SourceName": "Microsoft-Windows-Security-Auditing",
        "SubjectDomainName": "example.com",
        "SubjectLogonId": "0x3e7",
        "SubjectUserName": "host01$",
        "SubjectUserSid": "S-1-5-18",
        "TargetDomainName": "example.org",
        "TargetLogonId": "0x9a4c2f",
        "TargetUserName": "user02",
        "TargetUserSid": "S-1-5-21-1004336348-1177238915-682003330-4501",
        "WorkstationName": "host02.example.com"
      },
      "record_id": 10442087,
      "type": "Security"
    },
    "client": {
      "ip": "192.0.2.10"
    },
    "host": {
      "hostname": "host01",
      "name": "host01.example.com"
    },
    "log": {
      "hostname": "host01.example.com"
    },
    "os": {
      "family": "windows",
      "platform": "windows"
    },
    "related": {
      "hosts": [
        "host01"
      ],
      "ip": [
        "192.0.2.10"
      ],
      "user": [
        "host01$",
        "user02"
      ]
    },
    "sekoiaio": {
      "authentication": {
        "process": {
          "name": "NtLmSsp"
        }
      },
      "client": {
        "name": "host02.example.com",
        "os": {
          "type": "windows"
        }
      },
      "server": {
        "name": "host01.example.com",
        "os": {
          "type": "windows"
        }
      }
    },
    "source": {
      "address": "192.0.2.10",
      "ip": "192.0.2.10"
    },
    "user": {
      "domain": "example.com",
      "id": "S-1-5-18",
      "name": "host01$",
      "target": {
        "domain": "example.org",
        "id": "S-1-5-21-1004336348-1177238915-682003330-4501",
        "name": "user02"
      }
    }
  }
}