{
  "input": {
    "message": "{\"EventTime\":\"2010-04-24 00:06:15\",\"Hostname\":\"example.com\",\"Keywords\":-9214364837600034816,\"EventType\":\"AUDIT_SUCCESS\",\"SeverityValue\":2,\"Severity\":\"INFO\",\"EventID\":5145,\"SourceName\":\"Microsoft-Windows-Security-Auditing\",\"ProviderGuid\":\"{54849625-5478-4994-A5BA-3E3B0328C30D}\",\"Version\":0,\"Task\":12811,\"OpcodeValue\":0,\"RecordNumber\":23997037887,\"ProcessID\":776,\"ThreadID\":784,\"Channel\":\"Security\",\"Message\":\"A network share object was checked to see whether client can be granted desired access.\\r\\n\\t\\r\\nSubject:\\r\\n\\tSecurity ID:\\t\\tS-1-5-21-1574594750-1263408776-2012955550-123016\\r\\n\\tAccount Name:\\t\\tBAZ256$\\r\\n\\tAccount Domain:\\t\\tKEY\\r\\n\\tLogon ID:\\t\\t0xA62B3A8AE\\r\\n\\r\\nNetwork Information:\\t\\r\\n\\tObject Type:\\t\\tFile\\r\\n\\tSource Address:\\t\\t1.1.1.1\\r\\n\\tSource Port:\\t\\t51042\\r\\n\\t\\r\\nShare Information:\\r\\n\\tShare Name:\\t\\t\\\\\\\\*\\\\SYSVOL\\r\\n\\tShare Path:\\t\\t\\\\??\\\\D:\\\\ActiveDirectory\\\\SYSVOL\\\\sysvol\\r\\n\\tRelative Target Name:\\tKEY.ACME.COM\\\\POLICIES\\\\{C69D840B-35D8-4172-97E2-E54446703FF2}\\\\MACHINE\\r\\n\\r\\nAccess Request Information:\\r\\n\\tAccess Mask:\\t\\t0x100081\\r\\n\\tAccesses:\\t\\tSYNCHRONIZE\\r\\n\\t\\t\\t\\tReadData (or ListDirectory)\\r\\n\\t\\t\\t\\tReadAttributes\\r\\n\\t\\t\\t\\t\\r\\nAccess Check Results:\\r\\n\\tSYNCHRONIZE:\\tGranted by\\tD:(A;;0x1200a9;;;WD)\\r\\n\\t\\t\\t\\tReadData (or ListDirectory):\\tGranted by\\tD:(A;;0x1200a9;;;WD)\\r\\n\\t\\t\\t\\tReadAttributes:\\tGranted by\\tD:(A;;0x1200a9;;;WD)\\r\\n\\t\\t\\t\\t\\r\\n\",\"Category\":\"Detailed File Share\",\"Opcode\":\"Info\",\"SubjectUserSid\":\"S-1-2-3\",\"SubjectUserName\":\"S-1-2-3\",\"SubjectDomainName\":\"example.com\",\"SubjectLogonId\":\"0xa62b3a8ae\",\"ObjectType\":\"File\",\"IpAddress\":\"1.1.1.1\",\"IpPort\":\"51042\",\"ShareName\":\"\\\\\\\\*\\\\SYSVOL\",\"ShareLocalPath\":\"\\\\??\\\\D:\\\\ActiveDirectory\\\\SYSVOL\\\\sysvol\",\"RelativeTargetName\":\"KEY.ACME.COM\\\\POLICIES\\\\{C69D840B-35D8-4172-97E2-E54446703FF2}\\\\MACHINE\",\"AccessMask\":\"0x100081\",\"AccessList\":\"%%1541\\r\\n\\t\\t\\t\\t%%4416\\r\\n\\t\\t\\t\\t%%4423\\r\\n\\t\\t\\t\\t\",\"AccessReason\":\"%%1541:\\t%%1801\\tD:(A;;0x1200a9;;;WD)\\r\\n\\t\\t\\t\\t%%4416:\\t%%1801\\tD:(A;;0x1200a9;;;WD)\\r\\n\\t\\t\\t\\t%%4423:\\t%%1801\\tD:(A;;0x1200a9;;;WD)\\r\\n\\t\\t\\t\\t\",\"EventReceivedTime\":\"2010-04-24 00:06:17\",\"SourceModuleName\":\"in\",\"SourceModuleType\":\"im_msvistalog\"}"
  },
  "expected": {
    "message": "{\"EventTime\":\"2010-04-24 00:06:15\",\"Hostname\":\"example.com\",\"Keywords\":-9214364837600034816,\"EventType\":\"AUDIT_SUCCESS\",\"SeverityValue\":2,\"Severity\":\"INFO\",\"EventID\":5145,\"SourceName\":\"Microsoft-Windows-Security-Auditing\",\"ProviderGuid\":\"{54849625-5478-4994-A5BA-3E3B0328C30D}\",\"Version\":0,\"Task\":12811,\"OpcodeValue\":0,\"RecordNumber\":23997037887,\"ProcessID\":776,\"ThreadID\":784,\"Channel\":\"Security\",\"Message\":\"A network share object was checked to see whether client can be granted desired access.\\r\\n\\t\\r\\nSubject:\\r\\n\\tSecurity ID:\\t\\tS-1-5-21-1574594750-1263408776-2012955550-123016\\r\\n\\tAccount Name:\\t\\tBAZ256$\\r\\n\\tAccount Domain:\\t\\tKEY\\r\\n\\tLogon ID:\\t\\t0xA62B3A8AE\\r\\n\\r\\nNetwork Information:\\t\\r\\n\\tObject Type:\\t\\tFile\\r\\n\\tSource Address:\\t\\t1.1.1.1\\r\\n\\tSource Port:\\t\\t51042\\r\\n\\t\\r\\nShare Information:\\r\\n\\tShare Name:\\t\\t\\\\\\\\*\\\\SYSVOL\\r\\n\\tShare Path:\\t\\t\\\\??\\\\D:\\\\ActiveDirectory\\\\SYSVOL\\\\sysvol\\r\\n\\tRelative Target Name:\\tKEY.ACME.COM\\\\POLICIES\\\\{C69D840B-35D8-4172-97E2-E54446703FF2}\\\\MACHINE\\r\\n\\r\\nAccess Request Information:\\r\\n\\tAccess Mask:\\t\\t0x100081\\r\\n\\tAccesses:\\t\\tSYNCHRONIZE\\r\\n\\t\\t\\t\\tReadData (or ListDirectory)\\r\\n\\t\\t\\t\\tReadAttributes\\r\\n\\t\\t\\t\\t\\r\\nAccess Check Results:\\r\\n\\tSYNCHRONIZE:\\tGranted by\\tD:(A;;0x1200a9;;;WD)\\r\\n\\t\\t\\t\\tReadData (or ListDirectory):\\tGranted by\\tD:(A;;0x1200a9;;;WD)\\r\\n\\t\\t\\t\\tReadAttributes:\\tGranted by\\tD:(A;;0x1200a9;;;WD)\\r\\n\\t\\t\\t\\t\\r\\n\",\"Category\":\"Detailed File Share\",\"Opcode\":\"Info\",\"SubjectUserSid\":\"S-1-2-3\",\"SubjectUserName\":\"S-1-2-3\",\"SubjectDomainName\":\"example.com\",\"SubjectLogonId\":\"0xa62b3a8ae\",\"ObjectType\":\"File\",\"IpAddress\":\"1.1.1.1\",\"IpPort\":\"51042\",\"ShareName\":\"\\\\\\\\*\\\\SYSVOL\",\"ShareLocalPath\":\"\\\\??\\\\D:\\\\ActiveDirectory\\\\SYSVOL\\\\sysvol\",\"RelativeTargetName\":\"KEY.ACME.COM\\\\POLICIES\\\\{C69D840B-35D8-4172-97E2-E54446703FF2}\\\\MACHINE\",\"AccessMask\":\"0x100081\",\"AccessList\":\"%%1541\\r\\n\\t\\t\\t\\t%%4416\\r\\n\\t\\t\\t\\t%%4423\\r\\n\\t\\t\\t\\t\",\"AccessReason\":\"%%1541:\\t%%1801\\tD:(A;;0x1200a9;;;WD)\\r\\n\\t\\t\\t\\t%%4416:\\t%%1801\\tD:(A;;0x1200a9;;;WD)\\r\\n\\t\\t\\t\\t%%4423:\\t%%1801\\tD:(A;;0x1200a9;;;WD)\\r\\n\\t\\t\\t\\t\",\"EventReceivedTime\":\"2010-04-24 00:06:17\",\"SourceModuleName\":\"in\",\"SourceModuleType\":\"im_msvistalog\"}",
    "event": {
      "code": "5145",
      "message": "A network share object was checked to see whether client can be granted desired access.\r\n\t\r\nSubject:\r\n\tSecurity ID:\t\tS-1-5-21-1574594750-1263408776-2012955550-123016\r\n\tAccount Name:\t\tBAZ256$\r\n\tAccount Domain:\t\tKEY\r\n\tLogon ID:\t\t0xA62B3A8AE\r\n\r\nNetwork Information:\t\r\n\tObject Type:\t\tFile\r\n\tSource Address:\t\t1.1.1.1\r\n\tSource Port:\t\t51042\r\n\t\r\nShare Information:\r\n\tShare Name:\t\t\\\\*\\SYSVOL\r\n\tShare Path:\t\t\\??\\D:\\ActiveDirectory\\SYSVOL\\sysvol\r\n\tRelative Target Name:\tKEY.ACME.COM\\POLICIES\\{C69D840B-35D8-4172-97E2-E54446703FF2}\\MACHINE\r\n\r\nAccess Request Information:\r\n\tAccess Mask:\t\t0x100081\r\n\tAccesses:\t\tSYNCHRONIZE\r\n\t\t\t\tReadData (or ListDirectory)\r\n\t\t\t\tReadAttributes\r\n\t\t\t\t\r\nAccess Check Results:\r\n\tSYNCHRONIZE:\tGranted by\tD:(A;;0x1200a9;;;WD)\r\n\t\t\t\tReadData (or ListDirectory):\tGranted by\tD:(A;;0x1200a9;;;WD)\r\n\t\t\t\tReadAttributes:\tGranted by\tD:(A;;0x1200a9;;;WD)\r\n\t\t\t\t\r\n",
      "outcome": "success",
      "provider": "Microsoft-Windows-Security-Auditing"
    },
    "action": {
      "id": 5145,
      "name": "A network share object was checked to see whether client can be granted desired access",
      "outcome": "success",
      "properties": {
        "AccessList": "%%1541\r\n\t\t\t\t%%4416\r\n\t\t\t\t%%4423\r\n\t\t\t\t",
        "AccessMask": "0x100081",
        "AccessReason": "%%1541:\t%%1801\tD:(A;;0x1200a9;;;WD)\r\n\t\t\t\t%%4416:\t%%1801\tD:(A;;0x1200a9;;;WD)\r\n\t\t\t\t%%4423:\t%%1801\tD:(A;;0x1200a9;;;WD)\r\n\t\t\t\t",
        "Accesses": "\t\tSYNCHRONIZE\r\n\t\t\t\tReadData (or ListDirectory)\r\n\t\t\t\tReadAttributes",
        "Category": "Detailed File Share",
        "EventType": "AUDIT_SUCCESS",
        "IpAddress": "1.1.1.1",
        "IpPort": "51042",
        "Keywords": "-9214364837600034816",
        "ObjectType": "File",
        "OpcodeValue": 0,
        "ProviderGuid": "{54849625-5478-4994-A5BA-3E3B0328C30D}",
        "RelativeTargetName": "KEY.ACME.COM\\POLICIES\\{C69D840B-35D8-4172-97E2-E54446703FF2}\\MACHINE",
        "Severity": "INFO",
        "ShareLocalPath": "\\??\\D:\\ActiveDirectory\\SYSVOL\\sysvol",
        "ShareName": "\\\\*\\SYSVOL",
        "SourceName": "Microsoft-Windows-Security-Auditing",
        "SubjectDomainName": "example.com",
        "SubjectLogonId": "0xa62b3a8ae",
        "SubjectUserName": "user1",
        "SubjectUserSid": "S-1-2-3",
        "Task": 12811
      },
      "record_id": 23997037887,
      "type": "Security"
    },
    "host": {
      "hostname": "example",
      "name": "example.com"
    },
    "log": {
      "hostname": "example.com",
      "level": "info"
    },
    "os": {
      "family": "windows",
      "platform": "windows"
    },
    "process": {
      "id": 776,
      "pid": 776,
      "thread": {
        "id": 784
      }
    },
    "related": {
      "hosts": [
        "example"
      ],
      "ip": [
        "1.1.1.1"
      ],
      "user": [
        "user1"
      ]
    },
    "source": {
      "address": "1.1.1.1",
      "ip": "1.1.1.1"
    },
    "user": {
      "domain": "example.com",
      "id": "user1",
      "name": "user1"
    }
  }
}
