{
  "input": {
    "message": "{\"EventTime\":\"2019-05-17 11:52:46\",\"Hostname\":\"DESKTOP-FOOBARZ\",\"Keywords\":-9223372036854775808,\"EventType\":\"INFO\",\"SeverityValue\":2,\"Severity\":\"INFO\",\"EventID\":3,\"SourceName\":\"Microsoft-Windows-Sysmon\",\"ProviderGuid\":\"{5770385F-C22A-43E0-BF4C-06F5698FFBD9}\",\"Version\":5,\"Task\":3,\"OpcodeValue\":0,\"RecordNumber\":51,\"ProcessID\":3912,\"ThreadID\":532,\"Channel\":\"Microsoft-Windows-Sysmon/Operational\",\"Domain\":\"AUTORITE NT\",\"AccountName\":\"Syst\u00e8me\",\"UserID\":\"S-1-5-18\",\"AccountType\":\"User\",\"Message\":\"Network connection detected:\\r\\nRuleName: \\r\\nUtcTime: 2019-05-17 09:52:38.882\\r\\nProcessGuid: {0BA009B0-846C-5CDE-0000-0010821E0D00}\\r\\nProcessId: 4200\\r\\nImage: C:\\\\Windows\\\\SystemApps\\\\Microsoft.MicrosoftEdge_8wekyb3d8bbwe\\\\MicrosoftEdgeCP.exe\\r\\nUser: DESKTOP-FOOBARZ\\\\UserFoo\\r\\nProtocol: tcp\\r\\nInitiated: true\\r\\nSourceIsIpv6: false\\r\\nSourceIp: 1.1.1.1\\r\\nSourceHostname: DESKTOP-FOOBARZ.entreprise.sekoia\\r\\nSourcePort: 49718\\r\\nSourcePortName: \\r\\nDestinationIsIpv6: false\\r\\nDestinationIp: 1.1.1.1\\r\\nDestinationHostname: \\r\\nDestinationPort: 443\\r\\nDestinationPortName: https\",\"Category\":\"Network connection detected (rule: NetworkConnect)\",\"Opcode\":\"Informations\",\"UtcTime\":\"2019-05-17 09:52:38.882\",\"ProcessGuid\":\"{0BA009B0-846C-5CDE-0000-0010821E0D00}\",\"Image\":\"C:\\\\Windows\\\\SystemApps\\\\Microsoft.MicrosoftEdge_8wekyb3d8bbwe\\\\MicrosoftEdgeCP.exe\",\"User\":\"DESKTOP-FOOBARZ\\\\UserFoo\",\"Protocol\":\"tcp\",\"Initiated\":\"true\",\"SourceIsIpv6\":\"false\",\"SourceIp\":\"1.1.1.1\",\"SourceHostname\":\"DESKTOP-FOOBARZ.entreprise.sekoia\",\"SourcePort\":\"49718\",\"DestinationIsIpv6\":\"false\",\"DestinationIp\":\"1.1.1.1\",\"DestinationPort\":\"443\",\"DestinationPortName\":\"https\",\"EventReceivedTime\":\"2019-05-17 11:52:46\",\"SourceModuleName\":\"eventlog\",\"SourceModuleType\":\"im_msvistalog\"}"
  },
  "expected": {
    "message": "{\"EventTime\":\"2019-05-17 11:52:46\",\"Hostname\":\"DESKTOP-FOOBARZ\",\"Keywords\":-9223372036854775808,\"EventType\":\"INFO\",\"SeverityValue\":2,\"Severity\":\"INFO\",\"EventID\":3,\"SourceName\":\"Microsoft-Windows-Sysmon\",\"ProviderGuid\":\"{5770385F-C22A-43E0-BF4C-06F5698FFBD9}\",\"Version\":5,\"Task\":3,\"OpcodeValue\":0,\"RecordNumber\":51,\"ProcessID\":3912,\"ThreadID\":532,\"Channel\":\"Microsoft-Windows-Sysmon/Operational\",\"Domain\":\"AUTORITE NT\",\"AccountName\":\"Syst\u00e8me\",\"UserID\":\"S-1-5-18\",\"AccountType\":\"User\",\"Message\":\"Network connection detected:\\r\\nRuleName: \\r\\nUtcTime: 2019-05-17 09:52:38.882\\r\\nProcessGuid: {0BA009B0-846C-5CDE-0000-0010821E0D00}\\r\\nProcessId: 4200\\r\\nImage: C:\\\\Windows\\\\SystemApps\\\\Microsoft.MicrosoftEdge_8wekyb3d8bbwe\\\\MicrosoftEdgeCP.exe\\r\\nUser: DESKTOP-FOOBARZ\\\\UserFoo\\r\\nProtocol: tcp\\r\\nInitiated: true\\r\\nSourceIsIpv6: false\\r\\nSourceIp: 1.1.1.1\\r\\nSourceHostname: DESKTOP-FOOBARZ.entreprise.sekoia\\r\\nSourcePort: 49718\\r\\nSourcePortName: \\r\\nDestinationIsIpv6: false\\r\\nDestinationIp: 1.1.1.1\\r\\nDestinationHostname: \\r\\nDestinationPort: 443\\r\\nDestinationPortName: https\",\"Category\":\"Network connection detected (rule: NetworkConnect)\",\"Opcode\":\"Informations\",\"UtcTime\":\"2019-05-17 09:52:38.882\",\"ProcessGuid\":\"{0BA009B0-846C-5CDE-0000-0010821E0D00}\",\"Image\":\"C:\\\\Windows\\\\SystemApps\\\\Microsoft.MicrosoftEdge_8wekyb3d8bbwe\\\\MicrosoftEdgeCP.exe\",\"User\":\"DESKTOP-FOOBARZ\\\\UserFoo\",\"Protocol\":\"tcp\",\"Initiated\":\"true\",\"SourceIsIpv6\":\"false\",\"SourceIp\":\"1.1.1.1\",\"SourceHostname\":\"DESKTOP-FOOBARZ.entreprise.sekoia\",\"SourcePort\":\"49718\",\"DestinationIsIpv6\":\"false\",\"DestinationIp\":\"1.1.1.1\",\"DestinationPort\":\"443\",\"DestinationPortName\":\"https\",\"EventReceivedTime\":\"2019-05-17 11:52:46\",\"SourceModuleName\":\"eventlog\",\"SourceModuleType\":\"im_msvistalog\"}",
    "event": {
      "code": "3",
      "message": "Network connection detected:\r\nRuleName: \r\nUtcTime: 2019-05-17 09:52:38.882\r\nProcessGuid: {0BA009B0-846C-5CDE-0000-0010821E0D00}\r\nProcessId: 4200\r\nImage: C:\\Windows\\SystemApps\\Microsoft.MicrosoftEdge_8wekyb3d8bbwe\\MicrosoftEdgeCP.exe\r\nUser: DESKTOP-FOOBARZ\\UserFoo\r\nProtocol: tcp\r\nInitiated: true\r\nSourceIsIpv6: false\r\nSourceIp: 1.1.1.1\r\nSourceHostname: DESKTOP-FOOBARZ.entreprise.sekoia\r\nSourcePort: 49718\r\nSourcePortName: \r\nDestinationIsIpv6: false\r\nDestinationIp: 1.1.1.1\r\nDestinationHostname: \r\nDestinationPort: 443\r\nDestinationPortName: https",
      "provider": "Microsoft-Windows-Sysmon"
    },
    "@timestamp": "2019-05-17T09:52:38.882000Z",
    "action": {
      "id": 3,
      "name": "Network connection",
      "properties": {
        "AccountName": "Syst\u00e8me",
        "AccountType": "User",
        "Category": "Network connection detected (rule: NetworkConnect)",
        "DestinationPort": "443",
        "Domain": "AUTORITE NT",
        "EventType": "INFO",
        "Image": "C:\\Windows\\SystemApps\\Microsoft.MicrosoftEdge_8wekyb3d8bbwe\\MicrosoftEdgeCP.exe",
        "Keywords": "-9223372036854775808",
        "OpcodeValue": 0,
        "ProcessGuid": "{0BA009B0-846C-5CDE-0000-0010821E0D00}",
        "ProviderGuid": "{5770385F-C22A-43E0-BF4C-06F5698FFBD9}",
        "Severity": "INFO",
        "SourceName": "Microsoft-Windows-Sysmon",
        "Task": 3,
        "User": "DESKTOP-FOOBARZ\\UserFoo"
      },
      "record_id": 51,
      "target": "network-traffic",
      "type": "Microsoft-Windows-Sysmon/Operational"
    },
    "destination": {
      "address": "1.1.1.1",
      "ip": "1.1.1.1",
      "port": 443
    },
    "host": {
      "hostname": "DESKTOP-FOOBARZ",
      "name": "DESKTOP-FOOBARZ"
    },
    "log": {
      "hostname": "DESKTOP-FOOBARZ",
      "level": "info"
    },
    "network": {
      "transport": "tcp",
      "type": "ipv4"
    },
    "os": {
      "family": "windows",
      "platform": "windows"
    },
    "process": {
      "executable": "C:\\Windows\\SystemApps\\Microsoft.MicrosoftEdge_8wekyb3d8bbwe\\MicrosoftEdgeCP.exe",
      "id": 4200,
      "name": "MicrosoftEdgeCP.exe",
      "pid": 4200,
      "thread": {
        "id": 532
      },
      "working_directory": "C:\\Windows\\SystemApps\\Microsoft.MicrosoftEdge_8wekyb3d8bbwe\\"
    },
    "related": {
      "hosts": [
        "DESKTOP-FOOBARZ",
        "DESKTOP-FOOBARZ.entreprise.sekoia"
      ],
      "ip": [
        "1.1.1.1"
      ],
      "user": [
        "UserFoo"
      ]
    },
    "source": {
      "address": "1.1.1.1",
      "domain": "DESKTOP-FOOBARZ.entreprise.sekoia",
      "ip": "1.1.1.1",
      "port": 49718,
      "size_in_char": 33
    },
    "user": {
      "domain": "DESKTOP-FOOBARZ",
      "id": "S-1-5-18",
      "name": "UserFoo"
    }
  }
}