{
  "input": {
    "message": "{\"EventTime\":\"2019-05-16 18:07:37\",\"Hostname\":\"DESKTOP-FOOBARZ\",\"Keywords\":36028797018963968,\"EventType\":\"INFO\",\"SeverityValue\":2,\"Severity\":\"INFO\",\"EventID\":6000,\"SourceName\":\"Microsoft-Windows-Winlogon\",\"ProviderGuid\":\"{DBE9B383-7CF3-4331-91CC-A3CB16A3B538}\",\"Version\":0,\"Task\":0,\"OpcodeValue\":0,\"RecordNumber\":628,\"ProcessID\":0,\"ThreadID\":0,\"Channel\":\"Application\",\"Message\":\"L\u00e2\u0080\u0099abonn\u00c3\u00a9 aux notifications Winlogon <SessionEnv> n\u00e2\u0080\u0099\u00c3\u00a9tait pas disponible pour traiter un \u00c3\u00a9v\u00c3\u00a9nement de notification.\",\"EventReceivedTime\":\"2019-05-17 09:56:11\",\"SourceModuleName\":\"eventlog\",\"SourceModuleType\":\"im_msvistalog\"}"
  },
  "expected": {
    "message": "{\"EventTime\":\"2019-05-16 18:07:37\",\"Hostname\":\"DESKTOP-FOOBARZ\",\"Keywords\":36028797018963968,\"EventType\":\"INFO\",\"SeverityValue\":2,\"Severity\":\"INFO\",\"EventID\":6000,\"SourceName\":\"Microsoft-Windows-Winlogon\",\"ProviderGuid\":\"{DBE9B383-7CF3-4331-91CC-A3CB16A3B538}\",\"Version\":0,\"Task\":0,\"OpcodeValue\":0,\"RecordNumber\":628,\"ProcessID\":0,\"ThreadID\":0,\"Channel\":\"Application\",\"Message\":\"L\u00e2\u0080\u0099abonn\u00c3\u00a9 aux notifications Winlogon <SessionEnv> n\u00e2\u0080\u0099\u00c3\u00a9tait pas disponible pour traiter un \u00c3\u00a9v\u00c3\u00a9nement de notification.\",\"EventReceivedTime\":\"2019-05-17 09:56:11\",\"SourceModuleName\":\"eventlog\",\"SourceModuleType\":\"im_msvistalog\"}",
    "event": {
      "code": "6000",
      "message": "L\u00e2\u0080\u0099abonn\u00c3\u00a9 aux notifications Winlogon <SessionEnv> n\u00e2\u0080\u0099\u00c3\u00a9tait pas disponible pour traiter un \u00c3\u00a9v\u00c3\u00a9nement de notification.",
      "provider": "Microsoft-Windows-Winlogon"
    },
    "action": {
      "id": 6000,
      "properties": {
        "EventType": "INFO",
        "Keywords": "36028797018963968",
        "OpcodeValue": 0,
        "ProviderGuid": "{DBE9B383-7CF3-4331-91CC-A3CB16A3B538}",
        "Severity": "INFO",
        "SourceName": "Microsoft-Windows-Winlogon",
        "Task": 0
      },
      "record_id": 628,
      "type": "Application"
    },
    "host": {
      "hostname": "DESKTOP-FOOBARZ",
      "name": "DESKTOP-FOOBARZ"
    },
    "log": {
      "hostname": "DESKTOP-FOOBARZ",
      "level": "info"
    },
    "os": {
      "family": "windows",
      "platform": "windows"
    },
    "process": {
      "id": 0,
      "pid": 0,
      "thread": {
        "id": 0
      }
    },
    "related": {
      "hosts": [
        "DESKTOP-FOOBARZ"
      ]
    }
  }
}