{
  "input": {
    "message": "{\"EventTime\":\"2010-04-23 13:28:14\",\"Hostname\":\"example.com\",\"Keywords\":-9214364837600034816,\"EventType\":\"AUDIT_SUCCESS\",\"SeverityValue\":2,\"Severity\":\"INFO\",\"EventID\":4662,\"SourceName\":\"Microsoft-Windows-Security-Auditing\",\"ProviderGuid\":\"{54849625-5478-4994-A5BA-3E3B0328C30D}\",\"Version\":0,\"Task\":14080,\"OpcodeValue\":0,\"RecordNumber\":25279566314,\"ProcessID\":1816,\"ThreadID\":15456,\"Channel\":\"Security\",\"Message\":\"An operation was performed on an object.\\r\\n\\r\\nSubject :\\r\\n\\tSecurity ID:\\t\\tS-1-5-21-1574594750-1263408776-2012955550-98189\\r\\n\\tAccount Name:\\t\\tV-FOO$\\r\\n\\tAccount Domain:\\t\\tKEY\\r\\n\\tLogon ID:\\t\\t0x8C042A219\\r\\n\\r\\nObject:\\r\\n\\tObject Server:\\t\\tDS\\r\\n\\tObject Type:\\t\\t%{19195a5b-6da0-11d0-afd3-00c04fd930c9}\\r\\n\\tObject Name:\\t\\t%{e013e2c9-bd38-4fe7-9afc-c50c377cb028}\\r\\n\\tHandle ID:\\t\\t0x0\\r\\n\\r\\nOperation:\\r\\n\\tOperation Type:\\t\\tObject Access\\r\\n\\tAccesses:\\t\\tControl Access\\r\\n\\t\\t\\t\\t\\r\\n\\tAccess Mask:\\t\\t0x100\\r\\n\\tProperties:\\t\\tControl Access\\r\\n\\t\\t{1131f6ad-9c07-11d1-f79f-00c04fc2dcd2}\\r\\n\\t{19195a5b-6da0-11d0-afd3-00c04fd930c9}\\r\\n\\r\\n\\r\\nAdditional Information:\\r\\n\\tParameter 1:\\t\\t-\\r\\n\\tParameter 2:\\t\\t\",\"Category\":\"Directory Service Access\",\"Opcode\":\"Info\",\"SubjectUserSid\":\"user1\",\"SubjectUserName\":\"user1\",\"SubjectDomainName\":\"example.com\",\"SubjectLogonId\":\"0x8c042a219\",\"ObjectServer\":\"DS\",\"ObjectType\":\"%{19195a5b-6da0-11d0-afd3-00c04fd930c9}\",\"ObjectName\":\"%{e013e2c9-bd38-4fe7-9afc-c50c377cb028}\",\"OperationType\":\"Object Access\",\"HandleId\":\"0x0\",\"AccessList\":\"%%7688\\r\\n\\t\\t\\t\\t\",\"AccessMask\":\"0x100\",\"Properties\":\"%%7688\\r\\n\\t\\t{1131f6ad-9c07-11d1-f79f-00c04fc2dcd2}\\r\\n\\t{19195a5b-6da0-11d0-afd3-00c04fd930c9}\\r\\n\",\"AdditionalInfo\":\"-\",\"EventReceivedTime\":\"2010-04-23 13:28:14\",\"SourceModuleName\":\"in\",\"SourceModuleType\":\"im_msvistalog\"}"
  },
  "expected": {
    "message": "{\"EventTime\":\"2010-04-23 13:28:14\",\"Hostname\":\"example.com\",\"Keywords\":-9214364837600034816,\"EventType\":\"AUDIT_SUCCESS\",\"SeverityValue\":2,\"Severity\":\"INFO\",\"EventID\":4662,\"SourceName\":\"Microsoft-Windows-Security-Auditing\",\"ProviderGuid\":\"{54849625-5478-4994-A5BA-3E3B0328C30D}\",\"Version\":0,\"Task\":14080,\"OpcodeValue\":0,\"RecordNumber\":25279566314,\"ProcessID\":1816,\"ThreadID\":15456,\"Channel\":\"Security\",\"Message\":\"An operation was performed on an object.\\r\\n\\r\\nSubject :\\r\\n\\tSecurity ID:\\t\\tS-1-5-21-1574594750-1263408776-2012955550-98189\\r\\n\\tAccount Name:\\t\\tV-FOO$\\r\\n\\tAccount Domain:\\t\\tKEY\\r\\n\\tLogon ID:\\t\\t0x8C042A219\\r\\n\\r\\nObject:\\r\\n\\tObject Server:\\t\\tDS\\r\\n\\tObject Type:\\t\\t%{19195a5b-6da0-11d0-afd3-00c04fd930c9}\\r\\n\\tObject Name:\\t\\t%{e013e2c9-bd38-4fe7-9afc-c50c377cb028}\\r\\n\\tHandle ID:\\t\\t0x0\\r\\n\\r\\nOperation:\\r\\n\\tOperation Type:\\t\\tObject Access\\r\\n\\tAccesses:\\t\\tControl Access\\r\\n\\t\\t\\t\\t\\r\\n\\tAccess Mask:\\t\\t0x100\\r\\n\\tProperties:\\t\\tControl Access\\r\\n\\t\\t{1131f6ad-9c07-11d1-f79f-00c04fc2dcd2}\\r\\n\\t{19195a5b-6da0-11d0-afd3-00c04fd930c9}\\r\\n\\r\\n\\r\\nAdditional Information:\\r\\n\\tParameter 1:\\t\\t-\\r\\n\\tParameter 2:\\t\\t\",\"Category\":\"Directory Service Access\",\"Opcode\":\"Info\",\"SubjectUserSid\":\"user1\",\"SubjectUserName\":\"user1\",\"SubjectDomainName\":\"example.com\",\"SubjectLogonId\":\"0x8c042a219\",\"ObjectServer\":\"DS\",\"ObjectType\":\"%{19195a5b-6da0-11d0-afd3-00c04fd930c9}\",\"ObjectName\":\"%{e013e2c9-bd38-4fe7-9afc-c50c377cb028}\",\"OperationType\":\"Object Access\",\"HandleId\":\"0x0\",\"AccessList\":\"%%7688\\r\\n\\t\\t\\t\\t\",\"AccessMask\":\"0x100\",\"Properties\":\"%%7688\\r\\n\\t\\t{1131f6ad-9c07-11d1-f79f-00c04fc2dcd2}\\r\\n\\t{19195a5b-6da0-11d0-afd3-00c04fd930c9}\\r\\n\",\"AdditionalInfo\":\"-\",\"EventReceivedTime\":\"2010-04-23 13:28:14\",\"SourceModuleName\":\"in\",\"SourceModuleType\":\"im_msvistalog\"}",
    "event": {
      "code": "4662",
      "message": "An operation was performed on an object.\r\n\r\nSubject :\r\n\tSecurity ID:\t\tS-1-5-21-1574594750-1263408776-2012955550-98189\r\n\tAccount Name:\t\tV-FOO$\r\n\tAccount Domain:\t\tKEY\r\n\tLogon ID:\t\t0x8C042A219\r\n\r\nObject:\r\n\tObject Server:\t\tDS\r\n\tObject Type:\t\t%{19195a5b-6da0-11d0-afd3-00c04fd930c9}\r\n\tObject Name:\t\t%{e013e2c9-bd38-4fe7-9afc-c50c377cb028}\r\n\tHandle ID:\t\t0x0\r\n\r\nOperation:\r\n\tOperation Type:\t\tObject Access\r\n\tAccesses:\t\tControl Access\r\n\t\t\t\t\r\n\tAccess Mask:\t\t0x100\r\n\tProperties:\t\tControl Access\r\n\t\t{1131f6ad-9c07-11d1-f79f-00c04fc2dcd2}\r\n\t{19195a5b-6da0-11d0-afd3-00c04fd930c9}\r\n\r\n\r\nAdditional Information:\r\n\tParameter 1:\t\t-\r\n\tParameter 2:\t\t",
      "outcome": "success",
      "provider": "Microsoft-Windows-Security-Auditing"
    },
    "action": {
      "id": 4662,
      "name": "An operation was performed on an object",
      "outcome": "success",
      "properties": {
        "AccessList": "%%7688\r\n\t\t\t\t",
        "AccessMask": "0x100",
        "Accesses": "\t\tControl Access",
        "Category": "Directory Service Access",
        "EventType": "AUDIT_SUCCESS",
        "HandleId": "0x0",
        "Keywords": "-9214364837600034816",
        "ObjectName": "%{e013e2c9-bd38-4fe7-9afc-c50c377cb028}",
        "ObjectServer": "DS",
        "ObjectType": "%{19195a5b-6da0-11d0-afd3-00c04fd930c9}",
        "OpcodeValue": 0,
        "OperationType": "Object Access",
        "Properties": "%%7688\r\n\t\t{1131f6ad-9c07-11d1-f79f-00c04fc2dcd2}\r\n\t{19195a5b-6da0-11d0-afd3-00c04fd930c9}\r\n",
        "ProviderGuid": "{54849625-5478-4994-A5BA-3E3B0328C30D}",
        "Severity": "INFO",
        "SourceName": "Microsoft-Windows-Security-Auditing",
        "SubjectDomainName": "example.com",
        "SubjectLogonId": "0x8c042a219",
        "SubjectUserName": "user1",
        "SubjectUserSid": "user1",
        "Task": "14080"
      },
      "record_id": 25279566314,
      "type": "Security"
    },
    "host": {
      "hostname": "example",
      "name": "example.com"
    },
    "log": {
      "hostname": "example.com",
      "level": "info"
    },
    "os": {
      "family": "windows",
      "platform": "windows"
    },
    "process": {
      "id": 1816,
      "pid": 1816,
      "thread": {
        "id": 15456
      }
    },
    "related": {
      "hosts": [
        "example"
      ],
      "user": [
        "user1"
      ]
    },
    "user": {
      "domain": "example.com",
      "id": "user1",
      "name": "user1"
    }
  }
}