{
  "input": {
    "message": "{\"EventTime\":\"2024-09-18 10:08:41\",\"Hostname\":\"test\",\"Keywords\":-9214364837600034816,\"EventType\":\"AUDIT_SUCCESS\",\"SeverityValue\":2,\"Severity\":\"INFO\",\"EventID\":6272,\"SourceName\":\"Microsoft-Windows-Security-Auditing\",\"ProviderGuid\":\"{000000000-0000-0000-A5BA-3E3B0328C30D}\",\"Version\":2,\"Task\":12552,\"OpcodeValue\":0,\"RecordNumber\":2324634,\"ActivityID\":\"{9481D23D-1111-1111-1111-1DD10B0E2623}\",\"ProcessID\":672,\"ThreadID\":3752,\"Channel\":\"Security\",\"Message\":\"Le serveur NPS a accorde lacces a un utilisateur. Utilisateur : ID de securite : S-1-5-21-1111111111-111111111-1111111111-1111 Nom de compte : testUser Domaine de compte : NT01 Nom de compte complet : net/Administrateurs/ITUser/testUser Ordinateur client : ID de securite : S-1-0-0 Nom de compte : - Nom de compte complet : - Identificateur de la station appelee : 1.2.3.4 Identificateur de la station appelante : 10.24.25.25 Serveur NAS : Adresse IPv4 du serveur NAS : 1.2.3.4 Adresse IPv6 du serveur NAS : - Identificateur du serveur NAS : - Type de port du serveur NAS : Virtuel Port du serveur NAS : 450560 Client RADIUS : Nom convivial du client : FW01 Adresse IP du client : 1.2.3.4 Informations detaillees sur lauthentification : Nom de strategie de demande de connexion : interface_admin_reseau Nom de strategie reseau : FWASA01_Admin Fournisseur dauthentification : RADIUS distant vers le mappage utilisateur Windows Serveur dauthentification : 1.2.3.4 Type dauthentification : - Type EAP : - Identificateur de la session du compte : - Resultats de la journalisation : Les informations de suivi ont ete inscrites dans le fichier journal local. \",\"Category\":\"Network Policy Server\",\"Opcode\":\"Informations\",\"SubjectUserSid\":\"S-1-2-3\",\"SubjectUserName\":\"testUser\",\"SubjectDomainName\":\"example.com\",\"FullyQualifiedSubjectUserName\":\"test.net/Administrateurs/ITUser/testUser\",\"SubjectMachineSID\":\"S-1-0-0\",\"SubjectMachineName\":\"-\",\"FullyQualifiedSubjectMachineName\":\"-\",\"CalledStationID\":\"1.2.3.4\",\"CallingStationID\":\"10.24.25.25\",\"NASIPv4Address\":\"1.2.3.4\",\"NASIPv6Address\":\"-\",\"NASIdentifier\":\"-\",\"NASPortType\":\"Virtuel\",\"NASPort\":\"450560\",\"ClientName\":\"FW01\",\"ClientIPAddress\":\"1.2.3.4\",\"ProxyPolicyName\":\"interface_admin_reseau\",\"NetworkPolicyName\":\"FWASA01_Admin\",\"AuthenticationProvider\":\"RADIUS distant vers le mappage utilisateur Windows\",\"AuthenticationServer\":\"1.2.3.4\",\"AuthenticationType\":\"-\",\"EAPType\":\"-\",\"AccountSessionIdentifier\":\"-\",\"LoggingResult\":\"Les informations de suivi ont ete inscrites dans le fichier journal local.\",\"EventReceivedTime\":\"2024-09-18 10:09:24\",\"SourceModuleName\":\"eventlog41\",\"SourceModuleType\":\"im_msvistalog\"}"
  },
  "expected": {
    "message": "{\"EventTime\":\"2024-09-18 10:08:41\",\"Hostname\":\"test\",\"Keywords\":-9214364837600034816,\"EventType\":\"AUDIT_SUCCESS\",\"SeverityValue\":2,\"Severity\":\"INFO\",\"EventID\":6272,\"SourceName\":\"Microsoft-Windows-Security-Auditing\",\"ProviderGuid\":\"{000000000-0000-0000-A5BA-3E3B0328C30D}\",\"Version\":2,\"Task\":12552,\"OpcodeValue\":0,\"RecordNumber\":2324634,\"ActivityID\":\"{9481D23D-1111-1111-1111-1DD10B0E2623}\",\"ProcessID\":672,\"ThreadID\":3752,\"Channel\":\"Security\",\"Message\":\"Le serveur NPS a accorde lacces a un utilisateur. Utilisateur : ID de securite : S-1-5-21-1111111111-111111111-1111111111-1111 Nom de compte : testUser Domaine de compte : NT01 Nom de compte complet : net/Administrateurs/ITUser/testUser Ordinateur client : ID de securite : S-1-0-0 Nom de compte : - Nom de compte complet : - Identificateur de la station appelee : 1.2.3.4 Identificateur de la station appelante : 10.24.25.25 Serveur NAS : Adresse IPv4 du serveur NAS : 1.2.3.4 Adresse IPv6 du serveur NAS : - Identificateur du serveur NAS : - Type de port du serveur NAS : Virtuel Port du serveur NAS : 450560 Client RADIUS : Nom convivial du client : FW01 Adresse IP du client : 1.2.3.4 Informations detaillees sur lauthentification : Nom de strategie de demande de connexion : interface_admin_reseau Nom de strategie reseau : FWASA01_Admin Fournisseur dauthentification : RADIUS distant vers le mappage utilisateur Windows Serveur dauthentification : 1.2.3.4 Type dauthentification : - Type EAP : - Identificateur de la session du compte : - Resultats de la journalisation : Les informations de suivi ont ete inscrites dans le fichier journal local. \",\"Category\":\"Network Policy Server\",\"Opcode\":\"Informations\",\"SubjectUserSid\":\"S-1-2-3\",\"SubjectUserName\":\"testUser\",\"SubjectDomainName\":\"example.com\",\"FullyQualifiedSubjectUserName\":\"test.net/Administrateurs/ITUser/testUser\",\"SubjectMachineSID\":\"S-1-0-0\",\"SubjectMachineName\":\"-\",\"FullyQualifiedSubjectMachineName\":\"-\",\"CalledStationID\":\"1.2.3.4\",\"CallingStationID\":\"10.24.25.25\",\"NASIPv4Address\":\"1.2.3.4\",\"NASIPv6Address\":\"-\",\"NASIdentifier\":\"-\",\"NASPortType\":\"Virtuel\",\"NASPort\":\"450560\",\"ClientName\":\"FW01\",\"ClientIPAddress\":\"1.2.3.4\",\"ProxyPolicyName\":\"interface_admin_reseau\",\"NetworkPolicyName\":\"FWASA01_Admin\",\"AuthenticationProvider\":\"RADIUS distant vers le mappage utilisateur Windows\",\"AuthenticationServer\":\"1.2.3.4\",\"AuthenticationType\":\"-\",\"EAPType\":\"-\",\"AccountSessionIdentifier\":\"-\",\"LoggingResult\":\"Les informations de suivi ont ete inscrites dans le fichier journal local.\",\"EventReceivedTime\":\"2024-09-18 10:09:24\",\"SourceModuleName\":\"eventlog41\",\"SourceModuleType\":\"im_msvistalog\"}",
    "event": {
      "code": "6272",
      "message": "Le serveur NPS a accorde lacces a un utilisateur. Utilisateur : ID de securite : S-1-5-21-1111111111-111111111-1111111111-1111 Nom de compte : testUser Domaine de compte : NT01 Nom de compte complet : net/Administrateurs/ITUser/testUser Ordinateur client : ID de securite : S-1-0-0 Nom de compte : - Nom de compte complet : - Identificateur de la station appelee : 1.2.3.4 Identificateur de la station appelante : 10.24.25.25 Serveur NAS : Adresse IPv4 du serveur NAS : 1.2.3.4 Adresse IPv6 du serveur NAS : - Identificateur du serveur NAS : - Type de port du serveur NAS : Virtuel Port du serveur NAS : 450560 Client RADIUS : Nom convivial du client : FW01 Adresse IP du client : 1.2.3.4 Informations detaillees sur lauthentification : Nom de strategie de demande de connexion : interface_admin_reseau Nom de strategie reseau : FWASA01_Admin Fournisseur dauthentification : RADIUS distant vers le mappage utilisateur Windows Serveur dauthentification : 1.2.3.4 Type dauthentification : - Type EAP : - Identificateur de la session du compte : - Resultats de la journalisation : Les informations de suivi ont ete inscrites dans le fichier journal local. ",
      "outcome": "success",
      "provider": "Microsoft-Windows-Security-Auditing"
    },
    "action": {
      "id": 6272,
      "name": "Network Policy Server granted access to a user",
      "outcome": "success",
      "properties": {
        "AuthenticationProvider": "RADIUS distant vers le mappage utilisateur Windows",
        "AuthenticationServer": "1.2.3.4",
        "AuthenticationType": "-",
        "CallingStationID": "10.24.25.25",
        "Category": "Network Policy Server",
        "ClientIPAddress": "1.2.3.4",
        "ClientName": "FW01",
        "EAPType": "-",
        "EventType": "AUDIT_SUCCESS",
        "Keywords": "-9214364837600034816",
        "NASIdentifier": "-",
        "NASPort": "450560",
        "NASPortType": "Virtuel",
        "NetworkPolicyName": "FWASA01_Admin",
        "OpcodeValue": 0,
        "ProviderGuid": "{000000000-0000-0000-A5BA-3E3B0328C30D}",
        "ProxyPolicyName": "interface_admin_reseau",
        "Severity": "INFO",
        "SourceName": "Microsoft-Windows-Security-Auditing",
        "SubjectDomainName": "example.com",
        "SubjectUserName": "testUser",
        "SubjectUserSid": "S-1-2-3",
        "Task": 12552
      },
      "record_id": 2324634,
      "type": "Security"
    },
    "destination": {
      "address": "1.2.3.4",
      "ip": "1.2.3.4"
    },
    "host": {
      "hostname": "test",
      "name": "test"
    },
    "log": {
      "hostname": "test",
      "level": "info"
    },
    "os": {
      "family": "windows",
      "platform": "windows"
    },
    "process": {
      "id": 672,
      "pid": 672,
      "thread": {
        "id": 3752
      }
    },
    "related": {
      "hosts": [
        "test"
      ],
      "ip": [
        "1.2.3.4",
        "10.24.25.25"
      ],
      "user": [
        "testUser"
      ]
    },
    "source": {
      "address": "10.24.25.25",
      "ip": "10.24.25.25"
    },
    "user": {
      "domain": "example.com",
      "id": "S-1-2-3",
      "name": "testUser"
    }
  }
}