{
  "input": {
    "event": {
      "sekoiaio": {
        "intake": {
          "dialect": "Windows",
          "dialect_uuid": "9281438c-f7c3-4001-9bcc-45fd108ba1be"
        }
      }
    },
    "message": "{\"EventTime\":\"2010-11-27 17:05:18\",\"Hostname\":\"HOSTFOO\",\"Keywords\":-9214364837600034816,\"EventType\":\"AUDIT_SUCCESS\",\"SeverityValue\":2,\"Severity\":\"INFO\",\"EventID\":4720,\"SourceName\":\"Microsoft-Windows-Security-Auditing\",\"ProviderGuid\":\"{54849625-5478-4994-A5BA-3E3B0328C30D}\",\"Version\":0,\"Task\":13824,\"OpcodeValue\":0,\"RecordNumber\":1111111111,\"ProcessID\":1808,\"ThreadID\":9204,\"Channel\":\"Security\",\"Message\":\"A user account was created.\\r\\n\\r\\nSubject:\\r\\n\\tSecurity ID:\\t\\tS-1-5-21-1111111111-2222222222-3333333333-2746\\r\\n\\tAccount Name:\\t\\tSVC_sitemanager\\r\\n\\tAccount Domain:\\t\\tMYCORP\\r\\n\\tLogon ID:\\t\\t0x8A2F8844\\r\\n\\r\\nNew Account:\\r\\n\\tSecurity ID:\\t\\tS-1-5-21-1111111111-2222222222-3333333333-47859\\r\\n\\tAccount Name:\\t\\tUSERFOO\\r\\n\\tAccount Domain:\\t\\tMYCORP\\r\\n\\r\\nAttributes:\\r\\n\\tSAM Account Name:\\tUSERFOO\\r\\n\\tDisplay Name:\\t\\tUSERFOO Fullname\\r\\n\\tUser Principal Name:\\userfoo@foo.mycorp.net\\r\\n\\tHome Directory:\\t\\t-\\r\\n\\tHome Drive:\\t\\t-\\r\\n\\tScript Path:\\t\\t-\\r\\n\\tProfile Path:\\t\\t-\\r\\n\\tUser Workstations:\\t-\\r\\n\\tPassword Last Set:\\t<never>\\r\\n\\tAccount Expires:\\t\\t28/11/2011 00:00:00\\r\\n\\tPrimary Group ID:\\t513\\r\\n\\tAllowed To Delegate To:\\t-\\r\\n\\tOld UAC Value:\\t\\t0x0\\r\\n\\tNew UAC Value:\\t\\t0x15\\r\\n\\tUser Account Control:\\t\\r\\n\\t\\tAccount Disabled\\r\\n\\t\\t'Password Not Required' - Enabled\\r\\n\\t\\t'Normal Account' - Enabled\\r\\n\\tUser Parameters:\\t-\\r\\n\\tSID History:\\t\\t-\\r\\n\\tLogon Hours:\\t\\t<value not set>\\r\\n\\r\\nAdditional Information:\\r\\n\\tPrivileges\\t\\t-\",\"Category\":\"User Account Management\",\"Opcode\":\"Info\",\"TargetUserName\":\"USERFOO\",\"TargetDomainName\":\"MYCORP\",\"TargetSid\":\"S-1-5-21-1111111111-2222222222-3333333333-47859\",\"SubjectUserSid\":\"S-1-5-21-1111111111-2222222222-3333333333-2746\",\"SubjectUserName\":\"SVC_sitemanager\",\"SubjectDomainName\":\"MYCORP\",\"SubjectLogonId\":\"0x8a2f8844\",\"PrivilegeList\":\"-\",\"SamAccountName\":\"USERFOO\",\"DisplayName\":\"USERFOO Fullname\",\"UserPrincipalName\":\"userfoo@foo.mycorp.net\",\"HomeDirectory\":\"-\",\"HomePath\":\"-\",\"ScriptPath\":\"-\",\"ProfilePath\":\"-\",\"UserWorkstations\":\"-\",\"PasswordLastSet\":\"%%1794\",\"AccountExpires\":\"28/11/2011 00:00:00\",\"PrimaryGroupId\":\"513\",\"AllowedToDelegateTo\":\"-\",\"OldUacValue\":\"0x0\",\"NewUacValue\":\"0x15\",\"UserAccountControl\":\"\\r\\n\\t\\t%%2080\\r\\n\\t\\t%%2082\\r\\n\\t\\t%%2084\",\"UserParameters\":\"-\",\"SidHistory\":\"-\",\"LogonHours\":\"%%1793\",\"EventReceivedTime\":\"2010-11-27 17:05:19\",\"SourceModuleName\":\"in\",\"SourceModuleType\":\"im_msvistalog\"}"
  },
  "expected": {
    "action": {
      "id": 4720,
      "name": "A user account was created",
      "outcome": "success",
      "properties": [
        {
          "AllowedToDelegateTo": "-",
          "DisplayName": "USERFOO Fullname",
          "HomeDirectory": "-",
          "Keywords": "-9214364837600034816",
          "OpcodeValue": 0,
          "PrivilegeList": "-",
          "ProviderGuid": "{54849625-5478-4994-A5BA-3E3B0328C30D}",
          "SamAccountName": "USERFOO",
          "ScriptPath": "-",
          "Severity": "INFO",
          "SourceName": "Microsoft-Windows-Security-Auditing",
          "SubjectDomainName": "MYCORP",
          "SubjectLogonId": "0x8a2f8844",
          "SubjectUserName": "SVC_sitemanager",
          "SubjectUserSid": "S-1-5-21-1111111111-2222222222-3333333333-2746",
          "TargetDomainName": "MYCORP",
          "TargetSid": "S-1-5-21-1111111111-2222222222-3333333333-47859",
          "TargetUserName": "USERFOO",
          "EventType": "AUDIT_SUCCESS",
          "Task": 13824,
          "UserPrincipalName": "userfoo@foo.mycorp.net",
          "SidHistory": "-"
        }
      ],
      "record_id": 1111111111,
      "type": "Security"
    },
    "event": {
      "code": 4720,
      "message": "A user account was created.\r\n\r\nSubject:\r\n\tSecurity ID:\t\tS-1-5-21-1111111111-2222222222-3333333333-2746\r\n\tAccount Name:\t\tSVC_sitemanager\r\n\tAccount Domain:\t\tMYCORP\r\n\tLogon ID:\t\t0x8A2F8844\r\n\r\nNew Account:\r\n\tSecurity ID:\t\tS-1-5-21-1111111111-2222222222-3333333333-47859\r\n\tAccount Name:\t\tUSERFOO\r\n\tAccount Domain:\t\tMYCORP\r\n\r\nAttributes:\r\n\tSAM Account Name:\tUSERFOO\r\n\tDisplay Name:\t\tUSERFOO Fullname\r\n\tUser Principal Name:userfoo@foo.mycorp.net\r\n\tHome Directory:\t\t-\r\n\tHome Drive:\t\t-\r\n\tScript Path:\t\t-\r\n\tProfile Path:\t\t-\r\n\tUser Workstations:\t-\r\n\tPassword Last Set:\t<never>\r\n\tAccount Expires:\t\t28/11/2011 00:00:00\r\n\tPrimary Group ID:\t513\r\n\tAllowed To Delegate To:\t-\r\n\tOld UAC Value:\t\t0x0\r\n\tNew UAC Value:\t\t0x15\r\n\tUser Account Control:\t\r\n\t\tAccount Disabled\r\n\t\t'Password Not Required' - Enabled\r\n\t\t'Normal Account' - Enabled\r\n\tUser Parameters:\t-\r\n\tSID History:\t\t-\r\n\tLogon Hours:\t\t<value not set>\r\n\r\nAdditional Information:\r\n\tPrivileges\t\t-",
      "provider": "Microsoft-Windows-Security-Auditing",
      "created": "2011-04-23T20:02:05.017771Z",
      "id": "10f0afe9-98a1-4226-a6bd-8f70d461d430"
    },
    "log": {
      "hostname": "HOSTFOO",
      "level": "info"
    },
    "message": "{\"EventTime\":\"2010-11-27 17:05:18\",\"Hostname\":\"HOSTFOO\",\"Keywords\":-9214364837600034816,\"EventType\":\"AUDIT_SUCCESS\",\"SeverityValue\":2,\"Severity\":\"INFO\",\"EventID\":4720,\"SourceName\":\"Microsoft-Windows-Security-Auditing\",\"ProviderGuid\":\"{54849625-5478-4994-A5BA-3E3B0328C30D}\",\"Version\":0,\"Task\":13824,\"OpcodeValue\":0,\"RecordNumber\":1111111111,\"ProcessID\":1808,\"ThreadID\":9204,\"Channel\":\"Security\",\"Message\":\"A user account was created.\\r\\n\\r\\nSubject:\\r\\n\\tSecurity ID:\\t\\tS-1-5-21-1111111111-2222222222-3333333333-2746\\r\\n\\tAccount Name:\\t\\tSVC_sitemanager\\r\\n\\tAccount Domain:\\t\\tMYCORP\\r\\n\\tLogon ID:\\t\\t0x8A2F8844\\r\\n\\r\\nNew Account:\\r\\n\\tSecurity ID:\\t\\tS-1-5-21-1111111111-2222222222-3333333333-47859\\r\\n\\tAccount Name:\\t\\tUSERFOO\\r\\n\\tAccount Domain:\\t\\tMYCORP\\r\\n\\r\\nAttributes:\\r\\n\\tSAM Account Name:\\tUSERFOO\\r\\n\\tDisplay Name:\\t\\tUSERFOO Fullname\\r\\n\\tUser Principal Name:\\userfoo@foo.mycorp.net\\r\\n\\tHome Directory:\\t\\t-\\r\\n\\tHome Drive:\\t\\t-\\r\\n\\tScript Path:\\t\\t-\\r\\n\\tProfile Path:\\t\\t-\\r\\n\\tUser Workstations:\\t-\\r\\n\\tPassword Last Set:\\t<never>\\r\\n\\tAccount Expires:\\t\\t28/11/2011 00:00:00\\r\\n\\tPrimary Group ID:\\t513\\r\\n\\tAllowed To Delegate To:\\t-\\r\\n\\tOld UAC Value:\\t\\t0x0\\r\\n\\tNew UAC Value:\\t\\t0x15\\r\\n\\tUser Account Control:\\t\\r\\n\\t\\tAccount Disabled\\r\\n\\t\\t'Password Not Required' - Enabled\\r\\n\\t\\t'Normal Account' - Enabled\\r\\n\\tUser Parameters:\\t-\\r\\n\\tSID History:\\t\\t-\\r\\n\\tLogon Hours:\\t\\t<value not set>\\r\\n\\r\\nAdditional Information:\\r\\n\\tPrivileges\\t\\t-\",\"Category\":\"User Account Management\",\"Opcode\":\"Info\",\"TargetUserName\":\"USERFOO\",\"TargetDomainName\":\"MYCORP\",\"TargetSid\":\"S-1-5-21-1111111111-2222222222-3333333333-47859\",\"SubjectUserSid\":\"S-1-5-21-1111111111-2222222222-3333333333-2746\",\"SubjectUserName\":\"SVC_sitemanager\",\"SubjectDomainName\":\"MYCORP\",\"SubjectLogonId\":\"0x8a2f8544\",\"PrivilegeList\":\"-\",\"SamAccountName\":\"USERFOO\",\"DisplayName\":\"USERFOO Fullname\",\"UserPrincipalName\":\"userfoo@foo.mycorp.net\",\"HomeDirectory\":\"-\",\"HomePath\":\"-\",\"ScriptPath\":\"-\",\"ProfilePath\":\"-\",\"UserWorkstations\":\"-\",\"PasswordLastSet\":\"%%1794\",\"AccountExpires\":\"28/11/2011 00:00:00\",\"PrimaryGroupId\":\"513\",\"AllowedToDelegateTo\":\"-\",\"OldUacValue\":\"0x0\",\"NewUacValue\":\"0x15\",\"UserAccountControl\":\"\\r\\n\\t\\t%%2080\\r\\n\\t\\t%%2082\\r\\n\\t\\t%%2084\",\"UserParameters\":\"-\",\"SidHistory\":\"-\",\"LogonHours\":\"%%1793\",\"EventReceivedTime\":\"2010-11-27 17:05:19\",\"SourceModuleName\":\"in\",\"SourceModuleType\":\"im_msvistalog\"}",
    "os": {
      "family": "windows",
      "platform": "windows"
    },
    "process": {
      "id": 1808,
      "pid": 1808,
      "thread": {
        "id": 9204
      }
    },
    "type": "kafka",
    "user": {
      "domain": "MYCORP",
      "id": "S-1-5-21-1111111111-2222222222-3333333333-2746",
      "name": "SVC_sitemanager"
    },
    "related": {
      "user": [
        "SVC_sitemanager"
      ]
    },
    "sekoiaio": {
      "intake": {
        "parsing_status": "success"
      }
    },
    "host": {
      "hostname": "HOSTFOO",
      "name": "HOSTFOO"
    }
  }
}