{
  "input": {
    "message": "{\"EventTime\":\"2019-05-17 11:52:59\",\"Hostname\":\"example.com\",\"Keywords\":-9223372036854775808,\"EventType\":\"INFO\",\"SeverityValue\":2,\"Severity\":\"INFO\",\"EventID\":1,\"SourceName\":\"Microsoft-Windows-Sysmon\",\"ProviderGuid\":\"{5770385F-C22A-43E0-BF4C-06F5698FFBD9}\",\"Version\":5,\"Task\":1,\"OpcodeValue\":0,\"RecordNumber\":66,\"ProcessID\":3912,\"ThreadID\":2152,\"Channel\":\"Microsoft-Windows-Sysmon/Operational\",\"Domain\":\"example.com\",\"AccountName\":\"Syst\\u00e8me\",\"UserID\":\"S-1-5-18\",\"AccountType\":\"User\",\"Message\":\"Process Create:\\r\\nRuleName: \\r\\nUtcTime: 2019-05-17 09:52:59.277\\r\\nProcessGuid: {0BA009B0-847B-5CDE-0000-001038720D00}\\r\\nProcessId: 4540\\r\\nImage: C:\\\\Windows\\\\System32\\\\LogonUI.exe\\r\\nFileVersion: 10.0.10586.0 (th2_release.151029-1700)\\r\\nDescription: Windows Logon User Interface Host\\r\\nProduct: Microsoft\\u00c2\\u00ae Windows\\u00c2\\u00ae Operating System\\r\\nCompany: Microsoft Corporation\\r\\nCommandLine: \\\"C:\\\\Windows\\\\System32\\\\LogonUI.exe\\\" /flags:0x0 /state0:0xa39dd855 /state1:0x41c64e6d\\r\\nCurrentDirectory: C:\\\\Windows\\\\system32\\\\\\r\\nUser: host.example.com\\\\Syst\\u00c3\\u00a8me\\r\\nLogonGuid: {0BA009B0-82CF-5CDE-0000-0020E7030000}\\r\\nLogonId: 0x3E7\\r\\nTerminalSessionId: 1\\r\\nIntegrityLevel: System\\r\\nHashes: MD5=D40C84E829922B70D511BB2CC6268D49,SHA256=9A54EE3D6D16D0FE3458B1AE1212F546F94B9E28E5A845D311A04191C724D652\\r\\nParentProcessGuid: {0BA009B0-82CF-5CDE-0000-0010883A0000}\\r\\nParentProcessId: 476\\r\\nParentImage: C:\\\\Windows\\\\System32\\\\winlogon.exe\\r\\nParentCommandLine: winlogon.exe\",\"Category\":\"Process Create (rule: ProcessCreate)\",\"Opcode\":\"Informations\",\"UtcTime\":\"2019-05-17 09:52:59.277\",\"ProcessGuid\":\"{0BA009B0-847B-5CDE-0000-001038720D00}\",\"Image\":\"C:\\\\Windows\\\\System32\\\\LogonUI.exe\",\"FileVersion\":\"10.0.10586.0 (th2_release.151029-1700)\",\"Description\":\"Windows Logon User Interface Host\",\"Product\":\"Microsoft\\u00c2\\u00ae Windows\\u00c2\\u00ae Operating System\",\"Company\":\"Microsoft Corporation\",\"CommandLine\":\"\\\"C:\\\\Windows\\\\System32\\\\LogonUI.exe\\\" /flags:0x0 /state0:0xa39dd855 /state1:0x41c64e6d\",\"CurrentDirectory\":\"C:\\\\Windows\\\\system32\\\\\",\"User\":\"host.example.com\\\\Syst\\u00c3\\u00a8me\",\"LogonGuid\":\"{0BA009B0-82CF-5CDE-0000-0020E7030000}\",\"LogonId\":\"0x3e7\",\"TerminalSessionId\":\"1\",\"IntegrityLevel\":\"System\",\"Hashes\":\"MD5=D40C84E829922B70D511BB2CC6268D49,SHA256=9A54EE3D6D16D0FE3458B1AE1212F546F94B9E28E5A845D311A04191C724D652\",\"ParentProcessGuid\":\"{0BA009B0-82CF-5CDE-0000-0010883A0000}\",\"ParentProcessId\":\"476\",\"ParentImage\":\"C:\\\\Windows\\\\System32\\\\winlogon.exe\",\"ParentCommandLine\":\"winlogon.exe\",\"EventReceivedTime\":\"2019-05-17 11:53:00\",\"SourceModuleName\":\"eventlog\",\"SourceModuleType\":\"im_msvistalog\"}"
  },
  "expected": {
    "message": "{\"EventTime\":\"2019-05-17 11:52:59\",\"Hostname\":\"example.com\",\"Keywords\":-9223372036854775808,\"EventType\":\"INFO\",\"SeverityValue\":2,\"Severity\":\"INFO\",\"EventID\":1,\"SourceName\":\"Microsoft-Windows-Sysmon\",\"ProviderGuid\":\"{5770385F-C22A-43E0-BF4C-06F5698FFBD9}\",\"Version\":5,\"Task\":1,\"OpcodeValue\":0,\"RecordNumber\":66,\"ProcessID\":3912,\"ThreadID\":2152,\"Channel\":\"Microsoft-Windows-Sysmon/Operational\",\"Domain\":\"example.com\",\"AccountName\":\"Syst\\u00e8me\",\"UserID\":\"S-1-5-18\",\"AccountType\":\"User\",\"Message\":\"Process Create:\\r\\nRuleName: \\r\\nUtcTime: 2019-05-17 09:52:59.277\\r\\nProcessGuid: {0BA009B0-847B-5CDE-0000-001038720D00}\\r\\nProcessId: 4540\\r\\nImage: C:\\\\Windows\\\\System32\\\\LogonUI.exe\\r\\nFileVersion: 10.0.10586.0 (th2_release.151029-1700)\\r\\nDescription: Windows Logon User Interface Host\\r\\nProduct: Microsoft\\u00c2\\u00ae Windows\\u00c2\\u00ae Operating System\\r\\nCompany: Microsoft Corporation\\r\\nCommandLine: \\\"C:\\\\Windows\\\\System32\\\\LogonUI.exe\\\" /flags:0x0 /state0:0xa39dd855 /state1:0x41c64e6d\\r\\nCurrentDirectory: C:\\\\Windows\\\\system32\\\\\\r\\nUser: host.example.com\\\\Syst\\u00c3\\u00a8me\\r\\nLogonGuid: {0BA009B0-82CF-5CDE-0000-0020E7030000}\\r\\nLogonId: 0x3E7\\r\\nTerminalSessionId: 1\\r\\nIntegrityLevel: System\\r\\nHashes: MD5=D40C84E829922B70D511BB2CC6268D49,SHA256=9A54EE3D6D16D0FE3458B1AE1212F546F94B9E28E5A845D311A04191C724D652\\r\\nParentProcessGuid: {0BA009B0-82CF-5CDE-0000-0010883A0000}\\r\\nParentProcessId: 476\\r\\nParentImage: C:\\\\Windows\\\\System32\\\\winlogon.exe\\r\\nParentCommandLine: winlogon.exe\",\"Category\":\"Process Create (rule: ProcessCreate)\",\"Opcode\":\"Informations\",\"UtcTime\":\"2019-05-17 09:52:59.277\",\"ProcessGuid\":\"{0BA009B0-847B-5CDE-0000-001038720D00}\",\"Image\":\"C:\\\\Windows\\\\System32\\\\LogonUI.exe\",\"FileVersion\":\"10.0.10586.0 (th2_release.151029-1700)\",\"Description\":\"Windows Logon User Interface Host\",\"Product\":\"Microsoft\\u00c2\\u00ae Windows\\u00c2\\u00ae Operating System\",\"Company\":\"Microsoft Corporation\",\"CommandLine\":\"\\\"C:\\\\Windows\\\\System32\\\\LogonUI.exe\\\" /flags:0x0 /state0:0xa39dd855 /state1:0x41c64e6d\",\"CurrentDirectory\":\"C:\\\\Windows\\\\system32\\\\\",\"User\":\"host.example.com\\\\Syst\\u00c3\\u00a8me\",\"LogonGuid\":\"{0BA009B0-82CF-5CDE-0000-0020E7030000}\",\"LogonId\":\"0x3e7\",\"TerminalSessionId\":\"1\",\"IntegrityLevel\":\"System\",\"Hashes\":\"MD5=D40C84E829922B70D511BB2CC6268D49,SHA256=9A54EE3D6D16D0FE3458B1AE1212F546F94B9E28E5A845D311A04191C724D652\",\"ParentProcessGuid\":\"{0BA009B0-82CF-5CDE-0000-0010883A0000}\",\"ParentProcessId\":\"476\",\"ParentImage\":\"C:\\\\Windows\\\\System32\\\\winlogon.exe\",\"ParentCommandLine\":\"winlogon.exe\",\"EventReceivedTime\":\"2019-05-17 11:53:00\",\"SourceModuleName\":\"eventlog\",\"SourceModuleType\":\"im_msvistalog\"}",
    "event": {
      "code": "1",
      "message": "Process Create:\r\nRuleName: \r\nUtcTime: 2019-05-17 09:52:59.277\r\nProcessGuid: {0BA009B0-847B-5CDE-0000-001038720D00}\r\nProcessId: 4540\r\nImage: C:\\Windows\\System32\\LogonUI.exe\r\nFileVersion: 10.0.10586.0 (th2_release.151029-1700)\r\nDescription: Windows Logon User Interface Host\r\nProduct: MicrosoftÂ® WindowsÂ® Operating System\r\nCompany: Microsoft Corporation\r\nCommandLine: \"C:\\Windows\\System32\\LogonUI.exe\" /flags:0x0 /state0:0xa39dd855 /state1:0x41c64e6d\r\nCurrentDirectory: C:\\Windows\\system32\\\r\nUser: host.example.com\\User1\r\nLogonGuid: {0BA009B0-82CF-5CDE-0000-0020E7030000}\r\nLogonId: 0x3E7\r\nTerminalSessionId: 1\r\nIntegrityLevel: System\r\nHashes: MD5=D40C84E829922B70D511BB2CC6268D49,SHA256=9A54EE3D6D16D0FE3458B1AE1212F546F94B9E28E5A845D311A04191C724D652\r\nParentProcessGuid: {0BA009B0-82CF-5CDE-0000-0010883A0000}\r\nParentProcessId: 476\r\nParentImage: C:\\Windows\\System32\\winlogon.exe\r\nParentCommandLine: winlogon.exe",
      "provider": "Microsoft-Windows-Sysmon",
      "reason": "Windows Logon User Interface Host"
    },
    "@timestamp": "2019-05-17T09:52:59.277000Z",
    "action": {
      "id": 1,
      "name": "Process creation",
      "properties": {
        "AccountName": "Système",
        "AccountType": "User",
        "Category": "Process Create (rule: ProcessCreate)",
        "Description": "Windows Logon User Interface Host",
        "Domain": "example.com",
        "EventType": "INFO",
        "FileVersion": "10.0.10586.0 (th2_release.151029-1700)",
        "Image": "C:\\Windows\\System32\\LogonUI.exe",
        "Keywords": "-9223372036854775808",
        "OpcodeValue": 0,
        "ParentImage": "C:\\Windows\\System32\\winlogon.exe",
        "ProcessGuid": "{0BA009B0-847B-5CDE-0000-001038720D00}",
        "Product": "10.0.10586.0 (th2_release.151029-1700)",
        "ProviderGuid": "{5770385F-C22A-43E0-BF4C-06F5698FFBD9}",
        "Severity": "INFO",
        "SourceName": "Microsoft-Windows-Sysmon",
        "Task": 1,
        "User": "host.example.com\\User1"
      },
      "record_id": 66,
      "type": "Microsoft-Windows-Sysmon/Operational"
    },
    "host": {
      "hostname": "example",
      "name": "example.com"
    },
    "log": {
      "hostname": "example.com",
      "level": "info"
    },
    "os": {
      "family": "windows",
      "platform": "windows"
    },
    "process": {
      "command_line": "C:\\Windows\\System32\\LogonUI.exe /flags:0x0 /state0:0xa39dd855 /state1:0x41c64e6d",
      "executable": "C:\\Windows\\System32\\LogonUI.exe",
      "hash": {
        "md5": "d40c84e829922b70d511bb2cc6268d49",
        "sha256": "9a54ee3d6d16d0fe3458b1ae1212f546f94b9e28e5a845d311a04191c724d652"
      },
      "id": 4540,
      "name": "LogonUI.exe",
      "parent": {
        "command_line": "C:\\Windows\\System32\\winlogon.exe",
        "executable": "C:\\Windows\\System32\\winlogon.exe",
        "name": "winlogon.exe",
        "working_directory": "C:\\Windows\\System32\\"
      },
      "pid": 4540,
      "ppid": "476",
      "thread": {
        "id": 2152
      },
      "working_directory": "C:\\Windows\\system32\\"
    },
    "related": {
      "hash": [
        "9a54ee3d6d16d0fe3458b1ae1212f546f94b9e28e5a845d311a04191c724d652",
        "d40c84e829922b70d511bb2cc6268d49"
      ],
      "hosts": [
        "example"
      ],
      "user": [
        "User1"
      ]
    },
    "user": {
      "domain": "host.example.com",
      "id": "S-1-5-18",
      "name": "User1"
    }
  }
}
