{
  "input": {
    "message": "{\"EventTime\":\"2020-11-27 17:05:18\",\"Hostname\":\"example.com\",\"Keywords\":-9214364837600034816,\"EventType\":\"AUDIT_SUCCESS\",\"SeverityValue\":2,\"Severity\":\"INFO\",\"EventID\":4720,\"SourceName\":\"Microsoft-Windows-Security-Auditing\",\"ProviderGuid\":\"{54849625-5478-4994-A5BA-3E3B0328C30D}\",\"Version\":0,\"Task\":13824,\"OpcodeValue\":0,\"RecordNumber\":2077430259,\"ProcessID\":1808,\"ThreadID\":9204,\"Channel\":\"Security\",\"Message\":\"A user account was created.\\r\\n\\r\\nSubject:\\r\\n\\tSecurity ID:\\t\\tS-1-5-21-1595408694-1749029380-1551332766-2746\\r\\n\\tAccount Name:\\t\\tsvc_manager\\r\\n\\tAccount Domain:\\t\\tEXAMPLE-DOMAIN\\r\\n\\tLogon ID:\\t\\t0x8A2F8844\\r\\n\\r\\nNew Account:\\r\\n\\tSecurity ID:\\t\\tS-1-5-21-1595408694-1749029380-1551332766-47859\\r\\n\\tAccount Name:\\t\\tuser.test\\r\\n\\tAccount Domain:\\t\\tEXAMPLE-DOMAIN\\r\\n\\r\\nAttributes:\\r\\n\\tSAM Account Name:\\tuser.test\\r\\n\\tDisplay Name:\\t\\tUser Test\\r\\n\\tUser Principal Name:\\\\tuser.test@example.com\\r\\n\\tHome Directory:\\t\\t-\\r\\n\\tHome Drive:\\t\\t-\\r\\n\\tScript Path:\\t\\t-\\r\\n\\tProfile Path:\\t\\t-\\r\\n\\tUser Workstations:\\t-\\r\\n\\tPassword Last Set:\\t<never>\\r\\n\\tAccount Expires:\\t\\t28/11/2021 00:00:00\\r\\n\\tPrimary Group ID:\\t513\\r\\n\\tAllowed To Delegate To:\\t-\\r\\n\\tOld UAC Value:\\t\\t0x0\\r\\n\\tNew UAC Value:\\t\\t0x15\\r\\n\\tUser Account Control:\\t\\r\\n\\t\\tAccount Disabled\\r\\n\\t\\t'Password Not Required' - Enabled\\r\\n\\t\\t'Normal Account' - Enabled\\r\\n\\tUser Parameters:\\t-\\r\\n\\tSID History:\\t\\t-\\r\\n\\tLogon Hours:\\t\\t<value not set>\\r\\n\\r\\nAdditional Information:\\r\\n\\tPrivileges\\t\\t-\",\"Category\":\"User Account Management\",\"Opcode\":\"Info\",\"TargetUserName\":\"S-1-2-3\",\"TargetDomainName\":\"example.com\",\"TargetSid\":\"00000000-0000-0000-0000-000000000000\",\"SubjectUserSid\":\"S-1-2-3\",\"SubjectUserName\":\"S-1-2-3\",\"SubjectDomainName\":\"example.com\",\"SubjectLogonId\":\"0x8a2f8844\",\"PrivilegeList\":\"-\",\"SamAccountName\":\"S-1-2-3\",\"DisplayName\":\"User Test\",\"UserPrincipalName\":\"user.test@example.com\",\"HomeDirectory\":\"-\",\"HomePath\":\"-\",\"ScriptPath\":\"-\",\"ProfilePath\":\"-\",\"UserWorkstations\":\"-\",\"PasswordLastSet\":\"%%1794\",\"AccountExpires\":\"28/11/2021 00:00:00\",\"PrimaryGroupId\":\"513\",\"AllowedToDelegateTo\":\"-\",\"OldUacValue\":\"0x0\",\"NewUacValue\":\"0x15\",\"UserAccountControl\":\"\\r\\n\\t\\t%%2080\\r\\n\\t\\t%%2082\\r\\n\\t\\t%%2084\",\"UserParameters\":\"-\",\"SidHistory\":\"-\",\"LogonHours\":\"%%1793\",\"EventReceivedTime\":\"2020-11-27 17:05:19\",\"SourceModuleName\":\"in\",\"SourceModuleType\":\"im_msvistalog\"}"
  },
  "expected": {
    "message": "{\"EventTime\":\"2020-11-27 17:05:18\",\"Hostname\":\"example.com\",\"Keywords\":-9214364837600034816,\"EventType\":\"AUDIT_SUCCESS\",\"SeverityValue\":2,\"Severity\":\"INFO\",\"EventID\":4720,\"SourceName\":\"Microsoft-Windows-Security-Auditing\",\"ProviderGuid\":\"{54849625-5478-4994-A5BA-3E3B0328C30D}\",\"Version\":0,\"Task\":13824,\"OpcodeValue\":0,\"RecordNumber\":2077430259,\"ProcessID\":1808,\"ThreadID\":9204,\"Channel\":\"Security\",\"Message\":\"A user account was created.\\r\\n\\r\\nSubject:\\r\\n\\tSecurity ID:\\t\\tS-1-5-21-1595408694-1749029380-1551332766-2746\\r\\n\\tAccount Name:\\t\\tsvc_manager\\r\\n\\tAccount Domain:\\t\\tEXAMPLE-DOMAIN\\r\\n\\tLogon ID:\\t\\t0x8A2F8844\\r\\n\\r\\nNew Account:\\r\\n\\tSecurity ID:\\t\\tS-1-5-21-1595408694-1749029380-1551332766-47859\\r\\n\\tAccount Name:\\t\\tuser.test\\r\\n\\tAccount Domain:\\t\\tEXAMPLE-DOMAIN\\r\\n\\r\\nAttributes:\\r\\n\\tSAM Account Name:\\tuser.test\\r\\n\\tDisplay Name:\\t\\tUser Test\\r\\n\\tUser Principal Name:\\\\tuser.test@example.com\\r\\n\\tHome Directory:\\t\\t-\\r\\n\\tHome Drive:\\t\\t-\\r\\n\\tScript Path:\\t\\t-\\r\\n\\tProfile Path:\\t\\t-\\r\\n\\tUser Workstations:\\t-\\r\\n\\tPassword Last Set:\\t<never>\\r\\n\\tAccount Expires:\\t\\t28/11/2021 00:00:00\\r\\n\\tPrimary Group ID:\\t513\\r\\n\\tAllowed To Delegate To:\\t-\\r\\n\\tOld UAC Value:\\t\\t0x0\\r\\n\\tNew UAC Value:\\t\\t0x15\\r\\n\\tUser Account Control:\\t\\r\\n\\t\\tAccount Disabled\\r\\n\\t\\t'Password Not Required' - Enabled\\r\\n\\t\\t'Normal Account' - Enabled\\r\\n\\tUser Parameters:\\t-\\r\\n\\tSID History:\\t\\t-\\r\\n\\tLogon Hours:\\t\\t<value not set>\\r\\n\\r\\nAdditional Information:\\r\\n\\tPrivileges\\t\\t-\",\"Category\":\"User Account Management\",\"Opcode\":\"Info\",\"TargetUserName\":\"S-1-2-3\",\"TargetDomainName\":\"example.com\",\"TargetSid\":\"00000000-0000-0000-0000-000000000000\",\"SubjectUserSid\":\"S-1-2-3\",\"SubjectUserName\":\"S-1-2-3\",\"SubjectDomainName\":\"example.com\",\"SubjectLogonId\":\"0x8a2f8844\",\"PrivilegeList\":\"-\",\"SamAccountName\":\"S-1-2-3\",\"DisplayName\":\"User Test\",\"UserPrincipalName\":\"user.test@example.com\",\"HomeDirectory\":\"-\",\"HomePath\":\"-\",\"ScriptPath\":\"-\",\"ProfilePath\":\"-\",\"UserWorkstations\":\"-\",\"PasswordLastSet\":\"%%1794\",\"AccountExpires\":\"28/11/2021 00:00:00\",\"PrimaryGroupId\":\"513\",\"AllowedToDelegateTo\":\"-\",\"OldUacValue\":\"0x0\",\"NewUacValue\":\"0x15\",\"UserAccountControl\":\"\\r\\n\\t\\t%%2080\\r\\n\\t\\t%%2082\\r\\n\\t\\t%%2084\",\"UserParameters\":\"-\",\"SidHistory\":\"-\",\"LogonHours\":\"%%1793\",\"EventReceivedTime\":\"2020-11-27 17:05:19\",\"SourceModuleName\":\"in\",\"SourceModuleType\":\"im_msvistalog\"}",
    "event": {
      "code": "4720",
      "message": "A user account was created.\r\n\r\nSubject:\r\n\tSecurity ID:\t\tS-1-5-21-1595408694-1749029380-1551332766-2746\r\n\tAccount Name:\t\tsvc_manager\r\n\tAccount Domain:\t\tEXAMPLE-DOMAIN\r\n\tLogon ID:\t\t0x8A2F8844\r\n\r\nNew Account:\r\n\tSecurity ID:\t\tS-1-5-21-1595408694-1749029380-1551332766-47859\r\n\tAccount Name:\t\tuser.test\r\n\tAccount Domain:\t\tEXAMPLE-DOMAIN\r\n\r\nAttributes:\r\n\tSAM Account Name:\tuser.test\r\n\tDisplay Name:\t\tUser Test\r\n\tUser Principal Name:\\tuser.test@example.com\r\n\tHome Directory:\t\t-\r\n\tHome Drive:\t\t-\r\n\tScript Path:\t\t-\r\n\tProfile Path:\t\t-\r\n\tUser Workstations:\t-\r\n\tPassword Last Set:\t<never>\r\n\tAccount Expires:\t\t28/11/2021 00:00:00\r\n\tPrimary Group ID:\t513\r\n\tAllowed To Delegate To:\t-\r\n\tOld UAC Value:\t\t0x0\r\n\tNew UAC Value:\t\t0x15\r\n\tUser Account Control:\t\r\n\t\tAccount Disabled\r\n\t\t'Password Not Required' - Enabled\r\n\t\t'Normal Account' - Enabled\r\n\tUser Parameters:\t-\r\n\tSID History:\t\t-\r\n\tLogon Hours:\t\t<value not set>\r\n\r\nAdditional Information:\r\n\tPrivileges\t\t-",
      "outcome": "success",
      "provider": "Microsoft-Windows-Security-Auditing"
    },
    "action": {
      "id": 4720,
      "name": "A user account was created",
      "outcome": "success",
      "properties": {
        "AllowedToDelegateTo": "-",
        "Category": "User Account Management",
        "DisplayName": "User Test",
        "EventType": "AUDIT_SUCCESS",
        "HomeDirectory": "-",
        "Keywords": "-9214364837600034816",
        "NewUacValue": "0x15",
        "OldUacValue": "0x0",
        "OpcodeValue": 0,
        "PasswordLastSet": "%%1794",
        "PrivilegeList": "-",
        "ProviderGuid": "{54849625-5478-4994-A5BA-3E3B0328C30D}",
        "SamAccountName": "user1",
        "ScriptPath": "-",
        "Severity": "INFO",
        "SidHistory": "-",
        "SourceName": "Microsoft-Windows-Security-Auditing",
        "SubjectDomainName": "example.com",
        "SubjectLogonId": "0x8a2f8844",
        "SubjectUserName": "user1",
        "SubjectUserSid": "S-1-2-3",
        "TargetDomainName": "example.com",
        "TargetSid": "00000000-0000-0000-0000-000000000000",
        "TargetUserName": "user1",
        "Task": 13824,
        "UserAccountControl": [
          "'Normal Account' - Enabled",
          "'Password Not Required' - Enabled",
          "Account Disabled"
        ],
        "UserPrincipalName": "user.test@example.com"
      },
      "record_id": 2077430259,
      "type": "Security"
    },
    "host": {
      "hostname": "example",
      "name": "example.com"
    },
    "log": {
      "hostname": "example.com",
      "level": "info"
    },
    "os": {
      "family": "windows",
      "platform": "windows"
    },
    "process": {
      "id": 1808,
      "pid": 1808,
      "thread": {
        "id": 9204
      }
    },
    "related": {
      "hosts": [
        "example"
      ],
      "user": [
        "user1"
      ]
    },
    "user": {
      "domain": "example.com",
      "id": "user1",
      "name": "user1",
      "target": {
        "domain": "example.com",
        "name": "user1"
      }
    }
  }
}
