{
  "input": {
    "message": "{\"EventTime\":\"2020-11-27 17:05:18\",\"Hostname\":\"SERVERFOO\",\"Keywords\":-9214364837600034816,\"EventType\":\"AUDIT_SUCCESS\",\"SeverityValue\":2,\"Severity\":\"INFO\",\"EventID\":4720,\"SourceName\":\"Microsoft-Windows-Security-Auditing\",\"ProviderGuid\":\"{54849625-5478-4994-A5BA-3E3B0328C30D}\",\"Version\":0,\"Task\":13824,\"OpcodeValue\":0,\"RecordNumber\":2077430259,\"ProcessID\":1808,\"ThreadID\":9204,\"Channel\":\"Security\",\"Message\":\"A user account was created.\\r\\n\\r\\nSubject:\\r\\n\\tSecurity ID:\\t\\tS-1-5-21-1595408694-1749029380-1551332766-2746\\r\\n\\tAccount Name:\\t\\tSVC_sitemanager\\r\\n\\tAccount Domain:\\t\\tEXTRAWEB\\r\\n\\tLogon ID:\\t\\t0x8A2F8844\\r\\n\\r\\nNew Account:\\r\\n\\tSecurity ID:\\t\\tS-1-5-21-1595408694-1749029380-1551332766-47859\\r\\n\\tAccount Name:\\t\\tUSERFOO\\r\\n\\tAccount Domain:\\t\\tEXTRAWEB\\r\\n\\r\\nAttributes:\\r\\n\\tSAM Account Name:\\tUSERFOO\\r\\n\\tDisplay Name:\\t\\tUSERFOO USERLASTNAME\\r\\n\\tUser Principal Name:\\\\tuserfoo@mycorp.nett\\r\\n\\tHome Directory:\\t\\t-\\r\\n\\tHome Drive:\\t\\t-\\r\\n\\tScript Path:\\t\\t-\\r\\n\\tProfile Path:\\t\\t-\\r\\n\\tUser Workstations:\\t-\\r\\n\\tPassword Last Set:\\t<never>\\r\\n\\tAccount Expires:\\t\\t28/11/2021 00:00:00\\r\\n\\tPrimary Group ID:\\t513\\r\\n\\tAllowed To Delegate To:\\t-\\r\\n\\tOld UAC Value:\\t\\t0x0\\r\\n\\tNew UAC Value:\\t\\t0x15\\r\\n\\tUser Account Control:\\t\\r\\n\\t\\tAccount Disabled\\r\\n\\t\\t'Password Not Required' - Enabled\\r\\n\\t\\t'Normal Account' - Enabled\\r\\n\\tUser Parameters:\\t-\\r\\n\\tSID History:\\t\\t-\\r\\n\\tLogon Hours:\\t\\t<value not set>\\r\\n\\r\\nAdditional Information:\\r\\n\\tPrivileges\\t\\t-\",\"Category\":\"User Account Management\",\"Opcode\":\"Info\",\"TargetUserName\":\"USERFOO\",\"TargetDomainName\":\"EXTRAWEB\",\"TargetSid\":\"S-1-5-21-1595408694-1749029380-1551332766-47859\",\"SubjectUserSid\":\"S-1-5-21-1595408694-1749029380-1551332766-2746\",\"SubjectUserName\":\"SVC_sitemanager\",\"SubjectDomainName\":\"EXTRAWEB\",\"SubjectLogonId\":\"0x8a2f8844\",\"PrivilegeList\":\"-\",\"SamAccountName\":\"USERFOO\",\"DisplayName\":\"USERFOO USERLASTNAME\",\"UserPrincipalName\":\"userfoo@mycorp.nett\",\"HomeDirectory\":\"-\",\"HomePath\":\"-\",\"ScriptPath\":\"-\",\"ProfilePath\":\"-\",\"UserWorkstations\":\"-\",\"PasswordLastSet\":\"%%1794\",\"AccountExpires\":\"28/11/2021 00:00:00\",\"PrimaryGroupId\":\"513\",\"AllowedToDelegateTo\":\"-\",\"OldUacValue\":\"0x0\",\"NewUacValue\":\"0x15\",\"UserAccountControl\":\"\\r\\n\\t\\t%%2080\\r\\n\\t\\t%%2082\\r\\n\\t\\t%%2084\",\"UserParameters\":\"-\",\"SidHistory\":\"-\",\"LogonHours\":\"%%1793\",\"EventReceivedTime\":\"2020-11-27 17:05:19\",\"SourceModuleName\":\"in\",\"SourceModuleType\":\"im_msvistalog\"}"
  },
  "expected": {
    "message": "{\"EventTime\":\"2020-11-27 17:05:18\",\"Hostname\":\"SERVERFOO\",\"Keywords\":-9214364837600034816,\"EventType\":\"AUDIT_SUCCESS\",\"SeverityValue\":2,\"Severity\":\"INFO\",\"EventID\":4720,\"SourceName\":\"Microsoft-Windows-Security-Auditing\",\"ProviderGuid\":\"{54849625-5478-4994-A5BA-3E3B0328C30D}\",\"Version\":0,\"Task\":13824,\"OpcodeValue\":0,\"RecordNumber\":2077430259,\"ProcessID\":1808,\"ThreadID\":9204,\"Channel\":\"Security\",\"Message\":\"A user account was created.\\r\\n\\r\\nSubject:\\r\\n\\tSecurity ID:\\t\\tS-1-5-21-1595408694-1749029380-1551332766-2746\\r\\n\\tAccount Name:\\t\\tSVC_sitemanager\\r\\n\\tAccount Domain:\\t\\tEXTRAWEB\\r\\n\\tLogon ID:\\t\\t0x8A2F8844\\r\\n\\r\\nNew Account:\\r\\n\\tSecurity ID:\\t\\tS-1-5-21-1595408694-1749029380-1551332766-47859\\r\\n\\tAccount Name:\\t\\tUSERFOO\\r\\n\\tAccount Domain:\\t\\tEXTRAWEB\\r\\n\\r\\nAttributes:\\r\\n\\tSAM Account Name:\\tUSERFOO\\r\\n\\tDisplay Name:\\t\\tUSERFOO USERLASTNAME\\r\\n\\tUser Principal Name:\\\\tuserfoo@mycorp.nett\\r\\n\\tHome Directory:\\t\\t-\\r\\n\\tHome Drive:\\t\\t-\\r\\n\\tScript Path:\\t\\t-\\r\\n\\tProfile Path:\\t\\t-\\r\\n\\tUser Workstations:\\t-\\r\\n\\tPassword Last Set:\\t<never>\\r\\n\\tAccount Expires:\\t\\t28/11/2021 00:00:00\\r\\n\\tPrimary Group ID:\\t513\\r\\n\\tAllowed To Delegate To:\\t-\\r\\n\\tOld UAC Value:\\t\\t0x0\\r\\n\\tNew UAC Value:\\t\\t0x15\\r\\n\\tUser Account Control:\\t\\r\\n\\t\\tAccount Disabled\\r\\n\\t\\t'Password Not Required' - Enabled\\r\\n\\t\\t'Normal Account' - Enabled\\r\\n\\tUser Parameters:\\t-\\r\\n\\tSID History:\\t\\t-\\r\\n\\tLogon Hours:\\t\\t<value not set>\\r\\n\\r\\nAdditional Information:\\r\\n\\tPrivileges\\t\\t-\",\"Category\":\"User Account Management\",\"Opcode\":\"Info\",\"TargetUserName\":\"USERFOO\",\"TargetDomainName\":\"EXTRAWEB\",\"TargetSid\":\"S-1-5-21-1595408694-1749029380-1551332766-47859\",\"SubjectUserSid\":\"S-1-5-21-1595408694-1749029380-1551332766-2746\",\"SubjectUserName\":\"SVC_sitemanager\",\"SubjectDomainName\":\"EXTRAWEB\",\"SubjectLogonId\":\"0x8a2f8844\",\"PrivilegeList\":\"-\",\"SamAccountName\":\"USERFOO\",\"DisplayName\":\"USERFOO USERLASTNAME\",\"UserPrincipalName\":\"userfoo@mycorp.nett\",\"HomeDirectory\":\"-\",\"HomePath\":\"-\",\"ScriptPath\":\"-\",\"ProfilePath\":\"-\",\"UserWorkstations\":\"-\",\"PasswordLastSet\":\"%%1794\",\"AccountExpires\":\"28/11/2021 00:00:00\",\"PrimaryGroupId\":\"513\",\"AllowedToDelegateTo\":\"-\",\"OldUacValue\":\"0x0\",\"NewUacValue\":\"0x15\",\"UserAccountControl\":\"\\r\\n\\t\\t%%2080\\r\\n\\t\\t%%2082\\r\\n\\t\\t%%2084\",\"UserParameters\":\"-\",\"SidHistory\":\"-\",\"LogonHours\":\"%%1793\",\"EventReceivedTime\":\"2020-11-27 17:05:19\",\"SourceModuleName\":\"in\",\"SourceModuleType\":\"im_msvistalog\"}",
    "event": {
      "code": "4720",
      "message": "A user account was created.\r\n\r\nSubject:\r\n\tSecurity ID:\t\tS-1-5-21-1595408694-1749029380-1551332766-2746\r\n\tAccount Name:\t\tSVC_sitemanager\r\n\tAccount Domain:\t\tEXTRAWEB\r\n\tLogon ID:\t\t0x8A2F8844\r\n\r\nNew Account:\r\n\tSecurity ID:\t\tS-1-5-21-1595408694-1749029380-1551332766-47859\r\n\tAccount Name:\t\tUSERFOO\r\n\tAccount Domain:\t\tEXTRAWEB\r\n\r\nAttributes:\r\n\tSAM Account Name:\tUSERFOO\r\n\tDisplay Name:\t\tUSERFOO USERLASTNAME\r\n\tUser Principal Name:\\tuserfoo@mycorp.nett\r\n\tHome Directory:\t\t-\r\n\tHome Drive:\t\t-\r\n\tScript Path:\t\t-\r\n\tProfile Path:\t\t-\r\n\tUser Workstations:\t-\r\n\tPassword Last Set:\t<never>\r\n\tAccount Expires:\t\t28/11/2021 00:00:00\r\n\tPrimary Group ID:\t513\r\n\tAllowed To Delegate To:\t-\r\n\tOld UAC Value:\t\t0x0\r\n\tNew UAC Value:\t\t0x15\r\n\tUser Account Control:\t\r\n\t\tAccount Disabled\r\n\t\t'Password Not Required' - Enabled\r\n\t\t'Normal Account' - Enabled\r\n\tUser Parameters:\t-\r\n\tSID History:\t\t-\r\n\tLogon Hours:\t\t<value not set>\r\n\r\nAdditional Information:\r\n\tPrivileges\t\t-",
      "outcome": "success",
      "provider": "Microsoft-Windows-Security-Auditing"
    },
    "action": {
      "id": 4720,
      "name": "A user account was created",
      "outcome": "success",
      "properties": {
        "AllowedToDelegateTo": "-",
        "Category": "User Account Management",
        "DisplayName": "USERFOO USERLASTNAME",
        "EventType": "AUDIT_SUCCESS",
        "HomeDirectory": "-",
        "Keywords": "-9214364837600034816",
        "NewUAC": "0x15",
        "OldUAC": "0x0",
        "OpcodeValue": 0,
        "PrivilegeList": "-",
        "ProviderGuid": "{54849625-5478-4994-A5BA-3E3B0328C30D}",
        "SamAccountName": "USERFOO",
        "ScriptPath": "-",
        "Severity": "INFO",
        "SidHistory": "-",
        "SourceName": "Microsoft-Windows-Security-Auditing",
        "SubjectDomainName": "EXTRAWEB",
        "SubjectLogonId": "0x8a2f8844",
        "SubjectUserName": "SVC_sitemanager",
        "SubjectUserSid": "S-1-5-21-1595408694-1749029380-1551332766-2746",
        "TargetDomainName": "EXTRAWEB",
        "TargetSid": "S-1-5-21-1595408694-1749029380-1551332766-47859",
        "TargetUserName": "USERFOO",
        "Task": 13824,
        "UserPrincipalName": "userfoo@mycorp.nett"
      },
      "record_id": 2077430259,
      "type": "Security"
    },
    "host": {
      "hostname": "SERVERFOO",
      "name": "SERVERFOO"
    },
    "log": {
      "hostname": "SERVERFOO",
      "level": "info"
    },
    "os": {
      "family": "windows",
      "platform": "windows"
    },
    "process": {
      "id": 1808,
      "pid": 1808,
      "thread": {
        "id": 9204
      }
    },
    "related": {
      "hosts": [
        "SERVERFOO"
      ],
      "user": [
        "SVC_sitemanager",
        "USERFOO"
      ]
    },
    "user": {
      "domain": "EXTRAWEB",
      "id": "S-1-5-21-1595408694-1749029380-1551332766-2746",
      "name": "SVC_sitemanager",
      "target": {
        "domain": "EXTRAWEB",
        "name": "USERFOO"
      }
    }
  }
}