{
  "input": {
    "message": "{\"EventTime\":\"2010-09-28 18:30:29\",\"Hostname\":\"V-FOO\",\"Keywords\":-9218868437227405312,\"EventType\":\"AUDIT_FAILURE\",\"SeverityValue\":4,\"Severity\":\"ERROR\",\"EventID\":4656,\"SourceName\":\"Microsoft-Windows-Security-Auditing\",\"ProviderGuid\":\"{54849625-5478-4994-A5BA-3E3B0328C30D}\",\"Version\":1,\"Task\":12804,\"OpcodeValue\":0,\"RecordNumber\":9931381860,\"ProcessID\":728,\"ThreadID\":736,\"Channel\":\"Security\",\"Message\":\"A handle to an object was requested.\\r\\n\\r\\nSubject:\\r\\n\\tSecurity ID:\\t\\tS-1-5-21-1574594750-1263408776-2012955550-73322\\r\\n\\tAccount Name:\\t\\tV-FOO$\\r\\n\\tAccount Domain:\\t\\tKEY\\r\\n\\tLogon ID:\\t\\t0xA4FA5F41\\r\\n\\r\\nObject:\\r\\n\\tObject Server:\\t\\tWS-Management Listener\\r\\n\\tObject Type:\\t\\tUnknown\\r\\n\\tObject Name:\\t\\tUnknown\\r\\n\\tHandle ID:\\t\\t0x0\\r\\n\\tResource Attributes:\\t-\\r\\n\\r\\nProcess Information:\\r\\n\\tProcess ID:\\t\\t0x3d4\\r\\n\\tProcess Name:\\t\\tC:\\\\Windows\\\\System32\\\\svchost.exe\\r\\n\\r\\nAccess Request Information:\\r\\n\\tTransaction ID:\\t\\t{00000000-0000-0000-0000-000000000000}\\r\\n\\tAccesses:\\t\\tMAX_ALLOWED\\r\\n\\t\\t\\t\\t\\r\\n\\tAccess Reasons:\\t\\t-\\r\\n\\tAccess Mask:\\t\\t0x2000000\\r\\n\\tPrivileges Used for Access Check:\\t-\\r\\n\\tRestricted SID Count:\\t0\",\"Category\":\"Other Object Access Events\",\"Opcode\":\"Info\",\"SubjectUserSid\":\"S-1-5-21-1574594750-1263408776-2012955550-73322\",\"SubjectUserName\":\"V-FOO$\",\"SubjectDomainName\":\"KEY\",\"SubjectLogonId\":\"0xa4fa5f41\",\"ObjectServer\":\"WS-Management Listener\",\"ObjectType\":\"Unknown\",\"ObjectName\":\"Unknown\",\"HandleId\":\"0x0\",\"TransactionId\":\"{00000000-0000-0000-0000-000000000000}\",\"AccessList\":\"%%1543\\r\\n\\t\\t\\t\\t\",\"AccessReason\":\"-\",\"AccessMask\":\"0x2000000\",\"PrivilegeList\":\"-\",\"RestrictedSidCount\":\"0\",\"ProcessName\":\"C:\\\\Windows\\\\System32\\\\svchost.exe\",\"ResourceAttributes\":\"-\",\"EventReceivedTime\":\"2010-09-28 18:30:30\",\"SourceModuleName\":\"in\",\"SourceModuleType\":\"im_msvistalog\"}"
  },
  "expected": {
    "message": "{\"EventTime\":\"2010-09-28 18:30:29\",\"Hostname\":\"V-FOO\",\"Keywords\":-9218868437227405312,\"EventType\":\"AUDIT_FAILURE\",\"SeverityValue\":4,\"Severity\":\"ERROR\",\"EventID\":4656,\"SourceName\":\"Microsoft-Windows-Security-Auditing\",\"ProviderGuid\":\"{54849625-5478-4994-A5BA-3E3B0328C30D}\",\"Version\":1,\"Task\":12804,\"OpcodeValue\":0,\"RecordNumber\":9931381860,\"ProcessID\":728,\"ThreadID\":736,\"Channel\":\"Security\",\"Message\":\"A handle to an object was requested.\\r\\n\\r\\nSubject:\\r\\n\\tSecurity ID:\\t\\tS-1-5-21-1574594750-1263408776-2012955550-73322\\r\\n\\tAccount Name:\\t\\tV-FOO$\\r\\n\\tAccount Domain:\\t\\tKEY\\r\\n\\tLogon ID:\\t\\t0xA4FA5F41\\r\\n\\r\\nObject:\\r\\n\\tObject Server:\\t\\tWS-Management Listener\\r\\n\\tObject Type:\\t\\tUnknown\\r\\n\\tObject Name:\\t\\tUnknown\\r\\n\\tHandle ID:\\t\\t0x0\\r\\n\\tResource Attributes:\\t-\\r\\n\\r\\nProcess Information:\\r\\n\\tProcess ID:\\t\\t0x3d4\\r\\n\\tProcess Name:\\t\\tC:\\\\Windows\\\\System32\\\\svchost.exe\\r\\n\\r\\nAccess Request Information:\\r\\n\\tTransaction ID:\\t\\t{00000000-0000-0000-0000-000000000000}\\r\\n\\tAccesses:\\t\\tMAX_ALLOWED\\r\\n\\t\\t\\t\\t\\r\\n\\tAccess Reasons:\\t\\t-\\r\\n\\tAccess Mask:\\t\\t0x2000000\\r\\n\\tPrivileges Used for Access Check:\\t-\\r\\n\\tRestricted SID Count:\\t0\",\"Category\":\"Other Object Access Events\",\"Opcode\":\"Info\",\"SubjectUserSid\":\"S-1-5-21-1574594750-1263408776-2012955550-73322\",\"SubjectUserName\":\"V-FOO$\",\"SubjectDomainName\":\"KEY\",\"SubjectLogonId\":\"0xa4fa5f41\",\"ObjectServer\":\"WS-Management Listener\",\"ObjectType\":\"Unknown\",\"ObjectName\":\"Unknown\",\"HandleId\":\"0x0\",\"TransactionId\":\"{00000000-0000-0000-0000-000000000000}\",\"AccessList\":\"%%1543\\r\\n\\t\\t\\t\\t\",\"AccessReason\":\"-\",\"AccessMask\":\"0x2000000\",\"PrivilegeList\":\"-\",\"RestrictedSidCount\":\"0\",\"ProcessName\":\"C:\\\\Windows\\\\System32\\\\svchost.exe\",\"ResourceAttributes\":\"-\",\"EventReceivedTime\":\"2010-09-28 18:30:30\",\"SourceModuleName\":\"in\",\"SourceModuleType\":\"im_msvistalog\"}",
    "event": {
      "code": "4656",
      "message": "A handle to an object was requested.\r\n\r\nSubject:\r\n\tSecurity ID:\t\tS-1-5-21-1574594750-1263408776-2012955550-73322\r\n\tAccount Name:\t\tV-FOO$\r\n\tAccount Domain:\t\tKEY\r\n\tLogon ID:\t\t0xA4FA5F41\r\n\r\nObject:\r\n\tObject Server:\t\tWS-Management Listener\r\n\tObject Type:\t\tUnknown\r\n\tObject Name:\t\tUnknown\r\n\tHandle ID:\t\t0x0\r\n\tResource Attributes:\t-\r\n\r\nProcess Information:\r\n\tProcess ID:\t\t0x3d4\r\n\tProcess Name:\t\tC:\\Windows\\System32\\svchost.exe\r\n\r\nAccess Request Information:\r\n\tTransaction ID:\t\t{00000000-0000-0000-0000-000000000000}\r\n\tAccesses:\t\tMAX_ALLOWED\r\n\t\t\t\t\r\n\tAccess Reasons:\t\t-\r\n\tAccess Mask:\t\t0x2000000\r\n\tPrivileges Used for Access Check:\t-\r\n\tRestricted SID Count:\t0",
      "outcome": "failure",
      "provider": "Microsoft-Windows-Security-Auditing"
    },
    "action": {
      "id": 4656,
      "name": "A handle to an object was requested",
      "outcome": "failure",
      "properties": {
        "AccessList": "%%1543\r\n\t\t\t\t",
        "AccessMask": "0x2000000",
        "AccessReason": "-",
        "Accesses": "\t\tMAX_ALLOWED",
        "Category": "Other Object Access Events",
        "EventType": "AUDIT_FAILURE",
        "HandleId": "0x0",
        "Keywords": "-9218868437227405312",
        "ObjectName": "Unknown",
        "ObjectServer": "WS-Management Listener",
        "ObjectType": "Unknown",
        "OpcodeValue": 0,
        "PrivilegeList": "-",
        "ProcessName": "C:\\Windows\\System32\\svchost.exe",
        "ProviderGuid": "{54849625-5478-4994-A5BA-3E3B0328C30D}",
        "Severity": "ERROR",
        "SourceName": "Microsoft-Windows-Security-Auditing",
        "SubjectDomainName": "KEY",
        "SubjectLogonId": "0xa4fa5f41",
        "SubjectUserName": "V-FOO$",
        "SubjectUserSid": "S-1-5-21-1574594750-1263408776-2012955550-73322",
        "Task": 12804
      },
      "record_id": 9931381860,
      "type": "Security"
    },
    "host": {
      "hostname": "V-FOO",
      "name": "V-FOO"
    },
    "log": {
      "hostname": "V-FOO",
      "level": "error"
    },
    "os": {
      "family": "windows",
      "platform": "windows"
    },
    "process": {
      "executable": "C:\\Windows\\System32\\svchost.exe",
      "id": 728,
      "name": "svchost.exe",
      "pid": 728,
      "thread": {
        "id": 736
      },
      "working_directory": "C:\\Windows\\System32\\"
    },
    "related": {
      "hosts": [
        "V-FOO"
      ],
      "user": [
        "V-FOO$"
      ]
    },
    "user": {
      "domain": "KEY",
      "id": "S-1-5-21-1574594750-1263408776-2012955550-73322",
      "name": "V-FOO$"
    }
  }
}