{
  "input": {
    "message": "{\"EventTime\":\"2010-10-02 17:20:14\",\"Hostname\":\"DESKTOP-FOOBARZ\",\"Keywords\":0,\"EventType\":\"INFO\",\"SeverityValue\":2,\"Severity\":\"INFO\",\"EventID\":4103,\"SourceName\":\"Microsoft-Windows-PowerShell\",\"ProviderGuid\":\"{A0C1853B-5C40-4B15-8766-3CF1C58F985A}\",\"Version\":1,\"Task\":106,\"OpcodeValue\":20,\"RecordNumber\":249099289,\"ActivityID\":\"{264E110A-980D-0002-50EB-4F260D98D601}\",\"ProcessID\":2816,\"ThreadID\":3184,\"Channel\":\"Microsoft-Windows-PowerShell/Operational\",\"Domain\":\"NT AUTHORITY\",\"AccountName\":\"SYSTEM\",\"UserID\":\"S-1-5-18\",\"AccountType\":\"User\",\"Message\":\"CommandInvocation(Write-Verbose): \\\"Write-Verbose\\\"\\r\\nParameterBinding(Write-Verbose): name=\\\"Message\\\"; value=\\\"ParentDisplayName\\\"\\r\\n\\r\\n\\r\\nContext:\\r\\n        Severity = Informational\\r\\n        Host Name = ConsoleHost\\r\\n        Host Version = 5.1.14409.1018\\r\\n        Host ID = 6d715a18-8dd8-44ce-889d-67bbbd36962b\\r\\n        Host Application = C:\\\\Windows\\\\system32\\\\WindowsPowerShell\\\\v1.0\\\\powershell.exe -NoProfile -NonInteractive -NoLogo -ExecutionPolicy Bypass -File C:\\\\ProgramData\\\\PuppetLabs\\\\facter\\\\facts.d\\\\InstalledSoftware.ps1\\r\\n        Engine Version = 5.1.14409.1018\\r\\n        Runspace ID = 28ef971b-d5e6-46a0-a1eb-275b26023d17\\r\\n        Pipeline ID = 1\\r\\n        Command Name = Write-Verbose\\r\\n        Command Type = Cmdlet\\r\\n        Script Name = C:\\\\Program Files\\\\WindowsPowerShell\\\\Modules\\\\PSSoftware\\\\1.0.29\\\\PSSoftware.psm1\\r\\n        Command Path = \\r\\n        Sequence Number = 3930\\r\\n        User = WORKGROUP\\\\SYSTEM\\r\\n        Connected User = \\r\\n        Shell ID = Microsoft.PowerShell\\r\\n\\r\\n\\r\\nUser Data:\\r\\n\\r\\n\",\"Category\":\"Executing Pipeline\",\"Opcode\":\"To be used when operation is just executing a method\",\"ContextInfo\":\"        Severity = Informational\\r\\n        Host Name = ConsoleHost\\r\\n        Host Version = 5.1.14409.1018\\r\\n        Host ID = 6d715a18-8dd8-44ce-889d-67bbbd36962b\\r\\n        Host Application = C:\\\\Windows\\\\system32\\\\WindowsPowerShell\\\\v1.0\\\\powershell.exe -NoProfile -NonInteractive -NoLogo -ExecutionPolicy Bypass -File C:\\\\ProgramData\\\\PuppetLabs\\\\facter\\\\facts.d\\\\InstalledSoftware.ps1\\r\\n        Engine Version = 5.1.14409.1018\\r\\n        Runspace ID = 28ef971b-d5e6-46a0-a1eb-275b26023d17\\r\\n        Pipeline ID = 1\\r\\n        Command Name = Write-Verbose\\r\\n        Command Type = Cmdlet\\r\\n        Script Name = C:\\\\Program Files\\\\WindowsPowerShell\\\\Modules\\\\PSSoftware\\\\1.0.29\\\\PSSoftware.psm1\\r\\n        Command Path = \\r\\n        Sequence Number = 3930\\r\\n        User = WORKGROUP\\\\SYSTEM\\r\\n        Connected User = \\r\\n        Shell ID = Microsoft.PowerShell\\r\\n\",\"Payload\":\"CommandInvocation(Write-Verbose): \\\"Write-Verbose\\\"\\r\\nParameterBinding(Write-Verbose): name=\\\"Message\\\"; value=\\\"ParentDisplayName\\\"\\r\\n\",\"EventReceivedTime\":\"2010-10-02 17:20:19\",\"SourceModuleName\":\"in\",\"SourceModuleType\":\"im_msvistalog\"}"
  },
  "expected": {
    "message": "{\"EventTime\":\"2010-10-02 17:20:14\",\"Hostname\":\"DESKTOP-FOOBARZ\",\"Keywords\":0,\"EventType\":\"INFO\",\"SeverityValue\":2,\"Severity\":\"INFO\",\"EventID\":4103,\"SourceName\":\"Microsoft-Windows-PowerShell\",\"ProviderGuid\":\"{A0C1853B-5C40-4B15-8766-3CF1C58F985A}\",\"Version\":1,\"Task\":106,\"OpcodeValue\":20,\"RecordNumber\":249099289,\"ActivityID\":\"{264E110A-980D-0002-50EB-4F260D98D601}\",\"ProcessID\":2816,\"ThreadID\":3184,\"Channel\":\"Microsoft-Windows-PowerShell/Operational\",\"Domain\":\"NT AUTHORITY\",\"AccountName\":\"SYSTEM\",\"UserID\":\"S-1-5-18\",\"AccountType\":\"User\",\"Message\":\"CommandInvocation(Write-Verbose): \\\"Write-Verbose\\\"\\r\\nParameterBinding(Write-Verbose): name=\\\"Message\\\"; value=\\\"ParentDisplayName\\\"\\r\\n\\r\\n\\r\\nContext:\\r\\n        Severity = Informational\\r\\n        Host Name = ConsoleHost\\r\\n        Host Version = 5.1.14409.1018\\r\\n        Host ID = 6d715a18-8dd8-44ce-889d-67bbbd36962b\\r\\n        Host Application = C:\\\\Windows\\\\system32\\\\WindowsPowerShell\\\\v1.0\\\\powershell.exe -NoProfile -NonInteractive -NoLogo -ExecutionPolicy Bypass -File C:\\\\ProgramData\\\\PuppetLabs\\\\facter\\\\facts.d\\\\InstalledSoftware.ps1\\r\\n        Engine Version = 5.1.14409.1018\\r\\n        Runspace ID = 28ef971b-d5e6-46a0-a1eb-275b26023d17\\r\\n        Pipeline ID = 1\\r\\n        Command Name = Write-Verbose\\r\\n        Command Type = Cmdlet\\r\\n        Script Name = C:\\\\Program Files\\\\WindowsPowerShell\\\\Modules\\\\PSSoftware\\\\1.0.29\\\\PSSoftware.psm1\\r\\n        Command Path = \\r\\n        Sequence Number = 3930\\r\\n        User = WORKGROUP\\\\SYSTEM\\r\\n        Connected User = \\r\\n        Shell ID = Microsoft.PowerShell\\r\\n\\r\\n\\r\\nUser Data:\\r\\n\\r\\n\",\"Category\":\"Executing Pipeline\",\"Opcode\":\"To be used when operation is just executing a method\",\"ContextInfo\":\"        Severity = Informational\\r\\n        Host Name = ConsoleHost\\r\\n        Host Version = 5.1.14409.1018\\r\\n        Host ID = 6d715a18-8dd8-44ce-889d-67bbbd36962b\\r\\n        Host Application = C:\\\\Windows\\\\system32\\\\WindowsPowerShell\\\\v1.0\\\\powershell.exe -NoProfile -NonInteractive -NoLogo -ExecutionPolicy Bypass -File C:\\\\ProgramData\\\\PuppetLabs\\\\facter\\\\facts.d\\\\InstalledSoftware.ps1\\r\\n        Engine Version = 5.1.14409.1018\\r\\n        Runspace ID = 28ef971b-d5e6-46a0-a1eb-275b26023d17\\r\\n        Pipeline ID = 1\\r\\n        Command Name = Write-Verbose\\r\\n        Command Type = Cmdlet\\r\\n        Script Name = C:\\\\Program Files\\\\WindowsPowerShell\\\\Modules\\\\PSSoftware\\\\1.0.29\\\\PSSoftware.psm1\\r\\n        Command Path = \\r\\n        Sequence Number = 3930\\r\\n        User = WORKGROUP\\\\SYSTEM\\r\\n        Connected User = \\r\\n        Shell ID = Microsoft.PowerShell\\r\\n\",\"Payload\":\"CommandInvocation(Write-Verbose): \\\"Write-Verbose\\\"\\r\\nParameterBinding(Write-Verbose): name=\\\"Message\\\"; value=\\\"ParentDisplayName\\\"\\r\\n\",\"EventReceivedTime\":\"2010-10-02 17:20:19\",\"SourceModuleName\":\"in\",\"SourceModuleType\":\"im_msvistalog\"}",
    "event": {
      "code": "4103",
      "message": "CommandInvocation(Write-Verbose): \"Write-Verbose\"\r\nParameterBinding(Write-Verbose): name=\"Message\"; value=\"ParentDisplayName\"\r\n\r\n\r\nContext:\r\n        Severity = Informational\r\n        Host Name = ConsoleHost\r\n        Host Version = 5.1.14409.1018\r\n        Host ID = 6d715a18-8dd8-44ce-889d-67bbbd36962b\r\n        Host Application = C:\\Windows\\system32\\WindowsPowerShell\\v1.0\\powershell.exe -NoProfile -NonInteractive -NoLogo -ExecutionPolicy Bypass -File C:\\ProgramData\\PuppetLabs\\facter\\facts.d\\InstalledSoftware.ps1\r\n        Engine Version = 5.1.14409.1018\r\n        Runspace ID = 28ef971b-d5e6-46a0-a1eb-275b26023d17\r\n        Pipeline ID = 1\r\n        Command Name = Write-Verbose\r\n        Command Type = Cmdlet\r\n        Script Name = C:\\Program Files\\WindowsPowerShell\\Modules\\PSSoftware\\1.0.29\\PSSoftware.psm1\r\n        Command Path = \r\n        Sequence Number = 3930\r\n        User = WORKGROUP\\SYSTEM\r\n        Connected User = \r\n        Shell ID = Microsoft.PowerShell\r\n\r\n\r\nUser Data:\r\n\r\n",
      "provider": "Microsoft-Windows-PowerShell"
    },
    "action": {
      "id": 4103,
      "properties": {
        "AccountName": "SYSTEM",
        "AccountType": "User",
        "Category": "Executing Pipeline",
        "ContextInfo": "        Severity = Informational\r\n        Host Name = ConsoleHost\r\n        Host Version = 5.1.14409.1018\r\n        Host ID = 6d715a18-8dd8-44ce-889d-67bbbd36962b\r\n        Host Application = C:\\Windows\\system32\\WindowsPowerShell\\v1.0\\powershell.exe -NoProfile -NonInteractive -NoLogo -ExecutionPolicy Bypass -File C:\\ProgramData\\PuppetLabs\\facter\\facts.d\\InstalledSoftware.ps1\r\n        Engine Version = 5.1.14409.1018\r\n        Runspace ID = 28ef971b-d5e6-46a0-a1eb-275b26023d17\r\n        Pipeline ID = 1\r\n        Command Name = Write-Verbose\r\n        Command Type = Cmdlet\r\n        Script Name = C:\\Program Files\\WindowsPowerShell\\Modules\\PSSoftware\\1.0.29\\PSSoftware.psm1\r\n        Command Path = \r\n        Sequence Number = 3930\r\n        User = WORKGROUP\\SYSTEM\r\n        Connected User = \r\n        Shell ID = Microsoft.PowerShell\r\n",
        "Domain": "NT AUTHORITY",
        "EventType": "INFO",
        "HostApplication": "C:\\Windows\\system32\\WindowsPowerShell\\v1.0\\powershell.exe -NoProfile -NonInteractive -NoLogo -ExecutionPolicy Bypass -File C:\\ProgramData\\PuppetLabs\\facter\\facts.d\\InstalledSoftware.ps1",
        "HostName": "ConsoleHost",
        "Keywords": "0",
        "OpcodeValue": 20,
        "Payload": "CommandInvocation(Write-Verbose): \"Write-Verbose\"\r\nParameterBinding(Write-Verbose): name=\"Message\"; value=\"ParentDisplayName\"\r\n",
        "ProviderGuid": "{A0C1853B-5C40-4B15-8766-3CF1C58F985A}",
        "Severity": "INFO",
        "SourceName": "Microsoft-Windows-PowerShell",
        "Task": 106
      },
      "record_id": 249099289,
      "type": "Microsoft-Windows-PowerShell/Operational"
    },
    "host": {
      "hostname": "DESKTOP-FOOBARZ",
      "name": "DESKTOP-FOOBARZ"
    },
    "log": {
      "hostname": "DESKTOP-FOOBARZ",
      "level": "info"
    },
    "os": {
      "family": "windows",
      "platform": "windows"
    },
    "process": {
      "id": 2816,
      "name": "powershell.exe",
      "pid": 2816,
      "thread": {
        "id": 3184
      }
    },
    "related": {
      "hosts": [
        "DESKTOP-FOOBARZ"
      ],
      "user": [
        "SYSTEM"
      ]
    },
    "user": {
      "domain": "NT AUTHORITY",
      "id": "S-1-5-18",
      "name": "SYSTEM"
    }
  }
}