{
  "input": {
    "event": {
      "sekoiaio": {
        "intake": {
          "dialect": "Windows",
          "dialect_uuid": "9281438c-f7c3-4001-9bcc-45fd108ba1be"
        }
      }
    },
    "message": "{\"EventTime\":\"2010-11-13 17:25:22\",\"Hostname\":\"FOOBAZ11\",\"Keywords\":-9214364837600034816,\"EventType\":\"AUDIT_SUCCESS\",\"SeverityValue\":2,\"Severity\":\"INFO\",\"EventID\":5136,\"SourceName\":\"Microsoft-Windows-Security-Auditing\",\"ProviderGuid\":\"{54849625-5478-4994-A5BA-3E3B0328C30D}\",\"Version\":0,\"Task\":14081,\"OpcodeValue\":0,\"RecordNumber\":30373281570,\"ProcessID\":1928,\"ThreadID\":12604,\"Channel\":\"Security\",\"Message\":\"A directory service object was modified.\\r\\n\\t\\r\\nSubject:\\r\\n\\tSecurity ID:\\t\\tS-1-5-21-1574594750-1263408776-2012955550-123990\\r\\n\\tAccount Name:\\t\\tHOSTNAMEBAZ\\r\\n\\tAccount Domain:\\t\\tKEY\\r\\n\\tLogon ID:\\t\\t0x2245EEC18\\r\\n\\r\\nDirectory Service:\\r\\n\\tName:\\tkey.mycorp.int\\r\\n\\tType:\\tActive Directory Domain Services\\r\\n\\t\\r\\nObject:\\r\\n\\tDN:\\tCN=MYUSER,OU=Ten,OU=MYCORP Computers,OU=MYCORP Data,DC=key,DC=mycorp,DC=int\\r\\n\\tGUID:\\t{5E818E06-674B-4D67-8D7C-FD08473C7FD4}\\r\\n\\tClass:\\tcomputer\\r\\n\\t\\r\\nAttribute:\\r\\n\\tLDAP Display Name:\\tservicePrincipalName\\r\\n\\tSyntax (OID):\\t1.1.1.1\\r\\n\\tValue:\\tCmRcService/MYUSER\\r\\n\\t\\r\\nOperation:\\r\\n\\tType:\\tValue Added\\r\\n\\tCorrelation ID:\\t{862BB478-DF85-4696-B45A-8C27F04C9377}\\r\\n\\tApplication Correlation ID:\\t-\",\"Category\":\"Directory Service Changes\",\"Opcode\":\"Info\",\"OpCorrelationID\":\"{862BB478-DF85-4696-B45A-8C27F04C9377}\",\"AppCorrelationID\":\"-\",\"SubjectUserSid\":\"S-1-5-21-1574594750-1263408776-2012955550-123990\",\"SubjectUserName\":\"HOSTNAMEBAZ\",\"SubjectDomainName\":\"KEY\",\"SubjectLogonId\":\"0x2245eec18\",\"DSName\":\"key.mycorp.int\",\"DSType\":\"%%14676\",\"ObjectDN\":\"CN=MYUSER,OU=Ten,OU=MYCORP Computers,OU=MYCORP Data,DC=key,DC=mycorp,DC=int\",\"ObjectGUID\":\"{5E818E06-674B-4D67-8D7C-FD08473C7FD4}\",\"ObjectClass\":\"computer\",\"AttributeLDAPDisplayName\":\"servicePrincipalName\",\"AttributeSyntaxOID\":\"1.1.1.1\",\"AttributeValue\":\"CmRcService/MYUSER\",\"OperationType\":\"%%14674\",\"EventReceivedTime\":\"2010-11-13 17:25:22\",\"SourceModuleName\":\"in\",\"SourceModuleType\":\"im_msvistalog\"}"
  },
  "expected": {
    "message": "{\"EventTime\":\"2010-11-13 17:25:22\",\"Hostname\":\"FOOBAZ11\",\"Keywords\":-9214364837600034816,\"EventType\":\"AUDIT_SUCCESS\",\"SeverityValue\":2,\"Severity\":\"INFO\",\"EventID\":5136,\"SourceName\":\"Microsoft-Windows-Security-Auditing\",\"ProviderGuid\":\"{54849625-5478-4994-A5BA-3E3B0328C30D}\",\"Version\":0,\"Task\":14081,\"OpcodeValue\":0,\"RecordNumber\":30373281570,\"ProcessID\":1928,\"ThreadID\":12604,\"Channel\":\"Security\",\"Message\":\"A directory service object was modified.\\r\\n\\t\\r\\nSubject:\\r\\n\\tSecurity ID:\\t\\tS-1-5-21-1574594750-1263408776-2012955550-123990\\r\\n\\tAccount Name:\\t\\tHOSTNAMEBAZ\\r\\n\\tAccount Domain:\\t\\tKEY\\r\\n\\tLogon ID:\\t\\t0x2245EEC18\\r\\n\\r\\nDirectory Service:\\r\\n\\tName:\\tkey.mycorp.int\\r\\n\\tType:\\tActive Directory Domain Services\\r\\n\\t\\r\\nObject:\\r\\n\\tDN:\\tCN=MYUSER,OU=Ten,OU=MYCORP Computers,OU=MYCORP Data,DC=key,DC=mycorp,DC=int\\r\\n\\tGUID:\\t{5E818E06-674B-4D67-8D7C-FD08473C7FD4}\\r\\n\\tClass:\\tcomputer\\r\\n\\t\\r\\nAttribute:\\r\\n\\tLDAP Display Name:\\tservicePrincipalName\\r\\n\\tSyntax (OID):\\t1.1.1.1\\r\\n\\tValue:\\tCmRcService/MYUSER\\r\\n\\t\\r\\nOperation:\\r\\n\\tType:\\tValue Added\\r\\n\\tCorrelation ID:\\t{862BB478-DF85-4696-B45A-8C27F04C9377}\\r\\n\\tApplication Correlation ID:\\t-\",\"Category\":\"Directory Service Changes\",\"Opcode\":\"Info\",\"OpCorrelationID\":\"{862BB478-DF85-4696-B45A-8C27F04C9377}\",\"AppCorrelationID\":\"-\",\"SubjectUserSid\":\"S-1-5-21-1574594750-1263408776-2012955550-123990\",\"SubjectUserName\":\"HOSTNAMEBAZ\",\"SubjectDomainName\":\"KEY\",\"SubjectLogonId\":\"0x2245eec18\",\"DSName\":\"key.mycorp.int\",\"DSType\":\"%%14676\",\"ObjectDN\":\"CN=MYUSER,OU=Ten,OU=MYCORP Computers,OU=MYCORP Data,DC=key,DC=mycorp,DC=int\",\"ObjectGUID\":\"{5E818E06-674B-4D67-8D7C-FD08473C7FD4}\",\"ObjectClass\":\"computer\",\"AttributeLDAPDisplayName\":\"servicePrincipalName\",\"AttributeSyntaxOID\":\"1.1.1.1\",\"AttributeValue\":\"CmRcService/MYUSER\",\"OperationType\":\"%%14674\",\"EventReceivedTime\":\"2010-11-13 17:25:22\",\"SourceModuleName\":\"in\",\"SourceModuleType\":\"im_msvistalog\"}",
    "event": {
      "code": "5136",
      "provider": "Microsoft-Windows-Security-Auditing",
      "message": "A directory service object was modified.\r\n\t\r\nSubject:\r\n\tSecurity ID:\t\tS-1-5-21-1574594750-1263408776-2012955550-123990\r\n\tAccount Name:\t\tHOSTNAMEBAZ\r\n\tAccount Domain:\t\tKEY\r\n\tLogon ID:\t\t0x2245EEC18\r\n\r\nDirectory Service:\r\n\tName:\tkey.mycorp.int\r\n\tType:\tActive Directory Domain Services\r\n\t\r\nObject:\r\n\tDN:\tCN=MYUSER,OU=Ten,OU=MYCORP Computers,OU=MYCORP Data,DC=key,DC=mycorp,DC=int\r\n\tGUID:\t{5E818E06-674B-4D67-8D7C-FD08473C7FD4}\r\n\tClass:\tcomputer\r\n\t\r\nAttribute:\r\n\tLDAP Display Name:\tservicePrincipalName\r\n\tSyntax (OID):\t1.1.1.1\r\n\tValue:\tCmRcService/MYUSER\r\n\t\r\nOperation:\r\n\tType:\tValue Added\r\n\tCorrelation ID:\t{862BB478-DF85-4696-B45A-8C27F04C9377}\r\n\tApplication Correlation ID:\t-"
    },
    "action": {
      "record_id": 30373281570,
      "type": "Security",
      "id": 5136,
      "properties": {
        "Keywords": "-9214364837600034816",
        "EventType": "AUDIT_SUCCESS",
        "Severity": "INFO",
        "SourceName": "Microsoft-Windows-Security-Auditing",
        "ProviderGuid": "{54849625-5478-4994-A5BA-3E3B0328C30D}",
        "Task": 14081,
        "OpcodeValue": 0,
        "SubjectUserSid": "S-1-5-21-1574594750-1263408776-2012955550-123990",
        "SubjectUserName": "HOSTNAMEBAZ",
        "SubjectDomainName": "KEY",
        "SubjectLogonId": "0x2245eec18",
        "ObjectClass": "computer",
        "AttributeLDAPDisplayName": "servicePrincipalName",
        "AttributeValue": "CmRcService/MYUSER",
        "OperationType": "%%14674"
      },
      "name": "A directory service object was modified",
      "outcome": "success"
    },
    "log": {
      "hostname": "FOOBAZ11",
      "level": "info"
    },
    "host": {
      "hostname": "FOOBAZ11",
      "name": "FOOBAZ11"
    },
    "os": {
      "family": "windows",
      "platform": "windows"
    },
    "process": {
      "thread": {
        "id": 12604
      },
      "pid": 1928,
      "id": 1928
    },
    "user": {
      "id": "S-1-5-21-1574594750-1263408776-2012955550-123990",
      "name": "HOSTNAMEBAZ",
      "domain": "KEY"
    },
    "related": {
      "hosts": [
        "FOOBAZ11"
      ],
      "user": [
        "HOSTNAMEBAZ"
      ]
    }
  }
}