{
  "input": {
    "message": "{\"EventTime\":\"2010-10-28 12:23:17\",\"Hostname\":\"example.com\",\"Keywords\":-9223372036854775808,\"EventType\":\"INFO\",\"SeverityValue\":2,\"Severity\":\"INFO\",\"EventID\":13,\"SourceName\":\"Microsoft-Windows-Sysmon\",\"ProviderGuid\":\"{5770385F-C22A-43E0-BF4C-06F5698FFBD9}\",\"Version\":2,\"Task\":13,\"OpcodeValue\":0,\"RecordNumber\":34819,\"ProcessID\":1436,\"ThreadID\":2860,\"Channel\":\"Microsoft-Windows-Sysmon/Operational\",\"Domain\":\"example.com\",\"AccountName\":\"SYSTEM\",\"UserID\":\"S-1-5-18\",\"AccountType\":\"User\",\"Message\":\"Registry value set:\\\\r\\\\nRuleName: InvDB\\\\r\\\\nEventType: SetValue\\\\r\\\\nUtcTime: 2010-10-28 11:23:17.379\\\\r\\\\nProcessGuid: {34EA5B98-48E6-5F99-1600-000000000E00}\\\\r\\\\nProcessId: 1012\\\\r\\\\nImage: C:\\\\\\\\Windows\\\\\\\\System32\\\\\\\\svchost.exe\\\\r\\\\nTargetObject: HKU\\\\\\\\S-1-5-21-375581984-207109644-1491462053-1001\\\\\\\\Software\\\\\\\\Microsoft\\\\\\\\Windows NT\\\\\\\\CurrentVersion\\\\\\\\AppCompatFlags\\\\\\\\Compatibility Assistant\\\\\\\\Store\\\\\\\\C:\\\\\\\\Program Files\\\\\\\\WindowsApps\\\\\\\\Microsoft.MicrosoftOfficeHub_18.2008.12711.0_x64__8wekyb3d8bbwe\\\\\\\\LocalBridge.exe\\\\r\\\\nDetails: Binary Data\",\"Category\":\"Registry value set (rule: RegistryEvent)\",\"Opcode\":\"Info\",\"RuleName\":\"InvDB\",\"UtcTime\":\"2010-10-28 11:23:17.379\",\"ProcessGuid\":\"{34EA5B98-48E6-5F99-1600-000000000E00}\",\"Image\":\"C:\\\\\\\\Windows\\\\\\\\System32\\\\\\\\svchost.exe\",\"TargetObject\":\"HKU\\\\\\\\S-1-5-21-375581984-207109644-1491462053-1001\\\\\\\\Software\\\\\\\\Microsoft\\\\\\\\Windows NT\\\\\\\\CurrentVersion\\\\\\\\AppCompatFlags\\\\\\\\Compatibility Assistant\\\\\\\\Store\\\\\\\\C:\\\\\\\\Program Files\\\\\\\\WindowsApps\\\\\\\\Microsoft.MicrosoftOfficeHub_18.2008.12711.0_x64__8wekyb3d8bbwe\\\\\\\\LocalBridge.exe\",\"Details\":\"Binary Data\",\"EventReceivedTime\":\"2010-10-28 12:23:19\",\"SourceModuleName\":\"eventlog4\",\"SourceModuleType\":\"im_msvistalog\"}"
  },
  "expected": {
    "message": "{\"EventTime\":\"2010-10-28 12:23:17\",\"Hostname\":\"example.com\",\"Keywords\":-9223372036854775808,\"EventType\":\"INFO\",\"SeverityValue\":2,\"Severity\":\"INFO\",\"EventID\":13,\"SourceName\":\"Microsoft-Windows-Sysmon\",\"ProviderGuid\":\"{5770385F-C22A-43E0-BF4C-06F5698FFBD9}\",\"Version\":2,\"Task\":13,\"OpcodeValue\":0,\"RecordNumber\":34819,\"ProcessID\":1436,\"ThreadID\":2860,\"Channel\":\"Microsoft-Windows-Sysmon/Operational\",\"Domain\":\"example.com\",\"AccountName\":\"SYSTEM\",\"UserID\":\"S-1-5-18\",\"AccountType\":\"User\",\"Message\":\"Registry value set:\\\\r\\\\nRuleName: InvDB\\\\r\\\\nEventType: SetValue\\\\r\\\\nUtcTime: 2010-10-28 11:23:17.379\\\\r\\\\nProcessGuid: {34EA5B98-48E6-5F99-1600-000000000E00}\\\\r\\\\nProcessId: 1012\\\\r\\\\nImage: C:\\\\\\\\Windows\\\\\\\\System32\\\\\\\\svchost.exe\\\\r\\\\nTargetObject: HKU\\\\\\\\S-1-5-21-375581984-207109644-1491462053-1001\\\\\\\\Software\\\\\\\\Microsoft\\\\\\\\Windows NT\\\\\\\\CurrentVersion\\\\\\\\AppCompatFlags\\\\\\\\Compatibility Assistant\\\\\\\\Store\\\\\\\\C:\\\\\\\\Program Files\\\\\\\\WindowsApps\\\\\\\\Microsoft.MicrosoftOfficeHub_18.2008.12711.0_x64__8wekyb3d8bbwe\\\\\\\\LocalBridge.exe\\\\r\\\\nDetails: Binary Data\",\"Category\":\"Registry value set (rule: RegistryEvent)\",\"Opcode\":\"Info\",\"RuleName\":\"InvDB\",\"UtcTime\":\"2010-10-28 11:23:17.379\",\"ProcessGuid\":\"{34EA5B98-48E6-5F99-1600-000000000E00}\",\"Image\":\"C:\\\\\\\\Windows\\\\\\\\System32\\\\\\\\svchost.exe\",\"TargetObject\":\"HKU\\\\\\\\S-1-5-21-375581984-207109644-1491462053-1001\\\\\\\\Software\\\\\\\\Microsoft\\\\\\\\Windows NT\\\\\\\\CurrentVersion\\\\\\\\AppCompatFlags\\\\\\\\Compatibility Assistant\\\\\\\\Store\\\\\\\\C:\\\\\\\\Program Files\\\\\\\\WindowsApps\\\\\\\\Microsoft.MicrosoftOfficeHub_18.2008.12711.0_x64__8wekyb3d8bbwe\\\\\\\\LocalBridge.exe\",\"Details\":\"Binary Data\",\"EventReceivedTime\":\"2010-10-28 12:23:19\",\"SourceModuleName\":\"eventlog4\",\"SourceModuleType\":\"im_msvistalog\"}",
    "event": {
      "code": "13",
      "message": "Registry value set:\\r\\nRuleName: InvDB\\r\\nEventType: SetValue\\r\\nUtcTime: 2010-10-28 11:23:17.379\\r\\nProcessGuid: {34EA5B98-48E6-5F99-1600-000000000E00}\\r\\nProcessId: 1012\\r\\nImage: C:\\\\Windows\\\\System32\\\\svchost.exe\\r\\nTargetObject: HKU\\\\S-1-5-21-375581984-207109644-1491462053-1001\\\\Software\\\\Microsoft\\\\Windows NT\\\\CurrentVersion\\\\AppCompatFlags\\\\Compatibility Assistant\\\\Store\\\\C:\\\\Program Files\\\\WindowsApps\\\\Microsoft.MicrosoftOfficeHub_18.2008.12711.0_x64__8wekyb3d8bbwe\\\\LocalBridge.exe\\r\\nDetails: Binary Data",
      "provider": "Microsoft-Windows-Sysmon"
    },
    "@timestamp": "2010-10-28T11:23:17.379000Z",
    "action": {
      "id": 13,
      "name": "RegistryEvent (Value Set)",
      "properties": {
        "AccountName": "SYSTEM",
        "AccountType": "User",
        "Category": "Registry value set (rule: RegistryEvent)",
        "Details": "Binary Data",
        "Domain": "example.com",
        "EventType": "INFO",
        "Image": "C:\\\\Windows\\\\System32\\\\svchost.exe",
        "Keywords": "-9223372036854775808",
        "OpcodeValue": 0,
        "ProcessGuid": "{34EA5B98-48E6-5F99-1600-000000000E00}",
        "ProviderGuid": "{5770385F-C22A-43E0-BF4C-06F5698FFBD9}",
        "Severity": "INFO",
        "SourceName": "Microsoft-Windows-Sysmon",
        "TargetObject": "HKU\\\\S-1-5-21-375581984-207109644-1491462053-1001\\\\Software\\\\Microsoft\\\\Windows NT\\\\CurrentVersion\\\\AppCompatFlags\\\\Compatibility Assistant\\\\Store\\\\C:\\\\Program Files\\\\WindowsApps\\\\Microsoft.MicrosoftOfficeHub_18.2008.12711.0_x64__8wekyb3d8bbwe\\\\LocalBridge.exe",
        "Task": "13"
      },
      "record_id": 34819,
      "target": "registry",
      "type": "Microsoft-Windows-Sysmon/Operational"
    },
    "host": {
      "hostname": "example",
      "name": "example.com"
    },
    "log": {
      "hostname": "example.com",
      "level": "info"
    },
    "os": {
      "family": "windows",
      "platform": "windows"
    },
    "process": {
      "executable": "C:\\\\Windows\\\\System32\\\\svchost.exe",
      "id": 1436,
      "name": "svchost.exe",
      "pid": 1436,
      "thread": {
        "id": 2860
      },
      "working_directory": "C:\\\\Windows\\\\System32\\\\"
    },
    "registry": {
      "hive": "HKU",
      "key": "\\S-1-5-21-375581984-207109644-1491462053-1001\\\\Software\\\\Microsoft\\\\Windows NT\\\\CurrentVersion\\\\AppCompatFlags\\\\Compatibility Assistant\\\\Store\\\\C:\\\\Program Files\\\\WindowsApps\\\\Microsoft.MicrosoftOfficeHub_18.2008.12711.0_x64__8wekyb3d8bbwe\\",
      "path": "HKU\\\\S-1-5-21-375581984-207109644-1491462053-1001\\\\Software\\\\Microsoft\\\\Windows NT\\\\CurrentVersion\\\\AppCompatFlags\\\\Compatibility Assistant\\\\Store\\\\C:\\\\Program Files\\\\WindowsApps\\\\Microsoft.MicrosoftOfficeHub_18.2008.12711.0_x64__8wekyb3d8bbwe\\\\LocalBridge.exe",
      "value": "LocalBridge.exe"
    },
    "related": {
      "hosts": [
        "example"
      ],
      "user": [
        "SYSTEM"
      ]
    },
    "rule": {
      "name": "InvDB"
    },
    "user": {
      "domain": "example.com",
      "id": "S-1-5-18",
      "name": "SYSTEM"
    }
  }
}