{
  "input": {
    "message": "{\"EventTime\":\"2011-03-02 01:40:47\",\"Hostname\":\"host.example.com\",\"Keywords\":4611686018427387904,\"EventType\":\"WARNING\",\"SeverityValue\":3,\"Severity\":\"WARNING\",\"EventID\":61,\"SourceName\":\"Microsoft-Windows-Bits-Client\",\"ProviderGuid\":\"{EF1CC15B-46C1-414E-BB95-E76B077BD51E}\",\"Version\":1,\"Task\":0,\"OpcodeValue\":2,\"RecordNumber\":18732,\"ActivityID\":\"{5B327F5A-B797-4B7E-AB05-11A0E98A15AF}\",\"ProcessID\":5796,\"ThreadID\":12472,\"Channel\":\"Microsoft-Windows-Bits-Client/Operational\",\"Domain\":\"example.com\",\"AccountName\":\"user1\",\"UserID\":\"S-1-5-18\",\"AccountType\":\"User\",\"Message\":\"BITS a arr\\u00c3\\u00aat\\u00c3\\u00a9 la t\\u00c3\\u00a2che de transfert Font Download qui est associ\\u00c3\\u00a9e \\u00c3  l\\u00e2\\u20ac\\u2122URL https://fs.microsoft.com/fs/windows/config.json. Le code d\\u00e2\\u20ac\\u2122\\u00c3\\u00a9tat est 0x80072EE2.\",\"Opcode\":\"Arr\\u00c3\\u00aater\",\"transferId\":\"{5b327f5a-b797-4b7e-ab05-11a0e98a15af}\",\"name\":\"Font Download\",\"Id\":\"{895bd5ca-3d9e-4ea9-8965-8cbb9e2961dc}\",\"url\":\"https://example.com/\",\"hr\":\"2147954402\",\"fileTime\":\"1601-01-01T00:00:00.0000000Z\",\"fileLength\":\"18446744073709551615\",\"bytesTotal\":\"18446744073709551615\",\"bytesTransferred\":\"0\",\"peerProtocolFlags\":\"0\",\"bytesTransferredFromPeer\":\"0\",\"AdditionalInfoHr\":\"0\",\"PeerContextInfo\":\"0\",\"bandwidthLimit\":\"18446744073709551615\",\"ignoreBandwidthLimitsOnLan\":\"false\",\"EventReceivedTime\":\"2011-03-02 01:40:48\",\"SourceModuleName\":\"evtx_win\",\"SourceModuleType\":\"im_msvistalog\"}"
  },
  "expected": {
    "message": "{\"EventTime\":\"2011-03-02 01:40:47\",\"Hostname\":\"host.example.com\",\"Keywords\":4611686018427387904,\"EventType\":\"WARNING\",\"SeverityValue\":3,\"Severity\":\"WARNING\",\"EventID\":61,\"SourceName\":\"Microsoft-Windows-Bits-Client\",\"ProviderGuid\":\"{EF1CC15B-46C1-414E-BB95-E76B077BD51E}\",\"Version\":1,\"Task\":0,\"OpcodeValue\":2,\"RecordNumber\":18732,\"ActivityID\":\"{5B327F5A-B797-4B7E-AB05-11A0E98A15AF}\",\"ProcessID\":5796,\"ThreadID\":12472,\"Channel\":\"Microsoft-Windows-Bits-Client/Operational\",\"Domain\":\"example.com\",\"AccountName\":\"user1\",\"UserID\":\"S-1-5-18\",\"AccountType\":\"User\",\"Message\":\"BITS a arr\\u00c3\\u00aat\\u00c3\\u00a9 la t\\u00c3\\u00a2che de transfert Font Download qui est associ\\u00c3\\u00a9e \\u00c3  l\\u00e2\\u20ac\\u2122URL https://fs.microsoft.com/fs/windows/config.json. Le code d\\u00e2\\u20ac\\u2122\\u00c3\\u00a9tat est 0x80072EE2.\",\"Opcode\":\"Arr\\u00c3\\u00aater\",\"transferId\":\"{5b327f5a-b797-4b7e-ab05-11a0e98a15af}\",\"name\":\"Font Download\",\"Id\":\"{895bd5ca-3d9e-4ea9-8965-8cbb9e2961dc}\",\"url\":\"https://example.com/\",\"hr\":\"2147954402\",\"fileTime\":\"1601-01-01T00:00:00.0000000Z\",\"fileLength\":\"18446744073709551615\",\"bytesTotal\":\"18446744073709551615\",\"bytesTransferred\":\"0\",\"peerProtocolFlags\":\"0\",\"bytesTransferredFromPeer\":\"0\",\"AdditionalInfoHr\":\"0\",\"PeerContextInfo\":\"0\",\"bandwidthLimit\":\"18446744073709551615\",\"ignoreBandwidthLimitsOnLan\":\"false\",\"EventReceivedTime\":\"2011-03-02 01:40:48\",\"SourceModuleName\":\"evtx_win\",\"SourceModuleType\":\"im_msvistalog\"}",
    "event": {
      "code": "61",
      "message": "BITS a arr\u00c3\u00aat\u00c3\u00a9 la t\u00c3\u00a2che de transfert Font Download qui est associ\u00c3\u00a9e \u00c3  l\u00e2\u20ac\u2122URL https://fs.microsoft.com/fs/windows/config.json. Le code d\u00e2\u20ac\u2122\u00c3\u00a9tat est 0x80072EE2.",
      "provider": "Microsoft-Windows-Bits-Client"
    },
    "action": {
      "id": 61,
      "properties": {
        "AccountName": "user1",
        "AccountType": "User",
        "BytesTotal": 9223372036854775807,
        "Domain": "example.com",
        "EventType": "WARNING",
        "Id": "{895bd5ca-3d9e-4ea9-8965-8cbb9e2961dc}",
        "Keywords": "4611686018427387904",
        "OpcodeValue": 2,
        "ProviderGuid": "{EF1CC15B-46C1-414E-BB95-E76B077BD51E}",
        "Severity": "WARNING",
        "SourceName": "Microsoft-Windows-Bits-Client",
        "Task": 0,
        "bytesTransferred": "0"
      },
      "record_id": 18732,
      "type": "Microsoft-Windows-Bits-Client/Operational"
    },
    "destination": {
      "address": "example.com",
      "domain": "example.com",
      "size_in_char": 11
    },
    "file": {
      "name": "Font Download",
      "size": -1
    },
    "host": {
      "hostname": "host",
      "name": "host.example.com"
    },
    "log": {
      "hostname": "host.example.com",
      "level": "warning"
    },
    "os": {
      "family": "windows",
      "platform": "windows"
    },
    "process": {
      "id": 5796,
      "pid": 5796,
      "thread": {
        "id": 12472
      }
    },
    "related": {
      "hosts": [
        "example.com",
        "host"
      ],
      "user": [
        "user1"
      ]
    },
    "url": {
      "domain": "example.com",
      "full": "https://example.com/",
      "original": "https://example.com/",
      "path": "/",
      "port": 443,
      "registered_domain": "example.com",
      "scheme": "https",
      "top_level_domain": "com"
    },
    "user": {
      "domain": "example.com",
      "id": "S-1-5-18",
      "name": "user1"
    }
  }
}