{
  "input": {
    "message": "{\"EventTime\":\"2011-04-01 16:37:06\",\"Hostname\":\"host.foo.local\",\"Keywords\":-9214364837600034816,\"EventType\":\"AUDIT_SUCCESS\",\"SeverityValue\":2,\"Severity\":\"INFO\",\"EventID\":4702,\"SourceName\":\"Microsoft-Windows-Security-Auditing\",\"ProviderGuid\":\"{54849625-5478-4994-A5BA-3E3B0328C30D}\",\"Version\":0,\"Task\":12804,\"OpcodeValue\":0,\"RecordNumber\":393771,\"ActivityID\":\"{13AB68AE-1C3D-0000-296A-AB133D1CD701}\",\"ProcessID\":608,\"ThreadID\":244,\"Channel\":\"Security\",\"Message\":\"Une t\u00e2che planifi\u00e9e a \u00e9t\u00e9 mise \u00e0 jour.\\r\\n\\r\\nObjet :\\r\\n\\tID de s\u00e9curit\u00e9 :\\t\\tS-1-5-18\\r\\n\\tNom de compte :\\t\\tSEKADWV01$\\r\\n\\tDomaine du compte :\\t\\tSEKOPOC\\r\\n\\tID d\u2019ouverture de session :\\t\\t0x3E7\\r\\n\\r\\nInformations sur la t\u00e2che :\\r\\n\\tNom de la t\u00e2che : \\t\\t\\\\Microsoft\\\\Windows\\\\UpdateOrchestrator\\\\Backup Scan\\r\\n\\tNouveau contenu de la t\u00e2che : \\t\\t<?xml version=\\\"1.0\\\" encoding=\\\"UTF-16\\\"?>\\r\\n<Task version=\\\"1.2\\\" xmlns=\\\"http://schemas.microsoft.com/windows/2004/02/mit/task\\\">\\r\\n  <RegistrationInfo>\\r\\n    <URI>\\\\Microsoft\\\\Windows\\\\UpdateOrchestrator\\\\Backup Scan</URI>\\r\\n  </RegistrationInfo>\\r\\n  <Triggers>\\r\\n    <TimeTrigger>\\r\\n      <StartBoundary>2011-04-15T14:37:06.282Z</StartBoundary>\\r\\n      <Enabled>true</Enabled>\\r\\n    </TimeTrigger>\\r\\n  </Triggers>\\r\\n  <Settings>\\r\\n    <MultipleInstancesPolicy>IgnoreNew</MultipleInstancesPolicy>\\r\\n    <DisallowStartIfOnBatteries>false</DisallowStartIfOnBatteries>\\r\\n    <StopIfGoingOnBatteries>false</StopIfGoingOnBatteries>\\r\\n    <AllowHardTerminate>true</AllowHardTerminate>\\r\\n    <StartWhenAvailable>true</StartWhenAvailable>\\r\\n    <RunOnlyIfNetworkAvailable>false</RunOnlyIfNetworkAvailable>\\r\\n    <IdleSettings>\\r\\n      <Duration>PT10M</Duration>\\r\\n      <WaitTimeout>PT1H</WaitTimeout>\\r\\n      <StopOnIdleEnd>true</StopOnIdleEnd>\\r\\n      <RestartOnIdle>false</RestartOnIdle>\\r\\n    </IdleSettings>\\r\\n    <AllowStartOnDemand>true</AllowStartOnDemand>\\r\\n    <Enabled>true</Enabled>\\r\\n    <Hidden>false</Hidden>\\r\\n    <RunOnlyIfIdle>false</RunOnlyIfIdle>\\r\\n    <WakeToRun>true</WakeToRun>\\r\\n    <ExecutionTimeLimit>PT72H</ExecutionTimeLimit>\\r\\n    <Priority>7</Priority>\\r\\n  </Settings>\\r\\n  <Actions Context=\\\"Author\\\">\\r\\n    <Exec>\\r\\n      <Command>%systemroot%\\\\system32\\\\usoclient.exe</Command>\\r\\n      <Arguments>StartScan</Arguments>\\r\\n    </Exec>\\r\\n  </Actions>\\r\\n  <Principals>\\r\\n    <Principal id=\\\"Author\\\">\\r\\n      <UserId>S-1-5-18</UserId>\\r\\n      <RunLevel>LeastPrivilege</RunLevel>\\r\\n    </Principal>\\r\\n  </Principals>\\r\\n</Task>\\r\\n\\t\",\"Category\":\"Other Object Access Events\",\"Opcode\":\"Informations\",\"SubjectUserSid\":\"S-1-5-18\",\"SubjectUserName\":\"SEKADWV01$\",\"SubjectDomainName\":\"SEKOPOC\",\"SubjectLogonId\":\"0x3e7\",\"TaskName\":\"\\\\Microsoft\\\\Windows\\\\UpdateOrchestrator\\\\Backup Scan\",\"TaskContentNew\":\"&lt;?xml version=\\\"1.0\\\" encoding=\\\"UTF-16\\\"?&gt;\\r\\n&lt;Task version=\\\"1.2\\\" xmlns=\\\"http://schemas.microsoft.com/windows/2004/02/mit/task\\\"&gt;\\r\\n  &lt;RegistrationInfo&gt;\\r\\n    &lt;URI&gt;\\\\Microsoft\\\\Windows\\\\UpdateOrchestrator\\\\Backup Scan&lt;/URI&gt;\\r\\n  &lt;/RegistrationInfo&gt;\\r\\n  &lt;Triggers&gt;\\r\\n    &lt;TimeTrigger&gt;\\r\\n      &lt;StartBoundary&gt;2011-04-15T14:37:06.282Z&lt;/StartBoundary&gt;\\r\\n      &lt;Enabled&gt;true&lt;/Enabled&gt;\\r\\n    &lt;/TimeTrigger&gt;\\r\\n  &lt;/Triggers&gt;\\r\\n  &lt;Settings&gt;\\r\\n    &lt;MultipleInstancesPolicy&gt;IgnoreNew&lt;/MultipleInstancesPolicy&gt;\\r\\n    &lt;DisallowStartIfOnBatteries&gt;false&lt;/DisallowStartIfOnBatteries&gt;\\r\\n    &lt;StopIfGoingOnBatteries&gt;false&lt;/StopIfGoingOnBatteries&gt;\\r\\n    &lt;AllowHardTerminate&gt;true&lt;/AllowHardTerminate&gt;\\r\\n    &lt;StartWhenAvailable&gt;true&lt;/StartWhenAvailable&gt;\\r\\n    &lt;RunOnlyIfNetworkAvailable&gt;false&lt;/RunOnlyIfNetworkAvailable&gt;\\r\\n    &lt;IdleSettings&gt;\\r\\n      &lt;Duration&gt;PT10M&lt;/Duration&gt;\\r\\n      &lt;WaitTimeout&gt;PT1H&lt;/WaitTimeout&gt;\\r\\n      &lt;StopOnIdleEnd&gt;true&lt;/StopOnIdleEnd&gt;\\r\\n      &lt;RestartOnIdle&gt;false&lt;/RestartOnIdle&gt;\\r\\n    &lt;/IdleSettings&gt;\\r\\n    &lt;AllowStartOnDemand&gt;true&lt;/AllowStartOnDemand&gt;\\r\\n    &lt;Enabled&gt;true&lt;/Enabled&gt;\\r\\n    &lt;Hidden&gt;false&lt;/Hidden&gt;\\r\\n    &lt;RunOnlyIfIdle&gt;false&lt;/RunOnlyIfIdle&gt;\\r\\n    &lt;WakeToRun&gt;true&lt;/WakeToRun&gt;\\r\\n    &lt;ExecutionTimeLimit&gt;PT72H&lt;/ExecutionTimeLimit&gt;\\r\\n    &lt;Priority&gt;7&lt;/Priority&gt;\\r\\n  &lt;/Settings&gt;\\r\\n  &lt;Actions Context=\\\"Author\\\"&gt;\\r\\n    &lt;Exec&gt;\\r\\n      &lt;Command&gt;%systemroot%\\\\system32\\\\usoclient.exe&lt;/Command&gt;\\r\\n      &lt;Arguments&gt;StartScan&lt;/Arguments&gt;\\r\\n    &lt;/Exec&gt;\\r\\n  &lt;/Actions&gt;\\r\\n  &lt;Principals&gt;\\r\\n    &lt;Principal id=\\\"Author\\\"&gt;\\r\\n      &lt;UserId&gt;S-1-5-18&lt;/UserId&gt;\\r\\n      &lt;RunLevel&gt;LeastPrivilege&lt;/RunLevel&gt;\\r\\n    &lt;/Principal&gt;\\r\\n  &lt;/Principals&gt;\\r\\n&lt;/Task&gt;\",\"EventReceivedTime\":\"2011-04-01 16:37:08\",\"SourceModuleName\":\"eventlog3\",\"SourceModuleType\":\"im_msvistalog\"}"
  },
  "expected": {
    "message": "{\"EventTime\":\"2011-04-01 16:37:06\",\"Hostname\":\"host.foo.local\",\"Keywords\":-9214364837600034816,\"EventType\":\"AUDIT_SUCCESS\",\"SeverityValue\":2,\"Severity\":\"INFO\",\"EventID\":4702,\"SourceName\":\"Microsoft-Windows-Security-Auditing\",\"ProviderGuid\":\"{54849625-5478-4994-A5BA-3E3B0328C30D}\",\"Version\":0,\"Task\":12804,\"OpcodeValue\":0,\"RecordNumber\":393771,\"ActivityID\":\"{13AB68AE-1C3D-0000-296A-AB133D1CD701}\",\"ProcessID\":608,\"ThreadID\":244,\"Channel\":\"Security\",\"Message\":\"Une t\u00e2che planifi\u00e9e a \u00e9t\u00e9 mise \u00e0 jour.\\r\\n\\r\\nObjet :\\r\\n\\tID de s\u00e9curit\u00e9 :\\t\\tS-1-5-18\\r\\n\\tNom de compte :\\t\\tSEKADWV01$\\r\\n\\tDomaine du compte :\\t\\tSEKOPOC\\r\\n\\tID d\u2019ouverture de session :\\t\\t0x3E7\\r\\n\\r\\nInformations sur la t\u00e2che :\\r\\n\\tNom de la t\u00e2che : \\t\\t\\\\Microsoft\\\\Windows\\\\UpdateOrchestrator\\\\Backup Scan\\r\\n\\tNouveau contenu de la t\u00e2che : \\t\\t<?xml version=\\\"1.0\\\" encoding=\\\"UTF-16\\\"?>\\r\\n<Task version=\\\"1.2\\\" xmlns=\\\"http://schemas.microsoft.com/windows/2004/02/mit/task\\\">\\r\\n  <RegistrationInfo>\\r\\n    <URI>\\\\Microsoft\\\\Windows\\\\UpdateOrchestrator\\\\Backup Scan</URI>\\r\\n  </RegistrationInfo>\\r\\n  <Triggers>\\r\\n    <TimeTrigger>\\r\\n      <StartBoundary>2011-04-15T14:37:06.282Z</StartBoundary>\\r\\n      <Enabled>true</Enabled>\\r\\n    </TimeTrigger>\\r\\n  </Triggers>\\r\\n  <Settings>\\r\\n    <MultipleInstancesPolicy>IgnoreNew</MultipleInstancesPolicy>\\r\\n    <DisallowStartIfOnBatteries>false</DisallowStartIfOnBatteries>\\r\\n    <StopIfGoingOnBatteries>false</StopIfGoingOnBatteries>\\r\\n    <AllowHardTerminate>true</AllowHardTerminate>\\r\\n    <StartWhenAvailable>true</StartWhenAvailable>\\r\\n    <RunOnlyIfNetworkAvailable>false</RunOnlyIfNetworkAvailable>\\r\\n    <IdleSettings>\\r\\n      <Duration>PT10M</Duration>\\r\\n      <WaitTimeout>PT1H</WaitTimeout>\\r\\n      <StopOnIdleEnd>true</StopOnIdleEnd>\\r\\n      <RestartOnIdle>false</RestartOnIdle>\\r\\n    </IdleSettings>\\r\\n    <AllowStartOnDemand>true</AllowStartOnDemand>\\r\\n    <Enabled>true</Enabled>\\r\\n    <Hidden>false</Hidden>\\r\\n    <RunOnlyIfIdle>false</RunOnlyIfIdle>\\r\\n    <WakeToRun>true</WakeToRun>\\r\\n    <ExecutionTimeLimit>PT72H</ExecutionTimeLimit>\\r\\n    <Priority>7</Priority>\\r\\n  </Settings>\\r\\n  <Actions Context=\\\"Author\\\">\\r\\n    <Exec>\\r\\n      <Command>%systemroot%\\\\system32\\\\usoclient.exe</Command>\\r\\n      <Arguments>StartScan</Arguments>\\r\\n    </Exec>\\r\\n  </Actions>\\r\\n  <Principals>\\r\\n    <Principal id=\\\"Author\\\">\\r\\n      <UserId>S-1-5-18</UserId>\\r\\n      <RunLevel>LeastPrivilege</RunLevel>\\r\\n    </Principal>\\r\\n  </Principals>\\r\\n</Task>\\r\\n\\t\",\"Category\":\"Other Object Access Events\",\"Opcode\":\"Informations\",\"SubjectUserSid\":\"S-1-5-18\",\"SubjectUserName\":\"SEKADWV01$\",\"SubjectDomainName\":\"SEKOPOC\",\"SubjectLogonId\":\"0x3e7\",\"TaskName\":\"\\\\Microsoft\\\\Windows\\\\UpdateOrchestrator\\\\Backup Scan\",\"TaskContentNew\":\"&lt;?xml version=\\\"1.0\\\" encoding=\\\"UTF-16\\\"?&gt;\\r\\n&lt;Task version=\\\"1.2\\\" xmlns=\\\"http://schemas.microsoft.com/windows/2004/02/mit/task\\\"&gt;\\r\\n  &lt;RegistrationInfo&gt;\\r\\n    &lt;URI&gt;\\\\Microsoft\\\\Windows\\\\UpdateOrchestrator\\\\Backup Scan&lt;/URI&gt;\\r\\n  &lt;/RegistrationInfo&gt;\\r\\n  &lt;Triggers&gt;\\r\\n    &lt;TimeTrigger&gt;\\r\\n      &lt;StartBoundary&gt;2011-04-15T14:37:06.282Z&lt;/StartBoundary&gt;\\r\\n      &lt;Enabled&gt;true&lt;/Enabled&gt;\\r\\n    &lt;/TimeTrigger&gt;\\r\\n  &lt;/Triggers&gt;\\r\\n  &lt;Settings&gt;\\r\\n    &lt;MultipleInstancesPolicy&gt;IgnoreNew&lt;/MultipleInstancesPolicy&gt;\\r\\n    &lt;DisallowStartIfOnBatteries&gt;false&lt;/DisallowStartIfOnBatteries&gt;\\r\\n    &lt;StopIfGoingOnBatteries&gt;false&lt;/StopIfGoingOnBatteries&gt;\\r\\n    &lt;AllowHardTerminate&gt;true&lt;/AllowHardTerminate&gt;\\r\\n    &lt;StartWhenAvailable&gt;true&lt;/StartWhenAvailable&gt;\\r\\n    &lt;RunOnlyIfNetworkAvailable&gt;false&lt;/RunOnlyIfNetworkAvailable&gt;\\r\\n    &lt;IdleSettings&gt;\\r\\n      &lt;Duration&gt;PT10M&lt;/Duration&gt;\\r\\n      &lt;WaitTimeout&gt;PT1H&lt;/WaitTimeout&gt;\\r\\n      &lt;StopOnIdleEnd&gt;true&lt;/StopOnIdleEnd&gt;\\r\\n      &lt;RestartOnIdle&gt;false&lt;/RestartOnIdle&gt;\\r\\n    &lt;/IdleSettings&gt;\\r\\n    &lt;AllowStartOnDemand&gt;true&lt;/AllowStartOnDemand&gt;\\r\\n    &lt;Enabled&gt;true&lt;/Enabled&gt;\\r\\n    &lt;Hidden&gt;false&lt;/Hidden&gt;\\r\\n    &lt;RunOnlyIfIdle&gt;false&lt;/RunOnlyIfIdle&gt;\\r\\n    &lt;WakeToRun&gt;true&lt;/WakeToRun&gt;\\r\\n    &lt;ExecutionTimeLimit&gt;PT72H&lt;/ExecutionTimeLimit&gt;\\r\\n    &lt;Priority&gt;7&lt;/Priority&gt;\\r\\n  &lt;/Settings&gt;\\r\\n  &lt;Actions Context=\\\"Author\\\"&gt;\\r\\n    &lt;Exec&gt;\\r\\n      &lt;Command&gt;%systemroot%\\\\system32\\\\usoclient.exe&lt;/Command&gt;\\r\\n      &lt;Arguments&gt;StartScan&lt;/Arguments&gt;\\r\\n    &lt;/Exec&gt;\\r\\n  &lt;/Actions&gt;\\r\\n  &lt;Principals&gt;\\r\\n    &lt;Principal id=\\\"Author\\\"&gt;\\r\\n      &lt;UserId&gt;S-1-5-18&lt;/UserId&gt;\\r\\n      &lt;RunLevel&gt;LeastPrivilege&lt;/RunLevel&gt;\\r\\n    &lt;/Principal&gt;\\r\\n  &lt;/Principals&gt;\\r\\n&lt;/Task&gt;\",\"EventReceivedTime\":\"2011-04-01 16:37:08\",\"SourceModuleName\":\"eventlog3\",\"SourceModuleType\":\"im_msvistalog\"}",
    "event": {
      "code": "4702",
      "message": "Une t\u00e2che planifi\u00e9e a \u00e9t\u00e9 mise \u00e0 jour.\r\n\r\nObjet :\r\n\tID de s\u00e9curit\u00e9 :\t\tS-1-5-18\r\n\tNom de compte :\t\tSEKADWV01$\r\n\tDomaine du compte :\t\tSEKOPOC\r\n\tID d\u2019ouverture de session :\t\t0x3E7\r\n\r\nInformations sur la t\u00e2che :\r\n\tNom de la t\u00e2che : \t\t\\Microsoft\\Windows\\UpdateOrchestrator\\Backup Scan\r\n\tNouveau contenu de la t\u00e2che : \t\t<?xml version=\"1.0\" encoding=\"UTF-16\"?>\r\n<Task version=\"1.2\" xmlns=\"http://schemas.microsoft.com/windows/2004/02/mit/task\">\r\n  <RegistrationInfo>\r\n    <URI>\\Microsoft\\Windows\\UpdateOrchestrator\\Backup Scan</URI>\r\n  </RegistrationInfo>\r\n  <Triggers>\r\n    <TimeTrigger>\r\n      <StartBoundary>2011-04-15T14:37:06.282Z</StartBoundary>\r\n      <Enabled>true</Enabled>\r\n    </TimeTrigger>\r\n  </Triggers>\r\n  <Settings>\r\n    <MultipleInstancesPolicy>IgnoreNew</MultipleInstancesPolicy>\r\n    <DisallowStartIfOnBatteries>false</DisallowStartIfOnBatteries>\r\n    <StopIfGoingOnBatteries>false</StopIfGoingOnBatteries>\r\n    <AllowHardTerminate>true</AllowHardTerminate>\r\n    <StartWhenAvailable>true</StartWhenAvailable>\r\n    <RunOnlyIfNetworkAvailable>false</RunOnlyIfNetworkAvailable>\r\n    <IdleSettings>\r\n      <Duration>PT10M</Duration>\r\n      <WaitTimeout>PT1H</WaitTimeout>\r\n      <StopOnIdleEnd>true</StopOnIdleEnd>\r\n      <RestartOnIdle>false</RestartOnIdle>\r\n    </IdleSettings>\r\n    <AllowStartOnDemand>true</AllowStartOnDemand>\r\n    <Enabled>true</Enabled>\r\n    <Hidden>false</Hidden>\r\n    <RunOnlyIfIdle>false</RunOnlyIfIdle>\r\n    <WakeToRun>true</WakeToRun>\r\n    <ExecutionTimeLimit>PT72H</ExecutionTimeLimit>\r\n    <Priority>7</Priority>\r\n  </Settings>\r\n  <Actions Context=\"Author\">\r\n    <Exec>\r\n      <Command>%systemroot%\\system32\\usoclient.exe</Command>\r\n      <Arguments>StartScan</Arguments>\r\n    </Exec>\r\n  </Actions>\r\n  <Principals>\r\n    <Principal id=\"Author\">\r\n      <UserId>S-1-5-18</UserId>\r\n      <RunLevel>LeastPrivilege</RunLevel>\r\n    </Principal>\r\n  </Principals>\r\n</Task>\r\n\t",
      "outcome": "success",
      "provider": "Microsoft-Windows-Security-Auditing"
    },
    "action": {
      "id": 4702,
      "name": "A scheduled task was updated",
      "outcome": "success",
      "properties": {
        "Category": "Other Object Access Events",
        "EventType": "AUDIT_SUCCESS",
        "Keywords": "-9214364837600034816",
        "OpcodeValue": 0,
        "ProviderGuid": "{54849625-5478-4994-A5BA-3E3B0328C30D}",
        "Severity": "INFO",
        "SourceName": "Microsoft-Windows-Security-Auditing",
        "SubjectDomainName": "SEKOPOC",
        "SubjectLogonId": "0x3e7",
        "SubjectUserName": "SEKADWV01$",
        "SubjectUserSid": "S-1-5-18",
        "Task": 12804,
        "TaskContentNew": "&lt;?xml version=\"1.0\" encoding=\"UTF-16\"?&gt;\r\n&lt;Task version=\"1.2\" xmlns=\"http://schemas.microsoft.com/windows/2004/02/mit/task\"&gt;\r\n  &lt;RegistrationInfo&gt;\r\n    &lt;URI&gt;\\Microsoft\\Windows\\UpdateOrchestrator\\Backup Scan&lt;/URI&gt;\r\n  &lt;/RegistrationInfo&gt;\r\n  &lt;Triggers&gt;\r\n    &lt;TimeTrigger&gt;\r\n      &lt;StartBoundary&gt;2011-04-15T14:37:06.282Z&lt;/StartBoundary&gt;\r\n      &lt;Enabled&gt;true&lt;/Enabled&gt;\r\n    &lt;/TimeTrigger&gt;\r\n  &lt;/Triggers&gt;\r\n  &lt;Settings&gt;\r\n    &lt;MultipleInstancesPolicy&gt;IgnoreNew&lt;/MultipleInstancesPolicy&gt;\r\n    &lt;DisallowStartIfOnBatteries&gt;false&lt;/DisallowStartIfOnBatteries&gt;\r\n    &lt;StopIfGoingOnBatteries&gt;false&lt;/StopIfGoingOnBatteries&gt;\r\n    &lt;AllowHardTerminate&gt;true&lt;/AllowHardTerminate&gt;\r\n    &lt;StartWhenAvailable&gt;true&lt;/StartWhenAvailable&gt;\r\n    &lt;RunOnlyIfNetworkAvailable&gt;false&lt;/RunOnlyIfNetworkAvailable&gt;\r\n    &lt;IdleSettings&gt;\r\n      &lt;Duration&gt;PT10M&lt;/Duration&gt;\r\n      &lt;WaitTimeout&gt;PT1H&lt;/WaitTimeout&gt;\r\n      &lt;StopOnIdleEnd&gt;true&lt;/StopOnIdleEnd&gt;\r\n      &lt;RestartOnIdle&gt;false&lt;/RestartOnIdle&gt;\r\n    &lt;/IdleSettings&gt;\r\n    &lt;AllowStartOnDemand&gt;true&lt;/AllowStartOnDemand&gt;\r\n    &lt;Enabled&gt;true&lt;/Enabled&gt;\r\n    &lt;Hidden&gt;false&lt;/Hidden&gt;\r\n    &lt;RunOnlyIfIdle&gt;false&lt;/RunOnlyIfIdle&gt;\r\n    &lt;WakeToRun&gt;true&lt;/WakeToRun&gt;\r\n    &lt;ExecutionTimeLimit&gt;PT72H&lt;/ExecutionTimeLimit&gt;\r\n    &lt;Priority&gt;7&lt;/Priority&gt;\r\n  &lt;/Settings&gt;\r\n  &lt;Actions Context=\"Author\"&gt;\r\n    &lt;Exec&gt;\r\n      &lt;Command&gt;%systemroot%\\system32\\usoclient.exe&lt;/Command&gt;\r\n      &lt;Arguments&gt;StartScan&lt;/Arguments&gt;\r\n    &lt;/Exec&gt;\r\n  &lt;/Actions&gt;\r\n  &lt;Principals&gt;\r\n    &lt;Principal id=\"Author\"&gt;\r\n      &lt;UserId&gt;S-1-5-18&lt;/UserId&gt;\r\n      &lt;RunLevel&gt;LeastPrivilege&lt;/RunLevel&gt;\r\n    &lt;/Principal&gt;\r\n  &lt;/Principals&gt;\r\n&lt;/Task&gt;",
        "TaskContentNew_Args": "StartScan",
        "TaskContentNew_Command": "%systemroot%\\system32\\usoclient.exe",
        "TaskName": "\\Microsoft\\Windows\\UpdateOrchestrator\\Backup Scan"
      },
      "record_id": 393771,
      "type": "Security"
    },
    "host": {
      "hostname": "host.foo.local",
      "name": "host.foo.local"
    },
    "log": {
      "hostname": "host.foo.local",
      "level": "info"
    },
    "os": {
      "family": "windows",
      "platform": "windows"
    },
    "process": {
      "id": 608,
      "pid": 608,
      "thread": {
        "id": 244
      }
    },
    "related": {
      "hosts": [
        "host.foo.local"
      ],
      "user": [
        "SEKADWV01$"
      ]
    },
    "user": {
      "domain": "SEKOPOC",
      "id": "S-1-5-18",
      "name": "SEKADWV01$"
    }
  }
}