{
  "input": {
    "message": "{\"EventTime\":\"2025-07-28 11:49:00\",\"Hostname\":\"example.com\",\"Keywords\":-9214364837600034816,\"EventType\":\"AUDIT_SUCCESS\",\"SeverityValue\":2,\"Severity\":\"INFO\",\"EventID\":4887,\"SourceName\":\"Microsoft-Windows-Security-Auditing\",\"ProviderGuid\":\"{54849625-5478-4994-A5BA-3E3B0328C30D}\",\"Version\":0,\"Task\":12805,\"OpcodeValue\":0,\"RecordNumber\":7753830,\"ActivityID\":\"{0CD7F170-3FC8-4073-BC03-C413F1768F80}\",\"ProcessID\":648,\"ThreadID\":3084,\"Channel\":\"Security\",\"Message\":\"Les services de certificats ont approuv\\u00e9 une demande de certificat et \\u00e9mis un certificat.\\r\\n\\t\\r\\nID de la demande\\u00a0:\\t2089\\r\\nDemandeur\\u00a0:\\thost.example.com\\\\User1\\r\\nAttributs\\u00a0:\\t\\ncdc:user01.intra.company.net\\nrmd:USER02.intra.company.net\\n\\nccm:USER02.intra.company.net\\r\\nDisposition\\u00a0:\\t3\\r\\nSKI\\u00a0:\\t\\t01 02 03 04 05 06 07 08 09 10 11 12 13 14 15 16 17 18 19 20\\r\\nSujet\\u00a0:\\tCN=USER02, OU=Std, OU=Pdt_Win11, OU=Company, DC=intra, DC=company, DC=net\",\"Category\":\"Certification Services\",\"Opcode\":\"Informations\",\"RequestId\":\"2089\",\"Requester\":\"host.example.com\\\\User1\",\"Attributes\":\"\\ncdc:user01.intra.company.net\\nrmd:USER02.intra.company.net\\n\\nccm:USER02.intra.company.net\",\"Disposition\":\"3\",\"SubjectKeyIdentifier\":\"01 02 03 04 05 06 07 08 09 10 11 12 13 14 15 16 17 18 19 20\",\"Subject\":\"CN=USER02, OU=Std, OU=Pdt_Win11, OU=Company, DC=intra, DC=company, DC=net\",\"EventReceivedTime\":\"2025-07-28 11:48:50\",\"SourceModuleName\":\"eventlog41\",\"SourceModuleType\":\"im_msvistalog\"}",
    "sekoiaio": {
      "intake": {
        "dialect": "Windows",
        "dialect_uuid": "9281438c-f7c3-4001-9bcc-45fd108ba1be"
      }
    }
  },
  "expected": {
    "message": "{\"EventTime\":\"2025-07-28 11:49:00\",\"Hostname\":\"example.com\",\"Keywords\":-9214364837600034816,\"EventType\":\"AUDIT_SUCCESS\",\"SeverityValue\":2,\"Severity\":\"INFO\",\"EventID\":4887,\"SourceName\":\"Microsoft-Windows-Security-Auditing\",\"ProviderGuid\":\"{54849625-5478-4994-A5BA-3E3B0328C30D}\",\"Version\":0,\"Task\":12805,\"OpcodeValue\":0,\"RecordNumber\":7753830,\"ActivityID\":\"{0CD7F170-3FC8-4073-BC03-C413F1768F80}\",\"ProcessID\":648,\"ThreadID\":3084,\"Channel\":\"Security\",\"Message\":\"Les services de certificats ont approuv\\u00e9 une demande de certificat et \\u00e9mis un certificat.\\r\\n\\t\\r\\nID de la demande\\u00a0:\\t2089\\r\\nDemandeur\\u00a0:\\thost.example.com\\\\User1\\r\\nAttributs\\u00a0:\\t\\ncdc:user01.intra.company.net\\nrmd:USER02.intra.company.net\\n\\nccm:USER02.intra.company.net\\r\\nDisposition\\u00a0:\\t3\\r\\nSKI\\u00a0:\\t\\t01 02 03 04 05 06 07 08 09 10 11 12 13 14 15 16 17 18 19 20\\r\\nSujet\\u00a0:\\tCN=USER02, OU=Std, OU=Pdt_Win11, OU=Company, DC=intra, DC=company, DC=net\",\"Category\":\"Certification Services\",\"Opcode\":\"Informations\",\"RequestId\":\"2089\",\"Requester\":\"host.example.com\\\\User1\",\"Attributes\":\"\\ncdc:user01.intra.company.net\\nrmd:USER02.intra.company.net\\n\\nccm:USER02.intra.company.net\",\"Disposition\":\"3\",\"SubjectKeyIdentifier\":\"01 02 03 04 05 06 07 08 09 10 11 12 13 14 15 16 17 18 19 20\",\"Subject\":\"CN=USER02, OU=Std, OU=Pdt_Win11, OU=Company, DC=intra, DC=company, DC=net\",\"EventReceivedTime\":\"2025-07-28 11:48:50\",\"SourceModuleName\":\"eventlog41\",\"SourceModuleType\":\"im_msvistalog\"}",
    "event": {
      "code": "4887",
      "message": "Les services de certificats ont approuv\u00e9 une demande de certificat et \u00e9mis un certificat.\r\n\t\r\nID de la demande\u00a0:\t2089\r\nDemandeur\u00a0:\thost.example.com\\User1\r\nAttributs\u00a0:\t\ncdc:user01.intra.company.net\nrmd:USER02.intra.company.net\n\nccm:USER02.intra.company.net\r\nDisposition\u00a0:\t3\r\nSKI\u00a0:\t\t01 02 03 04 05 06 07 08 09 10 11 12 13 14 15 16 17 18 19 20\r\nSujet\u00a0:\tCN=USER02, OU=Std, OU=Pdt_Win11, OU=Company, DC=intra, DC=company, DC=net",
      "outcome": "success",
      "provider": "Microsoft-Windows-Security-Auditing"
    },
    "action": {
      "id": 4887,
      "name": "Certificate Services approved a certificate request and issued a certificate",
      "outcome": "success",
      "properties": {
        "Attributes": "\ncdc:user01.intra.company.net\nrmd:USER02.intra.company.net\n\nccm:USER02.intra.company.net",
        "Category": "Certification Services",
        "EventType": "AUDIT_SUCCESS",
        "Keywords": "-9214364837600034816",
        "OpcodeValue": 0,
        "ProviderGuid": "{54849625-5478-4994-A5BA-3E3B0328C30D}",
        "Requester": "host.example.com\\User1",
        "Severity": "INFO",
        "SourceName": "Microsoft-Windows-Security-Auditing",
        "Subject": "CN=USER02, OU=Std, OU=Pdt_Win11, OU=Company, DC=intra, DC=company, DC=net",
        "Task": 12805
      },
      "record_id": 7753830,
      "type": "Security"
    },
    "host": {
      "hostname": "example",
      "name": "example.com"
    },
    "log": {
      "hostname": "example.com",
      "level": "info"
    },
    "os": {
      "family": "windows",
      "platform": "windows"
    },
    "process": {
      "id": 648,
      "pid": 648,
      "thread": {
        "id": 3084
      }
    },
    "related": {
      "hosts": [
        "example"
      ],
      "user": [
        "User1"
      ]
    },
    "user": {
      "domain": "host.example.com",
      "name": "User1"
    }
  }
}