{
  "input": {
    "message": "{\"EventTime\":\"2011-03-20 11:19:20\",\"Hostname\":\"host.example.com.corp.net\",\"Keywords\":-9223372036854775808,\"EventType\":\"INFO\",\"SeverityValue\":2,\"Severity\":\"INFO\",\"EventID\":1,\"SourceName\":\"Microsoft-Windows-Sysmon\",\"ProviderGuid\":\"{5770385F-C22A-43E0-BF4C-06F5698FFBD9}\",\"Version\":5,\"Task\":1,\"OpcodeValue\":0,\"RecordNumber\":129451,\"ProcessID\":5044,\"ThreadID\":7472,\"Channel\":\"Microsoft-Windows-Sysmon/Operational\",\"Domain\":\"example.com\",\"AccountName\":\"Syst\\u00e8me\",\"UserID\":\"S-1-5-18\",\"AccountType\":\"User\",\"Message\":\"Process Create:\\r\\nRuleName: -\\r\\nUtcTime: 2011-03-20 10:19:20.872\\r\\nProcessGuid: {9beb284d-cc28-6055-3602-000000004900}\\r\\nProcessId: 2016\\r\\nImage: C:\\\\Program Files (x86)\\\\Interact\\\\Bin\\\\IAComClient.exe\\r\\nFileVersion: 1.1.1.1\\r\\nDescription: Application IAComClient\\r\\nProduct: Interact\\r\\nCompany: Interact Software\\r\\nOriginalFileName: IAComClient\\r\\nCommandLine: \\\"C:\\\\Program Files (x86)\\\\Interact\\\\Bin\\\\IAComClient.exe\\\"\\r\\nCurrentDirectory: C:\\\\WINDOWS\\\\system32\\\\\\r\\nUser: host.example.com\\\\Syst\\u00c3\\u00a8me\\r\\nLogonGuid: {9beb284d-c684-6055-e703-000000000000}\\r\\nLogonId: 0x3E7\\r\\nTerminalSessionId: 0\\r\\nIntegrityLevel: System\\r\\nHashes: MD5=6E2ED6BD7A43497C351551D04AEB6444,SHA256=E721BD7242E4571CDBC7729F54118ABAA806FA309059F21F09829B5275C1A751,IMPHASH=5EB894B14A9A429F917FA1E528B4E86B\\r\\nParentProcessGuid: {9beb284d-c689-6055-6900-000000004900}\\r\\nParentProcessId: 4756\\r\\nParentImage: C:\\\\Program Files (x86)\\\\Interact\\\\Bin\\\\IAManager.exe\\r\\nParentCommandLine: \\\"C:\\\\Program Files (x86)\\\\Interact\\\\Bin\\\\IAManager.exe\\\"\",\"Category\":\"Process Create (rule: ProcessCreate)\",\"Opcode\":\"Informations\",\"RuleName\":\"-\",\"UtcTime\":\"2011-03-20 10:19:20.872\",\"ProcessGuid\":\"{9beb284d-cc28-6055-3602-000000004900}\",\"Image\":\"C:\\\\Program Files (x86)\\\\Interact\\\\Bin\\\\IAComClient.exe\",\"FileVersion\":\"1.1.1.1\",\"Description\":\"Application IAComClient\",\"Product\":\"Interact\",\"Company\":\"Interact Software\",\"OriginalFileName\":\"IAComClient\",\"CommandLine\":\"\\\"C:\\\\Program Files (x86)\\\\Interact\\\\Bin\\\\IAComClient.exe\\\"\",\"CurrentDirectory\":\"C:\\\\WINDOWS\\\\system32\\\\\",\"User\":\"host.example.com\\\\Syst\\u00c3\\u00a8me\",\"LogonGuid\":\"{9beb284d-c684-6055-e703-000000000000}\",\"LogonId\":\"0x3e7\",\"TerminalSessionId\":\"0\",\"IntegrityLevel\":\"System\",\"Hashes\":\"MD5=6E2ED6BD7A43497C351551D04AEB6444,SHA256=E721BD7242E4571CDBC7729F54118ABAA806FA309059F21F09829B5275C1A751,IMPHASH=5EB894B14A9A429F917FA1E528B4E86B\",\"ParentProcessGuid\":\"{9beb284d-c689-6055-6900-000000004900}\",\"ParentProcessId\":\"4756\",\"ParentImage\":\"C:\\\\Program Files (x86)\\\\Interact\\\\Bin\\\\IAManager.exe\",\"ParentCommandLine\":\"\\\"C:\\\\Program Files (x86)\\\\Interact\\\\Bin\\\\IAManager.exe\\\"\",\"EventReceivedTime\":\"2011-03-20 11:19:22\",\"SourceModuleName\":\"evtx_win\",\"SourceModuleType\":\"im_msvistalog\"}"
  },
  "expected": {
    "message": "{\"EventTime\":\"2011-03-20 11:19:20\",\"Hostname\":\"host.example.com.corp.net\",\"Keywords\":-9223372036854775808,\"EventType\":\"INFO\",\"SeverityValue\":2,\"Severity\":\"INFO\",\"EventID\":1,\"SourceName\":\"Microsoft-Windows-Sysmon\",\"ProviderGuid\":\"{5770385F-C22A-43E0-BF4C-06F5698FFBD9}\",\"Version\":5,\"Task\":1,\"OpcodeValue\":0,\"RecordNumber\":129451,\"ProcessID\":5044,\"ThreadID\":7472,\"Channel\":\"Microsoft-Windows-Sysmon/Operational\",\"Domain\":\"example.com\",\"AccountName\":\"Syst\\u00e8me\",\"UserID\":\"S-1-5-18\",\"AccountType\":\"User\",\"Message\":\"Process Create:\\r\\nRuleName: -\\r\\nUtcTime: 2011-03-20 10:19:20.872\\r\\nProcessGuid: {9beb284d-cc28-6055-3602-000000004900}\\r\\nProcessId: 2016\\r\\nImage: C:\\\\Program Files (x86)\\\\Interact\\\\Bin\\\\IAComClient.exe\\r\\nFileVersion: 1.1.1.1\\r\\nDescription: Application IAComClient\\r\\nProduct: Interact\\r\\nCompany: Interact Software\\r\\nOriginalFileName: IAComClient\\r\\nCommandLine: \\\"C:\\\\Program Files (x86)\\\\Interact\\\\Bin\\\\IAComClient.exe\\\"\\r\\nCurrentDirectory: C:\\\\WINDOWS\\\\system32\\\\\\r\\nUser: host.example.com\\\\Syst\\u00c3\\u00a8me\\r\\nLogonGuid: {9beb284d-c684-6055-e703-000000000000}\\r\\nLogonId: 0x3E7\\r\\nTerminalSessionId: 0\\r\\nIntegrityLevel: System\\r\\nHashes: MD5=6E2ED6BD7A43497C351551D04AEB6444,SHA256=E721BD7242E4571CDBC7729F54118ABAA806FA309059F21F09829B5275C1A751,IMPHASH=5EB894B14A9A429F917FA1E528B4E86B\\r\\nParentProcessGuid: {9beb284d-c689-6055-6900-000000004900}\\r\\nParentProcessId: 4756\\r\\nParentImage: C:\\\\Program Files (x86)\\\\Interact\\\\Bin\\\\IAManager.exe\\r\\nParentCommandLine: \\\"C:\\\\Program Files (x86)\\\\Interact\\\\Bin\\\\IAManager.exe\\\"\",\"Category\":\"Process Create (rule: ProcessCreate)\",\"Opcode\":\"Informations\",\"RuleName\":\"-\",\"UtcTime\":\"2011-03-20 10:19:20.872\",\"ProcessGuid\":\"{9beb284d-cc28-6055-3602-000000004900}\",\"Image\":\"C:\\\\Program Files (x86)\\\\Interact\\\\Bin\\\\IAComClient.exe\",\"FileVersion\":\"1.1.1.1\",\"Description\":\"Application IAComClient\",\"Product\":\"Interact\",\"Company\":\"Interact Software\",\"OriginalFileName\":\"IAComClient\",\"CommandLine\":\"\\\"C:\\\\Program Files (x86)\\\\Interact\\\\Bin\\\\IAComClient.exe\\\"\",\"CurrentDirectory\":\"C:\\\\WINDOWS\\\\system32\\\\\",\"User\":\"host.example.com\\\\Syst\\u00c3\\u00a8me\",\"LogonGuid\":\"{9beb284d-c684-6055-e703-000000000000}\",\"LogonId\":\"0x3e7\",\"TerminalSessionId\":\"0\",\"IntegrityLevel\":\"System\",\"Hashes\":\"MD5=6E2ED6BD7A43497C351551D04AEB6444,SHA256=E721BD7242E4571CDBC7729F54118ABAA806FA309059F21F09829B5275C1A751,IMPHASH=5EB894B14A9A429F917FA1E528B4E86B\",\"ParentProcessGuid\":\"{9beb284d-c689-6055-6900-000000004900}\",\"ParentProcessId\":\"4756\",\"ParentImage\":\"C:\\\\Program Files (x86)\\\\Interact\\\\Bin\\\\IAManager.exe\",\"ParentCommandLine\":\"\\\"C:\\\\Program Files (x86)\\\\Interact\\\\Bin\\\\IAManager.exe\\\"\",\"EventReceivedTime\":\"2011-03-20 11:19:22\",\"SourceModuleName\":\"evtx_win\",\"SourceModuleType\":\"im_msvistalog\"}",
    "event": {
      "code": "1",
      "message": "Process Create:\r\nRuleName: -\r\nUtcTime: 2011-03-20 10:19:20.872\r\nProcessGuid: {9beb284d-cc28-6055-3602-000000004900}\r\nProcessId: 2016\r\nImage: C:\\Program Files (x86)\\Interact\\Bin\\IAComClient.exe\r\nFileVersion: 1.1.1.1\r\nDescription: Application IAComClient\r\nProduct: Interact\r\nCompany: Interact Software\r\nOriginalFileName: IAComClient\r\nCommandLine: \"C:\\Program Files (x86)\\Interact\\Bin\\IAComClient.exe\"\r\nCurrentDirectory: C:\\WINDOWS\\system32\\\r\nUser: AUTORITE NT\\SystÃ¨me\r\nLogonGuid: {9beb284d-c684-6055-e703-000000000000}\r\nLogonId: 0x3E7\r\nTerminalSessionId: 0\r\nIntegrityLevel: System\r\nHashes: MD5=6E2ED6BD7A43497C351551D04AEB6444,SHA256=E721BD7242E4571CDBC7729F54118ABAA806FA309059F21F09829B5275C1A751,IMPHASH=5EB894B14A9A429F917FA1E528B4E86B\r\nParentProcessGuid: {9beb284d-c689-6055-6900-000000004900}\r\nParentProcessId: 4756\r\nParentImage: C:\\Program Files (x86)\\Interact\\Bin\\IAManager.exe\r\nParentCommandLine: \"C:\\Program Files (x86)\\Interact\\Bin\\IAManager.exe\"",
      "provider": "Microsoft-Windows-Sysmon",
      "reason": "Application IAComClient"
    },
    "@timestamp": "2011-03-20T10:19:20.872000Z",
    "action": {
      "id": 1,
      "name": "Process creation",
      "properties": {
        "AccountName": "Système",
        "AccountType": "User",
        "Category": "Process Create (rule: ProcessCreate)",
        "Description": "Application IAComClient",
        "Domain": "example.com",
        "EventType": "INFO",
        "FileVersion": "1.1.1.1",
        "Image": "C:\\Program Files (x86)\\Interact\\Bin\\IAComClient.exe",
        "Keywords": "-9223372036854775808",
        "OpcodeValue": 0,
        "ParentImage": "C:\\Program Files (x86)\\Interact\\Bin\\IAManager.exe",
        "ProcessGuid": "{9beb284d-cc28-6055-3602-000000004900}",
        "Product": "1.1.1.1",
        "ProviderGuid": "{5770385F-C22A-43E0-BF4C-06F5698FFBD9}",
        "Severity": "INFO",
        "SourceName": "Microsoft-Windows-Sysmon",
        "Task": 1,
        "User": "AUTORITE NT\\SystÃ¨me"
      },
      "record_id": 129451,
      "type": "Microsoft-Windows-Sysmon/Operational"
    },
    "host": {
      "hostname": "host.example.com",
      "name": "PCFOO.corp.net"
    },
    "log": {
      "hostname": "PCFOO.corp.net",
      "level": "info"
    },
    "os": {
      "family": "windows",
      "platform": "windows"
    },
    "process": {
      "command_line": "C:\\Program Files (x86)\\Interact\\Bin\\IAComClient.exe",
      "executable": "C:\\Program Files (x86)\\Interact\\Bin\\IAComClient.exe",
      "hash": {
        "md5": "6e2ed6bd7a43497c351551d04aeb6444",
        "sha256": "e721bd7242e4571cdbc7729f54118abaa806fa309059f21f09829b5275c1a751"
      },
      "id": 2016,
      "name": "IAComClient.exe",
      "parent": {
        "command_line": "C:\\Program Files (x86)\\Interact\\Bin\\IAManager.exe",
        "executable": "C:\\Program Files (x86)\\Interact\\Bin\\IAManager.exe",
        "name": "IAManager.exe",
        "working_directory": "C:\\Program Files (x86)\\Interact\\Bin\\"
      },
      "pe": {
        "imphash": "5eb894b14a9a429f917fa1e528b4e86b"
      },
      "pid": 2016,
      "ppid": "4756",
      "thread": {
        "id": 7472
      },
      "working_directory": "C:\\WINDOWS\\system32\\"
    },
    "related": {
      "hash": [
        "6e2ed6bd7a43497c351551d04aeb6444",
        "e721bd7242e4571cdbc7729f54118abaa806fa309059f21f09829b5275c1a751"
      ],
      "hosts": [
        "PCFOO"
      ],
      "user": [
        "SystÃ¨me"
      ]
    },
    "rule": {
      "name": "-"
    },
    "user": {
      "domain": "host.example.com",
      "id": "S-1-5-18",
      "name": "User1"
    }
  }
}
