{
  "input": {
    "message": "{\"EventTime\":\"2010-02-14 14:50:28\",\"Hostname\":\"DESKTOP-FOOBARZ\",\"Keywords\":-9223372036854775808,\"EventType\":\"INFO\",\"SeverityValue\":2,\"Severity\":\"INFO\",\"EventID\":22,\"SourceName\":\"Microsoft-Windows-Sysmon\",\"ProviderGuid\":\"{5770385F-C22A-43E0-BF4C-06F5698FFBD9}\",\"Version\":5,\"Task\":22,\"OpcodeValue\":0,\"RecordNumber\":23609,\"ProcessID\":2556,\"ThreadID\":3448,\"Channel\":\"Microsoft-Windows-Sysmon/Operational\",\"Domain\":\"AUTORITE NT\",\"AccountName\":\"Syst\ufffdme\",\"UserID\":\"S-1-5-18\",\"AccountType\":\"User\",\"Message\":\"Dns query:\\r\\nRuleName: \\r\\nUtcTime: 2010-02-10 12:10:41.909\\r\\nProcessGuid: {c8188de9-a5a2-5e46-0000-00104fae7900}\\r\\nProcessId: 5228\\r\\nQueryName: login.live.com\\r\\nQueryStatus: 0\\r\\nQueryResults: type:  5 login.msa.msidentity.com;type:  5 lgin.msa.trafficmanager.net;::ffff:1.1.1.1;::ffff:1.1.1.1;::ffff:1.1.1.1;1.1.1.1;1.1.1.1;\\r\\nImage: C:\\\\WINDOWS\\\\system32\\\\svchost.exe\",\"Category\":\"Dns query (rule: DnsQuery)\",\"Opcode\":\"Informations\",\"UtcTime\":\"2010-02-10 12:10:41.909\",\"ProcessGuid\":\"{c8188de9-a5a2-5e46-0000-00104fae7900}\",\"QueryName\":\"login.live.com\",\"QueryStatus\":\"0\",\"QueryResults\":\"type:  5 login.msa.msidentity.com;type:  5 lgin.msa.trafficmanager.net;::ffff:1.1.1.1;::ffff:1.1.1.1;::ffff:1.1.1.1;1.1.1.1;1.1.1.1;\",\"Image\":\"C:\\\\WINDOWS\\\\system32\\\\svchost.exe\",\"EventReceivedTime\":\"2010-02-14 14:50:29\",\"SourceModuleName\":\"eventlog\",\"SourceModuleType\":\"im_msvistalog\"}"
  },
  "expected": {
    "message": "{\"EventTime\":\"2010-02-14 14:50:28\",\"Hostname\":\"DESKTOP-FOOBARZ\",\"Keywords\":-9223372036854775808,\"EventType\":\"INFO\",\"SeverityValue\":2,\"Severity\":\"INFO\",\"EventID\":22,\"SourceName\":\"Microsoft-Windows-Sysmon\",\"ProviderGuid\":\"{5770385F-C22A-43E0-BF4C-06F5698FFBD9}\",\"Version\":5,\"Task\":22,\"OpcodeValue\":0,\"RecordNumber\":23609,\"ProcessID\":2556,\"ThreadID\":3448,\"Channel\":\"Microsoft-Windows-Sysmon/Operational\",\"Domain\":\"AUTORITE NT\",\"AccountName\":\"Syst\ufffdme\",\"UserID\":\"S-1-5-18\",\"AccountType\":\"User\",\"Message\":\"Dns query:\\r\\nRuleName: \\r\\nUtcTime: 2010-02-10 12:10:41.909\\r\\nProcessGuid: {c8188de9-a5a2-5e46-0000-00104fae7900}\\r\\nProcessId: 5228\\r\\nQueryName: login.live.com\\r\\nQueryStatus: 0\\r\\nQueryResults: type:  5 login.msa.msidentity.com;type:  5 lgin.msa.trafficmanager.net;::ffff:1.1.1.1;::ffff:1.1.1.1;::ffff:1.1.1.1;1.1.1.1;1.1.1.1;\\r\\nImage: C:\\\\WINDOWS\\\\system32\\\\svchost.exe\",\"Category\":\"Dns query (rule: DnsQuery)\",\"Opcode\":\"Informations\",\"UtcTime\":\"2010-02-10 12:10:41.909\",\"ProcessGuid\":\"{c8188de9-a5a2-5e46-0000-00104fae7900}\",\"QueryName\":\"login.live.com\",\"QueryStatus\":\"0\",\"QueryResults\":\"type:  5 login.msa.msidentity.com;type:  5 lgin.msa.trafficmanager.net;::ffff:1.1.1.1;::ffff:1.1.1.1;::ffff:1.1.1.1;1.1.1.1;1.1.1.1;\",\"Image\":\"C:\\\\WINDOWS\\\\system32\\\\svchost.exe\",\"EventReceivedTime\":\"2010-02-14 14:50:29\",\"SourceModuleName\":\"eventlog\",\"SourceModuleType\":\"im_msvistalog\"}",
    "event": {
      "code": "22",
      "message": "Dns query:\r\nRuleName: \r\nUtcTime: 2010-02-10 12:10:41.909\r\nProcessGuid: {c8188de9-a5a2-5e46-0000-00104fae7900}\r\nProcessId: 5228\r\nQueryName: login.live.com\r\nQueryStatus: 0\r\nQueryResults: type:  5 login.msa.msidentity.com;type:  5 lgin.msa.trafficmanager.net;::ffff:1.1.1.1;::ffff:1.1.1.1;::ffff:1.1.1.1;1.1.1.1;1.1.1.1;\r\nImage: C:\\WINDOWS\\system32\\svchost.exe",
      "provider": "Microsoft-Windows-Sysmon"
    },
    "@timestamp": "2010-02-10T12:10:41.909000Z",
    "action": {
      "id": 22,
      "name": "DNS query",
      "properties": {
        "AccountName": "Syst\ufffdme",
        "AccountType": "User",
        "Category": "Dns query (rule: DnsQuery)",
        "Domain": "AUTORITE NT",
        "EventType": "INFO",
        "Image": "C:\\WINDOWS\\system32\\svchost.exe",
        "Keywords": "-9223372036854775808",
        "OpcodeValue": 0,
        "ProcessGuid": "{c8188de9-a5a2-5e46-0000-00104fae7900}",
        "ProviderGuid": "{5770385F-C22A-43E0-BF4C-06F5698FFBD9}",
        "Severity": "INFO",
        "SourceName": "Microsoft-Windows-Sysmon",
        "Task": 22
      },
      "record_id": 23609,
      "type": "Microsoft-Windows-Sysmon/Operational"
    },
    "dns": {
      "answers": [
        {
          "name": "login.msa.msidentity.com",
          "type": "CNAME"
        },
        {
          "name": "lgin.msa.trafficmanager.net",
          "type": "CNAME"
        },
        {
          "name": "::ffff:1.1.1.1",
          "type": "AAAA"
        },
        {
          "name": "::ffff:1.1.1.1",
          "type": "AAAA"
        },
        {
          "name": "::ffff:1.1.1.1",
          "type": "AAAA"
        },
        {
          "name": "1.1.1.1",
          "type": "A"
        },
        {
          "name": "1.1.1.1",
          "type": "A"
        }
      ],
      "question": {
        "name": "login.live.com",
        "registered_domain": "live.com",
        "subdomain": "login",
        "top_level_domain": "com"
      },
      "response_code": "0",
      "size_in_char": 14,
      "type": "answer"
    },
    "host": {
      "hostname": "DESKTOP-FOOBARZ",
      "name": "DESKTOP-FOOBARZ"
    },
    "log": {
      "hostname": "DESKTOP-FOOBARZ",
      "level": "info"
    },
    "os": {
      "family": "windows",
      "platform": "windows"
    },
    "process": {
      "executable": "C:\\WINDOWS\\system32\\svchost.exe",
      "id": 5228,
      "name": "svchost.exe",
      "pid": 5228,
      "thread": {
        "id": 3448
      },
      "working_directory": "C:\\WINDOWS\\system32\\"
    },
    "related": {
      "hosts": [
        "DESKTOP-FOOBARZ",
        "login.live.com"
      ],
      "user": [
        "Syst\ufffdme"
      ]
    },
    "user": {
      "domain": "AUTORITE NT",
      "id": "S-1-5-18",
      "name": "Syst\ufffdme"
    }
  }
}