{
  "input": {
    "message": "{\"EventTime\":\"2010-12-17 15:52:55\",\"Hostname\":\"DESKTOP-FOOBARZ\",\"Keywords\":-9223372036854775808,\"EventType\":\"INFO\",\"SeverityValue\":2,\"Severity\":\"INFO\",\"EventID\":9,\"SourceName\":\"Microsoft-Windows-Sysmon\",\"ProviderGuid\":\"{5770385F-C22A-43E0-BF4C-06F5698FFBD9}\",\"Version\":2,\"Task\":9,\"OpcodeValue\":0,\"RecordNumber\":4797,\"ProcessID\":2704,\"ThreadID\":3916,\"Channel\":\"Microsoft-Windows-Sysmon/Operational\",\"Domain\":\"NT AUTHORITY\",\"AccountName\":\"SYSTEM\",\"UserID\":\"S-1-5-18\",\"AccountType\":\"User\",\"Message\":\"RawAccessRead detected:\\r\\nRuleName: -\\r\\nUtcTime: 2010-12-17 14:52:55.449\\r\\nProcessGuid: {FC729081-70A2-5FDB-6701-000000000600}\\r\\nProcessId: 6428\\r\\nImage: C:\\\\Windows\\\\System32\\\\LogonUI.exe\\r\\nDevice: \\\\Device\\\\HarddiskVolume1\",\"Category\":\"RawAccessRead detected (rule: RawAccessRead)\",\"Opcode\":\"Info\",\"RuleName\":\"-\",\"UtcTime\":\"2010-12-17 14:52:55.449\",\"ProcessGuid\":\"{FC729081-70A2-5FDB-6701-000000000600}\",\"Image\":\"C:\\\\Windows\\\\System32\\\\LogonUI.exe\",\"Device\":\"\\\\Device\\\\HarddiskVolume1\",\"EventReceivedTime\":\"2010-12-17 15:52:56\",\"SourceModuleName\":\"eventlog4\",\"SourceModuleType\":\"im_msvistalog\"}"
  },
  "expected": {
    "message": "{\"EventTime\":\"2010-12-17 15:52:55\",\"Hostname\":\"DESKTOP-FOOBARZ\",\"Keywords\":-9223372036854775808,\"EventType\":\"INFO\",\"SeverityValue\":2,\"Severity\":\"INFO\",\"EventID\":9,\"SourceName\":\"Microsoft-Windows-Sysmon\",\"ProviderGuid\":\"{5770385F-C22A-43E0-BF4C-06F5698FFBD9}\",\"Version\":2,\"Task\":9,\"OpcodeValue\":0,\"RecordNumber\":4797,\"ProcessID\":2704,\"ThreadID\":3916,\"Channel\":\"Microsoft-Windows-Sysmon/Operational\",\"Domain\":\"NT AUTHORITY\",\"AccountName\":\"SYSTEM\",\"UserID\":\"S-1-5-18\",\"AccountType\":\"User\",\"Message\":\"RawAccessRead detected:\\r\\nRuleName: -\\r\\nUtcTime: 2010-12-17 14:52:55.449\\r\\nProcessGuid: {FC729081-70A2-5FDB-6701-000000000600}\\r\\nProcessId: 6428\\r\\nImage: C:\\\\Windows\\\\System32\\\\LogonUI.exe\\r\\nDevice: \\\\Device\\\\HarddiskVolume1\",\"Category\":\"RawAccessRead detected (rule: RawAccessRead)\",\"Opcode\":\"Info\",\"RuleName\":\"-\",\"UtcTime\":\"2010-12-17 14:52:55.449\",\"ProcessGuid\":\"{FC729081-70A2-5FDB-6701-000000000600}\",\"Image\":\"C:\\\\Windows\\\\System32\\\\LogonUI.exe\",\"Device\":\"\\\\Device\\\\HarddiskVolume1\",\"EventReceivedTime\":\"2010-12-17 15:52:56\",\"SourceModuleName\":\"eventlog4\",\"SourceModuleType\":\"im_msvistalog\"}",
    "event": {
      "code": "9",
      "message": "RawAccessRead detected:\r\nRuleName: -\r\nUtcTime: 2010-12-17 14:52:55.449\r\nProcessGuid: {FC729081-70A2-5FDB-6701-000000000600}\r\nProcessId: 6428\r\nImage: C:\\Windows\\System32\\LogonUI.exe\r\nDevice: \\Device\\HarddiskVolume1",
      "provider": "Microsoft-Windows-Sysmon"
    },
    "@timestamp": "2010-12-17T14:52:55.449000Z",
    "action": {
      "id": 9,
      "name": "RawAccessRead",
      "properties": {
        "AccountName": "SYSTEM",
        "AccountType": "User",
        "Category": "RawAccessRead detected (rule: RawAccessRead)",
        "Device": "\\Device\\HarddiskVolume1",
        "Domain": "NT AUTHORITY",
        "EventType": "INFO",
        "Image": "C:\\Windows\\System32\\LogonUI.exe",
        "Keywords": "-9223372036854775808",
        "OpcodeValue": 0,
        "ProcessGuid": "{FC729081-70A2-5FDB-6701-000000000600}",
        "ProviderGuid": "{5770385F-C22A-43E0-BF4C-06F5698FFBD9}",
        "Severity": "INFO",
        "SourceName": "Microsoft-Windows-Sysmon",
        "Task": 9
      },
      "record_id": 4797,
      "type": "Microsoft-Windows-Sysmon/Operational"
    },
    "host": {
      "hostname": "DESKTOP-FOOBARZ",
      "name": "DESKTOP-FOOBARZ"
    },
    "log": {
      "hostname": "DESKTOP-FOOBARZ",
      "level": "info"
    },
    "os": {
      "family": "windows",
      "platform": "windows"
    },
    "process": {
      "executable": "C:\\Windows\\System32\\LogonUI.exe",
      "id": 6428,
      "name": "LogonUI.exe",
      "pid": 6428,
      "thread": {
        "id": 3916
      },
      "working_directory": "C:\\Windows\\System32\\"
    },
    "related": {
      "hosts": [
        "DESKTOP-FOOBARZ"
      ],
      "user": [
        "SYSTEM"
      ]
    },
    "user": {
      "domain": "NT AUTHORITY",
      "id": "S-1-5-18",
      "name": "SYSTEM"
    }
  }
}