{
  "input": {
    "event": {
      "sekoiaio": {
        "intake": {
          "dialect": "Windows",
          "dialect_uuid": "9281438c-f7c3-4001-9bcc-45fd108ba1be"
        }
      }
    },
    "message": "{\"EventTime\":\"2011-05-17 13:36:18\",\"Hostname\":\"VM_FOO\",\"Keywords\":-9223372036854775808,\"EventType\":\"INFO\",\"SeverityValue\":2,\"Severity\":\"INFO\",\"EventID\":25,\"SourceName\":\"Microsoft-Windows-Sysmon\",\"ProviderGuid\":\"{5770385F-C22A-43E0-BF4C-06F5698FFBD9}\",\"Version\":5,\"Task\":25,\"OpcodeValue\":0,\"RecordNumber\":514759,\"ProcessID\":4888,\"ThreadID\":3768,\"Channel\":\"Microsoft-Windows-Sysmon/Operational\",\"Domain\":\"NT AUTHORITY\",\"AccountName\":\"SYSTEM\",\"UserID\":\"S-1-5-18\",\"AccountType\":\"User\",\"Opcode\":\"Info\",\"RuleName\":\"-\",\"UtcTime\":\"2011-05-17 13:36:18.525\",\"ProcessGuid\":\"{ab376ee3-7152-60a2-6808-000000001000}\",\"Image\":\"C:\\\\Windows\\\\SysWOW64\\\\svchost.exe\",\"Type\":\"Image is replaced\",\"EventReceivedTime\":\"2011-05-17 13:36:19\",\"SourceModuleName\":\"eventlog\",\"SourceModuleType\":\"im_msvistalog\"}"
  },
  "expected": {
    "action": {
      "id": 25,
      "name": "Process Tampering",
      "properties": [
        {
          "ProviderGuid": "{5770385F-C22A-43E0-BF4C-06F5698FFBD9}",
          "Image": "c:\\windows\\syswow64\\svchost.exe",
          "ProcessGuid": "{ab376ee3-7152-60a2-6808-000000001000}",
          "SourceName": "Microsoft-Windows-Sysmon",
          "Keywords": "-9223372036854775808",
          "Type": "Image is replaced",
          "OpcodeValue": 0,
          "EventType": "INFO",
          "AccountName": "SYSTEM",
          "AccountType": "User",
          "Severity": "INFO",
          "Task": 25
        }
      ],
      "record_id": 514759,
      "type": "Microsoft-Windows-Sysmon/Operational"
    },
    "process": {
      "executable": "c:\\windows\\syswow64\\svchost.exe",
      "working_directory": "c:\\windows\\syswow64\\",
      "name": "svchost.exe"
    },
    "os": {
      "family": "windows",
      "platform": "windows"
    },
    "type": "kafka",
    "user": {
      "id": "S-1-5-18",
      "domain": "NT AUTHORITY",
      "name": "SYSTEM"
    },
    "event": {
      "created": "2011-05-17T14:59:54.552368Z",
      "id": "260e7fa2-d9b4-4976-98ac-87acf7f6ec3f",
      "provider": "Microsoft-Windows-Sysmon",
      "code": 25
    },
    "log": {
      "hostname": "VM_FOO",
      "level": "info"
    },
    "message": "{\"EventTime\":\"2011-05-17 13:36:18\",\"Hostname\":\"VM_FOO\",\"Keywords\":-9223372036854775808,\"EventType\":\"INFO\",\"SeverityValue\":2,\"Severity\":\"INFO\",\"EventID\":25,\"SourceName\":\"Microsoft-Windows-Sysmon\",\"ProviderGuid\":\"{5770385F-C22A-43E0-BF4C-06F5698FFBD9}\",\"Version\":5,\"Task\":25,\"OpcodeValue\":0,\"RecordNumber\":514759,\"ProcessID\":4888,\"ThreadID\":3768,\"Channel\":\"Microsoft-Windows-Sysmon/Operational\",\"Domain\":\"NT AUTHORITY\",\"AccountName\":\"SYSTEM\",\"UserID\":\"S-1-5-18\",\"AccountType\":\"User\",\"Opcode\":\"Info\",\"RuleName\":\"-\",\"UtcTime\":\"2011-05-17 13:36:18.525\",\"ProcessGuid\":\"{ab376ee3-7152-60a2-6808-000000001000}\",\"Image\":\"C:\\\\Windows\\\\SysWOW64\\\\svchost.exe\",\"Type\":\"Image is replaced\",\"EventReceivedTime\":\"2011-05-17 13:36:19\",\"SourceModuleName\":\"eventlog\",\"SourceModuleType\":\"im_msvistalog\"}",
    "related": {
      "user": [
        "SYSTEM"
      ]
    },
    "sekoiaio": {
      "intake": {
        "parsing_status": "success"
      }
    },
    "host": {
      "hostname": "VM_FOO",
      "name": "VM_FOO"
    }
  }
}