{
  "input": {
    "event": {
      "sekoiaio": {
        "intake": {
          "dialect": "Windows",
          "dialect_uuid": "9281438c-f7c3-4001-9bcc-45fd108ba1be"
        }
      }
    },
    "message": "{\"EventTime\":\"2010-12-18 15:57:58\",\"Hostname\":\"DESKTOP-FOOBARZ\",\"Keywords\":-9223372036854775808,\"EventType\":\"INFO\",\"SeverityValue\":2,\"Severity\":\"INFO\",\"EventID\":20,\"SourceName\":\"Microsoft-Windows-Sysmon\",\"ProviderGuid\":\"{5770385F-C22A-43E0-BF4C-06F5698FFBD9}\",\"Version\":3,\"Task\":20,\"OpcodeValue\":0,\"RecordNumber\":17336,\"ProcessID\":3140,\"ThreadID\":4420,\"Channel\":\"Microsoft-Windows-Sysmon/Operational\",\"Domain\":\"NT AUTHORITY\",\"AccountName\":\"SYSTEM\",\"UserID\":\"S-1-5-18\",\"AccountType\":\"User\",\"Message\":\"WmiEventConsumer activity detected:\\r\\nRuleName: -\\r\\nEventType: WmiConsumerEvent\\r\\nUtcTime: 2010-12-18 14:57:58.828\\r\\nOperation: Created\\r\\nUser: DESKTOP-FOOBARZ\\\\userXYZ\\r\\nName:  \\\"ServiceConsumer\\\"\\r\\nType: Log File\\r\\nDestination:  \\\"C:\\\\\\\\Log.log\\\"\",\"Category\":\"WmiEventConsumer activity detected (rule: WmiEvent)\",\"Opcode\":\"Info\",\"RuleName\":\"-\",\"UtcTime\":\"2010-12-18 14:57:58.828\",\"Operation\":\"Created\",\"User\":\"DESKTOP-FOOBARZ\\\\userXYZ\",\"Name\":\" \\\"ServiceConsumer\\\"\",\"Type\":\"Log File\",\"Destination\":\" \\\"C:\\\\\\\\Log.log\\\"\",\"EventReceivedTime\":\"2010-12-18 15:58:00\",\"SourceModuleName\":\"eventlog4\",\"SourceModuleType\":\"im_msvistalog\"}"
  },
  "expected": {
    "message": "{\"EventTime\":\"2010-12-18 15:57:58\",\"Hostname\":\"DESKTOP-FOOBARZ\",\"Keywords\":-9223372036854775808,\"EventType\":\"INFO\",\"SeverityValue\":2,\"Severity\":\"INFO\",\"EventID\":20,\"SourceName\":\"Microsoft-Windows-Sysmon\",\"ProviderGuid\":\"{5770385F-C22A-43E0-BF4C-06F5698FFBD9}\",\"Version\":3,\"Task\":20,\"OpcodeValue\":0,\"RecordNumber\":17336,\"ProcessID\":3140,\"ThreadID\":4420,\"Channel\":\"Microsoft-Windows-Sysmon/Operational\",\"Domain\":\"NT AUTHORITY\",\"AccountName\":\"SYSTEM\",\"UserID\":\"S-1-5-18\",\"AccountType\":\"User\",\"Message\":\"WmiEventConsumer activity detected:\\r\\nRuleName: -\\r\\nEventType: WmiConsumerEvent\\r\\nUtcTime: 2010-12-18 14:57:58.828\\r\\nOperation: Created\\r\\nUser: DESKTOP-FOOBARZ\\\\userXYZ\\r\\nName:  \\\"ServiceConsumer\\\"\\r\\nType: Log File\\r\\nDestination:  \\\"C:\\\\\\\\Log.log\\\"\",\"Category\":\"WmiEventConsumer activity detected (rule: WmiEvent)\",\"Opcode\":\"Info\",\"RuleName\":\"-\",\"UtcTime\":\"2010-12-18 14:57:58.828\",\"Operation\":\"Created\",\"User\":\"DESKTOP-FOOBARZ\\\\userXYZ\",\"Name\":\" \\\"ServiceConsumer\\\"\",\"Type\":\"Log File\",\"Destination\":\" \\\"C:\\\\\\\\Log.log\\\"\",\"EventReceivedTime\":\"2010-12-18 15:58:00\",\"SourceModuleName\":\"eventlog4\",\"SourceModuleType\":\"im_msvistalog\"}",
    "event": {
      "code": "20",
      "message": "WmiEventConsumer activity detected:\r\nRuleName: -\r\nEventType: WmiConsumerEvent\r\nUtcTime: 2010-12-18 14:57:58.828\r\nOperation: Created\r\nUser: DESKTOP-FOOBARZ\\userXYZ\r\nName:  \"ServiceConsumer\"\r\nType: Log File\r\nDestination:  \"C:\\\\Log.log\"",
      "provider": "Microsoft-Windows-Sysmon"
    },
    "@timestamp": "2010-12-18T14:57:58.828000Z",
    "action": {
      "record_id": 17336,
      "type": "Microsoft-Windows-Sysmon/Operational",
      "id": 20,
      "properties": [
        {
          "MessEventType": "WmiConsumerEvent",
          "AccountName": "SYSTEM",
          "AccountType": "User",
          "Destination": " \"C:\\\\Log.log\"",
          "Domain": "NT AUTHORITY",
          "EventType": "INFO",
          "OpcodeValue": 0,
          "Operation": "Created",
          "ProviderGuid": "{5770385F-C22A-43E0-BF4C-06F5698FFBD9}",
          "Severity": "INFO",
          "Task": 20,
          "Type": "Log File",
          "User": "DESKTOP-FOOBARZ\\userXYZ",
          "SourceName": "Microsoft-Windows-Sysmon",
          "Keywords": "-9223372036854775808"
        }
      ],
      "name": "WmiEventConsumer activity detected"
    },
    "log": {
      "hostname": "DESKTOP-FOOBARZ",
      "level": "info"
    },
    "host": {
      "hostname": "DESKTOP-FOOBARZ",
      "name": "DESKTOP-FOOBARZ"
    },
    "os": {
      "family": "windows",
      "platform": "windows"
    },
    "process": {
      "thread": {
        "id": 4420
      },
      "pid": 3140,
      "id": 3140
    },
    "user": {
      "id": "S-1-5-18",
      "name": "userXYZ",
      "domain": "DESKTOP-FOOBARZ"
    },
    "related": {
      "hosts": [
        "DESKTOP-FOOBARZ"
      ],
      "user": [
        "userXYZ"
      ]
    }
  }
}