{
  "input": {
    "message": "{\"EventTime\":\"2023-09-05 12:28:34\",\"Hostname\":\"example.com\",\"Keywords\":-9223372036854775808,\"EventType\":\"INFO\",\"SeverityValue\":2,\"Severity\":\"INFO\",\"EventID\":1,\"SourceName\":\"Microsoft-Windows-Sysmon\",\"ProviderGuid\":\"{5770385F-C22A-43E0-BF4C-06F5698FFBD9}\",\"Version\":5,\"Task\":1,\"OpcodeValue\":0,\"RecordNumber\":13871322,\"ProcessID\":2992,\"ThreadID\":748,\"Channel\":\"Microsoft-Windows-Sysmon/Operational\",\"Domain\":\"NT AUTHORITY\",\"AccountName\":\"SYSTEM\",\"UserID\":\"S-1-5-18\",\"AccountType\":\"User\",\"Message\":\"Process Create:\\r\\nRuleName: -\\r\\nUtcTime: 2023-09-05 12:28:34.887\\r\\nProcessGuid: {178446c4-1ef2-64f7-fa8d-010000001100}\\r\\nProcessId: 18144\\r\\nImage: C:\\\\Program Files\\\\Microsoft Office\\\\root\\\\Office16\\\\SDXHelper.exe\\r\\nFileVersion: 16.0.16626.20170\\r\\nDescription: Microsoft Office SDX Helper\\r\\nProduct: Microsoft Office\\r\\nCompany: Microsoft Corporation\\r\\nOriginalFileName: SDXHELPER.EXE\\r\\nCommandLine: \\\"C:\\\\Program Files\\\\Microsoft Office\\\\root\\\\Office16\\\\sdxhelper.exe\\\" /onlogon\\r\\nCurrentDirectory: C:\\\\Windows\\\\system32\\\\\\r\\nUser: foo-vm\\\\adminuser\\r\\nLogonGuid: {178446c4-8d94-6495-fdfa-190200000000}\\r\\nLogonId: 0x219FAFD\\r\\nTerminalSessionId: 2\\r\\nIntegrityLevel: High\\r\\nHashes: MD5=F924BBC6FBF646FA0478AEBE5D37504C,SHA256=4494AA7BF1058262F3D2F412B681AF2AF42E34490144FBFD0DB579D966B8FBB6,IMPHASH=0AE5922AFCEF4767754A10F016CD4B30\\r\\nParentProcessGuid: {178446c4-7a9f-6491-2800-000000001100}\\r\\nParentProcessId: 1772\\r\\nParentImage: C:\\\\Windows\\\\System32\\\\svchost.exe\\r\\nParentCommandLine: C:\\\\Windows\\\\system32\\\\svchost.exe -k netsvfoo -p -s Schedule\\r\\nParentUser: NT AUTHORITY\\\\SYSTEM\",\"Category\":\"Process Create (rule: ProcessCreate)\",\"Opcode\":\"Info\",\"RuleName\":\"-\",\"UtcTime\":\"2023-09-05 12:28:34.887\",\"ProcessGuid\":\"{178446c4-1ef2-64f7-fa8d-010000001100}\",\"Image\":\"C:\\\\Program Files\\\\Microsoft Office\\\\root\\\\Office16\\\\SDXHelper.exe\",\"FileVersion\":\"16.0.16626.20170\",\"Description\":\"Microsoft Office SDX Helper\",\"Product\":\"Microsoft Office\",\"Company\":\"Microsoft Corporation\",\"OriginalFileName\":\"SDXHELPER.EXE\",\"CommandLine\":\"\\\"C:\\\\Program Files\\\\Microsoft Office\\\\root\\\\Office16\\\\sdxhelper.exe\\\" /onlogon\",\"CurrentDirectory\":\"C:\\\\Windows\\\\system32\\\\\",\"User\":\"foo-vm\\\\adminuser\",\"LogonGuid\":\"{178446c4-8d94-6495-fdfa-190200000000}\",\"LogonId\":\"0x219fafd\",\"TerminalSessionId\":\"2\",\"IntegrityLevel\":\"High\",\"Hashes\":\"MD5=F924BBC6FBF646FA0478AEBE5D37504C,SHA256=4494AA7BF1058262F3D2F412B681AF2AF42E34490144FBFD0DB579D966B8FBB6,IMPHASH=0AE5922AFCEF4767754A10F016CD4B30\",\"ParentProcessGuid\":\"{178446c4-7a9f-6491-2800-000000001100}\",\"ParentProcessId\":\"1772\",\"ParentImage\":\"C:\\\\Windows\\\\System32\\\\svchost.exe\",\"ParentCommandLine\":\"C:\\\\Windows\\\\system32\\\\svchost.exe -k netsvfoo -p -s Schedule\",\"ParentUser\":\"NT AUTHORITY\\\\SYSTEM\",\"EventReceivedTime\":\"2023-09-05 12:28:35\",\"SourceModuleName\":\"eventlog4\",\"SourceModuleType\":\"im_msvistalog\"}"
  },
  "expected": {
    "message": "{\"EventTime\":\"2023-09-05 12:28:34\",\"Hostname\":\"example.com\",\"Keywords\":-9223372036854775808,\"EventType\":\"INFO\",\"SeverityValue\":2,\"Severity\":\"INFO\",\"EventID\":1,\"SourceName\":\"Microsoft-Windows-Sysmon\",\"ProviderGuid\":\"{5770385F-C22A-43E0-BF4C-06F5698FFBD9}\",\"Version\":5,\"Task\":1,\"OpcodeValue\":0,\"RecordNumber\":13871322,\"ProcessID\":2992,\"ThreadID\":748,\"Channel\":\"Microsoft-Windows-Sysmon/Operational\",\"Domain\":\"NT AUTHORITY\",\"AccountName\":\"SYSTEM\",\"UserID\":\"S-1-5-18\",\"AccountType\":\"User\",\"Message\":\"Process Create:\\r\\nRuleName: -\\r\\nUtcTime: 2023-09-05 12:28:34.887\\r\\nProcessGuid: {178446c4-1ef2-64f7-fa8d-010000001100}\\r\\nProcessId: 18144\\r\\nImage: C:\\\\Program Files\\\\Microsoft Office\\\\root\\\\Office16\\\\SDXHelper.exe\\r\\nFileVersion: 16.0.16626.20170\\r\\nDescription: Microsoft Office SDX Helper\\r\\nProduct: Microsoft Office\\r\\nCompany: Microsoft Corporation\\r\\nOriginalFileName: SDXHELPER.EXE\\r\\nCommandLine: \\\"C:\\\\Program Files\\\\Microsoft Office\\\\root\\\\Office16\\\\sdxhelper.exe\\\" /onlogon\\r\\nCurrentDirectory: C:\\\\Windows\\\\system32\\\\\\r\\nUser: foo-vm\\\\adminuser\\r\\nLogonGuid: {178446c4-8d94-6495-fdfa-190200000000}\\r\\nLogonId: 0x219FAFD\\r\\nTerminalSessionId: 2\\r\\nIntegrityLevel: High\\r\\nHashes: MD5=F924BBC6FBF646FA0478AEBE5D37504C,SHA256=4494AA7BF1058262F3D2F412B681AF2AF42E34490144FBFD0DB579D966B8FBB6,IMPHASH=0AE5922AFCEF4767754A10F016CD4B30\\r\\nParentProcessGuid: {178446c4-7a9f-6491-2800-000000001100}\\r\\nParentProcessId: 1772\\r\\nParentImage: C:\\\\Windows\\\\System32\\\\svchost.exe\\r\\nParentCommandLine: C:\\\\Windows\\\\system32\\\\svchost.exe -k netsvfoo -p -s Schedule\\r\\nParentUser: NT AUTHORITY\\\\SYSTEM\",\"Category\":\"Process Create (rule: ProcessCreate)\",\"Opcode\":\"Info\",\"RuleName\":\"-\",\"UtcTime\":\"2023-09-05 12:28:34.887\",\"ProcessGuid\":\"{178446c4-1ef2-64f7-fa8d-010000001100}\",\"Image\":\"C:\\\\Program Files\\\\Microsoft Office\\\\root\\\\Office16\\\\SDXHelper.exe\",\"FileVersion\":\"16.0.16626.20170\",\"Description\":\"Microsoft Office SDX Helper\",\"Product\":\"Microsoft Office\",\"Company\":\"Microsoft Corporation\",\"OriginalFileName\":\"SDXHELPER.EXE\",\"CommandLine\":\"\\\"C:\\\\Program Files\\\\Microsoft Office\\\\root\\\\Office16\\\\sdxhelper.exe\\\" /onlogon\",\"CurrentDirectory\":\"C:\\\\Windows\\\\system32\\\\\",\"User\":\"foo-vm\\\\adminuser\",\"LogonGuid\":\"{178446c4-8d94-6495-fdfa-190200000000}\",\"LogonId\":\"0x219fafd\",\"TerminalSessionId\":\"2\",\"IntegrityLevel\":\"High\",\"Hashes\":\"MD5=F924BBC6FBF646FA0478AEBE5D37504C,SHA256=4494AA7BF1058262F3D2F412B681AF2AF42E34490144FBFD0DB579D966B8FBB6,IMPHASH=0AE5922AFCEF4767754A10F016CD4B30\",\"ParentProcessGuid\":\"{178446c4-7a9f-6491-2800-000000001100}\",\"ParentProcessId\":\"1772\",\"ParentImage\":\"C:\\\\Windows\\\\System32\\\\svchost.exe\",\"ParentCommandLine\":\"C:\\\\Windows\\\\system32\\\\svchost.exe -k netsvfoo -p -s Schedule\",\"ParentUser\":\"NT AUTHORITY\\\\SYSTEM\",\"EventReceivedTime\":\"2023-09-05 12:28:35\",\"SourceModuleName\":\"eventlog4\",\"SourceModuleType\":\"im_msvistalog\"}",
    "event": {
      "code": "1",
      "message": "Process Create:\r\nRuleName: -\r\nUtcTime: 2023-09-05 12:28:34.887\r\nProcessGuid: {178446c4-1ef2-64f7-fa8d-010000001100}\r\nProcessId: 18144\r\nImage: C:\\Program Files\\Microsoft Office\\root\\Office16\\SDXHelper.exe\r\nFileVersion: 16.0.16626.20170\r\nDescription: Microsoft Office SDX Helper\r\nProduct: Microsoft Office\r\nCompany: Microsoft Corporation\r\nOriginalFileName: SDXHELPER.EXE\r\nCommandLine: \"C:\\Program Files\\Microsoft Office\\root\\Office16\\sdxhelper.exe\" /onlogon\r\nCurrentDirectory: C:\\Windows\\system32\\\r\nUser: foo-vm\\adminuser\r\nLogonGuid: {178446c4-8d94-6495-fdfa-190200000000}\r\nLogonId: 0x219FAFD\r\nTerminalSessionId: 2\r\nIntegrityLevel: High\r\nHashes: MD5=F924BBC6FBF646FA0478AEBE5D37504C,SHA256=4494AA7BF1058262F3D2F412B681AF2AF42E34490144FBFD0DB579D966B8FBB6,IMPHASH=0AE5922AFCEF4767754A10F016CD4B30\r\nParentProcessGuid: {178446c4-7a9f-6491-2800-000000001100}\r\nParentProcessId: 1772\r\nParentImage: C:\\Windows\\System32\\svchost.exe\r\nParentCommandLine: C:\\Windows\\system32\\svchost.exe -k netsvfoo -p -s Schedule\r\nParentUser: NT AUTHORITY\\SYSTEM",
      "provider": "Microsoft-Windows-Sysmon",
      "reason": "Microsoft Office SDX Helper"
    },
    "@timestamp": "2023-09-05T12:28:34.887000Z",
    "action": {
      "id": 1,
      "name": "Process creation",
      "properties": {
        "AccountName": "SYSTEM",
        "AccountType": "User",
        "Category": "Process Create (rule: ProcessCreate)",
        "Description": "Microsoft Office SDX Helper",
        "Domain": "NT AUTHORITY",
        "EventType": "INFO",
        "FileVersion": "16.0.16626.20170",
        "Image": "C:\\Program Files\\Microsoft Office\\root\\Office16\\SDXHelper.exe",
        "Keywords": "-9223372036854775808",
        "OpcodeValue": 0,
        "ParentImage": "C:\\Windows\\System32\\svchost.exe",
        "ProcessGuid": "{178446c4-1ef2-64f7-fa8d-010000001100}",
        "Product": "16.0.16626.20170",
        "ProviderGuid": "{5770385F-C22A-43E0-BF4C-06F5698FFBD9}",
        "Severity": "INFO",
        "SourceName": "Microsoft-Windows-Sysmon",
        "Task": "1",
        "User": "foo-vm\\adminuser"
      },
      "record_id": 13871322,
      "type": "Microsoft-Windows-Sysmon/Operational"
    },
    "host": {
      "hostname": "example",
      "name": "example.com"
    },
    "log": {
      "hostname": "example.com",
      "level": "info"
    },
    "os": {
      "family": "windows",
      "platform": "windows"
    },
    "process": {
      "command_line": "C:\\Program Files\\Microsoft Office\\root\\Office16\\sdxhelper.exe /onlogon",
      "executable": "C:\\Program Files\\Microsoft Office\\root\\Office16\\SDXHelper.exe",
      "hash": {
        "md5": "f924bbc6fbf646fa0478aebe5d37504c",
        "sha256": "4494aa7bf1058262f3d2f412b681af2af42e34490144fbfd0db579d966b8fbb6"
      },
      "id": 18144,
      "name": "SDXHelper.exe",
      "parent": {
        "command_line": "C:\\Windows\\system32\\svchost.exe -k netsvfoo -p -s Schedule",
        "executable": "C:\\Windows\\System32\\svchost.exe",
        "name": "svchost.exe",
        "working_directory": "C:\\Windows\\System32\\"
      },
      "pe": {
        "imphash": "0ae5922afcef4767754a10f016cd4b30"
      },
      "pid": 18144,
      "ppid": "1772",
      "thread": {
        "id": 748
      },
      "working_directory": "C:\\Windows\\system32\\"
    },
    "related": {
      "hash": [
        "4494aa7bf1058262f3d2f412b681af2af42e34490144fbfd0db579d966b8fbb6",
        "f924bbc6fbf646fa0478aebe5d37504c"
      ],
      "hosts": [
        "example"
      ],
      "user": [
        "adminuser"
      ]
    },
    "rule": {
      "name": "-"
    },
    "user": {
      "domain": "foo-vm",
      "id": "S-1-5-18",
      "name": "adminuser"
    }
  }
}