{
  "input": {
    "event": {
      "sekoiaio": {
        "intake": {
          "dialect": "Windows",
          "dialect_uuid": "9281438c-f7c3-4001-9bcc-45fd108ba1be"
        }
      }
    },
    "message": "{\"EventTime\":\"2010-10-15 16:52:28\",\"Hostname\":\"DESKTOP-FOOBARZ\",\"Keywords\":-9223372036854775808,\"EventType\":\"INFO\",\"SeverityValue\":2,\"Severity\":\"INFO\",\"EventID\":10,\"SourceName\":\"Microsoft-Windows-Sysmon\",\"ProviderGuid\":\"{5770385F-C22A-43E0-BF4C-06F5698FFBD9}\",\"Version\":3,\"Task\":10,\"OpcodeValue\":0,\"RecordNumber\":1481365,\"ProcessID\":9628,\"ThreadID\":10352,\"Channel\":\"Microsoft-Windows-Sysmon/Operational\",\"Domain\":\"AUTORITE NT\",\"AccountName\":\"Syst\u00e8me\",\"UserID\":\"S-1-5-18\",\"AccountType\":\"User\",\"Message\":\"Process accessed:\\r\\nRuleName: \\r\\nUtcTime: 2010-10-15 14:52:28.536\\r\\nSourceProcessGUID: {c8188de9-3743-5f84-0000-00100ef00000}\\r\\nSourceProcessId: 920\\r\\nSourceThreadId: 1052\\r\\nSourceImage: C:\\\\Windows\\\\System32\\\\VBoxService.exe\\r\\nTargetProcessGUID: {c8188de9-3771-5f84-0000-0010443b0900}\\r\\nTargetProcessId: 4324\\r\\nTargetImage: C:\\\\WINDOWS\\\\system32\\\\ctfmon.exe\\r\\nGrantedAccess: 0x1400\\r\\nCallTrace: C:\\\\WINDOWS\\\\SYSTEM32\\\\ntdll.dll+9c534|C:\\\\WINDOWS\\\\System32\\\\KERNELBASE.dll+305fe|C:\\\\Windows\\\\System32\\\\VBoxService.exe+12d8d|C:\\\\Windows\\\\System32\\\\VBoxService.exe+140cf|C:\\\\Windows\\\\System32\\\\VBoxService.exe+1435d|C:\\\\Windows\\\\System32\\\\VBoxService.exe+fc2b|C:\\\\Windows\\\\System32\\\\VBoxService.exe+1071a|C:\\\\Windows\\\\System32\\\\VBoxService.exe+17fe|C:\\\\Windows\\\\System32\\\\VBoxService.exe+31c1f|C:\\\\Windows\\\\System32\\\\VBoxService.exe+35682|C:\\\\Windows\\\\System32\\\\VBoxService.exe+fbbeb|C:\\\\Windows\\\\System32\\\\VBoxService.exe+fbc7f|C:\\\\WINDOWS\\\\System32\\\\KERNEL32.DLL+17bd4|C:\\\\WINDOWS\\\\SYSTEM32\\\\ntdll.dll+6ce51\",\"Category\":\"Process accessed (rule: ProcessAccess)\",\"Opcode\":\"Informations\",\"UtcTime\":\"2010-10-15 14:52:28.536\",\"SourceProcessGUID\":\"{c8188de9-3743-5f84-0000-00100ef00000}\",\"SourceProcessId\":\"920\",\"SourceThreadId\":\"1052\",\"SourceImage\":\"C:\\\\Windows\\\\System32\\\\VBoxService.exe\",\"TargetProcessGUID\":\"{c8188de9-3771-5f84-0000-0010443b0900}\",\"TargetProcessId\":\"4324\",\"TargetImage\":\"C:\\\\WINDOWS\\\\system32\\\\ctfmon.exe\",\"GrantedAccess\":\"0x1400\",\"CallTrace\":\"C:\\\\WINDOWS\\\\SYSTEM32\\\\ntdll.dll+9c534|C:\\\\WINDOWS\\\\System32\\\\KERNELBASE.dll+305fe|C:\\\\Windows\\\\System32\\\\VBoxService.exe+12d8d|C:\\\\Windows\\\\System32\\\\VBoxService.exe+140cf|C:\\\\Windows\\\\System32\\\\VBoxService.exe+1435d|C:\\\\Windows\\\\System32\\\\VBoxService.exe+fc2b|C:\\\\Windows\\\\System32\\\\VBoxService.exe+1071a|C:\\\\Windows\\\\System32\\\\VBoxService.exe+17fe|C:\\\\Windows\\\\System32\\\\VBoxService.exe+31c1f|C:\\\\Windows\\\\System32\\\\VBoxService.exe+35682|C:\\\\Windows\\\\System32\\\\VBoxService.exe+fbbeb|C:\\\\Windows\\\\System32\\\\VBoxService.exe+fbc7f|C:\\\\WINDOWS\\\\System32\\\\KERNEL32.DLL+17bd4|C:\\\\WINDOWS\\\\SYSTEM32\\\\ntdll.dll+6ce51\",\"EventReceivedTime\":\"2010-10-15 16:56:02\",\"SourceModuleName\":\"eventlog\",\"SourceModuleType\":\"im_msvistalog\"}"
  },
  "expected": {
    "event": {
      "code": 10,
      "provider": "Microsoft-Windows-Sysmon",
      "message": "Process accessed:\r\nRuleName: \r\nUtcTime: 2010-10-15 14:52:28.536\r\nSourceProcessGUID: {c8188de9-3743-5f84-0000-00100ef00000}\r\nSourceProcessId: 920\r\nSourceThreadId: 1052\r\nSourceImage: C:\\Windows\\System32\\VBoxService.exe\r\nTargetProcessGUID: {c8188de9-3771-5f84-0000-0010443b0900}\r\nTargetProcessId: 4324\r\nTargetImage: C:\\WINDOWS\\system32\\ctfmon.exe\r\nGrantedAccess: 0x1400\r\nCallTrace: C:\\WINDOWS\\SYSTEM32\\ntdll.dll+9c534|C:\\WINDOWS\\System32\\KERNELBASE.dll+305fe|C:\\Windows\\System32\\VBoxService.exe+12d8d|C:\\Windows\\System32\\VBoxService.exe+140cf|C:\\Windows\\System32\\VBoxService.exe+1435d|C:\\Windows\\System32\\VBoxService.exe+fc2b|C:\\Windows\\System32\\VBoxService.exe+1071a|C:\\Windows\\System32\\VBoxService.exe+17fe|C:\\Windows\\System32\\VBoxService.exe+31c1f|C:\\Windows\\System32\\VBoxService.exe+35682|C:\\Windows\\System32\\VBoxService.exe+fbbeb|C:\\Windows\\System32\\VBoxService.exe+fbc7f|C:\\WINDOWS\\System32\\KERNEL32.DLL+17bd4|C:\\WINDOWS\\SYSTEM32\\ntdll.dll+6ce51",
      "created": "2011-04-23T20:02:05.017771Z",
      "id": "10f0afe9-98a1-4226-a6bd-8f70d461d430"
    },
    "log": {
      "hostname": "DESKTOP-FOOBARZ",
      "level": "info"
    },
    "message": "{\"EventTime\":\"2010-10-15 16:52:28\",\"Hostname\":\"DESKTOP-FOOBARZ\",\"Keywords\":-9223372036854775808,\"EventType\":\"INFO\",\"SeverityValue\":2,\"Severity\":\"INFO\",\"EventID\":10,\"SourceName\":\"Microsoft-Windows-Sysmon\",\"ProviderGuid\":\"{5770385F-C22A-43E0-BF4C-06F5698FFBD9}\",\"Version\":3,\"Task\":10,\"OpcodeValue\":0,\"RecordNumber\":1481365,\"ProcessID\":9628,\"ThreadID\":10352,\"Channel\":\"Microsoft-Windows-Sysmon/Operational\",\"Domain\":\"AUTORITE NT\",\"AccountName\":\"Syst\u00e8me\",\"UserID\":\"S-1-5-18\",\"AccountType\":\"User\",\"Message\":\"Process accessed:\\r\\nRuleName: \\r\\nUtcTime: 2010-10-15 14:52:28.536\\r\\nSourceProcessGUID: {c8188de9-3743-5f84-0000-00100ef00000}\\r\\nSourceProcessId: 920\\r\\nSourceThreadId: 1052\\r\\nSourceImage: C:\\\\Windows\\\\System32\\\\VBoxService.exe\\r\\nTargetProcessGUID: {c8188de9-3771-5f84-0000-0010443b0900}\\r\\nTargetProcessId: 4324\\r\\nTargetImage: C:\\\\WINDOWS\\\\system32\\\\ctfmon.exe\\r\\nGrantedAccess: 0x1400\\r\\nCallTrace: C:\\\\WINDOWS\\\\SYSTEM32\\\\ntdll.dll+9c534|C:\\\\WINDOWS\\\\System32\\\\KERNELBASE.dll+305fe|C:\\\\Windows\\\\System32\\\\VBoxService.exe+12d8d|C:\\\\Windows\\\\System32\\\\VBoxService.exe+140cf|C:\\\\Windows\\\\System32\\\\VBoxService.exe+1435d|C:\\\\Windows\\\\System32\\\\VBoxService.exe+fc2b|C:\\\\Windows\\\\System32\\\\VBoxService.exe+1071a|C:\\\\Windows\\\\System32\\\\VBoxService.exe+17fe|C:\\\\Windows\\\\System32\\\\VBoxService.exe+31c1f|C:\\\\Windows\\\\System32\\\\VBoxService.exe+35682|C:\\\\Windows\\\\System32\\\\VBoxService.exe+fbbeb|C:\\\\Windows\\\\System32\\\\VBoxService.exe+fbc7f|C:\\\\WINDOWS\\\\System32\\\\KERNEL32.DLL+17bd4|C:\\\\WINDOWS\\\\SYSTEM32\\\\ntdll.dll+6ce51\",\"Category\":\"Process accessed (rule: ProcessAccess)\",\"Opcode\":\"Informations\",\"UtcTime\":\"2010-10-15 14:52:28.536\",\"SourceProcessGUID\":\"{c8188de9-3743-5f84-0000-00100ef00000}\",\"SourceProcessId\":\"920\",\"SourceThreadId\":\"1052\",\"SourceImage\":\"C:\\\\Windows\\\\System32\\\\VBoxService.exe\",\"TargetProcessGUID\":\"{c8188de9-3771-5f84-0000-0010443b0900}\",\"TargetProcessId\":\"4324\",\"TargetImage\":\"C:\\\\WINDOWS\\\\system32\\\\ctfmon.exe\",\"GrantedAccess\":\"0x1400\",\"CallTrace\":\"C:\\\\WINDOWS\\\\SYSTEM32\\\\ntdll.dll+9c534|C:\\\\WINDOWS\\\\System32\\\\KERNELBASE.dll+305fe|C:\\\\Windows\\\\System32\\\\VBoxService.exe+12d8d|C:\\\\Windows\\\\System32\\\\VBoxService.exe+140cf|C:\\\\Windows\\\\System32\\\\VBoxService.exe+1435d|C:\\\\Windows\\\\System32\\\\VBoxService.exe+fc2b|C:\\\\Windows\\\\System32\\\\VBoxService.exe+1071a|C:\\\\Windows\\\\System32\\\\VBoxService.exe+17fe|C:\\\\Windows\\\\System32\\\\VBoxService.exe+31c1f|C:\\\\Windows\\\\System32\\\\VBoxService.exe+35682|C:\\\\Windows\\\\System32\\\\VBoxService.exe+fbbeb|C:\\\\Windows\\\\System32\\\\VBoxService.exe+fbc7f|C:\\\\WINDOWS\\\\System32\\\\KERNEL32.DLL+17bd4|C:\\\\WINDOWS\\\\SYSTEM32\\\\ntdll.dll+6ce51\",\"EventReceivedTime\":\"2010-10-15 16:56:02\",\"SourceModuleName\":\"eventlog\",\"SourceModuleType\":\"im_msvistalog\"}",
    "action": {
      "id": 10,
      "name": "ProcessAccess",
      "record_id": 1481365,
      "type": "Microsoft-Windows-Sysmon/Operational",
      "properties": [
        {
          "AccountName": "Syst\u00e8me",
          "ProviderGuid": "{5770385F-C22A-43E0-BF4C-06F5698FFBD9}",
          "SourceName": "Microsoft-Windows-Sysmon",
          "Task": 10,
          "Severity": "INFO",
          "EventType": "INFO",
          "AccountType": "User",
          "OpcodeValue": 0,
          "GrantedAccess": "0x1400",
          "Keywords": "-9223372036854775808",
          "SourceProcessId": "920",
          "TargetImage": "c:\\windows\\system32\\ctfmon.exe",
          "TargetProcessId": "4324",
          "SourceImage": "c:\\windows\\system32\\vboxservice.exe",
          "CallTrace": "c:\\windows\\system32\\ntdll.dll+9c534|c:\\windows\\system32\\kernelbase.dll+305fe|c:\\windows\\system32\\vboxservice.exe+12d8d|c:\\windows\\system32\\vboxservice.exe+140cf|c:\\windows\\system32\\vboxservice.exe+1435d|c:\\windows\\system32\\vboxservice.exe+fc2b|c:\\windows\\system32\\vboxservice.exe+1071a|c:\\windows\\system32\\vboxservice.exe+17fe|c:\\windows\\system32\\vboxservice.exe+31c1f|c:\\windows\\system32\\vboxservice.exe+35682|c:\\windows\\system32\\vboxservice.exe+fbbeb|c:\\windows\\system32\\vboxservice.exe+fbc7f|c:\\windows\\system32\\kernel32.dll+17bd4|c:\\windows\\system32\\ntdll.dll+6ce51"
        }
      ]
    },
    "process": {
      "id": 920,
      "pid": 920,
      "executable": "c:\\windows\\system32\\vboxservice.exe",
      "working_directory": "c:\\windows\\system32\\",
      "name": "vboxservice.exe"
    },
    "os": {
      "family": "windows",
      "platform": "windows"
    },
    "user": {
      "id": "S-1-5-18",
      "name": "Syst\u00e8me",
      "domain": "AUTORITE NT"
    },
    "type": "kafka",
    "related": {
      "user": [
        "Syst\u00e8me"
      ]
    },
    "sekoiaio": {
      "intake": {
        "parsing_status": "success"
      }
    },
    "host": {
      "hostname": "DESKTOP-FOOBARZ",
      "name": "DESKTOP-FOOBARZ"
    }
  }
}