{
  "input": {
    "message": "{\"EventTime\":\"2011-05-11 17:36:44\",\"Hostname\":\"PCFOO4019.Comte.local\",\"Keywords\":-9223372036854775808,\"EventType\":\"INFO\",\"SeverityValue\":2,\"Severity\":\"INFO\",\"EventID\":15,\"SourceName\":\"Microsoft-Windows-Sysmon\",\"ProviderGuid\":\"{5770385F-C22A-43E0-BF4C-06F5698FFBD9}\",\"Version\":2,\"Task\":15,\"OpcodeValue\":0,\"RecordNumber\":111672,\"ProcessID\":5288,\"ThreadID\":6860,\"Channel\":\"Microsoft-Windows-Sysmon/Operational\",\"Domain\":\"AUTORITE NT\",\"AccountName\":\"Syst\u00e8me\",\"UserID\":\"S-1-5-18\",\"AccountType\":\"User\",\"Message\":\"File stream created:\\r\\nRuleName: -\\r\\nUtcTime: 2011-05-11 15:36:44.305\\r\\nProcessGuid: {3cb7cf38-a48b-609a-490c-000000002a00}\\r\\nProcessId: 3768\\r\\nImage: C:\\\\Program Files\\\\Google\\\\Chrome\\\\Application\\\\chrome.exe\\r\\nTargetFilename: C:\\\\Users\\\\Pipin_Touque\\\\Downloads\\\\HOSTFOO avril 2011_Plan d \u00e9pargne entreprise_1400085 (4).zip:Zone.Identifier\\r\\nCreationUtcTime: 2011-05-11 15:36:43.452\\r\\nHash: MD5=C570199C8261A913BBAA5C7D5020498B,SHA256=0454B363C7F09FF5AB778F07DF4F5FA123CC73E950283234717C50066CB62EA7,IMPHASH=00000000000000000000000000000000\\r\\nContents: [ZoneTransfer]  ZoneId=3  HostUrl=https://entreprises.interepargne.natixis.com/  \",\"Category\":\"File stream created (rule: FileCreateStreamHash)\",\"Opcode\":\"Informations\",\"RuleName\":\"-\",\"UtcTime\":\"2011-05-11 15:36:44.305\",\"ProcessGuid\":\"{3cb7cf38-a48b-609a-490c-000000002a00}\",\"Image\":\"C:\\\\Program Files\\\\Google\\\\Chrome\\\\Application\\\\chrome.exe\",\"TargetFilename\":\"C:\\\\Users\\\\Pipin_Touque\\\\Downloads\\\\HOSTFOO avril 2011_Plan d \u00e9pargne entreprise_1400085 (4).zip:Zone.Identifier\",\"CreationUtcTime\":\"2011-05-11 15:36:43.452\",\"Hash\":\"MD5=C570199C8261A913BBAA5C7D5020498B,SHA256=0454B363C7F09FF5AB778F07DF4F5FA123CC73E950283234717C50066CB62EA7,IMPHASH=00000000000000000000000000000000\",\"Contents\":\"[ZoneTransfer]  ZoneId=3  HostUrl=https://entreprises.interepargne.natixis.com/  \",\"EventReceivedTime\":\"2011-05-11 17:36:44\",\"SourceModuleName\":\"evtx_win\",\"SourceModuleType\":\"im_msvistalog\"}"
  },
  "expected": {
    "message": "{\"EventTime\":\"2011-05-11 17:36:44\",\"Hostname\":\"PCFOO4019.Comte.local\",\"Keywords\":-9223372036854775808,\"EventType\":\"INFO\",\"SeverityValue\":2,\"Severity\":\"INFO\",\"EventID\":15,\"SourceName\":\"Microsoft-Windows-Sysmon\",\"ProviderGuid\":\"{5770385F-C22A-43E0-BF4C-06F5698FFBD9}\",\"Version\":2,\"Task\":15,\"OpcodeValue\":0,\"RecordNumber\":111672,\"ProcessID\":5288,\"ThreadID\":6860,\"Channel\":\"Microsoft-Windows-Sysmon/Operational\",\"Domain\":\"AUTORITE NT\",\"AccountName\":\"Syst\u00e8me\",\"UserID\":\"S-1-5-18\",\"AccountType\":\"User\",\"Message\":\"File stream created:\\r\\nRuleName: -\\r\\nUtcTime: 2011-05-11 15:36:44.305\\r\\nProcessGuid: {3cb7cf38-a48b-609a-490c-000000002a00}\\r\\nProcessId: 3768\\r\\nImage: C:\\\\Program Files\\\\Google\\\\Chrome\\\\Application\\\\chrome.exe\\r\\nTargetFilename: C:\\\\Users\\\\Pipin_Touque\\\\Downloads\\\\HOSTFOO avril 2011_Plan d \u00e9pargne entreprise_1400085 (4).zip:Zone.Identifier\\r\\nCreationUtcTime: 2011-05-11 15:36:43.452\\r\\nHash: MD5=C570199C8261A913BBAA5C7D5020498B,SHA256=0454B363C7F09FF5AB778F07DF4F5FA123CC73E950283234717C50066CB62EA7,IMPHASH=00000000000000000000000000000000\\r\\nContents: [ZoneTransfer]  ZoneId=3  HostUrl=https://entreprises.interepargne.natixis.com/  \",\"Category\":\"File stream created (rule: FileCreateStreamHash)\",\"Opcode\":\"Informations\",\"RuleName\":\"-\",\"UtcTime\":\"2011-05-11 15:36:44.305\",\"ProcessGuid\":\"{3cb7cf38-a48b-609a-490c-000000002a00}\",\"Image\":\"C:\\\\Program Files\\\\Google\\\\Chrome\\\\Application\\\\chrome.exe\",\"TargetFilename\":\"C:\\\\Users\\\\Pipin_Touque\\\\Downloads\\\\HOSTFOO avril 2011_Plan d \u00e9pargne entreprise_1400085 (4).zip:Zone.Identifier\",\"CreationUtcTime\":\"2011-05-11 15:36:43.452\",\"Hash\":\"MD5=C570199C8261A913BBAA5C7D5020498B,SHA256=0454B363C7F09FF5AB778F07DF4F5FA123CC73E950283234717C50066CB62EA7,IMPHASH=00000000000000000000000000000000\",\"Contents\":\"[ZoneTransfer]  ZoneId=3  HostUrl=https://entreprises.interepargne.natixis.com/  \",\"EventReceivedTime\":\"2011-05-11 17:36:44\",\"SourceModuleName\":\"evtx_win\",\"SourceModuleType\":\"im_msvistalog\"}",
    "event": {
      "code": "15",
      "message": "File stream created:\r\nRuleName: -\r\nUtcTime: 2011-05-11 15:36:44.305\r\nProcessGuid: {3cb7cf38-a48b-609a-490c-000000002a00}\r\nProcessId: 3768\r\nImage: C:\\Program Files\\Google\\Chrome\\Application\\chrome.exe\r\nTargetFilename: C:\\Users\\Pipin_Touque\\Downloads\\HOSTFOO avril 2011_Plan d \u00e9pargne entreprise_1400085 (4).zip:Zone.Identifier\r\nCreationUtcTime: 2011-05-11 15:36:43.452\r\nHash: MD5=C570199C8261A913BBAA5C7D5020498B,SHA256=0454B363C7F09FF5AB778F07DF4F5FA123CC73E950283234717C50066CB62EA7,IMPHASH=00000000000000000000000000000000\r\nContents: [ZoneTransfer]  ZoneId=3  HostUrl=https://entreprises.interepargne.natixis.com/  ",
      "provider": "Microsoft-Windows-Sysmon"
    },
    "@timestamp": "2011-05-11T15:36:44.305000Z",
    "action": {
      "id": 15,
      "name": "FileCreateStreamHash",
      "properties": {
        "AccountName": "Syst\u00e8me",
        "AccountType": "User",
        "Category": "File stream created (rule: FileCreateStreamHash)",
        "Content": "ZoneTransfer",
        "Domain": "AUTORITE NT",
        "EventType": "INFO",
        "Hash": "MD5=C570199C8261A913BBAA5C7D5020498B,SHA256=0454B363C7F09FF5AB778F07DF4F5FA123CC73E950283234717C50066CB62EA7,IMPHASH=00000000000000000000000000000000",
        "HostUrl": "https://entreprises.interepargne.natixis.com/",
        "Image": "C:\\Program Files\\Google\\Chrome\\Application\\chrome.exe",
        "Keywords": "-9223372036854775808",
        "OpcodeValue": 0,
        "ProcessGuid": "{3cb7cf38-a48b-609a-490c-000000002a00}",
        "ProviderGuid": "{5770385F-C22A-43E0-BF4C-06F5698FFBD9}",
        "Severity": "INFO",
        "SourceName": "Microsoft-Windows-Sysmon",
        "TargetFilename": "C:\\Users\\Pipin_Touque\\Downloads\\HOSTFOO avril 2011_Plan d \u00e9pargne entreprise_1400085 (4).zip:Zone.Identifier",
        "Task": 15,
        "ZoneId": "3"
      },
      "record_id": 111672,
      "type": "Microsoft-Windows-Sysmon/Operational"
    },
    "file": {
      "created": "2011-05-11T15:36:43.452000Z",
      "hash": {
        "md5": "c570199c8261a913bbaa5c7d5020498b",
        "sha256": "0454b363c7f09ff5ab778f07df4f5fa123cc73e950283234717c50066cb62ea7"
      },
      "name": "HOSTFOO avril 2011_Plan d \u00e9pargne entreprise_1400085 (4).zip:Zone.Identifier",
      "path": "C:\\Users\\Pipin_Touque\\Downloads\\HOSTFOO avril 2011_Plan d \u00e9pargne entreprise_1400085 (4).zip:Zone.Identifier",
      "pe": {
        "imphash": "00000000000000000000000000000000"
      }
    },
    "host": {
      "hostname": "PCFOO4019.Comte.local",
      "name": "PCFOO4019.Comte.local"
    },
    "log": {
      "hostname": "PCFOO4019.Comte.local",
      "level": "info"
    },
    "os": {
      "family": "windows",
      "platform": "windows"
    },
    "process": {
      "executable": "C:\\Program Files\\Google\\Chrome\\Application\\chrome.exe",
      "id": 3768,
      "name": "chrome.exe",
      "pid": 3768,
      "thread": {
        "id": 6860
      },
      "working_directory": "C:\\Program Files\\Google\\Chrome\\Application\\"
    },
    "related": {
      "hash": [
        "0454b363c7f09ff5ab778f07df4f5fa123cc73e950283234717c50066cb62ea7",
        "c570199c8261a913bbaa5c7d5020498b"
      ],
      "hosts": [
        "PCFOO4019.Comte.local"
      ],
      "user": [
        "Syst\u00e8me"
      ]
    },
    "user": {
      "domain": "AUTORITE NT",
      "id": "S-1-5-18",
      "name": "Syst\u00e8me"
    }
  }
}