{
  "input": {
    "message": "{\"EventTime\":\"2010-12-08 14:12:27\",\"Hostname\":\"DESKTOP-FOOBARZ\",\"Keywords\":-9223372036854775808,\"EventType\":\"INFO\",\"SeverityValue\":2,\"Severity\":\"INFO\",\"EventID\":7,\"SourceName\":\"Microsoft-Windows-Sysmon\",\"ProviderGuid\":\"{5770385F-C22A-43E0-BF4C-06F5698FFBD9}\",\"Version\":3,\"Task\":7,\"OpcodeValue\":0,\"RecordNumber\":3035010,\"ProcessID\":10164,\"ThreadID\":5408,\"Channel\":\"Microsoft-Windows-Sysmon/Operational\",\"Domain\":\"AUTORITE NT\",\"AccountName\":\"Syst\u00e8me\",\"UserID\":\"S-1-5-18\",\"AccountType\":\"User\",\"Message\":\"Image loaded:\\r\\nRuleName: \\r\\nUtcTime: 2010-12-08 13:12:27.356\\r\\nProcessGuid: {c8188de9-7bbb-5fcf-0000-0010f7277203}\\r\\nProcessId: 10540\\r\\nImage: C:\\\\Program Files\\\\WindowsApps\\\\microsoft.windowscommunicationsapps_16005.13228.41011.0_x64__8wekyb3d8bbwe\\\\HxTsr.exe\\r\\nImageLoaded: C:\\\\Windows\\\\System32\\\\bcryptprimitives.dll\\r\\nFileVersion: 10.0.18362.836 (WinBuild.160101.0800)\\r\\nDescription: Windows Cryptographic Primitives Library\\r\\nProduct: Microsoft\u00c2\u00ae Windows\u00c2\u00ae Operating System\\r\\nCompany: Microsoft Corporation\\r\\nOriginalFileName: bcryptprimitives.dll\\r\\nHashes: MD5=EF2BBEAFF07D32A2EC77FB4602FA9664,SHA256=6B47F3E88CDEDF8F31F91940E38A4544818C79D153323262F9F46B21F41D262C\\r\\nSigned: true\\r\\nSignature: Microsoft Windows\\r\\nSignatureStatus: Valid\",\"Category\":\"Image loaded (rule: ImageLoad)\",\"Opcode\":\"Informations\",\"UtcTime\":\"2010-12-08 13:12:27.356\",\"ProcessGuid\":\"{c8188de9-7bbb-5fcf-0000-0010f7277203}\",\"Image\":\"C:\\\\Program Files\\\\WindowsApps\\\\microsoft.windowscommunicationsapps_16005.13228.41011.0_x64__8wekyb3d8bbwe\\\\HxTsr.exe\",\"ImageLoaded\":\"C:\\\\Windows\\\\System32\\\\bcryptprimitives.dll\",\"FileVersion\":\"10.0.18362.836 (WinBuild.160101.0800)\",\"Description\":\"Windows Cryptographic Primitives Library\",\"Product\":\"Microsoft\u00c2\u00ae Windows\u00c2\u00ae Operating System\",\"Company\":\"Microsoft Corporation\",\"OriginalFileName\":\"bcryptprimitives.dll\",\"Hashes\":\"MD5=EF2BBEAFF07D32A2EC77FB4602FA9664,SHA256=6B47F3E88CDEDF8F31F91940E38A4544818C79D153323262F9F46B21F41D262C\",\"Signed\":\"true\",\"Signature\":\"Microsoft Windows\",\"SignatureStatus\":\"Valid\",\"EventReceivedTime\":\"2010-12-08 14:20:43\",\"SourceModuleName\":\"eventlog\",\"SourceModuleType\":\"im_msvistalog\"}"
  },
  "expected": {
    "message": "{\"EventTime\":\"2010-12-08 14:12:27\",\"Hostname\":\"DESKTOP-FOOBARZ\",\"Keywords\":-9223372036854775808,\"EventType\":\"INFO\",\"SeverityValue\":2,\"Severity\":\"INFO\",\"EventID\":7,\"SourceName\":\"Microsoft-Windows-Sysmon\",\"ProviderGuid\":\"{5770385F-C22A-43E0-BF4C-06F5698FFBD9}\",\"Version\":3,\"Task\":7,\"OpcodeValue\":0,\"RecordNumber\":3035010,\"ProcessID\":10164,\"ThreadID\":5408,\"Channel\":\"Microsoft-Windows-Sysmon/Operational\",\"Domain\":\"AUTORITE NT\",\"AccountName\":\"Syst\u00e8me\",\"UserID\":\"S-1-5-18\",\"AccountType\":\"User\",\"Message\":\"Image loaded:\\r\\nRuleName: \\r\\nUtcTime: 2010-12-08 13:12:27.356\\r\\nProcessGuid: {c8188de9-7bbb-5fcf-0000-0010f7277203}\\r\\nProcessId: 10540\\r\\nImage: C:\\\\Program Files\\\\WindowsApps\\\\microsoft.windowscommunicationsapps_16005.13228.41011.0_x64__8wekyb3d8bbwe\\\\HxTsr.exe\\r\\nImageLoaded: C:\\\\Windows\\\\System32\\\\bcryptprimitives.dll\\r\\nFileVersion: 10.0.18362.836 (WinBuild.160101.0800)\\r\\nDescription: Windows Cryptographic Primitives Library\\r\\nProduct: Microsoft\u00c2\u00ae Windows\u00c2\u00ae Operating System\\r\\nCompany: Microsoft Corporation\\r\\nOriginalFileName: bcryptprimitives.dll\\r\\nHashes: MD5=EF2BBEAFF07D32A2EC77FB4602FA9664,SHA256=6B47F3E88CDEDF8F31F91940E38A4544818C79D153323262F9F46B21F41D262C\\r\\nSigned: true\\r\\nSignature: Microsoft Windows\\r\\nSignatureStatus: Valid\",\"Category\":\"Image loaded (rule: ImageLoad)\",\"Opcode\":\"Informations\",\"UtcTime\":\"2010-12-08 13:12:27.356\",\"ProcessGuid\":\"{c8188de9-7bbb-5fcf-0000-0010f7277203}\",\"Image\":\"C:\\\\Program Files\\\\WindowsApps\\\\microsoft.windowscommunicationsapps_16005.13228.41011.0_x64__8wekyb3d8bbwe\\\\HxTsr.exe\",\"ImageLoaded\":\"C:\\\\Windows\\\\System32\\\\bcryptprimitives.dll\",\"FileVersion\":\"10.0.18362.836 (WinBuild.160101.0800)\",\"Description\":\"Windows Cryptographic Primitives Library\",\"Product\":\"Microsoft\u00c2\u00ae Windows\u00c2\u00ae Operating System\",\"Company\":\"Microsoft Corporation\",\"OriginalFileName\":\"bcryptprimitives.dll\",\"Hashes\":\"MD5=EF2BBEAFF07D32A2EC77FB4602FA9664,SHA256=6B47F3E88CDEDF8F31F91940E38A4544818C79D153323262F9F46B21F41D262C\",\"Signed\":\"true\",\"Signature\":\"Microsoft Windows\",\"SignatureStatus\":\"Valid\",\"EventReceivedTime\":\"2010-12-08 14:20:43\",\"SourceModuleName\":\"eventlog\",\"SourceModuleType\":\"im_msvistalog\"}",
    "event": {
      "code": "7",
      "message": "Image loaded:\r\nRuleName: \r\nUtcTime: 2010-12-08 13:12:27.356\r\nProcessGuid: {c8188de9-7bbb-5fcf-0000-0010f7277203}\r\nProcessId: 10540\r\nImage: C:\\Program Files\\WindowsApps\\microsoft.windowscommunicationsapps_16005.13228.41011.0_x64__8wekyb3d8bbwe\\HxTsr.exe\r\nImageLoaded: C:\\Windows\\System32\\bcryptprimitives.dll\r\nFileVersion: 10.0.18362.836 (WinBuild.160101.0800)\r\nDescription: Windows Cryptographic Primitives Library\r\nProduct: Microsoft\u00c2\u00ae Windows\u00c2\u00ae Operating System\r\nCompany: Microsoft Corporation\r\nOriginalFileName: bcryptprimitives.dll\r\nHashes: MD5=EF2BBEAFF07D32A2EC77FB4602FA9664,SHA256=6B47F3E88CDEDF8F31F91940E38A4544818C79D153323262F9F46B21F41D262C\r\nSigned: true\r\nSignature: Microsoft Windows\r\nSignatureStatus: Valid",
      "provider": "Microsoft-Windows-Sysmon",
      "reason": "Windows Cryptographic Primitives Library"
    },
    "@timestamp": "2010-12-08T13:12:27.356000Z",
    "action": {
      "id": 7,
      "name": "Image loaded",
      "properties": {
        "AccountName": "Syst\u00e8me",
        "AccountType": "User",
        "Category": "Image loaded (rule: ImageLoad)",
        "Description": "Windows Cryptographic Primitives Library",
        "Domain": "AUTORITE NT",
        "EventType": "INFO",
        "FileVersion": "10.0.18362.836 (WinBuild.160101.0800)",
        "Image": "C:\\Program Files\\WindowsApps\\microsoft.windowscommunicationsapps_16005.13228.41011.0_x64__8wekyb3d8bbwe\\HxTsr.exe",
        "ImageLoaded": "C:\\Windows\\System32\\bcryptprimitives.dll",
        "Keywords": "-9223372036854775808",
        "OpcodeValue": 0,
        "ProcessGuid": "{c8188de9-7bbb-5fcf-0000-0010f7277203}",
        "Product": "10.0.18362.836 (WinBuild.160101.0800)",
        "ProviderGuid": "{5770385F-C22A-43E0-BF4C-06F5698FFBD9}",
        "Severity": "INFO",
        "Signature": "Microsoft Windows",
        "SignatureStatus": "Valid",
        "Signed": "true",
        "SourceName": "Microsoft-Windows-Sysmon",
        "Task": 7
      },
      "record_id": 3035010,
      "type": "Microsoft-Windows-Sysmon/Operational"
    },
    "dll": {
      "hash": {
        "md5": "ef2bbeaff07d32a2ec77fb4602fa9664",
        "sha256": "6b47f3e88cdedf8f31f91940e38a4544818c79d153323262f9f46b21f41d262c"
      },
      "name": "bcryptprimitives.dll",
      "path": "C:\\Windows\\System32\\bcryptprimitives.dll"
    },
    "host": {
      "hostname": "DESKTOP-FOOBARZ",
      "name": "DESKTOP-FOOBARZ"
    },
    "log": {
      "hostname": "DESKTOP-FOOBARZ",
      "level": "info"
    },
    "os": {
      "family": "windows",
      "platform": "windows"
    },
    "process": {
      "executable": "C:\\Program Files\\WindowsApps\\microsoft.windowscommunicationsapps_16005.13228.41011.0_x64__8wekyb3d8bbwe\\HxTsr.exe",
      "id": 10540,
      "name": "HxTsr.exe",
      "pid": 10540,
      "thread": {
        "id": 5408
      },
      "working_directory": "C:\\Program Files\\WindowsApps\\microsoft.windowscommunicationsapps_16005.13228.41011.0_x64__8wekyb3d8bbwe\\"
    },
    "related": {
      "hash": [
        "6b47f3e88cdedf8f31f91940e38a4544818c79d153323262f9f46b21f41d262c",
        "ef2bbeaff07d32a2ec77fb4602fa9664"
      ],
      "hosts": [
        "DESKTOP-FOOBARZ"
      ],
      "user": [
        "Syst\u00e8me"
      ]
    },
    "user": {
      "domain": "AUTORITE NT",
      "id": "S-1-5-18",
      "name": "Syst\u00e8me"
    }
  }
}