{
  "input": {
    "message": "{\"EventTime\":\"2010-12-16 12:36:40\",\"Hostname\":\"DESKTOP-FOOBARZ\",\"Keywords\":-9223372036854775808,\"EventType\":\"INFO\",\"SeverityValue\":2,\"Severity\":\"INFO\",\"EventID\":17,\"SourceName\":\"Microsoft-Windows-Sysmon\",\"ProviderGuid\":\"{5770385F-C22A-43E0-BF4C-06F5698FFBD9}\",\"Version\":1,\"Task\":17,\"OpcodeValue\":0,\"RecordNumber\":1148,\"ProcessID\":8764,\"ThreadID\":2780,\"Channel\":\"Microsoft-Windows-Sysmon/Operational\",\"Domain\":\"NT AUTHORITY\",\"AccountName\":\"SYSTEM\",\"UserID\":\"S-1-5-18\",\"AccountType\":\"User\",\"Message\":\"Pipe Created:\\r\\nRuleName: -\\r\\nEventType: CreatePipe\\r\\nUtcTime: 2010-12-16 11:36:40.267\\r\\nProcessGuid: {FC729081-EDD6-5FD9-3D00-000000000500}\\r\\nProcessId: 2584\\r\\nPipeName: \\\\wkssvc\\r\\nImage: c:\\\\windows\\\\system32\\\\svchost.exe\",\"Category\":\"Pipe Created (rule: PipeEvent)\",\"Opcode\":\"Info\",\"RuleName\":\"-\",\"UtcTime\":\"2010-12-16 11:36:40.267\",\"ProcessGuid\":\"{FC729081-EDD6-5FD9-3D00-000000000500}\",\"PipeName\":\"\\\\wkssvc\",\"Image\":\"c:\\\\windows\\\\system32\\\\svchost.exe\",\"EventReceivedTime\":\"2010-12-16 12:36:42\",\"SourceModuleName\":\"eventlog4\",\"SourceModuleType\":\"im_msvistalog\"}"
  },
  "expected": {
    "message": "{\"EventTime\":\"2010-12-16 12:36:40\",\"Hostname\":\"DESKTOP-FOOBARZ\",\"Keywords\":-9223372036854775808,\"EventType\":\"INFO\",\"SeverityValue\":2,\"Severity\":\"INFO\",\"EventID\":17,\"SourceName\":\"Microsoft-Windows-Sysmon\",\"ProviderGuid\":\"{5770385F-C22A-43E0-BF4C-06F5698FFBD9}\",\"Version\":1,\"Task\":17,\"OpcodeValue\":0,\"RecordNumber\":1148,\"ProcessID\":8764,\"ThreadID\":2780,\"Channel\":\"Microsoft-Windows-Sysmon/Operational\",\"Domain\":\"NT AUTHORITY\",\"AccountName\":\"SYSTEM\",\"UserID\":\"S-1-5-18\",\"AccountType\":\"User\",\"Message\":\"Pipe Created:\\r\\nRuleName: -\\r\\nEventType: CreatePipe\\r\\nUtcTime: 2010-12-16 11:36:40.267\\r\\nProcessGuid: {FC729081-EDD6-5FD9-3D00-000000000500}\\r\\nProcessId: 2584\\r\\nPipeName: \\\\wkssvc\\r\\nImage: c:\\\\windows\\\\system32\\\\svchost.exe\",\"Category\":\"Pipe Created (rule: PipeEvent)\",\"Opcode\":\"Info\",\"RuleName\":\"-\",\"UtcTime\":\"2010-12-16 11:36:40.267\",\"ProcessGuid\":\"{FC729081-EDD6-5FD9-3D00-000000000500}\",\"PipeName\":\"\\\\wkssvc\",\"Image\":\"c:\\\\windows\\\\system32\\\\svchost.exe\",\"EventReceivedTime\":\"2010-12-16 12:36:42\",\"SourceModuleName\":\"eventlog4\",\"SourceModuleType\":\"im_msvistalog\"}",
    "event": {
      "code": "17",
      "message": "Pipe Created:\r\nRuleName: -\r\nEventType: CreatePipe\r\nUtcTime: 2010-12-16 11:36:40.267\r\nProcessGuid: {FC729081-EDD6-5FD9-3D00-000000000500}\r\nProcessId: 2584\r\nPipeName: \\wkssvc\r\nImage: c:\\windows\\system32\\svchost.exe",
      "provider": "Microsoft-Windows-Sysmon"
    },
    "@timestamp": "2010-12-16T11:36:40.267000Z",
    "action": {
      "id": 17,
      "name": "Pipe created",
      "properties": {
        "AccountName": "SYSTEM",
        "AccountType": "User",
        "Category": "Pipe Created (rule: PipeEvent)",
        "Domain": "NT AUTHORITY",
        "EventType": "INFO",
        "Image": "c:\\windows\\system32\\svchost.exe",
        "Keywords": "-9223372036854775808",
        "MessEventType": "CreatePipe",
        "OpcodeValue": 0,
        "PipeName": "\\wkssvc",
        "ProcessGuid": "{FC729081-EDD6-5FD9-3D00-000000000500}",
        "ProviderGuid": "{5770385F-C22A-43E0-BF4C-06F5698FFBD9}",
        "Severity": "INFO",
        "SourceName": "Microsoft-Windows-Sysmon",
        "Task": 17
      },
      "record_id": 1148,
      "type": "Microsoft-Windows-Sysmon/Operational"
    },
    "host": {
      "hostname": "DESKTOP-FOOBARZ",
      "name": "DESKTOP-FOOBARZ"
    },
    "log": {
      "hostname": "DESKTOP-FOOBARZ",
      "level": "info"
    },
    "os": {
      "family": "windows",
      "platform": "windows"
    },
    "process": {
      "executable": "c:\\windows\\system32\\svchost.exe",
      "id": 2584,
      "name": "svchost.exe",
      "pid": 2584,
      "thread": {
        "id": 2780
      },
      "working_directory": "c:\\windows\\system32\\"
    },
    "related": {
      "hosts": [
        "DESKTOP-FOOBARZ"
      ],
      "user": [
        "SYSTEM"
      ]
    },
    "user": {
      "domain": "NT AUTHORITY",
      "id": "S-1-5-18",
      "name": "SYSTEM"
    }
  }
}