{
  "input": {
    "event": {
      "sekoiaio": {
        "intake": {
          "dialect": "Windows",
          "dialect_uuid": "9281438c-f7c3-4001-9bcc-45fd108ba1be"
        }
      }
    },
    "message": "{\"EventTime\":\"2010-12-16 12:37:00\",\"Hostname\":\"DESKTOP-FOOBARZ\",\"Keywords\":-9223372036854775808,\"EventType\":\"INFO\",\"SeverityValue\":2,\"Severity\":\"INFO\",\"EventID\":18,\"SourceName\":\"Microsoft-Windows-Sysmon\",\"ProviderGuid\":\"{5770385F-C22A-43E0-BF4C-06F5698FFBD9}\",\"Version\":1,\"Task\":18,\"OpcodeValue\":0,\"RecordNumber\":1151,\"ProcessID\":8764,\"ThreadID\":2780,\"Channel\":\"Microsoft-Windows-Sysmon/Operational\",\"Domain\":\"NT AUTHORITY\",\"AccountName\":\"SYSTEM\",\"UserID\":\"S-1-5-18\",\"AccountType\":\"User\",\"Message\":\"Pipe Connected:\\r\\nRuleName: -\\r\\nEventType: ConnectPipe\\r\\nUtcTime: 2010-12-16 11:37:00.267\\r\\nProcessGuid: {FC729081-EDDC-5FD9-5800-000000000500}\\r\\nProcessId: 4032\\r\\nPipeName: \\\\wkssvc\\r\\nImage: C:\\\\Windows\\\\system32\\\\wbem\\\\wmiprvse.exe\",\"Category\":\"Pipe Connected (rule: PipeEvent)\",\"Opcode\":\"Info\",\"RuleName\":\"-\",\"UtcTime\":\"2010-12-16 11:37:00.267\",\"ProcessGuid\":\"{FC729081-EDDC-5FD9-5800-000000000500}\",\"PipeName\":\"\\\\wkssvc\",\"Image\":\"C:\\\\Windows\\\\system32\\\\wbem\\\\wmiprvse.exe\",\"EventReceivedTime\":\"2010-12-16 12:37:02\",\"SourceModuleName\":\"eventlog4\",\"SourceModuleType\":\"im_msvistalog\"}"
  },
  "expected": {
    "action": {
      "id": 18,
      "name": "Pipe connected",
      "properties": [
        {
          "AccountName": "SYSTEM",
          "MessEventType": "ConnectPipe",
          "EventType": "INFO",
          "Image": "c:\\windows\\system32\\wbem\\wmiprvse.exe",
          "Keywords": "-9223372036854775808",
          "OpcodeValue": 0,
          "PipeName": "\\wkssvc",
          "ProviderGuid": "{5770385F-C22A-43E0-BF4C-06F5698FFBD9}",
          "ProcessGuid": "{FC729081-EDDC-5FD9-5800-000000000500}",
          "Severity": "INFO",
          "AccountType": "User",
          "SourceName": "Microsoft-Windows-Sysmon",
          "Task": 18
        }
      ],
      "record_id": 1151,
      "type": "Microsoft-Windows-Sysmon/Operational"
    },
    "event": {
      "code": 18,
      "message": "Pipe Connected:\r\nRuleName: -\r\nEventType: ConnectPipe\r\nUtcTime: 2010-12-16 11:37:00.267\r\nProcessGuid: {FC729081-EDDC-5FD9-5800-000000000500}\r\nProcessId: 4032\r\nPipeName: \\wkssvc\r\nImage: C:\\Windows\\system32\\wbem\\wmiprvse.exe",
      "provider": "Microsoft-Windows-Sysmon",
      "created": "2011-04-23T20:02:05.017771Z",
      "id": "10f0afe9-98a1-4226-a6bd-8f70d461d430"
    },
    "log": {
      "hostname": "DESKTOP-FOOBARZ",
      "level": "info"
    },
    "message": "{\"EventTime\":\"2010-12-16 12:37:00\",\"Hostname\":\"DESKTOP-FOOBARZ\",\"Keywords\":-9223372036854775808,\"EventType\":\"INFO\",\"SeverityValue\":2,\"Severity\":\"INFO\",\"EventID\":18,\"SourceName\":\"Microsoft-Windows-Sysmon\",\"ProviderGuid\":\"{5770385F-C22A-43E0-BF4C-06F5698FFBD9}\",\"Version\":1,\"Task\":18,\"OpcodeValue\":0,\"RecordNumber\":1151,\"ProcessID\":8764,\"ThreadID\":2780,\"Channel\":\"Microsoft-Windows-Sysmon/Operational\",\"Domain\":\"NT AUTHORITY\",\"AccountName\":\"SYSTEM\",\"UserID\":\"S-1-5-18\",\"AccountType\":\"User\",\"Message\":\"Pipe Connected:\\r\\nRuleName: -\\r\\nEventType: ConnectPipe\\r\\nUtcTime: 2010-12-16 11:37:00.267\\r\\nProcessGuid: {FC729081-EDDC-5FD9-5800-000000000500}\\r\\nProcessId: 4032\\r\\nPipeName: \\\\wkssvc\\r\\nImage: C:\\\\Windows\\\\system32\\\\wbem\\\\wmiprvse.exe\",\"Category\":\"Pipe Connected (rule: PipeEvent)\",\"Opcode\":\"Info\",\"RuleName\":\"-\",\"UtcTime\":\"2010-12-16 11:37:00.267\",\"ProcessGuid\":\"{FC729081-EDDC-5FD9-5800-000000000500}\",\"PipeName\":\"\\\\wkssvc\",\"Image\":\"C:\\\\Windows\\\\system32\\\\wbem\\\\wmiprvse.exe\",\"EventReceivedTime\":\"2010-12-16 12:37:02\",\"SourceModuleName\":\"eventlog4\",\"SourceModuleType\":\"im_msvistalog\"}",
    "os": {
      "family": "windows",
      "platform": "windows"
    },
    "process": {
      "executable": "c:\\windows\\system32\\wbem\\wmiprvse.exe",
      "id": 4032,
      "pid": 4032,
      "name": "wmiprvse.exe",
      "working_directory": "c:\\windows\\system32\\wbem\\"
    },
    "type": "kafka",
    "user": {
      "domain": "NT AUTHORITY",
      "id": "S-1-5-18",
      "name": "SYSTEM"
    },
    "related": {
      "user": [
        "SYSTEM"
      ]
    },
    "sekoiaio": {
      "intake": {
        "parsing_status": "success"
      }
    },
    "host": {
      "hostname": "DESKTOP-FOOBARZ",
      "name": "DESKTOP-FOOBARZ"
    }
  }
}