{
  "input": {
    "message": "{\"EventTime\":\"2010-10-15 16:52:28\",\"Hostname\":\"DESKTOP-FOOBARZ\",\"Keywords\":-9223372036854775808,\"EventType\":\"INFO\",\"SeverityValue\":2,\"Severity\":\"INFO\",\"EventID\":10,\"SourceName\":\"Microsoft-Windows-Sysmon\",\"ProviderGuid\":\"{5770385F-C22A-43E0-BF4C-06F5698FFBD9}\",\"Version\":3,\"Task\":10,\"OpcodeValue\":0,\"RecordNumber\":1481365,\"ProcessID\":9628,\"ThreadID\":10352,\"Channel\":\"Microsoft-Windows-Sysmon/Operational\",\"Domain\":\"AUTORITE NT\",\"AccountName\":\"Syst\u00e8me\",\"UserID\":\"S-1-5-18\",\"AccountType\":\"User\",\"Message\":\"Process accessed:\\r\\nRuleName: \\r\\nUtcTime: 2010-10-15 14:52:28.536\\r\\nSourceProcessGUID: {c8188de9-3743-5f84-0000-00100ef00000}\\r\\nSourceProcessId: 920\\r\\nSourceThreadId: 1052\\r\\nSourceImage: C:\\\\Windows\\\\System32\\\\VBoxService.exe\\r\\nTargetProcessGUID: {c8188de9-3771-5f84-0000-0010443b0900}\\r\\nTargetProcessId: 4324\\r\\nTargetImage: C:\\\\WINDOWS\\\\system32\\\\ctfmon.exe\\r\\nGrantedAccess: 0x1400\\r\\nCallTrace: C:\\\\WINDOWS\\\\SYSTEM32\\\\ntdll.dll+9c534|C:\\\\WINDOWS\\\\System32\\\\KERNELBASE.dll+305fe|C:\\\\Windows\\\\System32\\\\VBoxService.exe+12d8d|C:\\\\Windows\\\\System32\\\\VBoxService.exe+140cf|C:\\\\Windows\\\\System32\\\\VBoxService.exe+1435d|C:\\\\Windows\\\\System32\\\\VBoxService.exe+fc2b|C:\\\\Windows\\\\System32\\\\VBoxService.exe+1071a|C:\\\\Windows\\\\System32\\\\VBoxService.exe+17fe|C:\\\\Windows\\\\System32\\\\VBoxService.exe+31c1f|C:\\\\Windows\\\\System32\\\\VBoxService.exe+35682|C:\\\\Windows\\\\System32\\\\VBoxService.exe+fbbeb|C:\\\\Windows\\\\System32\\\\VBoxService.exe+fbc7f|C:\\\\WINDOWS\\\\System32\\\\KERNEL32.DLL+17bd4|C:\\\\WINDOWS\\\\SYSTEM32\\\\ntdll.dll+6ce51\",\"Category\":\"Process accessed (rule: ProcessAccess)\",\"Opcode\":\"Informations\",\"UtcTime\":\"2010-10-15 14:52:28.536\",\"SourceProcessGUID\":\"{c8188de9-3743-5f84-0000-00100ef00000}\",\"SourceProcessId\":\"920\",\"SourceThreadId\":\"1052\",\"SourceImage\":\"C:\\\\Windows\\\\System32\\\\VBoxService.exe\",\"TargetProcessGUID\":\"{c8188de9-3771-5f84-0000-0010443b0900}\",\"TargetProcessId\":\"4324\",\"TargetImage\":\"C:\\\\WINDOWS\\\\system32\\\\ctfmon.exe\",\"GrantedAccess\":\"0x1400\",\"CallTrace\":\"C:\\\\WINDOWS\\\\SYSTEM32\\\\ntdll.dll+9c534|C:\\\\WINDOWS\\\\System32\\\\KERNELBASE.dll+305fe|C:\\\\Windows\\\\System32\\\\VBoxService.exe+12d8d|C:\\\\Windows\\\\System32\\\\VBoxService.exe+140cf|C:\\\\Windows\\\\System32\\\\VBoxService.exe+1435d|C:\\\\Windows\\\\System32\\\\VBoxService.exe+fc2b|C:\\\\Windows\\\\System32\\\\VBoxService.exe+1071a|C:\\\\Windows\\\\System32\\\\VBoxService.exe+17fe|C:\\\\Windows\\\\System32\\\\VBoxService.exe+31c1f|C:\\\\Windows\\\\System32\\\\VBoxService.exe+35682|C:\\\\Windows\\\\System32\\\\VBoxService.exe+fbbeb|C:\\\\Windows\\\\System32\\\\VBoxService.exe+fbc7f|C:\\\\WINDOWS\\\\System32\\\\KERNEL32.DLL+17bd4|C:\\\\WINDOWS\\\\SYSTEM32\\\\ntdll.dll+6ce51\",\"EventReceivedTime\":\"2010-10-15 16:56:02\",\"SourceModuleName\":\"eventlog\",\"SourceModuleType\":\"im_msvistalog\"}"
  },
  "expected": {
    "message": "{\"EventTime\":\"2010-10-15 16:52:28\",\"Hostname\":\"DESKTOP-FOOBARZ\",\"Keywords\":-9223372036854775808,\"EventType\":\"INFO\",\"SeverityValue\":2,\"Severity\":\"INFO\",\"EventID\":10,\"SourceName\":\"Microsoft-Windows-Sysmon\",\"ProviderGuid\":\"{5770385F-C22A-43E0-BF4C-06F5698FFBD9}\",\"Version\":3,\"Task\":10,\"OpcodeValue\":0,\"RecordNumber\":1481365,\"ProcessID\":9628,\"ThreadID\":10352,\"Channel\":\"Microsoft-Windows-Sysmon/Operational\",\"Domain\":\"AUTORITE NT\",\"AccountName\":\"Syst\u00e8me\",\"UserID\":\"S-1-5-18\",\"AccountType\":\"User\",\"Message\":\"Process accessed:\\r\\nRuleName: \\r\\nUtcTime: 2010-10-15 14:52:28.536\\r\\nSourceProcessGUID: {c8188de9-3743-5f84-0000-00100ef00000}\\r\\nSourceProcessId: 920\\r\\nSourceThreadId: 1052\\r\\nSourceImage: C:\\\\Windows\\\\System32\\\\VBoxService.exe\\r\\nTargetProcessGUID: {c8188de9-3771-5f84-0000-0010443b0900}\\r\\nTargetProcessId: 4324\\r\\nTargetImage: C:\\\\WINDOWS\\\\system32\\\\ctfmon.exe\\r\\nGrantedAccess: 0x1400\\r\\nCallTrace: C:\\\\WINDOWS\\\\SYSTEM32\\\\ntdll.dll+9c534|C:\\\\WINDOWS\\\\System32\\\\KERNELBASE.dll+305fe|C:\\\\Windows\\\\System32\\\\VBoxService.exe+12d8d|C:\\\\Windows\\\\System32\\\\VBoxService.exe+140cf|C:\\\\Windows\\\\System32\\\\VBoxService.exe+1435d|C:\\\\Windows\\\\System32\\\\VBoxService.exe+fc2b|C:\\\\Windows\\\\System32\\\\VBoxService.exe+1071a|C:\\\\Windows\\\\System32\\\\VBoxService.exe+17fe|C:\\\\Windows\\\\System32\\\\VBoxService.exe+31c1f|C:\\\\Windows\\\\System32\\\\VBoxService.exe+35682|C:\\\\Windows\\\\System32\\\\VBoxService.exe+fbbeb|C:\\\\Windows\\\\System32\\\\VBoxService.exe+fbc7f|C:\\\\WINDOWS\\\\System32\\\\KERNEL32.DLL+17bd4|C:\\\\WINDOWS\\\\SYSTEM32\\\\ntdll.dll+6ce51\",\"Category\":\"Process accessed (rule: ProcessAccess)\",\"Opcode\":\"Informations\",\"UtcTime\":\"2010-10-15 14:52:28.536\",\"SourceProcessGUID\":\"{c8188de9-3743-5f84-0000-00100ef00000}\",\"SourceProcessId\":\"920\",\"SourceThreadId\":\"1052\",\"SourceImage\":\"C:\\\\Windows\\\\System32\\\\VBoxService.exe\",\"TargetProcessGUID\":\"{c8188de9-3771-5f84-0000-0010443b0900}\",\"TargetProcessId\":\"4324\",\"TargetImage\":\"C:\\\\WINDOWS\\\\system32\\\\ctfmon.exe\",\"GrantedAccess\":\"0x1400\",\"CallTrace\":\"C:\\\\WINDOWS\\\\SYSTEM32\\\\ntdll.dll+9c534|C:\\\\WINDOWS\\\\System32\\\\KERNELBASE.dll+305fe|C:\\\\Windows\\\\System32\\\\VBoxService.exe+12d8d|C:\\\\Windows\\\\System32\\\\VBoxService.exe+140cf|C:\\\\Windows\\\\System32\\\\VBoxService.exe+1435d|C:\\\\Windows\\\\System32\\\\VBoxService.exe+fc2b|C:\\\\Windows\\\\System32\\\\VBoxService.exe+1071a|C:\\\\Windows\\\\System32\\\\VBoxService.exe+17fe|C:\\\\Windows\\\\System32\\\\VBoxService.exe+31c1f|C:\\\\Windows\\\\System32\\\\VBoxService.exe+35682|C:\\\\Windows\\\\System32\\\\VBoxService.exe+fbbeb|C:\\\\Windows\\\\System32\\\\VBoxService.exe+fbc7f|C:\\\\WINDOWS\\\\System32\\\\KERNEL32.DLL+17bd4|C:\\\\WINDOWS\\\\SYSTEM32\\\\ntdll.dll+6ce51\",\"EventReceivedTime\":\"2010-10-15 16:56:02\",\"SourceModuleName\":\"eventlog\",\"SourceModuleType\":\"im_msvistalog\"}",
    "event": {
      "code": "10",
      "message": "Process accessed:\r\nRuleName: \r\nUtcTime: 2010-10-15 14:52:28.536\r\nSourceProcessGUID: {c8188de9-3743-5f84-0000-00100ef00000}\r\nSourceProcessId: 920\r\nSourceThreadId: 1052\r\nSourceImage: C:\\Windows\\System32\\VBoxService.exe\r\nTargetProcessGUID: {c8188de9-3771-5f84-0000-0010443b0900}\r\nTargetProcessId: 4324\r\nTargetImage: C:\\WINDOWS\\system32\\ctfmon.exe\r\nGrantedAccess: 0x1400\r\nCallTrace: C:\\WINDOWS\\SYSTEM32\\ntdll.dll+9c534|C:\\WINDOWS\\System32\\KERNELBASE.dll+305fe|C:\\Windows\\System32\\VBoxService.exe+12d8d|C:\\Windows\\System32\\VBoxService.exe+140cf|C:\\Windows\\System32\\VBoxService.exe+1435d|C:\\Windows\\System32\\VBoxService.exe+fc2b|C:\\Windows\\System32\\VBoxService.exe+1071a|C:\\Windows\\System32\\VBoxService.exe+17fe|C:\\Windows\\System32\\VBoxService.exe+31c1f|C:\\Windows\\System32\\VBoxService.exe+35682|C:\\Windows\\System32\\VBoxService.exe+fbbeb|C:\\Windows\\System32\\VBoxService.exe+fbc7f|C:\\WINDOWS\\System32\\KERNEL32.DLL+17bd4|C:\\WINDOWS\\SYSTEM32\\ntdll.dll+6ce51",
      "provider": "Microsoft-Windows-Sysmon"
    },
    "@timestamp": "2010-10-15T14:52:28.536000Z",
    "action": {
      "id": 10,
      "name": "ProcessAccess",
      "properties": {
        "AccountName": "Syst\u00e8me",
        "AccountType": "User",
        "CallTrace": "C:\\WINDOWS\\SYSTEM32\\ntdll.dll+9c534|C:\\WINDOWS\\System32\\KERNELBASE.dll+305fe|C:\\Windows\\System32\\VBoxService.exe+12d8d|C:\\Windows\\System32\\VBoxService.exe+140cf|C:\\Windows\\System32\\VBoxService.exe+1435d|C:\\Windows\\System32\\VBoxService.exe+fc2b|C:\\Windows\\System32\\VBoxService.exe+1071a|C:\\Windows\\System32\\VBoxService.exe+17fe|C:\\Windows\\System32\\VBoxService.exe+31c1f|C:\\Windows\\System32\\VBoxService.exe+35682|C:\\Windows\\System32\\VBoxService.exe+fbbeb|C:\\Windows\\System32\\VBoxService.exe+fbc7f|C:\\WINDOWS\\System32\\KERNEL32.DLL+17bd4|C:\\WINDOWS\\SYSTEM32\\ntdll.dll+6ce51",
        "Category": "Process accessed (rule: ProcessAccess)",
        "Domain": "AUTORITE NT",
        "EventType": "INFO",
        "GrantedAccess": "0x1400",
        "Keywords": "-9223372036854775808",
        "OpcodeValue": 0,
        "ProviderGuid": "{5770385F-C22A-43E0-BF4C-06F5698FFBD9}",
        "Severity": "INFO",
        "SourceImage": "C:\\Windows\\System32\\VBoxService.exe",
        "SourceName": "Microsoft-Windows-Sysmon",
        "SourceProcessId": "920",
        "TargetImage": "C:\\WINDOWS\\system32\\ctfmon.exe",
        "TargetProcessId": "4324",
        "Task": 10
      },
      "record_id": 1481365,
      "type": "Microsoft-Windows-Sysmon/Operational"
    },
    "host": {
      "hostname": "DESKTOP-FOOBARZ",
      "name": "DESKTOP-FOOBARZ"
    },
    "log": {
      "hostname": "DESKTOP-FOOBARZ",
      "level": "info"
    },
    "os": {
      "family": "windows",
      "platform": "windows"
    },
    "process": {
      "executable": "C:\\Windows\\System32\\VBoxService.exe",
      "id": 920,
      "name": "VBoxService.exe",
      "pid": 920,
      "thread": {
        "id": 10352
      },
      "working_directory": "C:\\Windows\\System32\\"
    },
    "related": {
      "hosts": [
        "DESKTOP-FOOBARZ"
      ],
      "user": [
        "Syst\u00e8me"
      ]
    },
    "user": {
      "domain": "AUTORITE NT",
      "id": "S-1-5-18",
      "name": "Syst\u00e8me"
    }
  }
}