{
  "input": {
    "message": "{\"EventTime\":\"2010-12-11 16:45:08\",\"Hostname\":\"example.com\",\"Keywords\":-9223372036854775808,\"EventType\":\"INFO\",\"SeverityValue\":2,\"Severity\":\"INFO\",\"EventID\":8,\"SourceName\":\"Microsoft-Windows-Sysmon\",\"ProviderGuid\":\"{5770385F-C22A-43E0-BF4C-06F5698FFBD9}\",\"Version\":2,\"Task\":8,\"OpcodeValue\":0,\"RecordNumber\":3697557,\"ProcessID\":9520,\"ThreadID\":10704,\"Channel\":\"Microsoft-Windows-Sysmon/Operational\",\"Domain\":\"example.com\",\"AccountName\":\"user1\",\"UserID\":\"S-1-5-18\",\"AccountType\":\"User\",\"Message\":\"CreateRemoteThread detected:\\r\\nRuleName: \\r\\nUtcTime: 2010-12-11 15:45:08.062\\r\\nSourceProcessGuid: {c8188de9-704e-5fcf-0000-001073ed4903}\\r\\nSourceProcessId: 9808\\r\\nSourceImage: C:\\\\Windows\\\\System32\\\\VBoxTray.exe\\r\\nTargetProcessGuid: {c8188de9-702f-5fcf-0000-00101b084403}\\r\\nTargetProcessId: 10576\\r\\nTargetImage: C:\\\\Windows\\\\System32\\\\csrss.exe\\r\\nNewThreadId: 9368\\r\\nStartAddress: 0xFFFFCFBA48C52460\\r\\nStartModule: C:\\\\Windows\\\\SYSTEM32\\\\ntdll.dll\\r\\nStartFunction: LoadLibraryA\",\"Category\":\"CreateRemoteThread detected (rule: CreateRemoteThread)\",\"Opcode\":\"Informations\",\"UtcTime\":\"2010-12-11 15:45:08.062\",\"SourceProcessGuid\":\"{c8188de9-704e-5fcf-0000-001073ed4903}\",\"SourceProcessId\":\"9808\",\"SourceImage\":\"C:\\\\Windows\\\\System32\\\\VBoxTray.exe\",\"TargetProcessGuid\":\"{c8188de9-702f-5fcf-0000-00101b084403}\",\"TargetProcessId\":\"10576\",\"TargetImage\":\"C:\\\\Windows\\\\System32\\\\csrss.exe\",\"NewThreadId\":\"9368\",\"StartAddress\":\"0xFFFFCFBA48C52460\",\"EventReceivedTime\":\"2010-12-11 16:52:15\",\"SourceModuleName\":\"eventlog\",\"SourceModuleType\":\"im_msvistalog\"}"
  },
  "expected": {
    "message": "{\"EventTime\":\"2010-12-11 16:45:08\",\"Hostname\":\"example.com\",\"Keywords\":-9223372036854775808,\"EventType\":\"INFO\",\"SeverityValue\":2,\"Severity\":\"INFO\",\"EventID\":8,\"SourceName\":\"Microsoft-Windows-Sysmon\",\"ProviderGuid\":\"{5770385F-C22A-43E0-BF4C-06F5698FFBD9}\",\"Version\":2,\"Task\":8,\"OpcodeValue\":0,\"RecordNumber\":3697557,\"ProcessID\":9520,\"ThreadID\":10704,\"Channel\":\"Microsoft-Windows-Sysmon/Operational\",\"Domain\":\"example.com\",\"AccountName\":\"user1\",\"UserID\":\"S-1-5-18\",\"AccountType\":\"User\",\"Message\":\"CreateRemoteThread detected:\\r\\nRuleName: \\r\\nUtcTime: 2010-12-11 15:45:08.062\\r\\nSourceProcessGuid: {c8188de9-704e-5fcf-0000-001073ed4903}\\r\\nSourceProcessId: 9808\\r\\nSourceImage: C:\\\\Windows\\\\System32\\\\VBoxTray.exe\\r\\nTargetProcessGuid: {c8188de9-702f-5fcf-0000-00101b084403}\\r\\nTargetProcessId: 10576\\r\\nTargetImage: C:\\\\Windows\\\\System32\\\\csrss.exe\\r\\nNewThreadId: 9368\\r\\nStartAddress: 0xFFFFCFBA48C52460\\r\\nStartModule: C:\\\\Windows\\\\SYSTEM32\\\\ntdll.dll\\r\\nStartFunction: LoadLibraryA\",\"Category\":\"CreateRemoteThread detected (rule: CreateRemoteThread)\",\"Opcode\":\"Informations\",\"UtcTime\":\"2010-12-11 15:45:08.062\",\"SourceProcessGuid\":\"{c8188de9-704e-5fcf-0000-001073ed4903}\",\"SourceProcessId\":\"9808\",\"SourceImage\":\"C:\\\\Windows\\\\System32\\\\VBoxTray.exe\",\"TargetProcessGuid\":\"{c8188de9-702f-5fcf-0000-00101b084403}\",\"TargetProcessId\":\"10576\",\"TargetImage\":\"C:\\\\Windows\\\\System32\\\\csrss.exe\",\"NewThreadId\":\"9368\",\"StartAddress\":\"0xFFFFCFBA48C52460\",\"EventReceivedTime\":\"2010-12-11 16:52:15\",\"SourceModuleName\":\"eventlog\",\"SourceModuleType\":\"im_msvistalog\"}",
    "event": {
      "code": "8",
      "message": "CreateRemoteThread detected:\r\nRuleName: \r\nUtcTime: 2010-12-11 15:45:08.062\r\nSourceProcessGuid: {c8188de9-704e-5fcf-0000-001073ed4903}\r\nSourceProcessId: 9808\r\nSourceImage: C:\\Windows\\System32\\VBoxTray.exe\r\nTargetProcessGuid: {c8188de9-702f-5fcf-0000-00101b084403}\r\nTargetProcessId: 10576\r\nTargetImage: C:\\Windows\\System32\\csrss.exe\r\nNewThreadId: 9368\r\nStartAddress: 0xFFFFCFBA48C52460\r\nStartModule: C:\\Windows\\SYSTEM32\\ntdll.dll\r\nStartFunction: LoadLibraryA",
      "provider": "Microsoft-Windows-Sysmon"
    },
    "@timestamp": "2010-12-11T15:45:08.062000Z",
    "action": {
      "id": 8,
      "name": "CreateRemoteThread",
      "properties": {
        "AccountName": "user1",
        "AccountType": "User",
        "Category": "CreateRemoteThread detected (rule: CreateRemoteThread)",
        "Domain": "example.com",
        "EventType": "INFO",
        "Keywords": "-9223372036854775808",
        "OpcodeValue": 0,
        "ProviderGuid": "{5770385F-C22A-43E0-BF4C-06F5698FFBD9}",
        "Severity": "INFO",
        "SourceImage": "C:\\Windows\\System32\\VBoxTray.exe",
        "SourceName": "Microsoft-Windows-Sysmon",
        "SourceProcessId": "9808",
        "StartAddress": "0xFFFFCFBA48C52460",
        "StartFunction": "LoadLibraryA",
        "StartModule": "C:\\Windows\\SYSTEM32\\ntdll.dll",
        "TargetImage": "C:\\Windows\\System32\\csrss.exe",
        "TargetProcessId": "10576",
        "Task": "8"
      },
      "record_id": 3697557,
      "type": "Microsoft-Windows-Sysmon/Operational"
    },
    "host": {
      "hostname": "example",
      "name": "example.com"
    },
    "log": {
      "hostname": "example.com",
      "level": "info"
    },
    "os": {
      "family": "windows",
      "platform": "windows"
    },
    "process": {
      "executable": "C:\\Windows\\System32\\VBoxTray.exe",
      "id": 9808,
      "name": "VBoxTray.exe",
      "pid": 9808,
      "thread": {
        "id": 10704
      },
      "working_directory": "C:\\Windows\\System32\\"
    },
    "related": {
      "hosts": [
        "example"
      ],
      "user": [
        "user1"
      ]
    },
    "user": {
      "domain": "example.com",
      "id": "S-1-5-18",
      "name": "user1"
    }
  }
}