{
  "input": {
    "event": {
      "sekoiaio": {
        "intake": {
          "dialect": "Windows",
          "dialect_uuid": "9281438c-f7c3-4001-9bcc-45fd108ba1be"
        }
      }
    },
    "message": "{\"EventTime\":\"2010-12-11 16:45:08\",\"Hostname\":\"DESKTOP-FOOBARZ\",\"Keywords\":-9223372036854775808,\"EventType\":\"INFO\",\"SeverityValue\":2,\"Severity\":\"INFO\",\"EventID\":8,\"SourceName\":\"Microsoft-Windows-Sysmon\",\"ProviderGuid\":\"{5770385F-C22A-43E0-BF4C-06F5698FFBD9}\",\"Version\":2,\"Task\":8,\"OpcodeValue\":0,\"RecordNumber\":3697557,\"ProcessID\":9520,\"ThreadID\":10704,\"Channel\":\"Microsoft-Windows-Sysmon/Operational\",\"Domain\":\"AUTORITE NT\",\"AccountName\":\"Syst\u00e8me\",\"UserID\":\"S-1-5-18\",\"AccountType\":\"User\",\"Message\":\"CreateRemoteThread detected:\\r\\nRuleName: \\r\\nUtcTime: 2010-12-11 15:45:08.062\\r\\nSourceProcessGuid: {c8188de9-704e-5fcf-0000-001073ed4903}\\r\\nSourceProcessId: 9808\\r\\nSourceImage: C:\\\\Windows\\\\System32\\\\VBoxTray.exe\\r\\nTargetProcessGuid: {c8188de9-702f-5fcf-0000-00101b084403}\\r\\nTargetProcessId: 10576\\r\\nTargetImage: C:\\\\Windows\\\\System32\\\\csrss.exe\\r\\nNewThreadId: 9368\\r\\nStartAddress: 0xFFFFCFBA48C52460\\r\\nStartModule: C:\\\\Windows\\\\SYSTEM32\\\\ntdll.dll\\r\\nStartFunction: LoadLibraryA\",\"Category\":\"CreateRemoteThread detected (rule: CreateRemoteThread)\",\"Opcode\":\"Informations\",\"UtcTime\":\"2010-12-11 15:45:08.062\",\"SourceProcessGuid\":\"{c8188de9-704e-5fcf-0000-001073ed4903}\",\"SourceProcessId\":\"9808\",\"SourceImage\":\"C:\\\\Windows\\\\System32\\\\VBoxTray.exe\",\"TargetProcessGuid\":\"{c8188de9-702f-5fcf-0000-00101b084403}\",\"TargetProcessId\":\"10576\",\"TargetImage\":\"C:\\\\Windows\\\\System32\\\\csrss.exe\",\"NewThreadId\":\"9368\",\"StartAddress\":\"0xFFFFCFBA48C52460\",\"EventReceivedTime\":\"2010-12-11 16:52:15\",\"SourceModuleName\":\"eventlog\",\"SourceModuleType\":\"im_msvistalog\"}"
  },
  "expected": {
    "message": "{\"EventTime\":\"2010-12-11 16:45:08\",\"Hostname\":\"DESKTOP-FOOBARZ\",\"Keywords\":-9223372036854775808,\"EventType\":\"INFO\",\"SeverityValue\":2,\"Severity\":\"INFO\",\"EventID\":8,\"SourceName\":\"Microsoft-Windows-Sysmon\",\"ProviderGuid\":\"{5770385F-C22A-43E0-BF4C-06F5698FFBD9}\",\"Version\":2,\"Task\":8,\"OpcodeValue\":0,\"RecordNumber\":3697557,\"ProcessID\":9520,\"ThreadID\":10704,\"Channel\":\"Microsoft-Windows-Sysmon/Operational\",\"Domain\":\"AUTORITE NT\",\"AccountName\":\"Syst\u00e8me\",\"UserID\":\"S-1-5-18\",\"AccountType\":\"User\",\"Message\":\"CreateRemoteThread detected:\\r\\nRuleName: \\r\\nUtcTime: 2010-12-11 15:45:08.062\\r\\nSourceProcessGuid: {c8188de9-704e-5fcf-0000-001073ed4903}\\r\\nSourceProcessId: 9808\\r\\nSourceImage: C:\\\\Windows\\\\System32\\\\VBoxTray.exe\\r\\nTargetProcessGuid: {c8188de9-702f-5fcf-0000-00101b084403}\\r\\nTargetProcessId: 10576\\r\\nTargetImage: C:\\\\Windows\\\\System32\\\\csrss.exe\\r\\nNewThreadId: 9368\\r\\nStartAddress: 0xFFFFCFBA48C52460\\r\\nStartModule: C:\\\\Windows\\\\SYSTEM32\\\\ntdll.dll\\r\\nStartFunction: LoadLibraryA\",\"Category\":\"CreateRemoteThread detected (rule: CreateRemoteThread)\",\"Opcode\":\"Informations\",\"UtcTime\":\"2010-12-11 15:45:08.062\",\"SourceProcessGuid\":\"{c8188de9-704e-5fcf-0000-001073ed4903}\",\"SourceProcessId\":\"9808\",\"SourceImage\":\"C:\\\\Windows\\\\System32\\\\VBoxTray.exe\",\"TargetProcessGuid\":\"{c8188de9-702f-5fcf-0000-00101b084403}\",\"TargetProcessId\":\"10576\",\"TargetImage\":\"C:\\\\Windows\\\\System32\\\\csrss.exe\",\"NewThreadId\":\"9368\",\"StartAddress\":\"0xFFFFCFBA48C52460\",\"EventReceivedTime\":\"2010-12-11 16:52:15\",\"SourceModuleName\":\"eventlog\",\"SourceModuleType\":\"im_msvistalog\"}",
    "event": {
      "code": "8",
      "provider": "Microsoft-Windows-Sysmon",
      "message": "CreateRemoteThread detected:\r\nRuleName: \r\nUtcTime: 2010-12-11 15:45:08.062\r\nSourceProcessGuid: {c8188de9-704e-5fcf-0000-001073ed4903}\r\nSourceProcessId: 9808\r\nSourceImage: C:\\Windows\\System32\\VBoxTray.exe\r\nTargetProcessGuid: {c8188de9-702f-5fcf-0000-00101b084403}\r\nTargetProcessId: 10576\r\nTargetImage: C:\\Windows\\System32\\csrss.exe\r\nNewThreadId: 9368\r\nStartAddress: 0xFFFFCFBA48C52460\r\nStartModule: C:\\Windows\\SYSTEM32\\ntdll.dll\r\nStartFunction: LoadLibraryA"
    },
    "@timestamp": "2010-12-11T15:45:08.062000Z",
    "action": {
      "record_id": 3697557,
      "type": "Microsoft-Windows-Sysmon/Operational",
      "id": 8,
      "properties": {
        "Keywords": "-9223372036854775808",
        "EventType": "INFO",
        "Severity": "INFO",
        "SourceName": "Microsoft-Windows-Sysmon",
        "ProviderGuid": "{5770385F-C22A-43E0-BF4C-06F5698FFBD9}",
        "Task": 8,
        "OpcodeValue": 0,
        "Domain": "AUTORITE NT",
        "AccountName": "Syst\u00e8me",
        "AccountType": "User",
        "SourceProcessId": "9808",
        "SourceImage": "c:\\windows\\system32\\vboxtray.exe",
        "TargetProcessId": "10576",
        "TargetImage": "c:\\windows\\system32\\csrss.exe",
        "StartAddress": "0xFFFFCFBA48C52460",
        "StartFunction": "LoadLibraryA",
        "StartModule": "c:\\windows\\system32\\ntdll.dll"
      },
      "name": "CreateRemoteThread"
    },
    "log": {
      "hostname": "DESKTOP-FOOBARZ",
      "level": "info"
    },
    "host": {
      "hostname": "DESKTOP-FOOBARZ",
      "name": "DESKTOP-FOOBARZ"
    },
    "os": {
      "family": "windows",
      "platform": "windows"
    },
    "process": {
      "thread": {
        "id": 10704
      },
      "executable": "c:\\windows\\system32\\vboxtray.exe",
      "pid": 9808,
      "id": 9808,
      "name": "vboxtray.exe",
      "working_directory": "c:\\windows\\system32\\"
    },
    "user": {
      "id": "S-1-5-18",
      "name": "Syst\u00e8me",
      "domain": "AUTORITE NT"
    },
    "related": {
      "hosts": [
        "DESKTOP-FOOBARZ"
      ],
      "user": [
        "Syst\u00e8me"
      ]
    }
  }
}