{
  "input": {
    "message": "{\"EventTime\":\"2019-12-16 16:10:53\",\"Hostname\":\"example.com\",\"Keywords\":-9223372036854775808,\"EventType\":\"INFO\",\"SeverityValue\":2,\"Severity\":\"INFO\",\"EventID\":11,\"SourceName\":\"Microsoft-Windows-Sysmon\",\"ProviderGuid\":\"{5770385F-C22A-43E0-BF4C-06F5698FFBD9}\",\"Version\":2,\"Task\":11,\"OpcodeValue\":0,\"RecordNumber\":3561,\"ProcessID\":4492,\"ThreadID\":9332,\"Channel\":\"Microsoft-Windows-Sysmon/Operational\",\"Domain\":\"example.com\",\"AccountName\":\"user1\",\"UserID\":\"S-1-5-18\",\"AccountType\":\"User\",\"Message\":\"File created:\\r\\nRuleName: \\r\\nUtcTime: 2019-12-16 15:10:53.715\\r\\nProcessGuid: {23AD1E42-B4F1-5C41-0000-001028060400}\\r\\nProcessId: 2060\\r\\nImage: C:\\\\Program Files (x86)\\\\Symantec\\\\Symantec Endpoint Protection\\\\12.1.5337.5000.105\\\\Bin\\\\ccSvcHst.exe\\r\\nTargetFilename: C:\\\\Windows\\\\Temp\\\\SymDelta_2060\\\\content.zip.tmp\\\\cur.scr\\r\\nCreationUtcTime: 2019-12-16 15:10:53.715\",\"Category\":\"File created (rule: FileCreate)\",\"Opcode\":\"Informations\",\"UtcTime\":\"2019-12-16 15:10:53.715\",\"ProcessGuid\":\"{23AD1E42-B4F1-5C41-0000-001028060400}\",\"Image\":\"C:\\\\Program Files (x86)\\\\Symantec\\\\Symantec Endpoint Protection\\\\12.1.5337.5000.105\\\\Bin\\\\ccSvcHst.exe\",\"TargetFilename\":\"C:\\\\Windows\\\\Temp\\\\SymDelta_2060\\\\content.zip.tmp\\\\cur.scr\",\"CreationUtcTime\":\"2019-12-16 15:10:53.715\",\"EventReceivedTime\":\"2019-12-16 16:10:54\",\"SourceModuleName\":\"eventlog4\",\"SourceModuleType\":\"im_msvistalog\"}"
  },
  "expected": {
    "message": "{\"EventTime\":\"2019-12-16 16:10:53\",\"Hostname\":\"example.com\",\"Keywords\":-9223372036854775808,\"EventType\":\"INFO\",\"SeverityValue\":2,\"Severity\":\"INFO\",\"EventID\":11,\"SourceName\":\"Microsoft-Windows-Sysmon\",\"ProviderGuid\":\"{5770385F-C22A-43E0-BF4C-06F5698FFBD9}\",\"Version\":2,\"Task\":11,\"OpcodeValue\":0,\"RecordNumber\":3561,\"ProcessID\":4492,\"ThreadID\":9332,\"Channel\":\"Microsoft-Windows-Sysmon/Operational\",\"Domain\":\"example.com\",\"AccountName\":\"user1\",\"UserID\":\"S-1-5-18\",\"AccountType\":\"User\",\"Message\":\"File created:\\r\\nRuleName: \\r\\nUtcTime: 2019-12-16 15:10:53.715\\r\\nProcessGuid: {23AD1E42-B4F1-5C41-0000-001028060400}\\r\\nProcessId: 2060\\r\\nImage: C:\\\\Program Files (x86)\\\\Symantec\\\\Symantec Endpoint Protection\\\\12.1.5337.5000.105\\\\Bin\\\\ccSvcHst.exe\\r\\nTargetFilename: C:\\\\Windows\\\\Temp\\\\SymDelta_2060\\\\content.zip.tmp\\\\cur.scr\\r\\nCreationUtcTime: 2019-12-16 15:10:53.715\",\"Category\":\"File created (rule: FileCreate)\",\"Opcode\":\"Informations\",\"UtcTime\":\"2019-12-16 15:10:53.715\",\"ProcessGuid\":\"{23AD1E42-B4F1-5C41-0000-001028060400}\",\"Image\":\"C:\\\\Program Files (x86)\\\\Symantec\\\\Symantec Endpoint Protection\\\\12.1.5337.5000.105\\\\Bin\\\\ccSvcHst.exe\",\"TargetFilename\":\"C:\\\\Windows\\\\Temp\\\\SymDelta_2060\\\\content.zip.tmp\\\\cur.scr\",\"CreationUtcTime\":\"2019-12-16 15:10:53.715\",\"EventReceivedTime\":\"2019-12-16 16:10:54\",\"SourceModuleName\":\"eventlog4\",\"SourceModuleType\":\"im_msvistalog\"}",
    "event": {
      "code": "11",
      "message": "File created:\r\nRuleName: \r\nUtcTime: 2019-12-16 15:10:53.715\r\nProcessGuid: {23AD1E42-B4F1-5C41-0000-001028060400}\r\nProcessId: 2060\r\nImage: C:\\Program Files (x86)\\Symantec\\Symantec Endpoint Protection\\12.1.5337.5000.105\\Bin\\ccSvcHst.exe\r\nTargetFilename: C:\\Windows\\Temp\\SymDelta_2060\\content.zip.tmp\\cur.scr\r\nCreationUtcTime: 2019-12-16 15:10:53.715",
      "provider": "Microsoft-Windows-Sysmon"
    },
    "@timestamp": "2019-12-16T15:10:53.715000Z",
    "action": {
      "id": 11,
      "name": "FileCreate",
      "properties": {
        "AccountName": "user1",
        "AccountType": "User",
        "Category": "File created (rule: FileCreate)",
        "Domain": "example.com",
        "EventType": "INFO",
        "Image": "C:\\Program Files (x86)\\Symantec\\Symantec Endpoint Protection\\12.1.5337.5000.105\\Bin\\ccSvcHst.exe",
        "Keywords": "-9223372036854775808",
        "OpcodeValue": 0,
        "ProcessGuid": "{23AD1E42-B4F1-5C41-0000-001028060400}",
        "ProviderGuid": "{5770385F-C22A-43E0-BF4C-06F5698FFBD9}",
        "Severity": "INFO",
        "SourceName": "Microsoft-Windows-Sysmon",
        "TargetFilename": "C:\\Windows\\Temp\\SymDelta_2060\\content.zip.tmp\\cur.scr",
        "Task": "11"
      },
      "record_id": 3561,
      "type": "Microsoft-Windows-Sysmon/Operational"
    },
    "file": {
      "created": "2019-12-16T15:10:53.715000Z",
      "name": "cur.scr",
      "path": "C:\\Windows\\Temp\\SymDelta_2060\\content.zip.tmp\\cur.scr"
    },
    "host": {
      "hostname": "example",
      "name": "example.com"
    },
    "log": {
      "hostname": "example.com",
      "level": "info"
    },
    "os": {
      "family": "windows",
      "platform": "windows"
    },
    "process": {
      "executable": "C:\\Program Files (x86)\\Symantec\\Symantec Endpoint Protection\\12.1.5337.5000.105\\Bin\\ccSvcHst.exe",
      "id": 2060,
      "name": "ccSvcHst.exe",
      "pid": 2060,
      "thread": {
        "id": 9332
      },
      "working_directory": "C:\\Program Files (x86)\\Symantec\\Symantec Endpoint Protection\\12.1.5337.5000.105\\Bin\\"
    },
    "related": {
      "hosts": [
        "example"
      ],
      "user": [
        "user1"
      ]
    },
    "user": {
      "domain": "example.com",
      "id": "S-1-5-18",
      "name": "user1"
    }
  }
}