{
  "input": {
    "message": "{\"EventTime\":\"2010-07-29 15:24:16\",\"HOSTNAME\":\"USERNAME01.ACT.CORP.local\",\"Keywords\":-9214364837600034816,\"EventType\":\"AUDIT_SUCCESS\",\"SeverityValue\":2,\"Severity\":\"INFO\",\"EventID\":4688,\"SourceName\":\"Microsoft-Windows-Security-Auditing\",\"ProviderGuid\":\"{54849625-5478-4994-A5BA-3E3B0328C30D}\",\"Version\":1,\"Task\":13312,\"OpcodeValue\":0,\"RecordNumber\":1284656143,\"ProcessID\":4,\"ThreadID\":92,\"Channel\":\"Security\",\"Message\":\"Un nouveau processus a \u00e9t\u00e9 cr\u00e9\u00e9.\\r\\n\\r\\nSujet :\\r\\n\\tID de s\u00e9curit\u00e9 :\\t\\tS-1-5-18\\r\\n\\tNom du compte :\\t\\tUSERNAME01$\\r\\n\\tDomaine du compte :\\t\\tACT\\r\\n\\tID d\u2019ouverture de session :\\t\\t0x3e7\\r\\n\\r\\nInformations sur le processus :\\r\\n\\tID du nouveau processus :\\t\\t0x32b4\\r\\n\\tNom du nouveau processus :\\tC:\\\\Windows\\\\System32\\\\qwinsta.exe\\r\\n\\tType d\u2019\u00e9l\u00e9vation du jeton :\\tType d\u2019\u00e9l\u00e9vation de jeton par d\u00e9faut (1)\\r\\n\\tID du processus cr\u00e9ateur :\\t0x2748\\r\\n\\tLigne de commande de processus :\\t\\r\\n\\r\\nLe type d\u2019\u00e9l\u00e9vation du jeton indique le type de jeton qui a \u00e9t\u00e9 attribu\u00e9 au nouveau processus conform\u00e9ment \u00e0 la strat\u00e9gie de contr\u00f4le du compte d\u2019utilisateur.\\r\\n\\r\\nLe type 1 est un jeton complet sans aucun privil\u00e8ge supprim\u00e9 ni aucun groupe d\u00e9sactiv\u00e9. Un jeton complet est uniquement utilis\u00e9 si le contr\u00f4le du compte d\u2019utilisateur est d\u00e9sactiv\u00e9, ou si l\u2019utilisateur est le compte d\u2019administrateur int\u00e9gr\u00e9 ou un compte de service.\\r\\n\\r\\nLe type 2 est un jeton aux droits \u00e9lev\u00e9s sans aucun privil\u00e8ge supprim\u00e9 ni aucun groupe d\u00e9sactiv\u00e9. Un jeton aux droits \u00e9lev\u00e9s est utilis\u00e9 lorsque le contr\u00f4le de compte d\u2019utilisateur est activ\u00e9 et que l\u2019utilisateur choisit de d\u00e9marrer le programme en tant qu\u2019administrateur. Un jeton aux droits \u00e9lev\u00e9s est \u00e9galement utilis\u00e9 lorsqu\u2019une application est configur\u00e9e pour toujours exiger un privil\u00e8ge administratif ou pour toujours exiger les privil\u00e8ges maximum, et que l\u2019utilisateur est membre du groupe Administrateurs.\\r\\n\\r\\nLe type 3 est un jeton limit\u00e9 dont les privil\u00e8ges administratifs sont supprim\u00e9s et les groupes administratifs d\u00e9sactiv\u00e9s. Le jeton limit\u00e9 est utilis\u00e9 lorsque le contr\u00f4le de compte d\u2019 utilisateur est activ\u00e9, que l\u2019application n\u2019exige pas le privil\u00e8ge administratif et que l\u2019utilisateur ne choisit pas de d\u00e9marrer le programme en tant qu\u2019administrateur.\",\"Category\":\"Cr\u00e9ation du processus\",\"Opcode\":\"Informations\",\"SubjectUserSid\":\"S-1-5-18\",\"SubjectUserName\":\"USERNAME01$\",\"SubjectDomainName\":\"ACT\",\"SubjectLogonId\":\"0x3e7\",\"NewProcessId\":\"0x32b4\",\"NewProcessName\":\"C:\\\\Windows\\\\System32\\\\qwinsta.exe\",\"TokenElevationType\":\"%%1936\",\"EventReceivedTime\":\"2010-07-29 15:24:18\",\"SourceModuleName\":\"eventlog3\",\"SourceModuleType\":\"im_msvistalog\"}"
  },
  "expected": {
    "message": "{\"EventTime\":\"2010-07-29 15:24:16\",\"HOSTNAME\":\"USERNAME01.ACT.CORP.local\",\"Keywords\":-9214364837600034816,\"EventType\":\"AUDIT_SUCCESS\",\"SeverityValue\":2,\"Severity\":\"INFO\",\"EventID\":4688,\"SourceName\":\"Microsoft-Windows-Security-Auditing\",\"ProviderGuid\":\"{54849625-5478-4994-A5BA-3E3B0328C30D}\",\"Version\":1,\"Task\":13312,\"OpcodeValue\":0,\"RecordNumber\":1284656143,\"ProcessID\":4,\"ThreadID\":92,\"Channel\":\"Security\",\"Message\":\"Un nouveau processus a \u00e9t\u00e9 cr\u00e9\u00e9.\\r\\n\\r\\nSujet :\\r\\n\\tID de s\u00e9curit\u00e9 :\\t\\tS-1-5-18\\r\\n\\tNom du compte :\\t\\tUSERNAME01$\\r\\n\\tDomaine du compte :\\t\\tACT\\r\\n\\tID d\u2019ouverture de session :\\t\\t0x3e7\\r\\n\\r\\nInformations sur le processus :\\r\\n\\tID du nouveau processus :\\t\\t0x32b4\\r\\n\\tNom du nouveau processus :\\tC:\\\\Windows\\\\System32\\\\qwinsta.exe\\r\\n\\tType d\u2019\u00e9l\u00e9vation du jeton :\\tType d\u2019\u00e9l\u00e9vation de jeton par d\u00e9faut (1)\\r\\n\\tID du processus cr\u00e9ateur :\\t0x2748\\r\\n\\tLigne de commande de processus :\\t\\r\\n\\r\\nLe type d\u2019\u00e9l\u00e9vation du jeton indique le type de jeton qui a \u00e9t\u00e9 attribu\u00e9 au nouveau processus conform\u00e9ment \u00e0 la strat\u00e9gie de contr\u00f4le du compte d\u2019utilisateur.\\r\\n\\r\\nLe type 1 est un jeton complet sans aucun privil\u00e8ge supprim\u00e9 ni aucun groupe d\u00e9sactiv\u00e9. Un jeton complet est uniquement utilis\u00e9 si le contr\u00f4le du compte d\u2019utilisateur est d\u00e9sactiv\u00e9, ou si l\u2019utilisateur est le compte d\u2019administrateur int\u00e9gr\u00e9 ou un compte de service.\\r\\n\\r\\nLe type 2 est un jeton aux droits \u00e9lev\u00e9s sans aucun privil\u00e8ge supprim\u00e9 ni aucun groupe d\u00e9sactiv\u00e9. Un jeton aux droits \u00e9lev\u00e9s est utilis\u00e9 lorsque le contr\u00f4le de compte d\u2019utilisateur est activ\u00e9 et que l\u2019utilisateur choisit de d\u00e9marrer le programme en tant qu\u2019administrateur. Un jeton aux droits \u00e9lev\u00e9s est \u00e9galement utilis\u00e9 lorsqu\u2019une application est configur\u00e9e pour toujours exiger un privil\u00e8ge administratif ou pour toujours exiger les privil\u00e8ges maximum, et que l\u2019utilisateur est membre du groupe Administrateurs.\\r\\n\\r\\nLe type 3 est un jeton limit\u00e9 dont les privil\u00e8ges administratifs sont supprim\u00e9s et les groupes administratifs d\u00e9sactiv\u00e9s. Le jeton limit\u00e9 est utilis\u00e9 lorsque le contr\u00f4le de compte d\u2019 utilisateur est activ\u00e9, que l\u2019application n\u2019exige pas le privil\u00e8ge administratif et que l\u2019utilisateur ne choisit pas de d\u00e9marrer le programme en tant qu\u2019administrateur.\",\"Category\":\"Cr\u00e9ation du processus\",\"Opcode\":\"Informations\",\"SubjectUserSid\":\"S-1-5-18\",\"SubjectUserName\":\"USERNAME01$\",\"SubjectDomainName\":\"ACT\",\"SubjectLogonId\":\"0x3e7\",\"NewProcessId\":\"0x32b4\",\"NewProcessName\":\"C:\\\\Windows\\\\System32\\\\qwinsta.exe\",\"TokenElevationType\":\"%%1936\",\"EventReceivedTime\":\"2010-07-29 15:24:18\",\"SourceModuleName\":\"eventlog3\",\"SourceModuleType\":\"im_msvistalog\"}",
    "event": {
      "code": "4688",
      "message": "Un nouveau processus a \u00e9t\u00e9 cr\u00e9\u00e9.\r\n\r\nSujet :\r\n\tID de s\u00e9curit\u00e9 :\t\tS-1-5-18\r\n\tNom du compte :\t\tUSERNAME01$\r\n\tDomaine du compte :\t\tACT\r\n\tID d\u2019ouverture de session :\t\t0x3e7\r\n\r\nInformations sur le processus :\r\n\tID du nouveau processus :\t\t0x32b4\r\n\tNom du nouveau processus :\tC:\\Windows\\System32\\qwinsta.exe\r\n\tType d\u2019\u00e9l\u00e9vation du jeton :\tType d\u2019\u00e9l\u00e9vation de jeton par d\u00e9faut (1)\r\n\tID du processus cr\u00e9ateur :\t0x2748\r\n\tLigne de commande de processus :\t\r\n\r\nLe type d\u2019\u00e9l\u00e9vation du jeton indique le type de jeton qui a \u00e9t\u00e9 attribu\u00e9 au nouveau processus conform\u00e9ment \u00e0 la strat\u00e9gie de contr\u00f4le du compte d\u2019utilisateur.\r\n\r\nLe type 1 est un jeton complet sans aucun privil\u00e8ge supprim\u00e9 ni aucun groupe d\u00e9sactiv\u00e9. Un jeton complet est uniquement utilis\u00e9 si le contr\u00f4le du compte d\u2019utilisateur est d\u00e9sactiv\u00e9, ou si l\u2019utilisateur est le compte d\u2019administrateur int\u00e9gr\u00e9 ou un compte de service.\r\n\r\nLe type 2 est un jeton aux droits \u00e9lev\u00e9s sans aucun privil\u00e8ge supprim\u00e9 ni aucun groupe d\u00e9sactiv\u00e9. Un jeton aux droits \u00e9lev\u00e9s est utilis\u00e9 lorsque le contr\u00f4le de compte d\u2019utilisateur est activ\u00e9 et que l\u2019utilisateur choisit de d\u00e9marrer le programme en tant qu\u2019administrateur. Un jeton aux droits \u00e9lev\u00e9s est \u00e9galement utilis\u00e9 lorsqu\u2019une application est configur\u00e9e pour toujours exiger un privil\u00e8ge administratif ou pour toujours exiger les privil\u00e8ges maximum, et que l\u2019utilisateur est membre du groupe Administrateurs.\r\n\r\nLe type 3 est un jeton limit\u00e9 dont les privil\u00e8ges administratifs sont supprim\u00e9s et les groupes administratifs d\u00e9sactiv\u00e9s. Le jeton limit\u00e9 est utilis\u00e9 lorsque le contr\u00f4le de compte d\u2019 utilisateur est activ\u00e9, que l\u2019application n\u2019exige pas le privil\u00e8ge administratif et que l\u2019utilisateur ne choisit pas de d\u00e9marrer le programme en tant qu\u2019administrateur.",
      "outcome": "success",
      "provider": "Microsoft-Windows-Security-Auditing"
    },
    "action": {
      "id": 4688,
      "name": "A new process has been created",
      "outcome": "success",
      "properties": {
        "Category": "Cr\u00e9ation du processus",
        "EventType": "AUDIT_SUCCESS",
        "Keywords": "-9214364837600034816",
        "OpcodeValue": 0,
        "ProviderGuid": "{54849625-5478-4994-A5BA-3E3B0328C30D}",
        "Severity": "INFO",
        "SourceName": "Microsoft-Windows-Security-Auditing",
        "SubjectDomainName": "ACT",
        "SubjectLogonId": "0x3e7",
        "SubjectUserName": "USERNAME01$",
        "SubjectUserSid": "S-1-5-18",
        "Task": 13312
      },
      "record_id": 1284656143,
      "type": "Security"
    },
    "log": {
      "level": "info"
    },
    "os": {
      "family": "windows",
      "platform": "windows"
    },
    "process": {
      "executable": "C:\\Windows\\System32\\qwinsta.exe",
      "id": 12980,
      "name": "qwinsta.exe",
      "pid": 12980,
      "thread": {
        "id": 92
      },
      "working_directory": "C:\\Windows\\System32\\"
    },
    "related": {
      "user": [
        "USERNAME01$"
      ]
    },
    "user": {
      "domain": "ACT",
      "id": "S-1-5-18",
      "name": "USERNAME01$"
    }
  }
}