{
  "input": {
    "message": "{\"EventTime\":\"2025-06-18 10:37:16\",\"Hostname\":\"example.com\",\"Keywords\":-9214364837600034816,\"EventType\":\"AUDIT_SUCCESS\",\"SeverityValue\":2,\"Severity\":\"INFO\",\"EventID\":4662,\"SourceName\":\"Microsoft-Windows-Security-Auditing\",\"ProviderGuid\":\"{111111111-1111111-1111111}\",\"Version\":0,\"Task\":14080,\"OpcodeValue\":0,\"RecordNumber\":106593701,\"ProcessID\":788,\"ThreadID\":920,\"Channel\":\"Security\",\"Message\":\"An operation was performed on an object.\\r\\n\\r\\nSubject :\\r\\n\\tSecurity ID:\\t\\tS-1-5-21-111111-111111-1111111\\r\\n\\tAccount Name:\\t\\tTEST_USERNAME\\r\\n\\tAccount Domain:\\t\\tTESTDOMAINNAME\\r\\n\\tLogon ID:\\t\\t0x18A8FF16F\\r\\n\\r\\nObject:\\r\\n\\tObject Server:\\t\\tDS\\r\\n\\tObject Type:\\t\\t%{11111-11111-11-1-1-1-1-1-1-}\\r\\n\\tObject Name:\\t\\t%{11111-1111-111111}\\r\\n\\tHandle ID:\\t\\t0x0\\r\\n\\r\\nOperation:\\r\\n\\tOperation Type:\\t\\tObject Access\\r\\n\\tAccesses:\\t\\tControl Access\\r\\n\\t\\t\\t\\t\\r\\n\\tAccess Mask:\\t\\t0x100\\r\\n\\tProperties:\\t\\tControl Access\\r\\n\\t\\t{1131f6ad-9c07-11d1-f79f-00c04fc2dcd2}\\r\\n\\t{11111-11111-11-1-1-1-1-1-1-}\\r\\n\\r\\n\\r\\nAdditional Information:\\r\\n\\tParameter 1:\\t\\t-\\r\\n\\tParameter 2:\\t\\t\",\"Category\":\"Directory Service Access\",\"Opcode\":\"Info\",\"SubjectUserSid\":\"S-1-2-3\",\"SubjectUserName\":\"S-1-2-3\",\"SubjectDomainName\":\"example.com\",\"SubjectLogonId\":\"0x18a8ff16f\",\"ObjectServer\":\"DS\",\"ObjectType\":\"%{11111-11111-11-1-1-1-1-1-1-}\",\"ObjectName\":\"%{11111-1111-111111}\",\"OperationType\":\"Object Access\",\"HandleId\":\"0x0\",\"AccessList\":\"%%7688\\r\\n\\t\\t\\t\\t\",\"AccessMask\":\"0x100\",\"Properties\":\"%%7688\\r\\n\\t\\t{1131f6ad-9c07-11d1-f79f-00c04fc2dcd2}\\r\\n\\t{11111-11111-11-1-1-1-1-1-1-}\\r\\n\",\"AdditionalInfo\":\"-\",\"EventReceivedTime\":\"2025-06-20 02:01:52\",\"SourceModuleName\":\"in\",\"SourceModuleType\":\"im_msvistalog\"}"
  },
  "expected": {
    "message": "{\"EventTime\":\"2025-06-18 10:37:16\",\"Hostname\":\"example.com\",\"Keywords\":-9214364837600034816,\"EventType\":\"AUDIT_SUCCESS\",\"SeverityValue\":2,\"Severity\":\"INFO\",\"EventID\":4662,\"SourceName\":\"Microsoft-Windows-Security-Auditing\",\"ProviderGuid\":\"{111111111-1111111-1111111}\",\"Version\":0,\"Task\":14080,\"OpcodeValue\":0,\"RecordNumber\":106593701,\"ProcessID\":788,\"ThreadID\":920,\"Channel\":\"Security\",\"Message\":\"An operation was performed on an object.\\r\\n\\r\\nSubject :\\r\\n\\tSecurity ID:\\t\\tS-1-5-21-111111-111111-1111111\\r\\n\\tAccount Name:\\t\\tTEST_USERNAME\\r\\n\\tAccount Domain:\\t\\tTESTDOMAINNAME\\r\\n\\tLogon ID:\\t\\t0x18A8FF16F\\r\\n\\r\\nObject:\\r\\n\\tObject Server:\\t\\tDS\\r\\n\\tObject Type:\\t\\t%{11111-11111-11-1-1-1-1-1-1-}\\r\\n\\tObject Name:\\t\\t%{11111-1111-111111}\\r\\n\\tHandle ID:\\t\\t0x0\\r\\n\\r\\nOperation:\\r\\n\\tOperation Type:\\t\\tObject Access\\r\\n\\tAccesses:\\t\\tControl Access\\r\\n\\t\\t\\t\\t\\r\\n\\tAccess Mask:\\t\\t0x100\\r\\n\\tProperties:\\t\\tControl Access\\r\\n\\t\\t{1131f6ad-9c07-11d1-f79f-00c04fc2dcd2}\\r\\n\\t{11111-11111-11-1-1-1-1-1-1-}\\r\\n\\r\\n\\r\\nAdditional Information:\\r\\n\\tParameter 1:\\t\\t-\\r\\n\\tParameter 2:\\t\\t\",\"Category\":\"Directory Service Access\",\"Opcode\":\"Info\",\"SubjectUserSid\":\"S-1-2-3\",\"SubjectUserName\":\"S-1-2-3\",\"SubjectDomainName\":\"example.com\",\"SubjectLogonId\":\"0x18a8ff16f\",\"ObjectServer\":\"DS\",\"ObjectType\":\"%{11111-11111-11-1-1-1-1-1-1-}\",\"ObjectName\":\"%{11111-1111-111111}\",\"OperationType\":\"Object Access\",\"HandleId\":\"0x0\",\"AccessList\":\"%%7688\\r\\n\\t\\t\\t\\t\",\"AccessMask\":\"0x100\",\"Properties\":\"%%7688\\r\\n\\t\\t{1131f6ad-9c07-11d1-f79f-00c04fc2dcd2}\\r\\n\\t{11111-11111-11-1-1-1-1-1-1-}\\r\\n\",\"AdditionalInfo\":\"-\",\"EventReceivedTime\":\"2025-06-20 02:01:52\",\"SourceModuleName\":\"in\",\"SourceModuleType\":\"im_msvistalog\"}",
    "event": {
      "code": "4662",
      "message": "An operation was performed on an object.\r\n\r\nSubject :\r\n\tSecurity ID:\t\tS-1-5-21-111111-111111-1111111\r\n\tAccount Name:\t\tTEST_USERNAME\r\n\tAccount Domain:\t\tTESTDOMAINNAME\r\n\tLogon ID:\t\t0x18A8FF16F\r\n\r\nObject:\r\n\tObject Server:\t\tDS\r\n\tObject Type:\t\t%{11111-11111-11-1-1-1-1-1-1-}\r\n\tObject Name:\t\t%{11111-1111-111111}\r\n\tHandle ID:\t\t0x0\r\n\r\nOperation:\r\n\tOperation Type:\t\tObject Access\r\n\tAccesses:\t\tControl Access\r\n\t\t\t\t\r\n\tAccess Mask:\t\t0x100\r\n\tProperties:\t\tControl Access\r\n\t\t{1131f6ad-9c07-11d1-f79f-00c04fc2dcd2}\r\n\t{11111-11111-11-1-1-1-1-1-1-}\r\n\r\n\r\nAdditional Information:\r\n\tParameter 1:\t\t-\r\n\tParameter 2:\t\t",
      "outcome": "success",
      "provider": "Microsoft-Windows-Security-Auditing"
    },
    "action": {
      "id": 4662,
      "name": "An operation was performed on an object",
      "outcome": "success",
      "properties": {
        "AccessList": "%%7688\r\n\t\t\t\t",
        "AccessMask": "0x100",
        "Accesses": "\t\tControl Access",
        "Category": "Directory Service Access",
        "EventType": "AUDIT_SUCCESS",
        "HandleId": "0x0",
        "Keywords": "-9214364837600034816",
        "ObjectName": "%{11111-1111-111111}",
        "ObjectServer": "DS",
        "ObjectType": "%{11111-11111-11-1-1-1-1-1-1-}",
        "OpcodeValue": 0,
        "OperationType": "Object Access",
        "Properties": "%%7688\r\n\t\t{1131f6ad-9c07-11d1-f79f-00c04fc2dcd2}\r\n\t{11111-11111-11-1-1-1-1-1-1-}\r\n",
        "ProviderGuid": "{111111111-1111111-1111111}",
        "Severity": "INFO",
        "SourceName": "Microsoft-Windows-Security-Auditing",
        "SubjectDomainName": "example.com",
        "SubjectLogonId": "0x18a8ff16f",
        "SubjectUserName": "S-1-2-3",
        "SubjectUserSid": "S-1-2-3",
        "Task": 14080
      },
      "record_id": 106593701,
      "type": "Security"
    },
    "host": {
      "hostname": "example",
      "name": "example.com"
    },
    "log": {
      "hostname": "example.com",
      "level": "info"
    },
    "os": {
      "family": "windows",
      "platform": "windows"
    },
    "process": {
      "id": 788,
      "pid": 788,
      "thread": {
        "id": 920
      }
    },
    "related": {
      "hosts": [
        "example"
      ],
      "user": [
        "S-1-2-3"
      ]
    },
    "user": {
      "domain": "example.com",
      "id": "S-1-2-3",
      "name": "S-1-2-3"
    }
  }
}